[0.072s] Invoking command in '/home/hossein/turtlebot3_rl/build/dynamixel_sdk': CMAKE_PREFIX_PATH=/home/hossein/turtlebot3_rl/install/turtlebot3_rl:/opt/ros/dashing PS1=(tf_ros) \[\e]0;\u@\h: \w\a\]${debian_chroot:+($debian_chroot)}\[\033[01;32m\]\u@\h\[\033[00m\]:\[\033[01;34m\]\w\[\033[00m\]\$ /usr/bin/cmake /home/hossein/turtlebot3_rl/src/utils/DynamixelSDK/dynamixel_sdk -DCMAKE_INSTALL_PREFIX=/home/hossein/turtlebot3_rl/install/dynamixel_sdk
[1.110s] -- The C compiler identification is GNU 7.5.0
[1.110s] -- The CXX compiler identification is GNU 7.5.0
[1.110s] -- Check for working C compiler: /usr/bin/cc
[1.110s] -- Check for working C compiler: /usr/bin/cc -- works
[1.110s] -- Detecting C compiler ABI info
[1.110s] -- Detecting C compiler ABI info - done
[1.111s] -- Detecting C compile features
[1.111s] -- Detecting C compile features - done
[1.111s] -- Check for working CXX compiler: /usr/bin/c++
[1.111s] -- Check for working CXX compiler: /usr/bin/c++ -- works
[1.111s] -- Detecting CXX compiler ABI info
[1.242s] -- Detecting CXX compiler ABI info - done
[1.252s] -- Detecting CXX compile features
[1.915s] -- Detecting CXX compile features - done
[1.919s] -- Found ament_cmake: 0.7.4 (/opt/ros/dashing/share/ament_cmake/cmake)
[1.980s] -- Found PythonInterp: /home/hossein/tf_ros/bin/python3 (found suitable version "3.6.9", minimum required is "3") 
[1.980s] -- Using PYTHON_EXECUTABLE: /home/hossein/tf_ros/bin/python3
[2.414s] -- Configuring done
[2.422s] -- Generating done
[2.427s] -- Build files have been written to: /home/hossein/turtlebot3_rl/build/dynamixel_sdk
[2.433s] Invoked command in '/home/hossein/turtlebot3_rl/build/dynamixel_sdk' returned '0': CMAKE_PREFIX_PATH=/home/hossein/turtlebot3_rl/install/turtlebot3_rl:/opt/ros/dashing PS1=(tf_ros) \[\e]0;\u@\h: \w\a\]${debian_chroot:+($debian_chroot)}\[\033[01;32m\]\u@\h\[\033[00m\]:\[\033[01;34m\]\w\[\033[00m\]\$ /usr/bin/cmake /home/hossein/turtlebot3_rl/src/utils/DynamixelSDK/dynamixel_sdk -DCMAKE_INSTALL_PREFIX=/home/hossein/turtlebot3_rl/install/dynamixel_sdk
[2.437s] Invoking command in '/home/hossein/turtlebot3_rl/build/dynamixel_sdk': CMAKE_PREFIX_PATH=/home/hossein/turtlebot3_rl/install/turtlebot3_rl:/opt/ros/dashing PS1=(tf_ros) \[\e]0;\u@\h: \w\a\]${debian_chroot:+($debian_chroot)}\[\033[01;32m\]\u@\h\[\033[00m\]:\[\033[01;34m\]\w\[\033[00m\]\$ /usr/bin/cmake --build /home/hossein/turtlebot3_rl/build/dynamixel_sdk -- -j8 -l8
[2.517s] [35m[1mScanning dependencies of target dynamixel_sdk[0m
[2.542s] [ 10%] [32mBuilding CXX object CMakeFiles/dynamixel_sdk.dir/src/dynamixel_sdk/group_bulk_read.cpp.o[0m
[2.543s] [ 20%] [32mBuilding CXX object CMakeFiles/dynamixel_sdk.dir/src/dynamixel_sdk/group_bulk_write.cpp.o[0m
[2.554s] [ 30%] [32mBuilding CXX object CMakeFiles/dynamixel_sdk.dir/src/dynamixel_sdk/group_sync_write.cpp.o[0m
[2.555s] [ 40%] [32mBuilding CXX object CMakeFiles/dynamixel_sdk.dir/src/dynamixel_sdk/protocol1_packet_handler.cpp.o[0m
[2.556s] [ 50%] [32mBuilding CXX object CMakeFiles/dynamixel_sdk.dir/src/dynamixel_sdk/group_sync_read.cpp.o[0m
[2.556s] [ 60%] [32mBuilding CXX object CMakeFiles/dynamixel_sdk.dir/src/dynamixel_sdk/protocol2_packet_handler.cpp.o[0m
[2.557s] [ 70%] [32mBuilding CXX object CMakeFiles/dynamixel_sdk.dir/src/dynamixel_sdk/port_handler.cpp.o[0m
[2.572s] [ 80%] [32mBuilding CXX object CMakeFiles/dynamixel_sdk.dir/src/dynamixel_sdk/packet_handler.cpp.o[0m
[2.637s] [ 90%] [32mBuilding CXX object CMakeFiles/dynamixel_sdk.dir/src/dynamixel_sdk/port_handler_linux.cpp.o[0m
[2.908s] [01m[K/home/hossein/turtlebot3_rl/src/utils/DynamixelSDK/dynamixel_sdk/src/dynamixel_sdk/group_bulk_read.cpp:[m[K In member function ‘[01m[Kbool dynamixel::GroupBulkRead::getError(uint8_t, uint8_t*)[m[K’:
[2.908s] [01m[K/home/hossein/turtlebot3_rl/src/utils/DynamixelSDK/dynamixel_sdk/src/dynamixel_sdk/group_bulk_read.cpp:235:19:[m[K [01;35m[Kwarning: [m[Ksuggest parentheses around assignment used as truth value [[01;35m[K-Wparentheses[m[K]
[2.909s]    return [01;35m[Kerror[0] = error_list_[id][0][m[K;
[2.909s]           [01;35m[K~~~~~~~~~^~~~~~~~~~~~~~~~~~~~[m[K
[2.951s] [01m[K/home/hossein/turtlebot3_rl/src/utils/DynamixelSDK/dynamixel_sdk/src/dynamixel_sdk/group_sync_read.cpp:[m[K In member function ‘[01m[Kbool dynamixel::GroupSyncRead::getError(uint8_t, uint8_t*)[m[K’:
[2.951s] [01m[K/home/hossein/turtlebot3_rl/src/utils/DynamixelSDK/dynamixel_sdk/src/dynamixel_sdk/group_sync_read.cpp:204:19:[m[K [01;35m[Kwarning: [m[Ksuggest parentheses around assignment used as truth value [[01;35m[K-Wparentheses[m[K]
[2.951s]    return [01;35m[Kerror[0] = error_list_[id][0][m[K;
[2.951s]           [01;35m[K~~~~~~~~~^~~~~~~~~~~~~~~~~~~~[m[K
[3.332s] [100%] [32m[1mLinking CXX shared library libdynamixel_sdk.so[0m
[3.442s] [100%] Built target dynamixel_sdk
[3.457s] Invoked command in '/home/hossein/turtlebot3_rl/build/dynamixel_sdk' returned '0': CMAKE_PREFIX_PATH=/home/hossein/turtlebot3_rl/install/turtlebot3_rl:/opt/ros/dashing PS1=(tf_ros) \[\e]0;\u@\h: \w\a\]${debian_chroot:+($debian_chroot)}\[\033[01;32m\]\u@\h\[\033[00m\]:\[\033[01;34m\]\w\[\033[00m\]\$ /usr/bin/cmake --build /home/hossein/turtlebot3_rl/build/dynamixel_sdk -- -j8 -l8
[3.507s] Invoking command in '/home/hossein/turtlebot3_rl/build/dynamixel_sdk': CMAKE_PREFIX_PATH=/home/hossein/turtlebot3_rl/install/turtlebot3_rl:/opt/ros/dashing PS1=(tf_ros) \[\e]0;\u@\h: \w\a\]${debian_chroot:+($debian_chroot)}\[\033[01;32m\]\u@\h\[\033[00m\]:\[\033[01;34m\]\w\[\033[00m\]\$ /usr/bin/cmake --build /home/hossein/turtlebot3_rl/build/dynamixel_sdk --target install -- -j8 -l8
[3.582s] [100%] Built target dynamixel_sdk
[3.610s] [36mInstall the project...[0m
[3.621s] -- Install configuration: ""
[3.621s] -- Installing: /home/hossein/turtlebot3_rl/install/dynamixel_sdk/include/
[3.622s] -- Installing: /home/hossein/turtlebot3_rl/install/dynamixel_sdk/include//dynamixel_sdk
[3.622s] -- Installing: /home/hossein/turtlebot3_rl/install/dynamixel_sdk/include//dynamixel_sdk/group_sync_read.h
[3.622s] -- Installing: /home/hossein/turtlebot3_rl/install/dynamixel_sdk/include//dynamixel_sdk/protocol2_packet_handler.h
[3.622s] -- Installing: /home/hossein/turtlebot3_rl/install/dynamixel_sdk/include//dynamixel_sdk/packet_handler.h
[3.622s] -- Installing: /home/hossein/turtlebot3_rl/install/dynamixel_sdk/include//dynamixel_sdk/group_sync_write.h
[3.622s] -- Installing: /home/hossein/turtlebot3_rl/install/dynamixel_sdk/include//dynamixel_sdk/protocol1_packet_handler.h
[3.623s] -- Installing: /home/hossein/turtlebot3_rl/install/dynamixel_sdk/include//dynamixel_sdk/port_handler_mac.h
[3.623s] -- Installing: /home/hossein/turtlebot3_rl/install/dynamixel_sdk/include//dynamixel_sdk/port_handler_arduino.h
[3.623s] -- Installing: /home/hossein/turtlebot3_rl/install/dynamixel_sdk/include//dynamixel_sdk/port_handler_linux.h
[3.623s] -- Installing: /home/hossein/turtlebot3_rl/install/dynamixel_sdk/include//dynamixel_sdk/dynamixel_sdk.h
[3.623s] -- Installing: /home/hossein/turtlebot3_rl/install/dynamixel_sdk/include//dynamixel_sdk/port_handler.h
[3.624s] -- Installing: /home/hossein/turtlebot3_rl/install/dynamixel_sdk/include//dynamixel_sdk/port_handler_windows.h
[3.624s] -- Installing: /home/hossein/turtlebot3_rl/install/dynamixel_sdk/include//dynamixel_sdk/group_bulk_read.h
[3.624s] -- Installing: /home/hossein/turtlebot3_rl/install/dynamixel_sdk/include//dynamixel_sdk/group_bulk_write.h
[3.624s] -- Installing: /home/hossein/turtlebot3_rl/install/dynamixel_sdk/lib/libdynamixel_sdk.so
[3.624s] -- Installing: /home/hossein/turtlebot3_rl/install/dynamixel_sdk/share/dynamixel_sdk/environment/library_path.sh
[3.624s] -- Installing: /home/hossein/turtlebot3_rl/install/dynamixel_sdk/share/ament_index/resource_index/package_run_dependencies/dynamixel_sdk
[3.625s] -- Installing: /home/hossein/turtlebot3_rl/install/dynamixel_sdk/share/ament_index/resource_index/parent_prefix_path/dynamixel_sdk
[3.625s] -- Installing: /home/hossein/turtlebot3_rl/install/dynamixel_sdk/share/dynamixel_sdk/environment/ament_prefix_path.sh
[3.625s] -- Installing: /home/hossein/turtlebot3_rl/install/dynamixel_sdk/share/dynamixel_sdk/environment/path.sh
[3.625s] -- Installing: /home/hossein/turtlebot3_rl/install/dynamixel_sdk/share/dynamixel_sdk/local_setup.bash
[3.625s] -- Installing: /home/hossein/turtlebot3_rl/install/dynamixel_sdk/share/dynamixel_sdk/local_setup.sh
[3.625s] -- Installing: /home/hossein/turtlebot3_rl/install/dynamixel_sdk/share/dynamixel_sdk/local_setup.zsh
[3.625s] -- Installing: /home/hossein/turtlebot3_rl/install/dynamixel_sdk/share/ament_index/resource_index/packages/dynamixel_sdk
[3.626s] -- Installing: /home/hossein/turtlebot3_rl/install/dynamixel_sdk/share/dynamixel_sdk/cmake/ament_cmake_export_include_directories-extras.cmake
[3.626s] -- Installing: /home/hossein/turtlebot3_rl/install/dynamixel_sdk/share/dynamixel_sdk/cmake/ament_cmake_export_libraries-extras.cmake
[3.626s] -- Installing: /home/hossein/turtlebot3_rl/install/dynamixel_sdk/share/dynamixel_sdk/cmake/dynamixel_sdkConfig.cmake
[3.626s] -- Installing: /home/hossein/turtlebot3_rl/install/dynamixel_sdk/share/dynamixel_sdk/cmake/dynamixel_sdkConfig-version.cmake
[3.626s] -- Installing: /home/hossein/turtlebot3_rl/install/dynamixel_sdk/share/dynamixel_sdk/package.xml
[3.629s] Invoked command in '/home/hossein/turtlebot3_rl/build/dynamixel_sdk' returned '0': CMAKE_PREFIX_PATH=/home/hossein/turtlebot3_rl/install/turtlebot3_rl:/opt/ros/dashing PS1=(tf_ros) \[\e]0;\u@\h: \w\a\]${debian_chroot:+($debian_chroot)}\[\033[01;32m\]\u@\h\[\033[00m\]:\[\033[01;34m\]\w\[\033[00m\]\$ /usr/bin/cmake --build /home/hossein/turtlebot3_rl/build/dynamixel_sdk --target install -- -j8 -l8
