Determining if the pthread_create exist failed with the following output:
Change Dir: /home/hossein/turtlebot3_rl/build/hls_lfcd_lds_driver/CMakeFiles/CMakeTmp

Run Build Command:"/usr/bin/make" "cmTC_5a181/fast"
/usr/bin/make -f CMakeFiles/cmTC_5a181.dir/build.make CMakeFiles/cmTC_5a181.dir/build
make[1]: Entering directory '/home/hossein/turtlebot3_rl/build/hls_lfcd_lds_driver/CMakeFiles/CMakeTmp'
Building C object CMakeFiles/cmTC_5a181.dir/CheckSymbolExists.c.o
/usr/bin/cc    -o CMakeFiles/cmTC_5a181.dir/CheckSymbolExists.c.o   -c /home/hossein/turtlebot3_rl/build/hls_lfcd_lds_driver/CMakeFiles/CMakeTmp/CheckSymbolExists.c
Linking C executable cmTC_5a181
/usr/bin/cmake -E cmake_link_script CMakeFiles/cmTC_5a181.dir/link.txt --verbose=1
/usr/bin/cc      CMakeFiles/cmTC_5a181.dir/CheckSymbolExists.c.o  -o cmTC_5a181 
CMakeFiles/cmTC_5a181.dir/CheckSymbolExists.c.o: In function `main':
CheckSymbolExists.c:(.text+0x1b): undefined reference to `pthread_create'
collect2: error: ld returned 1 exit status
CMakeFiles/cmTC_5a181.dir/build.make:97: recipe for target 'cmTC_5a181' failed
make[1]: *** [cmTC_5a181] Error 1
make[1]: Leaving directory '/home/hossein/turtlebot3_rl/build/hls_lfcd_lds_driver/CMakeFiles/CMakeTmp'
Makefile:126: recipe for target 'cmTC_5a181/fast' failed
make: *** [cmTC_5a181/fast] Error 2

File /home/hossein/turtlebot3_rl/build/hls_lfcd_lds_driver/CMakeFiles/CMakeTmp/CheckSymbolExists.c:
/* */
#include <pthread.h>

int main(int argc, char** argv)
{
  (void)argv;
#ifndef pthread_create
  return ((int*)(&pthread_create))[argc];
#else
  (void)argc;
  return 0;
#endif
}

Determining if the function pthread_create exists in the pthreads failed with the following output:
Change Dir: /home/hossein/turtlebot3_rl/build/hls_lfcd_lds_driver/CMakeFiles/CMakeTmp

Run Build Command:"/usr/bin/make" "cmTC_939eb/fast"
/usr/bin/make -f CMakeFiles/cmTC_939eb.dir/build.make CMakeFiles/cmTC_939eb.dir/build
make[1]: Entering directory '/home/hossein/turtlebot3_rl/build/hls_lfcd_lds_driver/CMakeFiles/CMakeTmp'
Building C object CMakeFiles/cmTC_939eb.dir/CheckFunctionExists.c.o
/usr/bin/cc   -DCHECK_FUNCTION_EXISTS=pthread_create   -o CMakeFiles/cmTC_939eb.dir/CheckFunctionExists.c.o   -c /usr/share/cmake-3.10/Modules/CheckFunctionExists.c
Linking C executable cmTC_939eb
/usr/bin/cmake -E cmake_link_script CMakeFiles/cmTC_939eb.dir/link.txt --verbose=1
/usr/bin/cc  -DCHECK_FUNCTION_EXISTS=pthread_create    CMakeFiles/cmTC_939eb.dir/CheckFunctionExists.c.o  -o cmTC_939eb -lpthreads 
/usr/bin/ld: cannot find -lpthreads
collect2: error: ld returned 1 exit status
CMakeFiles/cmTC_939eb.dir/build.make:97: recipe for target 'cmTC_939eb' failed
make[1]: *** [cmTC_939eb] Error 1
make[1]: Leaving directory '/home/hossein/turtlebot3_rl/build/hls_lfcd_lds_driver/CMakeFiles/CMakeTmp'
Makefile:126: recipe for target 'cmTC_939eb/fast' failed
make: *** [cmTC_939eb/fast] Error 2


