[0.291s] Invoking command in '/home/hossein/turtlebot3_rl/src/turtlebot3_rl': PS1=(tf_ros) \[\e]0;\u@\h: \w\a\]${debian_chroot:+($debian_chroot)}\[\033[01;32m\]\u@\h\[\033[00m\]:\[\033[01;34m\]\w\[\033[00m\]\$ PYTHONPATH=/home/hossein/turtlebot3_rl/install/turtlebot3_rl/lib/python3.6/site-packages:${PYTHONPATH} /usr/bin/python3 setup.py egg_info --egg-base /home/hossein/turtlebot3_rl/build/turtlebot3_rl build --build-base /home/hossein/turtlebot3_rl/build/turtlebot3_rl/build install --prefix /home/hossein/turtlebot3_rl/install/turtlebot3_rl --record /home/hossein/turtlebot3_rl/build/turtlebot3_rl/install.log --single-version-externally-managed
[0.534s] running egg_info
[0.534s] creating /home/hossein/turtlebot3_rl/build/turtlebot3_rl/turtlebot3_rl.egg-info
[0.534s] writing /home/hossein/turtlebot3_rl/build/turtlebot3_rl/turtlebot3_rl.egg-info/PKG-INFO
[0.535s] writing dependency_links to /home/hossein/turtlebot3_rl/build/turtlebot3_rl/turtlebot3_rl.egg-info/dependency_links.txt
[0.535s] writing entry points to /home/hossein/turtlebot3_rl/build/turtlebot3_rl/turtlebot3_rl.egg-info/entry_points.txt
[0.535s] writing requirements to /home/hossein/turtlebot3_rl/build/turtlebot3_rl/turtlebot3_rl.egg-info/requires.txt
[0.535s] writing top-level names to /home/hossein/turtlebot3_rl/build/turtlebot3_rl/turtlebot3_rl.egg-info/top_level.txt
[0.535s] writing manifest file '/home/hossein/turtlebot3_rl/build/turtlebot3_rl/turtlebot3_rl.egg-info/SOURCES.txt'
[0.564s] reading manifest file '/home/hossein/turtlebot3_rl/build/turtlebot3_rl/turtlebot3_rl.egg-info/SOURCES.txt'
[0.566s] writing manifest file '/home/hossein/turtlebot3_rl/build/turtlebot3_rl/turtlebot3_rl.egg-info/SOURCES.txt'
[0.566s] running build
[0.566s] running build_py
[0.567s] creating /home/hossein/turtlebot3_rl/build/turtlebot3_rl/build
[0.567s] creating /home/hossein/turtlebot3_rl/build/turtlebot3_rl/build/lib
[0.567s] creating /home/hossein/turtlebot3_rl/build/turtlebot3_rl/build/lib/turtlebot3_rl
[0.567s] copying turtlebot3_rl/__init__.py -> /home/hossein/turtlebot3_rl/build/turtlebot3_rl/build/lib/turtlebot3_rl
[0.567s] running install
[0.567s] running install_lib
[0.568s] creating /home/hossein/turtlebot3_rl/install/turtlebot3_rl/lib/python3.6/site-packages/turtlebot3_rl
[0.568s] copying /home/hossein/turtlebot3_rl/build/turtlebot3_rl/build/lib/turtlebot3_rl/__init__.py -> /home/hossein/turtlebot3_rl/install/turtlebot3_rl/lib/python3.6/site-packages/turtlebot3_rl
[0.568s] byte-compiling /home/hossein/turtlebot3_rl/install/turtlebot3_rl/lib/python3.6/site-packages/turtlebot3_rl/__init__.py to __init__.cpython-36.pyc
[0.568s] running install_data
[0.569s] creating /home/hossein/turtlebot3_rl/install/turtlebot3_rl/share/ament_index
[0.569s] creating /home/hossein/turtlebot3_rl/install/turtlebot3_rl/share/ament_index/resource_index
[0.569s] creating /home/hossein/turtlebot3_rl/install/turtlebot3_rl/share/ament_index/resource_index/packages
[0.569s] copying resource/turtlebot3_rl -> /home/hossein/turtlebot3_rl/install/turtlebot3_rl/share/ament_index/resource_index/packages
[0.569s] copying package.xml -> /home/hossein/turtlebot3_rl/install/turtlebot3_rl/share/turtlebot3_rl
[0.569s] running install_egg_info
[0.571s] Copying /home/hossein/turtlebot3_rl/build/turtlebot3_rl/turtlebot3_rl.egg-info to /home/hossein/turtlebot3_rl/install/turtlebot3_rl/lib/python3.6/site-packages/turtlebot3_rl-2.0.0-py3.6.egg-info
[0.572s] running install_scripts
[0.588s] Installing turtlebot3_dqn_agent script to /home/hossein/turtlebot3_rl/install/turtlebot3_rl/lib/turtlebot3_rl
[0.588s] Installing turtlebot3_env script to /home/hossein/turtlebot3_rl/install/turtlebot3_rl/lib/turtlebot3_rl
[0.588s] Installing turtlebot3_gazebo script to /home/hossein/turtlebot3_rl/install/turtlebot3_rl/lib/turtlebot3_rl
[0.588s] writing list of installed files to '/home/hossein/turtlebot3_rl/build/turtlebot3_rl/install.log'
[0.609s] Invoked command in '/home/hossein/turtlebot3_rl/src/turtlebot3_rl' returned '0': PS1=(tf_ros) \[\e]0;\u@\h: \w\a\]${debian_chroot:+($debian_chroot)}\[\033[01;32m\]\u@\h\[\033[00m\]:\[\033[01;34m\]\w\[\033[00m\]\$ PYTHONPATH=/home/hossein/turtlebot3_rl/install/turtlebot3_rl/lib/python3.6/site-packages:${PYTHONPATH} /usr/bin/python3 setup.py egg_info --egg-base /home/hossein/turtlebot3_rl/build/turtlebot3_rl build --build-base /home/hossein/turtlebot3_rl/build/turtlebot3_rl/build install --prefix /home/hossein/turtlebot3_rl/install/turtlebot3_rl --record /home/hossein/turtlebot3_rl/build/turtlebot3_rl/install.log --single-version-externally-managed
