[0.068s] Invoking command in '/home/hossein/turtlebot3_rl/build/turtlebot3_description': CMAKE_PREFIX_PATH=/home/hossein/turtlebot3_rl/install/turtlebot3_rl:/opt/ros/dashing PS1=(tf_ros) \[\e]0;\u@\h: \w\a\]${debian_chroot:+($debian_chroot)}\[\033[01;32m\]\u@\h\[\033[00m\]:\[\033[01;34m\]\w\[\033[00m\]\$ /usr/bin/cmake /home/hossein/turtlebot3_rl/src/turtlebot3/turtlebot3/turtlebot3_description -DAMENT_CMAKE_SYMLINK_INSTALL=1 -DCMAKE_INSTALL_PREFIX=/home/hossein/turtlebot3_rl/install/turtlebot3_description
[0.922s] -- Found ament_cmake: 0.7.4 (/opt/ros/dashing/share/ament_cmake/cmake)
[0.922s] -- Using PYTHON_EXECUTABLE: /home/hossein/tf_ros/bin/python3
[0.922s] -- Override CMake install command with custom implementation using symlinks instead of copying resources
[0.922s] -- Found urdf: 2.2.0 (/opt/ros/dashing/share/urdf/cmake)
[0.922s] -- Configuring done
[0.922s] -- Generating done
[0.922s] -- Build files have been written to: /home/hossein/turtlebot3_rl/build/turtlebot3_description
[0.927s] Invoked command in '/home/hossein/turtlebot3_rl/build/turtlebot3_description' returned '0': CMAKE_PREFIX_PATH=/home/hossein/turtlebot3_rl/install/turtlebot3_rl:/opt/ros/dashing PS1=(tf_ros) \[\e]0;\u@\h: \w\a\]${debian_chroot:+($debian_chroot)}\[\033[01;32m\]\u@\h\[\033[00m\]:\[\033[01;34m\]\w\[\033[00m\]\$ /usr/bin/cmake /home/hossein/turtlebot3_rl/src/turtlebot3/turtlebot3/turtlebot3_description -DAMENT_CMAKE_SYMLINK_INSTALL=1 -DCMAKE_INSTALL_PREFIX=/home/hossein/turtlebot3_rl/install/turtlebot3_description
[0.932s] Invoking command in '/home/hossein/turtlebot3_rl/build/turtlebot3_description': CMAKE_PREFIX_PATH=/home/hossein/turtlebot3_rl/install/turtlebot3_rl:/opt/ros/dashing PS1=(tf_ros) \[\e]0;\u@\h: \w\a\]${debian_chroot:+($debian_chroot)}\[\033[01;32m\]\u@\h\[\033[00m\]:\[\033[01;34m\]\w\[\033[00m\]\$ /usr/bin/cmake --build /home/hossein/turtlebot3_rl/build/turtlebot3_description -- -j8 -l8
[0.997s] Invoked command in '/home/hossein/turtlebot3_rl/build/turtlebot3_description' returned '0': CMAKE_PREFIX_PATH=/home/hossein/turtlebot3_rl/install/turtlebot3_rl:/opt/ros/dashing PS1=(tf_ros) \[\e]0;\u@\h: \w\a\]${debian_chroot:+($debian_chroot)}\[\033[01;32m\]\u@\h\[\033[00m\]:\[\033[01;34m\]\w\[\033[00m\]\$ /usr/bin/cmake --build /home/hossein/turtlebot3_rl/build/turtlebot3_description -- -j8 -l8
[1.076s] Invoking command in '/home/hossein/turtlebot3_rl/build/turtlebot3_description': CMAKE_PREFIX_PATH=/home/hossein/turtlebot3_rl/install/turtlebot3_rl:/opt/ros/dashing PS1=(tf_ros) \[\e]0;\u@\h: \w\a\]${debian_chroot:+($debian_chroot)}\[\033[01;32m\]\u@\h\[\033[00m\]:\[\033[01;34m\]\w\[\033[00m\]\$ /usr/bin/cmake --build /home/hossein/turtlebot3_rl/build/turtlebot3_description --target install -- -j8 -l8
[1.189s] [36mInstall the project...[0m
[1.206s] -- Install configuration: ""
[1.207s] -- Execute custom install script
[1.208s] -- Symlinking: /home/hossein/turtlebot3_rl/install/turtlebot3_description/share/turtlebot3_description/meshes/bases/burger_base.stl
[1.226s] -- Symlinking: /home/hossein/turtlebot3_rl/install/turtlebot3_description/share/turtlebot3_description/meshes/bases/waffle_base.stl
[1.253s] -- Symlinking: /home/hossein/turtlebot3_rl/install/turtlebot3_description/share/turtlebot3_description/meshes/bases/waffle_pi_base.stl
[1.274s] -- Symlinking: /home/hossein/turtlebot3_rl/install/turtlebot3_description/share/turtlebot3_description/meshes/sensors/astra.dae
[1.291s] -- Symlinking: /home/hossein/turtlebot3_rl/install/turtlebot3_description/share/turtlebot3_description/meshes/sensors/astra.jpg
[1.310s] -- Symlinking: /home/hossein/turtlebot3_rl/install/turtlebot3_description/share/turtlebot3_description/meshes/sensors/lds.stl
[1.332s] -- Symlinking: /home/hossein/turtlebot3_rl/install/turtlebot3_description/share/turtlebot3_description/meshes/sensors/r200.dae
[1.350s] -- Symlinking: /home/hossein/turtlebot3_rl/install/turtlebot3_description/share/turtlebot3_description/meshes/sensors/r200.jpg
[1.370s] -- Symlinking: /home/hossein/turtlebot3_rl/install/turtlebot3_description/share/turtlebot3_description/meshes/wheels/left_tire.stl
[1.390s] -- Symlinking: /home/hossein/turtlebot3_rl/install/turtlebot3_description/share/turtlebot3_description/meshes/wheels/right_tire.stl
[1.410s] -- Symlinking: /home/hossein/turtlebot3_rl/install/turtlebot3_description/share/turtlebot3_description/rviz/model.rviz
[1.429s] -- Symlinking: /home/hossein/turtlebot3_rl/install/turtlebot3_description/share/turtlebot3_description/urdf/common_properties.urdf
[1.453s] -- Symlinking: /home/hossein/turtlebot3_rl/install/turtlebot3_description/share/turtlebot3_description/urdf/turtlebot3_burger.urdf
[1.475s] -- Symlinking: /home/hossein/turtlebot3_rl/install/turtlebot3_description/share/turtlebot3_description/urdf/turtlebot3_waffle.urdf
[1.495s] -- Symlinking: /home/hossein/turtlebot3_rl/install/turtlebot3_description/share/turtlebot3_description/urdf/turtlebot3_waffle_pi.urdf
[1.514s] -- Symlinking: /home/hossein/turtlebot3_rl/install/turtlebot3_description/share/ament_index/resource_index/package_run_dependencies/turtlebot3_description
[1.535s] -- Symlinking: /home/hossein/turtlebot3_rl/install/turtlebot3_description/share/ament_index/resource_index/parent_prefix_path/turtlebot3_description
[1.552s] -- Symlinking: /home/hossein/turtlebot3_rl/install/turtlebot3_description/share/turtlebot3_description/environment/ament_prefix_path.sh
[1.567s] -- Symlinking: /home/hossein/turtlebot3_rl/install/turtlebot3_description/share/turtlebot3_description/environment/path.sh
[1.584s] -- Symlinking: /home/hossein/turtlebot3_rl/install/turtlebot3_description/share/turtlebot3_description/local_setup.bash
[1.602s] -- Symlinking: /home/hossein/turtlebot3_rl/install/turtlebot3_description/share/turtlebot3_description/local_setup.sh
[1.618s] -- Symlinking: /home/hossein/turtlebot3_rl/install/turtlebot3_description/share/turtlebot3_description/local_setup.zsh
[1.634s] -- Symlinking: /home/hossein/turtlebot3_rl/install/turtlebot3_description/share/ament_index/resource_index/packages/turtlebot3_description
[1.651s] -- Symlinking: /home/hossein/turtlebot3_rl/install/turtlebot3_description/share/turtlebot3_description/cmake/turtlebot3_descriptionConfig.cmake
[1.668s] -- Symlinking: /home/hossein/turtlebot3_rl/install/turtlebot3_description/share/turtlebot3_description/cmake/turtlebot3_descriptionConfig-version.cmake
[1.684s] -- Symlinking: /home/hossein/turtlebot3_rl/install/turtlebot3_description/share/turtlebot3_description/package.xml
[1.708s] Invoked command in '/home/hossein/turtlebot3_rl/build/turtlebot3_description' returned '0': CMAKE_PREFIX_PATH=/home/hossein/turtlebot3_rl/install/turtlebot3_rl:/opt/ros/dashing PS1=(tf_ros) \[\e]0;\u@\h: \w\a\]${debian_chroot:+($debian_chroot)}\[\033[01;32m\]\u@\h\[\033[00m\]:\[\033[01;34m\]\w\[\033[00m\]\$ /usr/bin/cmake --build /home/hossein/turtlebot3_rl/build/turtlebot3_description --target install -- -j8 -l8
