running egg_info
creating /home/hossein/turtlebot3_rl/build/turtlebot3_example/turtlebot3_example.egg-info
writing /home/hossein/turtlebot3_rl/build/turtlebot3_example/turtlebot3_example.egg-info/PKG-INFO
writing dependency_links to /home/hossein/turtlebot3_rl/build/turtlebot3_example/turtlebot3_example.egg-info/dependency_links.txt
writing entry points to /home/hossein/turtlebot3_rl/build/turtlebot3_example/turtlebot3_example.egg-info/entry_points.txt
writing requirements to /home/hossein/turtlebot3_rl/build/turtlebot3_example/turtlebot3_example.egg-info/requires.txt
writing top-level names to /home/hossein/turtlebot3_rl/build/turtlebot3_example/turtlebot3_example.egg-info/top_level.txt
writing manifest file '/home/hossein/turtlebot3_rl/build/turtlebot3_example/turtlebot3_example.egg-info/SOURCES.txt'
reading manifest file '/home/hossein/turtlebot3_rl/build/turtlebot3_example/turtlebot3_example.egg-info/SOURCES.txt'
writing manifest file '/home/hossein/turtlebot3_rl/build/turtlebot3_example/turtlebot3_example.egg-info/SOURCES.txt'
running build
running build_py
creating /home/hossein/turtlebot3_rl/build/turtlebot3_example/build
creating /home/hossein/turtlebot3_rl/build/turtlebot3_example/build/lib
creating /home/hossein/turtlebot3_rl/build/turtlebot3_example/build/lib/turtlebot3_example
copying turtlebot3_example/__init__.py -> /home/hossein/turtlebot3_rl/build/turtlebot3_example/build/lib/turtlebot3_example
creating /home/hossein/turtlebot3_rl/build/turtlebot3_example/build/lib/turtlebot3_example/turtlebot3_patrol_server
copying turtlebot3_example/turtlebot3_patrol_server/turtlebot3_path.py -> /home/hossein/turtlebot3_rl/build/turtlebot3_example/build/lib/turtlebot3_example/turtlebot3_patrol_server
copying turtlebot3_example/turtlebot3_patrol_server/turtlebot3_patrol_server.py -> /home/hossein/turtlebot3_rl/build/turtlebot3_example/build/lib/turtlebot3_example/turtlebot3_patrol_server
copying turtlebot3_example/turtlebot3_patrol_server/main.py -> /home/hossein/turtlebot3_rl/build/turtlebot3_example/build/lib/turtlebot3_example/turtlebot3_patrol_server
copying turtlebot3_example/turtlebot3_patrol_server/__init__.py -> /home/hossein/turtlebot3_rl/build/turtlebot3_example/build/lib/turtlebot3_example/turtlebot3_patrol_server
creating /home/hossein/turtlebot3_rl/build/turtlebot3_example/build/lib/turtlebot3_example/turtlebot3_patrol_client
copying turtlebot3_example/turtlebot3_patrol_client/turtlebot3_patrol_client.py -> /home/hossein/turtlebot3_rl/build/turtlebot3_example/build/lib/turtlebot3_example/turtlebot3_patrol_client
copying turtlebot3_example/turtlebot3_patrol_client/main.py -> /home/hossein/turtlebot3_rl/build/turtlebot3_example/build/lib/turtlebot3_example/turtlebot3_patrol_client
copying turtlebot3_example/turtlebot3_patrol_client/__init__.py -> /home/hossein/turtlebot3_rl/build/turtlebot3_example/build/lib/turtlebot3_example/turtlebot3_patrol_client
creating /home/hossein/turtlebot3_rl/build/turtlebot3_example/build/lib/turtlebot3_example/turtlebot3_obstacle_detection
copying turtlebot3_example/turtlebot3_obstacle_detection/main.py -> /home/hossein/turtlebot3_rl/build/turtlebot3_example/build/lib/turtlebot3_example/turtlebot3_obstacle_detection
copying turtlebot3_example/turtlebot3_obstacle_detection/__init__.py -> /home/hossein/turtlebot3_rl/build/turtlebot3_example/build/lib/turtlebot3_example/turtlebot3_obstacle_detection
copying turtlebot3_example/turtlebot3_obstacle_detection/turtlebot3_obstacle_detection.py -> /home/hossein/turtlebot3_rl/build/turtlebot3_example/build/lib/turtlebot3_example/turtlebot3_obstacle_detection
creating /home/hossein/turtlebot3_rl/build/turtlebot3_example/build/lib/turtlebot3_example/turtlebot3_position_control
copying turtlebot3_example/turtlebot3_position_control/turtlebot3_path.py -> /home/hossein/turtlebot3_rl/build/turtlebot3_example/build/lib/turtlebot3_example/turtlebot3_position_control
copying turtlebot3_example/turtlebot3_position_control/turtlebot3_position_control.py -> /home/hossein/turtlebot3_rl/build/turtlebot3_example/build/lib/turtlebot3_example/turtlebot3_position_control
copying turtlebot3_example/turtlebot3_position_control/main.py -> /home/hossein/turtlebot3_rl/build/turtlebot3_example/build/lib/turtlebot3_example/turtlebot3_position_control
copying turtlebot3_example/turtlebot3_position_control/__init__.py -> /home/hossein/turtlebot3_rl/build/turtlebot3_example/build/lib/turtlebot3_example/turtlebot3_position_control
running install
running install_lib
creating /home/hossein/turtlebot3_rl/install/turtlebot3_example/lib/python3.6/site-packages/turtlebot3_example
creating /home/hossein/turtlebot3_rl/install/turtlebot3_example/lib/python3.6/site-packages/turtlebot3_example/turtlebot3_patrol_server
copying /home/hossein/turtlebot3_rl/build/turtlebot3_example/build/lib/turtlebot3_example/turtlebot3_patrol_server/turtlebot3_path.py -> /home/hossein/turtlebot3_rl/install/turtlebot3_example/lib/python3.6/site-packages/turtlebot3_example/turtlebot3_patrol_server
copying /home/hossein/turtlebot3_rl/build/turtlebot3_example/build/lib/turtlebot3_example/turtlebot3_patrol_server/turtlebot3_patrol_server.py -> /home/hossein/turtlebot3_rl/install/turtlebot3_example/lib/python3.6/site-packages/turtlebot3_example/turtlebot3_patrol_server
copying /home/hossein/turtlebot3_rl/build/turtlebot3_example/build/lib/turtlebot3_example/turtlebot3_patrol_server/main.py -> /home/hossein/turtlebot3_rl/install/turtlebot3_example/lib/python3.6/site-packages/turtlebot3_example/turtlebot3_patrol_server
copying /home/hossein/turtlebot3_rl/build/turtlebot3_example/build/lib/turtlebot3_example/turtlebot3_patrol_server/__init__.py -> /home/hossein/turtlebot3_rl/install/turtlebot3_example/lib/python3.6/site-packages/turtlebot3_example/turtlebot3_patrol_server
creating /home/hossein/turtlebot3_rl/install/turtlebot3_example/lib/python3.6/site-packages/turtlebot3_example/turtlebot3_patrol_client
copying /home/hossein/turtlebot3_rl/build/turtlebot3_example/build/lib/turtlebot3_example/turtlebot3_patrol_client/turtlebot3_patrol_client.py -> /home/hossein/turtlebot3_rl/install/turtlebot3_example/lib/python3.6/site-packages/turtlebot3_example/turtlebot3_patrol_client
copying /home/hossein/turtlebot3_rl/build/turtlebot3_example/build/lib/turtlebot3_example/turtlebot3_patrol_client/main.py -> /home/hossein/turtlebot3_rl/install/turtlebot3_example/lib/python3.6/site-packages/turtlebot3_example/turtlebot3_patrol_client
copying /home/hossein/turtlebot3_rl/build/turtlebot3_example/build/lib/turtlebot3_example/turtlebot3_patrol_client/__init__.py -> /home/hossein/turtlebot3_rl/install/turtlebot3_example/lib/python3.6/site-packages/turtlebot3_example/turtlebot3_patrol_client
creating /home/hossein/turtlebot3_rl/install/turtlebot3_example/lib/python3.6/site-packages/turtlebot3_example/turtlebot3_obstacle_detection
copying /home/hossein/turtlebot3_rl/build/turtlebot3_example/build/lib/turtlebot3_example/turtlebot3_obstacle_detection/main.py -> /home/hossein/turtlebot3_rl/install/turtlebot3_example/lib/python3.6/site-packages/turtlebot3_example/turtlebot3_obstacle_detection
copying /home/hossein/turtlebot3_rl/build/turtlebot3_example/build/lib/turtlebot3_example/turtlebot3_obstacle_detection/__init__.py -> /home/hossein/turtlebot3_rl/install/turtlebot3_example/lib/python3.6/site-packages/turtlebot3_example/turtlebot3_obstacle_detection
copying /home/hossein/turtlebot3_rl/build/turtlebot3_example/build/lib/turtlebot3_example/turtlebot3_obstacle_detection/turtlebot3_obstacle_detection.py -> /home/hossein/turtlebot3_rl/install/turtlebot3_example/lib/python3.6/site-packages/turtlebot3_example/turtlebot3_obstacle_detection
creating /home/hossein/turtlebot3_rl/install/turtlebot3_example/lib/python3.6/site-packages/turtlebot3_example/turtlebot3_position_control
copying /home/hossein/turtlebot3_rl/build/turtlebot3_example/build/lib/turtlebot3_example/turtlebot3_position_control/turtlebot3_path.py -> /home/hossein/turtlebot3_rl/install/turtlebot3_example/lib/python3.6/site-packages/turtlebot3_example/turtlebot3_position_control
copying /home/hossein/turtlebot3_rl/build/turtlebot3_example/build/lib/turtlebot3_example/turtlebot3_position_control/turtlebot3_position_control.py -> /home/hossein/turtlebot3_rl/install/turtlebot3_example/lib/python3.6/site-packages/turtlebot3_example/turtlebot3_position_control
copying /home/hossein/turtlebot3_rl/build/turtlebot3_example/build/lib/turtlebot3_example/turtlebot3_position_control/main.py -> /home/hossein/turtlebot3_rl/install/turtlebot3_example/lib/python3.6/site-packages/turtlebot3_example/turtlebot3_position_control
copying /home/hossein/turtlebot3_rl/build/turtlebot3_example/build/lib/turtlebot3_example/turtlebot3_position_control/__init__.py -> /home/hossein/turtlebot3_rl/install/turtlebot3_example/lib/python3.6/site-packages/turtlebot3_example/turtlebot3_position_control
copying /home/hossein/turtlebot3_rl/build/turtlebot3_example/build/lib/turtlebot3_example/__init__.py -> /home/hossein/turtlebot3_rl/install/turtlebot3_example/lib/python3.6/site-packages/turtlebot3_example
byte-compiling /home/hossein/turtlebot3_rl/install/turtlebot3_example/lib/python3.6/site-packages/turtlebot3_example/turtlebot3_patrol_server/turtlebot3_path.py to turtlebot3_path.cpython-36.pyc
byte-compiling /home/hossein/turtlebot3_rl/install/turtlebot3_example/lib/python3.6/site-packages/turtlebot3_example/turtlebot3_patrol_server/turtlebot3_patrol_server.py to turtlebot3_patrol_server.cpython-36.pyc
byte-compiling /home/hossein/turtlebot3_rl/install/turtlebot3_example/lib/python3.6/site-packages/turtlebot3_example/turtlebot3_patrol_server/main.py to main.cpython-36.pyc
byte-compiling /home/hossein/turtlebot3_rl/install/turtlebot3_example/lib/python3.6/site-packages/turtlebot3_example/turtlebot3_patrol_server/__init__.py to __init__.cpython-36.pyc
byte-compiling /home/hossein/turtlebot3_rl/install/turtlebot3_example/lib/python3.6/site-packages/turtlebot3_example/turtlebot3_patrol_client/turtlebot3_patrol_client.py to turtlebot3_patrol_client.cpython-36.pyc
byte-compiling /home/hossein/turtlebot3_rl/install/turtlebot3_example/lib/python3.6/site-packages/turtlebot3_example/turtlebot3_patrol_client/main.py to main.cpython-36.pyc
byte-compiling /home/hossein/turtlebot3_rl/install/turtlebot3_example/lib/python3.6/site-packages/turtlebot3_example/turtlebot3_patrol_client/__init__.py to __init__.cpython-36.pyc
byte-compiling /home/hossein/turtlebot3_rl/install/turtlebot3_example/lib/python3.6/site-packages/turtlebot3_example/turtlebot3_obstacle_detection/main.py to main.cpython-36.pyc
byte-compiling /home/hossein/turtlebot3_rl/install/turtlebot3_example/lib/python3.6/site-packages/turtlebot3_example/turtlebot3_obstacle_detection/__init__.py to __init__.cpython-36.pyc
byte-compiling /home/hossein/turtlebot3_rl/install/turtlebot3_example/lib/python3.6/site-packages/turtlebot3_example/turtlebot3_obstacle_detection/turtlebot3_obstacle_detection.py to turtlebot3_obstacle_detection.cpython-36.pyc
byte-compiling /home/hossein/turtlebot3_rl/install/turtlebot3_example/lib/python3.6/site-packages/turtlebot3_example/turtlebot3_position_control/turtlebot3_path.py to turtlebot3_path.cpython-36.pyc
byte-compiling /home/hossein/turtlebot3_rl/install/turtlebot3_example/lib/python3.6/site-packages/turtlebot3_example/turtlebot3_position_control/turtlebot3_position_control.py to turtlebot3_position_control.cpython-36.pyc
byte-compiling /home/hossein/turtlebot3_rl/install/turtlebot3_example/lib/python3.6/site-packages/turtlebot3_example/turtlebot3_position_control/main.py to main.cpython-36.pyc
byte-compiling /home/hossein/turtlebot3_rl/install/turtlebot3_example/lib/python3.6/site-packages/turtlebot3_example/turtlebot3_position_control/__init__.py to __init__.cpython-36.pyc
byte-compiling /home/hossein/turtlebot3_rl/install/turtlebot3_example/lib/python3.6/site-packages/turtlebot3_example/__init__.py to __init__.cpython-36.pyc
running install_data
creating /home/hossein/turtlebot3_rl/install/turtlebot3_example/share/ament_index
creating /home/hossein/turtlebot3_rl/install/turtlebot3_example/share/ament_index/resource_index
creating /home/hossein/turtlebot3_rl/install/turtlebot3_example/share/ament_index/resource_index/packages
copying resource/turtlebot3_example -> /home/hossein/turtlebot3_rl/install/turtlebot3_example/share/ament_index/resource_index/packages
copying package.xml -> /home/hossein/turtlebot3_rl/install/turtlebot3_example/share/turtlebot3_example
running install_egg_info
Copying /home/hossein/turtlebot3_rl/build/turtlebot3_example/turtlebot3_example.egg-info to /home/hossein/turtlebot3_rl/install/turtlebot3_example/lib/python3.6/site-packages/turtlebot3_example-2.0.1-py3.6.egg-info
running install_scripts
Installing turtlebot3_obstacle_detection script to /home/hossein/turtlebot3_rl/install/turtlebot3_example/lib/turtlebot3_example
Installing turtlebot3_patrol_client script to /home/hossein/turtlebot3_rl/install/turtlebot3_example/lib/turtlebot3_example
Installing turtlebot3_patrol_server script to /home/hossein/turtlebot3_rl/install/turtlebot3_example/lib/turtlebot3_example
Installing turtlebot3_position_control script to /home/hossein/turtlebot3_rl/install/turtlebot3_example/lib/turtlebot3_example
writing list of installed files to '/home/hossein/turtlebot3_rl/build/turtlebot3_example/install.log'
