[0.368s] Invoking command in '/home/hossein/turtlebot3_rl/src/turtlebot3/turtlebot3/turtlebot3_example': AMENT_PREFIX_PATH=/home/hossein/turtlebot3_rl/install/turtlebot3_msgs:${AMENT_PREFIX_PATH} CMAKE_PREFIX_PATH=/home/hossein/turtlebot3_rl/install/turtlebot3_msgs LD_LIBRARY_PATH=/home/hossein/turtlebot3_rl/install/turtlebot3_msgs/lib:${LD_LIBRARY_PATH} PS1=(tf_ros) \[\e]0;\u@\h: \w\a\]${debian_chroot:+($debian_chroot)}\[\033[01;32m\]\u@\h\[\033[00m\]:\[\033[01;34m\]\w\[\033[00m\]\$ PYTHONPATH=/home/hossein/turtlebot3_rl/install/turtlebot3_example/lib/python3.6/site-packages:/home/hossein/turtlebot3_rl/install/turtlebot3_msgs/lib/python3.6/site-packages:${PYTHONPATH} /usr/bin/python3 setup.py egg_info --egg-base /home/hossein/turtlebot3_rl/build/turtlebot3_example build --build-base /home/hossein/turtlebot3_rl/build/turtlebot3_example/build install --prefix /home/hossein/turtlebot3_rl/install/turtlebot3_example --record /home/hossein/turtlebot3_rl/build/turtlebot3_example/install.log --single-version-externally-managed
[0.715s] running egg_info
[0.716s] creating /home/hossein/turtlebot3_rl/build/turtlebot3_example/turtlebot3_example.egg-info
[0.716s] writing /home/hossein/turtlebot3_rl/build/turtlebot3_example/turtlebot3_example.egg-info/PKG-INFO
[0.717s] writing dependency_links to /home/hossein/turtlebot3_rl/build/turtlebot3_example/turtlebot3_example.egg-info/dependency_links.txt
[0.717s] writing entry points to /home/hossein/turtlebot3_rl/build/turtlebot3_example/turtlebot3_example.egg-info/entry_points.txt
[0.717s] writing requirements to /home/hossein/turtlebot3_rl/build/turtlebot3_example/turtlebot3_example.egg-info/requires.txt
[0.717s] writing top-level names to /home/hossein/turtlebot3_rl/build/turtlebot3_example/turtlebot3_example.egg-info/top_level.txt
[0.717s] writing manifest file '/home/hossein/turtlebot3_rl/build/turtlebot3_example/turtlebot3_example.egg-info/SOURCES.txt'
[0.765s] reading manifest file '/home/hossein/turtlebot3_rl/build/turtlebot3_example/turtlebot3_example.egg-info/SOURCES.txt'
[0.766s] writing manifest file '/home/hossein/turtlebot3_rl/build/turtlebot3_example/turtlebot3_example.egg-info/SOURCES.txt'
[0.767s] running build
[0.767s] running build_py
[0.767s] creating /home/hossein/turtlebot3_rl/build/turtlebot3_example/build
[0.767s] creating /home/hossein/turtlebot3_rl/build/turtlebot3_example/build/lib
[0.767s] creating /home/hossein/turtlebot3_rl/build/turtlebot3_example/build/lib/turtlebot3_example
[0.767s] copying turtlebot3_example/__init__.py -> /home/hossein/turtlebot3_rl/build/turtlebot3_example/build/lib/turtlebot3_example
[0.768s] creating /home/hossein/turtlebot3_rl/build/turtlebot3_example/build/lib/turtlebot3_example/turtlebot3_patrol_server
[0.768s] copying turtlebot3_example/turtlebot3_patrol_server/turtlebot3_path.py -> /home/hossein/turtlebot3_rl/build/turtlebot3_example/build/lib/turtlebot3_example/turtlebot3_patrol_server
[0.768s] copying turtlebot3_example/turtlebot3_patrol_server/turtlebot3_patrol_server.py -> /home/hossein/turtlebot3_rl/build/turtlebot3_example/build/lib/turtlebot3_example/turtlebot3_patrol_server
[0.768s] copying turtlebot3_example/turtlebot3_patrol_server/main.py -> /home/hossein/turtlebot3_rl/build/turtlebot3_example/build/lib/turtlebot3_example/turtlebot3_patrol_server
[0.768s] copying turtlebot3_example/turtlebot3_patrol_server/__init__.py -> /home/hossein/turtlebot3_rl/build/turtlebot3_example/build/lib/turtlebot3_example/turtlebot3_patrol_server
[0.768s] creating /home/hossein/turtlebot3_rl/build/turtlebot3_example/build/lib/turtlebot3_example/turtlebot3_patrol_client
[0.768s] copying turtlebot3_example/turtlebot3_patrol_client/turtlebot3_patrol_client.py -> /home/hossein/turtlebot3_rl/build/turtlebot3_example/build/lib/turtlebot3_example/turtlebot3_patrol_client
[0.768s] copying turtlebot3_example/turtlebot3_patrol_client/main.py -> /home/hossein/turtlebot3_rl/build/turtlebot3_example/build/lib/turtlebot3_example/turtlebot3_patrol_client
[0.769s] copying turtlebot3_example/turtlebot3_patrol_client/__init__.py -> /home/hossein/turtlebot3_rl/build/turtlebot3_example/build/lib/turtlebot3_example/turtlebot3_patrol_client
[0.769s] creating /home/hossein/turtlebot3_rl/build/turtlebot3_example/build/lib/turtlebot3_example/turtlebot3_obstacle_detection
[0.769s] copying turtlebot3_example/turtlebot3_obstacle_detection/main.py -> /home/hossein/turtlebot3_rl/build/turtlebot3_example/build/lib/turtlebot3_example/turtlebot3_obstacle_detection
[0.769s] copying turtlebot3_example/turtlebot3_obstacle_detection/__init__.py -> /home/hossein/turtlebot3_rl/build/turtlebot3_example/build/lib/turtlebot3_example/turtlebot3_obstacle_detection
[0.769s] copying turtlebot3_example/turtlebot3_obstacle_detection/turtlebot3_obstacle_detection.py -> /home/hossein/turtlebot3_rl/build/turtlebot3_example/build/lib/turtlebot3_example/turtlebot3_obstacle_detection
[0.769s] creating /home/hossein/turtlebot3_rl/build/turtlebot3_example/build/lib/turtlebot3_example/turtlebot3_position_control
[0.770s] copying turtlebot3_example/turtlebot3_position_control/turtlebot3_path.py -> /home/hossein/turtlebot3_rl/build/turtlebot3_example/build/lib/turtlebot3_example/turtlebot3_position_control
[0.770s] copying turtlebot3_example/turtlebot3_position_control/turtlebot3_position_control.py -> /home/hossein/turtlebot3_rl/build/turtlebot3_example/build/lib/turtlebot3_example/turtlebot3_position_control
[0.770s] copying turtlebot3_example/turtlebot3_position_control/main.py -> /home/hossein/turtlebot3_rl/build/turtlebot3_example/build/lib/turtlebot3_example/turtlebot3_position_control
[0.770s] copying turtlebot3_example/turtlebot3_position_control/__init__.py -> /home/hossein/turtlebot3_rl/build/turtlebot3_example/build/lib/turtlebot3_example/turtlebot3_position_control
[0.770s] running install
[0.771s] running install_lib
[0.772s] creating /home/hossein/turtlebot3_rl/install/turtlebot3_example/lib/python3.6/site-packages/turtlebot3_example
[0.772s] creating /home/hossein/turtlebot3_rl/install/turtlebot3_example/lib/python3.6/site-packages/turtlebot3_example/turtlebot3_patrol_server
[0.772s] copying /home/hossein/turtlebot3_rl/build/turtlebot3_example/build/lib/turtlebot3_example/turtlebot3_patrol_server/turtlebot3_path.py -> /home/hossein/turtlebot3_rl/install/turtlebot3_example/lib/python3.6/site-packages/turtlebot3_example/turtlebot3_patrol_server
[0.772s] copying /home/hossein/turtlebot3_rl/build/turtlebot3_example/build/lib/turtlebot3_example/turtlebot3_patrol_server/turtlebot3_patrol_server.py -> /home/hossein/turtlebot3_rl/install/turtlebot3_example/lib/python3.6/site-packages/turtlebot3_example/turtlebot3_patrol_server
[0.773s] copying /home/hossein/turtlebot3_rl/build/turtlebot3_example/build/lib/turtlebot3_example/turtlebot3_patrol_server/main.py -> /home/hossein/turtlebot3_rl/install/turtlebot3_example/lib/python3.6/site-packages/turtlebot3_example/turtlebot3_patrol_server
[0.773s] copying /home/hossein/turtlebot3_rl/build/turtlebot3_example/build/lib/turtlebot3_example/turtlebot3_patrol_server/__init__.py -> /home/hossein/turtlebot3_rl/install/turtlebot3_example/lib/python3.6/site-packages/turtlebot3_example/turtlebot3_patrol_server
[0.773s] creating /home/hossein/turtlebot3_rl/install/turtlebot3_example/lib/python3.6/site-packages/turtlebot3_example/turtlebot3_patrol_client
[0.773s] copying /home/hossein/turtlebot3_rl/build/turtlebot3_example/build/lib/turtlebot3_example/turtlebot3_patrol_client/turtlebot3_patrol_client.py -> /home/hossein/turtlebot3_rl/install/turtlebot3_example/lib/python3.6/site-packages/turtlebot3_example/turtlebot3_patrol_client
[0.774s] copying /home/hossein/turtlebot3_rl/build/turtlebot3_example/build/lib/turtlebot3_example/turtlebot3_patrol_client/main.py -> /home/hossein/turtlebot3_rl/install/turtlebot3_example/lib/python3.6/site-packages/turtlebot3_example/turtlebot3_patrol_client
[0.774s] copying /home/hossein/turtlebot3_rl/build/turtlebot3_example/build/lib/turtlebot3_example/turtlebot3_patrol_client/__init__.py -> /home/hossein/turtlebot3_rl/install/turtlebot3_example/lib/python3.6/site-packages/turtlebot3_example/turtlebot3_patrol_client
[0.774s] creating /home/hossein/turtlebot3_rl/install/turtlebot3_example/lib/python3.6/site-packages/turtlebot3_example/turtlebot3_obstacle_detection
[0.774s] copying /home/hossein/turtlebot3_rl/build/turtlebot3_example/build/lib/turtlebot3_example/turtlebot3_obstacle_detection/main.py -> /home/hossein/turtlebot3_rl/install/turtlebot3_example/lib/python3.6/site-packages/turtlebot3_example/turtlebot3_obstacle_detection
[0.774s] copying /home/hossein/turtlebot3_rl/build/turtlebot3_example/build/lib/turtlebot3_example/turtlebot3_obstacle_detection/__init__.py -> /home/hossein/turtlebot3_rl/install/turtlebot3_example/lib/python3.6/site-packages/turtlebot3_example/turtlebot3_obstacle_detection
[0.775s] copying /home/hossein/turtlebot3_rl/build/turtlebot3_example/build/lib/turtlebot3_example/turtlebot3_obstacle_detection/turtlebot3_obstacle_detection.py -> /home/hossein/turtlebot3_rl/install/turtlebot3_example/lib/python3.6/site-packages/turtlebot3_example/turtlebot3_obstacle_detection
[0.775s] creating /home/hossein/turtlebot3_rl/install/turtlebot3_example/lib/python3.6/site-packages/turtlebot3_example/turtlebot3_position_control
[0.775s] copying /home/hossein/turtlebot3_rl/build/turtlebot3_example/build/lib/turtlebot3_example/turtlebot3_position_control/turtlebot3_path.py -> /home/hossein/turtlebot3_rl/install/turtlebot3_example/lib/python3.6/site-packages/turtlebot3_example/turtlebot3_position_control
[0.775s] copying /home/hossein/turtlebot3_rl/build/turtlebot3_example/build/lib/turtlebot3_example/turtlebot3_position_control/turtlebot3_position_control.py -> /home/hossein/turtlebot3_rl/install/turtlebot3_example/lib/python3.6/site-packages/turtlebot3_example/turtlebot3_position_control
[0.775s] copying /home/hossein/turtlebot3_rl/build/turtlebot3_example/build/lib/turtlebot3_example/turtlebot3_position_control/main.py -> /home/hossein/turtlebot3_rl/install/turtlebot3_example/lib/python3.6/site-packages/turtlebot3_example/turtlebot3_position_control
[0.776s] copying /home/hossein/turtlebot3_rl/build/turtlebot3_example/build/lib/turtlebot3_example/turtlebot3_position_control/__init__.py -> /home/hossein/turtlebot3_rl/install/turtlebot3_example/lib/python3.6/site-packages/turtlebot3_example/turtlebot3_position_control
[0.776s] copying /home/hossein/turtlebot3_rl/build/turtlebot3_example/build/lib/turtlebot3_example/__init__.py -> /home/hossein/turtlebot3_rl/install/turtlebot3_example/lib/python3.6/site-packages/turtlebot3_example
[0.776s] byte-compiling /home/hossein/turtlebot3_rl/install/turtlebot3_example/lib/python3.6/site-packages/turtlebot3_example/turtlebot3_patrol_server/turtlebot3_path.py to turtlebot3_path.cpython-36.pyc
[0.776s] byte-compiling /home/hossein/turtlebot3_rl/install/turtlebot3_example/lib/python3.6/site-packages/turtlebot3_example/turtlebot3_patrol_server/turtlebot3_patrol_server.py to turtlebot3_patrol_server.cpython-36.pyc
[0.777s] byte-compiling /home/hossein/turtlebot3_rl/install/turtlebot3_example/lib/python3.6/site-packages/turtlebot3_example/turtlebot3_patrol_server/main.py to main.cpython-36.pyc
[0.777s] byte-compiling /home/hossein/turtlebot3_rl/install/turtlebot3_example/lib/python3.6/site-packages/turtlebot3_example/turtlebot3_patrol_server/__init__.py to __init__.cpython-36.pyc
[0.778s] byte-compiling /home/hossein/turtlebot3_rl/install/turtlebot3_example/lib/python3.6/site-packages/turtlebot3_example/turtlebot3_patrol_client/turtlebot3_patrol_client.py to turtlebot3_patrol_client.cpython-36.pyc
[0.778s] byte-compiling /home/hossein/turtlebot3_rl/install/turtlebot3_example/lib/python3.6/site-packages/turtlebot3_example/turtlebot3_patrol_client/main.py to main.cpython-36.pyc
[0.778s] byte-compiling /home/hossein/turtlebot3_rl/install/turtlebot3_example/lib/python3.6/site-packages/turtlebot3_example/turtlebot3_patrol_client/__init__.py to __init__.cpython-36.pyc
[0.778s] byte-compiling /home/hossein/turtlebot3_rl/install/turtlebot3_example/lib/python3.6/site-packages/turtlebot3_example/turtlebot3_obstacle_detection/main.py to main.cpython-36.pyc
[0.779s] byte-compiling /home/hossein/turtlebot3_rl/install/turtlebot3_example/lib/python3.6/site-packages/turtlebot3_example/turtlebot3_obstacle_detection/__init__.py to __init__.cpython-36.pyc
[0.779s] byte-compiling /home/hossein/turtlebot3_rl/install/turtlebot3_example/lib/python3.6/site-packages/turtlebot3_example/turtlebot3_obstacle_detection/turtlebot3_obstacle_detection.py to turtlebot3_obstacle_detection.cpython-36.pyc
[0.779s] byte-compiling /home/hossein/turtlebot3_rl/install/turtlebot3_example/lib/python3.6/site-packages/turtlebot3_example/turtlebot3_position_control/turtlebot3_path.py to turtlebot3_path.cpython-36.pyc
[0.780s] byte-compiling /home/hossein/turtlebot3_rl/install/turtlebot3_example/lib/python3.6/site-packages/turtlebot3_example/turtlebot3_position_control/turtlebot3_position_control.py to turtlebot3_position_control.cpython-36.pyc
[0.781s] byte-compiling /home/hossein/turtlebot3_rl/install/turtlebot3_example/lib/python3.6/site-packages/turtlebot3_example/turtlebot3_position_control/main.py to main.cpython-36.pyc
[0.781s] byte-compiling /home/hossein/turtlebot3_rl/install/turtlebot3_example/lib/python3.6/site-packages/turtlebot3_example/turtlebot3_position_control/__init__.py to __init__.cpython-36.pyc
[0.781s] byte-compiling /home/hossein/turtlebot3_rl/install/turtlebot3_example/lib/python3.6/site-packages/turtlebot3_example/__init__.py to __init__.cpython-36.pyc
[0.781s] running install_data
[0.782s] creating /home/hossein/turtlebot3_rl/install/turtlebot3_example/share/ament_index
[0.782s] creating /home/hossein/turtlebot3_rl/install/turtlebot3_example/share/ament_index/resource_index
[0.782s] creating /home/hossein/turtlebot3_rl/install/turtlebot3_example/share/ament_index/resource_index/packages
[0.783s] copying resource/turtlebot3_example -> /home/hossein/turtlebot3_rl/install/turtlebot3_example/share/ament_index/resource_index/packages
[0.783s] copying package.xml -> /home/hossein/turtlebot3_rl/install/turtlebot3_example/share/turtlebot3_example
[0.783s] running install_egg_info
[0.785s] Copying /home/hossein/turtlebot3_rl/build/turtlebot3_example/turtlebot3_example.egg-info to /home/hossein/turtlebot3_rl/install/turtlebot3_example/lib/python3.6/site-packages/turtlebot3_example-2.0.1-py3.6.egg-info
[0.786s] running install_scripts
[0.808s] Installing turtlebot3_obstacle_detection script to /home/hossein/turtlebot3_rl/install/turtlebot3_example/lib/turtlebot3_example
[0.809s] Installing turtlebot3_patrol_client script to /home/hossein/turtlebot3_rl/install/turtlebot3_example/lib/turtlebot3_example
[0.809s] Installing turtlebot3_patrol_server script to /home/hossein/turtlebot3_rl/install/turtlebot3_example/lib/turtlebot3_example
[0.809s] Installing turtlebot3_position_control script to /home/hossein/turtlebot3_rl/install/turtlebot3_example/lib/turtlebot3_example
[0.810s] writing list of installed files to '/home/hossein/turtlebot3_rl/build/turtlebot3_example/install.log'
[0.846s] Invoked command in '/home/hossein/turtlebot3_rl/src/turtlebot3/turtlebot3/turtlebot3_example' returned '0': AMENT_PREFIX_PATH=/home/hossein/turtlebot3_rl/install/turtlebot3_msgs:${AMENT_PREFIX_PATH} CMAKE_PREFIX_PATH=/home/hossein/turtlebot3_rl/install/turtlebot3_msgs LD_LIBRARY_PATH=/home/hossein/turtlebot3_rl/install/turtlebot3_msgs/lib:${LD_LIBRARY_PATH} PS1=(tf_ros) \[\e]0;\u@\h: \w\a\]${debian_chroot:+($debian_chroot)}\[\033[01;32m\]\u@\h\[\033[00m\]:\[\033[01;34m\]\w\[\033[00m\]\$ PYTHONPATH=/home/hossein/turtlebot3_rl/install/turtlebot3_example/lib/python3.6/site-packages:/home/hossein/turtlebot3_rl/install/turtlebot3_msgs/lib/python3.6/site-packages:${PYTHONPATH} /usr/bin/python3 setup.py egg_info --egg-base /home/hossein/turtlebot3_rl/build/turtlebot3_example build --build-base /home/hossein/turtlebot3_rl/build/turtlebot3_example/build install --prefix /home/hossein/turtlebot3_rl/install/turtlebot3_example --record /home/hossein/turtlebot3_rl/build/turtlebot3_example/install.log --single-version-externally-managed
