[0.074s] Invoking command in '/home/hossein/turtlebot3_rl/build/turtlebot3_msgs': CMAKE_PREFIX_PATH=/home/hossein/turtlebot3_rl/install/turtlebot3_rl:/opt/ros/dashing PS1=(tf_ros) \[\e]0;\u@\h: \w\a\]${debian_chroot:+($debian_chroot)}\[\033[01;32m\]\u@\h\[\033[00m\]:\[\033[01;34m\]\w\[\033[00m\]\$ /usr/bin/cmake /home/hossein/turtlebot3_rl/src/turtlebot3/turtlebot3_msgs -DCMAKE_INSTALL_PREFIX=/home/hossein/turtlebot3_rl/install/turtlebot3_msgs
[1.122s] -- The C compiler identification is GNU 7.5.0
[1.122s] -- The CXX compiler identification is GNU 7.5.0
[1.123s] -- Check for working C compiler: /usr/bin/cc
[1.123s] -- Check for working C compiler: /usr/bin/cc -- works
[1.123s] -- Detecting C compiler ABI info
[1.123s] -- Detecting C compiler ABI info - done
[1.123s] -- Detecting C compile features
[1.123s] -- Detecting C compile features - done
[1.123s] -- Check for working CXX compiler: /usr/bin/c++
[1.123s] -- Check for working CXX compiler: /usr/bin/c++ -- works
[1.123s] -- Detecting CXX compiler ABI info
[1.238s] -- Detecting CXX compiler ABI info - done
[1.247s] -- Detecting CXX compile features
[1.877s] -- Detecting CXX compile features - done
[1.880s] -- Found action_msgs: 0.7.4 (/opt/ros/dashing/share/action_msgs/cmake)
[1.934s] -- Found PythonInterp: /home/hossein/tf_ros/bin/python3 (found suitable version "3.6.9", minimum required is "3") 
[1.934s] -- Using PYTHON_EXECUTABLE: /home/hossein/tf_ros/bin/python3
[2.245s] -- Found rosidl_adapter: 0.7.9 (/opt/ros/dashing/share/rosidl_adapter/cmake)
[2.333s] -- Found ament_cmake: 0.7.4 (/opt/ros/dashing/share/ament_cmake/cmake)
[2.367s] -- Found rosidl_default_generators: 0.7.0 (/opt/ros/dashing/share/rosidl_default_generators/cmake)
[2.503s] -- Found OpenSSL: /usr/lib/x86_64-linux-gnu/libcrypto.so (found version "1.1.1") 
[2.547s] -- Found FastRTPS: /opt/ros/dashing/include  
[2.682s] -- Found std_msgs: 0.7.0 (/opt/ros/dashing/share/std_msgs/cmake)
[2.854s] -- Found PythonInterp: /home/hossein/tf_ros/bin/python3 (found version "3.6.9") 
[3.326s] -- Found ament_cmake_cppcheck: 0.7.11 (/opt/ros/dashing/share/ament_cmake_cppcheck/cmake)
[3.328s] -- Found ament_cmake_cpplint: 0.7.11 (/opt/ros/dashing/share/ament_cmake_cpplint/cmake)
[3.331s] -- Found ament_cmake_uncrustify: 0.7.11 (/opt/ros/dashing/share/ament_cmake_uncrustify/cmake)
[3.399s] -- Using single matching rosidl_typesupport_c: rosidl_typesupport_fastrtps_c
[3.440s] -- Using single matching rosidl_typesupport_cpp: rosidl_typesupport_fastrtps_cpp
[3.715s] -- Found rmw_implementation_cmake: 0.7.2 (/opt/ros/dashing/share/rmw_implementation_cmake/cmake)
[3.751s] -- Found PythonInterp: /home/hossein/tf_ros/bin/python3 (found suitable version "3.6.9", minimum required is "3.5") 
[3.752s] -- Found python_cmake_module: 0.7.10 (/opt/ros/dashing/share/python_cmake_module/cmake)
[3.792s] -- Found PythonLibs: /usr/lib/x86_64-linux-gnu/libpython3.6m.so (found suitable version "3.6.9", minimum required is "3.5") 
[3.793s] -- Using PYTHON_EXECUTABLE: /home/hossein/tf_ros/bin/python3
[3.793s] -- Using PYTHON_INCLUDE_DIRS: /usr/include/python3.6m
[3.793s] -- Using PYTHON_LIBRARIES: /usr/lib/x86_64-linux-gnu/libpython3.6m.so
[3.828s] -- Found PythonExtra: .so  
[4.001s] -- Found ament_cmake_flake8: 0.7.11 (/opt/ros/dashing/share/ament_cmake_flake8/cmake)
[4.003s] -- Found ament_cmake_pep257: 0.7.11 (/opt/ros/dashing/share/ament_cmake_pep257/cmake)
[4.014s] -- Configuring done
[4.245s] -- Generating done
[4.248s] -- Build files have been written to: /home/hossein/turtlebot3_rl/build/turtlebot3_msgs
[4.255s] Invoked command in '/home/hossein/turtlebot3_rl/build/turtlebot3_msgs' returned '0': CMAKE_PREFIX_PATH=/home/hossein/turtlebot3_rl/install/turtlebot3_rl:/opt/ros/dashing PS1=(tf_ros) \[\e]0;\u@\h: \w\a\]${debian_chroot:+($debian_chroot)}\[\033[01;32m\]\u@\h\[\033[00m\]:\[\033[01;34m\]\w\[\033[00m\]\$ /usr/bin/cmake /home/hossein/turtlebot3_rl/src/turtlebot3/turtlebot3_msgs -DCMAKE_INSTALL_PREFIX=/home/hossein/turtlebot3_rl/install/turtlebot3_msgs
[4.258s] Invoking command in '/home/hossein/turtlebot3_rl/build/turtlebot3_msgs': CMAKE_PREFIX_PATH=/home/hossein/turtlebot3_rl/install/turtlebot3_rl:/opt/ros/dashing PS1=(tf_ros) \[\e]0;\u@\h: \w\a\]${debian_chroot:+($debian_chroot)}\[\033[01;32m\]\u@\h\[\033[00m\]:\[\033[01;34m\]\w\[\033[00m\]\$ /usr/bin/cmake --build /home/hossein/turtlebot3_rl/build/turtlebot3_msgs -- -j8 -l8
[4.319s] [  1%] [34m[1mGenerating C code for ROS interfaces[0m
[4.320s] [35m[1mScanning dependencies of target turtlebot3_msgs__cpp[0m
[4.334s] [  2%] [34m[1mGenerating C++ code for ROS interfaces[0m
[5.422s] [  2%] Built target turtlebot3_msgs__cpp
[5.437s] [  4%] [34m[1mGenerating C++ type support for eProsima Fast-RTPS[0m
[5.443s] [  5%] [34m[1mGenerating C++ introspection for ROS interfaces[0m
[5.691s] [35m[1mScanning dependencies of target turtlebot3_msgs__rosidl_generator_c[0m
[5.719s] [  7%] [32mBuilding C object CMakeFiles/turtlebot3_msgs__rosidl_generator_c.dir/rosidl_generator_c/turtlebot3_msgs/msg/sound__functions.c.o[0m
[5.720s] [  8%] [32mBuilding C object CMakeFiles/turtlebot3_msgs__rosidl_generator_c.dir/rosidl_generator_c/turtlebot3_msgs/msg/version_info__functions.c.o[0m
[5.721s] [ 10%] [32mBuilding C object CMakeFiles/turtlebot3_msgs__rosidl_generator_c.dir/rosidl_generator_c/turtlebot3_msgs/srv/sound__functions.c.o[0m
[5.721s] [ 13%] [32mBuilding C object CMakeFiles/turtlebot3_msgs__rosidl_generator_c.dir/rosidl_generator_c/turtlebot3_msgs/msg/sensor_state__functions.c.o[0m
[5.721s] [ 11%] [32mBuilding C object CMakeFiles/turtlebot3_msgs__rosidl_generator_c.dir/rosidl_generator_c/turtlebot3_msgs/srv/dqn__functions.c.o[0m
[5.738s] [ 14%] [32mBuilding C object CMakeFiles/turtlebot3_msgs__rosidl_generator_c.dir/rosidl_generator_c/turtlebot3_msgs/action/patrol__functions.c.o[0m
[5.863s] [ 15%] [32m[1mLinking C shared library libturtlebot3_msgs__rosidl_generator_c.so[0m
[5.940s] [ 15%] Built target turtlebot3_msgs__rosidl_generator_c
[5.960s] [ 17%] [34m[1mGenerating C introspection for ROS interfaces[0m
[6.560s] [35m[1mScanning dependencies of target turtlebot3_msgs__rosidl_typesupport_introspection_cpp[0m
[6.593s] [ 20%] [32mBuilding CXX object CMakeFiles/turtlebot3_msgs__rosidl_typesupport_introspection_cpp.dir/rosidl_typesupport_introspection_cpp/turtlebot3_msgs/msg/sound__type_support.cpp.o[0m
[6.593s] [ 20%] [32mBuilding CXX object CMakeFiles/turtlebot3_msgs__rosidl_typesupport_introspection_cpp.dir/rosidl_typesupport_introspection_cpp/turtlebot3_msgs/msg/version_info__type_support.cpp.o[0m
[6.594s] [ 21%] [32mBuilding CXX object CMakeFiles/turtlebot3_msgs__rosidl_typesupport_introspection_cpp.dir/rosidl_typesupport_introspection_cpp/turtlebot3_msgs/srv/sound__type_support.cpp.o[0m
[6.595s] [ 23%] [32mBuilding CXX object CMakeFiles/turtlebot3_msgs__rosidl_typesupport_introspection_cpp.dir/rosidl_typesupport_introspection_cpp/turtlebot3_msgs/msg/sensor_state__type_support.cpp.o[0m
[6.598s] [ 24%] [32mBuilding CXX object CMakeFiles/turtlebot3_msgs__rosidl_typesupport_introspection_cpp.dir/rosidl_typesupport_introspection_cpp/turtlebot3_msgs/srv/dqn__type_support.cpp.o[0m
[6.611s] [ 26%] [32mBuilding CXX object CMakeFiles/turtlebot3_msgs__rosidl_typesupport_introspection_cpp.dir/rosidl_typesupport_introspection_cpp/turtlebot3_msgs/action/patrol__type_support.cpp.o[0m
[7.064s] [35m[1mScanning dependencies of target turtlebot3_msgs__rosidl_typesupport_fastrtps_cpp[0m
[7.102s] [ 28%] [32mBuilding CXX object CMakeFiles/turtlebot3_msgs__rosidl_typesupport_fastrtps_cpp.dir/rosidl_typesupport_fastrtps_cpp/turtlebot3_msgs/msg/dds_fastrtps/sound__type_support.cpp.o[0m
[7.102s] [ 28%] [32mBuilding CXX object CMakeFiles/turtlebot3_msgs__rosidl_typesupport_fastrtps_cpp.dir/rosidl_typesupport_fastrtps_cpp/turtlebot3_msgs/msg/dds_fastrtps/sensor_state__type_support.cpp.o[0m
[7.105s] [ 30%] [32mBuilding CXX object CMakeFiles/turtlebot3_msgs__rosidl_typesupport_fastrtps_cpp.dir/rosidl_typesupport_fastrtps_cpp/turtlebot3_msgs/msg/dds_fastrtps/version_info__type_support.cpp.o[0m
[7.106s] [ 31%] [32mBuilding CXX object CMakeFiles/turtlebot3_msgs__rosidl_typesupport_fastrtps_cpp.dir/rosidl_typesupport_fastrtps_cpp/turtlebot3_msgs/srv/dds_fastrtps/sound__type_support.cpp.o[0m
[7.118s] [ 33%] [32mBuilding CXX object CMakeFiles/turtlebot3_msgs__rosidl_typesupport_fastrtps_cpp.dir/rosidl_typesupport_fastrtps_cpp/turtlebot3_msgs/srv/dds_fastrtps/dqn__type_support.cpp.o[0m
[7.119s] [ 34%] [32mBuilding CXX object CMakeFiles/turtlebot3_msgs__rosidl_typesupport_fastrtps_cpp.dir/rosidl_typesupport_fastrtps_cpp/turtlebot3_msgs/action/dds_fastrtps/patrol__type_support.cpp.o[0m
[7.137s] [ 36%] [32m[1mLinking CXX shared library libturtlebot3_msgs__rosidl_typesupport_introspection_cpp.so[0m
[7.401s] [ 36%] Built target turtlebot3_msgs__rosidl_typesupport_introspection_cpp
[7.505s] [35m[1mScanning dependencies of target turtlebot3_msgs__rosidl_typesupport_introspection_c[0m
[7.551s] [ 37%] [32mBuilding C object CMakeFiles/turtlebot3_msgs__rosidl_typesupport_introspection_c.dir/rosidl_typesupport_introspection_c/turtlebot3_msgs/msg/sound__type_support.c.o[0m
[7.564s] [ 39%] [32mBuilding C object CMakeFiles/turtlebot3_msgs__rosidl_typesupport_introspection_c.dir/rosidl_typesupport_introspection_c/turtlebot3_msgs/msg/sensor_state__type_support.c.o[0m
[7.636s] [ 40%] [32mBuilding C object CMakeFiles/turtlebot3_msgs__rosidl_typesupport_introspection_c.dir/rosidl_typesupport_introspection_c/turtlebot3_msgs/msg/version_info__type_support.c.o[0m
[7.650s] [ 42%] [32mBuilding C object CMakeFiles/turtlebot3_msgs__rosidl_typesupport_introspection_c.dir/rosidl_typesupport_introspection_c/turtlebot3_msgs/srv/sound__type_support.c.o[0m
[7.734s] [ 43%] [32mBuilding C object CMakeFiles/turtlebot3_msgs__rosidl_typesupport_introspection_c.dir/rosidl_typesupport_introspection_c/turtlebot3_msgs/srv/dqn__type_support.c.o[0m
[7.737s] [ 44%] [32mBuilding C object CMakeFiles/turtlebot3_msgs__rosidl_typesupport_introspection_c.dir/rosidl_typesupport_introspection_c/turtlebot3_msgs/action/patrol__type_support.c.o[0m
[7.805s] [ 46%] [32m[1mLinking C shared library libturtlebot3_msgs__rosidl_typesupport_introspection_c.so[0m
[7.852s] [ 46%] Built target turtlebot3_msgs__rosidl_typesupport_introspection_c
[7.869s] [ 47%] [32m[1mLinking CXX shared library libturtlebot3_msgs__rosidl_typesupport_fastrtps_cpp.so[0m
[7.979s] [ 47%] Built target turtlebot3_msgs__rosidl_typesupport_fastrtps_cpp
[7.993s] [ 50%] [34m[1mGenerating C++ type support dispatch for ROS interfaces[0m
[7.994s] [ 50%] [34m[1mGenerating C type support for eProsima Fast-RTPS[0m
[8.785s] [35m[1mScanning dependencies of target turtlebot3_msgs__rosidl_typesupport_cpp[0m
[8.816s] [ 53%] [32mBuilding CXX object CMakeFiles/turtlebot3_msgs__rosidl_typesupport_cpp.dir/rosidl_typesupport_cpp/turtlebot3_msgs/msg/sound__type_support.cpp.o[0m
[8.816s] [ 53%] [32mBuilding CXX object CMakeFiles/turtlebot3_msgs__rosidl_typesupport_cpp.dir/rosidl_typesupport_cpp/turtlebot3_msgs/msg/version_info__type_support.cpp.o[0m
[8.816s] [ 55%] [32mBuilding CXX object CMakeFiles/turtlebot3_msgs__rosidl_typesupport_cpp.dir/rosidl_typesupport_cpp/turtlebot3_msgs/msg/sensor_state__type_support.cpp.o[0m
[8.816s] [ 56%] [32mBuilding CXX object CMakeFiles/turtlebot3_msgs__rosidl_typesupport_cpp.dir/rosidl_typesupport_cpp/turtlebot3_msgs/srv/sound__type_support.cpp.o[0m
[8.818s] [ 57%] [32mBuilding CXX object CMakeFiles/turtlebot3_msgs__rosidl_typesupport_cpp.dir/rosidl_typesupport_cpp/turtlebot3_msgs/action/patrol__type_support.cpp.o[0m
[8.820s] [ 59%] [32mBuilding CXX object CMakeFiles/turtlebot3_msgs__rosidl_typesupport_cpp.dir/rosidl_typesupport_cpp/turtlebot3_msgs/srv/dqn__type_support.cpp.o[0m
[9.323s] [35m[1mScanning dependencies of target turtlebot3_msgs__rosidl_typesupport_fastrtps_c[0m
[9.374s] [ 62%] [32mBuilding CXX object CMakeFiles/turtlebot3_msgs__rosidl_typesupport_fastrtps_c.dir/rosidl_typesupport_fastrtps_c/turtlebot3_msgs/msg/sound__type_support_c.cpp.o[0m
[9.374s] [ 62%] [32mBuilding CXX object CMakeFiles/turtlebot3_msgs__rosidl_typesupport_fastrtps_c.dir/rosidl_typesupport_fastrtps_c/turtlebot3_msgs/msg/sensor_state__type_support_c.cpp.o[0m
[9.377s] [ 63%] [32mBuilding CXX object CMakeFiles/turtlebot3_msgs__rosidl_typesupport_fastrtps_c.dir/rosidl_typesupport_fastrtps_c/turtlebot3_msgs/msg/version_info__type_support_c.cpp.o[0m
[9.417s] [ 65%] [32mBuilding CXX object CMakeFiles/turtlebot3_msgs__rosidl_typesupport_fastrtps_c.dir/rosidl_typesupport_fastrtps_c/turtlebot3_msgs/srv/sound__type_support_c.cpp.o[0m
[9.434s] [ 66%] [32mBuilding CXX object CMakeFiles/turtlebot3_msgs__rosidl_typesupport_fastrtps_c.dir/rosidl_typesupport_fastrtps_c/turtlebot3_msgs/srv/dqn__type_support_c.cpp.o[0m
[9.435s] [ 68%] [32mBuilding CXX object CMakeFiles/turtlebot3_msgs__rosidl_typesupport_fastrtps_c.dir/rosidl_typesupport_fastrtps_c/turtlebot3_msgs/action/patrol__type_support_c.cpp.o[0m
[9.469s] [ 69%] [32m[1mLinking CXX shared library libturtlebot3_msgs__rosidl_typesupport_cpp.so[0m
[9.671s] [ 69%] Built target turtlebot3_msgs__rosidl_typesupport_cpp
[10.007s] [ 71%] [32m[1mLinking CXX shared library libturtlebot3_msgs__rosidl_typesupport_fastrtps_c.so[0m
[10.122s] [ 71%] Built target turtlebot3_msgs__rosidl_typesupport_fastrtps_c
[10.136s] [ 72%] [34m[1mGenerating C type support dispatch for ROS interfaces[0m
[10.882s] [35m[1mScanning dependencies of target turtlebot3_msgs__rosidl_typesupport_c[0m
[10.903s] [ 73%] [32mBuilding CXX object CMakeFiles/turtlebot3_msgs__rosidl_typesupport_c.dir/rosidl_typesupport_c/turtlebot3_msgs/msg/version_info__type_support.cpp.o[0m
[10.906s] [ 75%] [32mBuilding CXX object CMakeFiles/turtlebot3_msgs__rosidl_typesupport_c.dir/rosidl_typesupport_c/turtlebot3_msgs/msg/sound__type_support.cpp.o[0m
[10.907s] [ 76%] [32mBuilding CXX object CMakeFiles/turtlebot3_msgs__rosidl_typesupport_c.dir/rosidl_typesupport_c/turtlebot3_msgs/srv/sound__type_support.cpp.o[0m
[10.907s] [ 78%] [32mBuilding CXX object CMakeFiles/turtlebot3_msgs__rosidl_typesupport_c.dir/rosidl_typesupport_c/turtlebot3_msgs/msg/sensor_state__type_support.cpp.o[0m
[10.908s] [ 79%] [32mBuilding CXX object CMakeFiles/turtlebot3_msgs__rosidl_typesupport_c.dir/rosidl_typesupport_c/turtlebot3_msgs/srv/dqn__type_support.cpp.o[0m
[10.909s] [ 81%] [32mBuilding CXX object CMakeFiles/turtlebot3_msgs__rosidl_typesupport_c.dir/rosidl_typesupport_c/turtlebot3_msgs/action/patrol__type_support.cpp.o[0m
[10.968s] [ 82%] [32m[1mLinking CXX shared library libturtlebot3_msgs__rosidl_typesupport_c.so[0m
[11.047s] [ 82%] Built target turtlebot3_msgs__rosidl_typesupport_c
[11.060s] [35m[1mScanning dependencies of target turtlebot3_msgs[0m
[11.074s] [ 82%] Built target turtlebot3_msgs
[11.087s] [35m[1mScanning dependencies of target turtlebot3_msgs__py[0m
[11.100s] [ 84%] [34m[1mGenerating Python code for ROS interfaces[0m
[13.278s] [ 84%] Built target turtlebot3_msgs__py
[13.291s] [35m[1mScanning dependencies of target turtlebot3_msgs__python[0m
[13.341s] [ 85%] [32mBuilding C object CMakeFiles/turtlebot3_msgs__python.dir/rosidl_generator_py/turtlebot3_msgs/action/_patrol_s.c.o[0m
[13.342s] [ 86%] [32mBuilding C object CMakeFiles/turtlebot3_msgs__python.dir/rosidl_generator_py/turtlebot3_msgs/srv/_dqn_s.c.o[0m
[13.342s] [ 88%] [32mBuilding C object CMakeFiles/turtlebot3_msgs__python.dir/rosidl_generator_py/turtlebot3_msgs/srv/_sound_s.c.o[0m
[13.343s] [ 89%] [32mBuilding C object CMakeFiles/turtlebot3_msgs__python.dir/rosidl_generator_py/turtlebot3_msgs/msg/_sensor_state_s.c.o[0m
[13.343s] [ 91%] [32mBuilding C object CMakeFiles/turtlebot3_msgs__python.dir/rosidl_generator_py/turtlebot3_msgs/msg/_version_info_s.c.o[0m
[13.343s] [ 92%] [32mBuilding C object CMakeFiles/turtlebot3_msgs__python.dir/rosidl_generator_py/turtlebot3_msgs/msg/_sound_s.c.o[0m
[13.523s] [ 94%] [32m[1mLinking C shared library rosidl_generator_py/turtlebot3_msgs/libturtlebot3_msgs__python.so[0m
[13.599s] [ 94%] Built target turtlebot3_msgs__python
[13.612s] [35m[1mScanning dependencies of target turtlebot3_msgs__rosidl_typesupport_c__pyext[0m
[13.612s] [35m[1mScanning dependencies of target turtlebot3_msgs__rosidl_typesupport_fastrtps_c__pyext[0m
[13.637s] [ 95%] [32mBuilding C object CMakeFiles/turtlebot3_msgs__rosidl_typesupport_fastrtps_c__pyext.dir/rosidl_generator_py/turtlebot3_msgs/_turtlebot3_msgs_s.ep.rosidl_typesupport_fastrtps_c.c.o[0m
[13.639s] [ 97%] [32mBuilding C object CMakeFiles/turtlebot3_msgs__rosidl_typesupport_c__pyext.dir/rosidl_generator_py/turtlebot3_msgs/_turtlebot3_msgs_s.ep.rosidl_typesupport_c.c.o[0m
[13.772s] [ 98%] [32m[1mLinking C shared library rosidl_generator_py/turtlebot3_msgs/turtlebot3_msgs_s__rosidl_typesupport_c.cpython-36m-x86_64-linux-gnu.so[0m
[13.774s] [100%] [32m[1mLinking C shared library rosidl_generator_py/turtlebot3_msgs/turtlebot3_msgs_s__rosidl_typesupport_fastrtps_c.cpython-36m-x86_64-linux-gnu.so[0m
[13.865s] [100%] Built target turtlebot3_msgs__rosidl_typesupport_c__pyext
[13.867s] [100%] Built target turtlebot3_msgs__rosidl_typesupport_fastrtps_c__pyext
[13.881s] Invoked command in '/home/hossein/turtlebot3_rl/build/turtlebot3_msgs' returned '0': CMAKE_PREFIX_PATH=/home/hossein/turtlebot3_rl/install/turtlebot3_rl:/opt/ros/dashing PS1=(tf_ros) \[\e]0;\u@\h: \w\a\]${debian_chroot:+($debian_chroot)}\[\033[01;32m\]\u@\h\[\033[00m\]:\[\033[01;34m\]\w\[\033[00m\]\$ /usr/bin/cmake --build /home/hossein/turtlebot3_rl/build/turtlebot3_msgs -- -j8 -l8
[14.014s] Invoking command in '/home/hossein/turtlebot3_rl/build/turtlebot3_msgs': CMAKE_PREFIX_PATH=/home/hossein/turtlebot3_rl/install/turtlebot3_rl:/opt/ros/dashing PS1=(tf_ros) \[\e]0;\u@\h: \w\a\]${debian_chroot:+($debian_chroot)}\[\033[01;32m\]\u@\h\[\033[00m\]:\[\033[01;34m\]\w\[\033[00m\]\$ /usr/bin/cmake --build /home/hossein/turtlebot3_rl/build/turtlebot3_msgs --target install -- -j8 -l8
[14.079s] [  1%] Built target turtlebot3_msgs__cpp
[14.083s] [ 13%] Built target turtlebot3_msgs__rosidl_generator_c
[14.114s] [ 34%] Built target turtlebot3_msgs__rosidl_typesupport_introspection_cpp
[14.114s] [ 36%] Built target turtlebot3_msgs__rosidl_typesupport_introspection_c
[14.119s] [ 47%] Built target turtlebot3_msgs__rosidl_typesupport_fastrtps_cpp
[14.155s] [ 59%] Built target turtlebot3_msgs__rosidl_typesupport_cpp
[14.155s] [ 71%] Built target turtlebot3_msgs__rosidl_typesupport_fastrtps_c
[14.190s] [ 82%] Built target turtlebot3_msgs__rosidl_typesupport_c
[14.215s] [ 82%] Built target turtlebot3_msgs
[14.241s] [ 84%] Built target turtlebot3_msgs__py
[14.279s] [ 94%] Built target turtlebot3_msgs__python
[14.312s] [100%] Built target turtlebot3_msgs__rosidl_typesupport_c__pyext
[14.312s] [100%] Built target turtlebot3_msgs__rosidl_typesupport_fastrtps_c__pyext
[14.334s] [36mInstall the project...[0m
[14.345s] -- Install configuration: ""
[14.345s] -- Installing: /home/hossein/turtlebot3_rl/install/turtlebot3_msgs/share/ament_index/resource_index/rosidl_interfaces/turtlebot3_msgs
[14.346s] -- Installing: /home/hossein/turtlebot3_rl/install/turtlebot3_msgs/include/turtlebot3_msgs
[14.346s] -- Installing: /home/hossein/turtlebot3_rl/install/turtlebot3_msgs/include/turtlebot3_msgs/srv
[14.346s] -- Installing: /home/hossein/turtlebot3_rl/install/turtlebot3_msgs/include/turtlebot3_msgs/srv/sound__struct.hpp
[14.346s] -- Installing: /home/hossein/turtlebot3_rl/install/turtlebot3_msgs/include/turtlebot3_msgs/srv/dqn.hpp
[14.346s] -- Installing: /home/hossein/turtlebot3_rl/install/turtlebot3_msgs/include/turtlebot3_msgs/srv/dqn__traits.hpp
[14.347s] -- Installing: /home/hossein/turtlebot3_rl/install/turtlebot3_msgs/include/turtlebot3_msgs/srv/dqn__struct.hpp
[14.347s] -- Installing: /home/hossein/turtlebot3_rl/install/turtlebot3_msgs/include/turtlebot3_msgs/srv/sound__traits.hpp
[14.347s] -- Installing: /home/hossein/turtlebot3_rl/install/turtlebot3_msgs/include/turtlebot3_msgs/srv/sound.hpp
[14.347s] -- Installing: /home/hossein/turtlebot3_rl/install/turtlebot3_msgs/include/turtlebot3_msgs/action
[14.347s] -- Installing: /home/hossein/turtlebot3_rl/install/turtlebot3_msgs/include/turtlebot3_msgs/action/patrol.hpp
[14.347s] -- Installing: /home/hossein/turtlebot3_rl/install/turtlebot3_msgs/include/turtlebot3_msgs/action/patrol__traits.hpp
[14.347s] -- Installing: /home/hossein/turtlebot3_rl/install/turtlebot3_msgs/include/turtlebot3_msgs/action/patrol__struct.hpp
[14.347s] -- Installing: /home/hossein/turtlebot3_rl/install/turtlebot3_msgs/include/turtlebot3_msgs/msg
[14.347s] -- Installing: /home/hossein/turtlebot3_rl/install/turtlebot3_msgs/include/turtlebot3_msgs/msg/sensor_state__struct.hpp
[14.348s] -- Installing: /home/hossein/turtlebot3_rl/install/turtlebot3_msgs/include/turtlebot3_msgs/msg/sound__struct.hpp
[14.348s] -- Installing: /home/hossein/turtlebot3_rl/install/turtlebot3_msgs/include/turtlebot3_msgs/msg/version_info__traits.hpp
[14.348s] -- Installing: /home/hossein/turtlebot3_rl/install/turtlebot3_msgs/include/turtlebot3_msgs/msg/sensor_state.hpp
[14.348s] -- Installing: /home/hossein/turtlebot3_rl/install/turtlebot3_msgs/include/turtlebot3_msgs/msg/sensor_state__traits.hpp
[14.348s] -- Installing: /home/hossein/turtlebot3_rl/install/turtlebot3_msgs/include/turtlebot3_msgs/msg/sound__traits.hpp
[14.348s] -- Installing: /home/hossein/turtlebot3_rl/install/turtlebot3_msgs/include/turtlebot3_msgs/msg/version_info.hpp
[14.348s] -- Installing: /home/hossein/turtlebot3_rl/install/turtlebot3_msgs/include/turtlebot3_msgs/msg/version_info__struct.hpp
[14.348s] -- Installing: /home/hossein/turtlebot3_rl/install/turtlebot3_msgs/include/turtlebot3_msgs/msg/sound.hpp
[14.348s] -- Up-to-date: /home/hossein/turtlebot3_rl/install/turtlebot3_msgs/include/turtlebot3_msgs
[14.349s] -- Up-to-date: /home/hossein/turtlebot3_rl/install/turtlebot3_msgs/include/turtlebot3_msgs/srv
[14.349s] -- Installing: /home/hossein/turtlebot3_rl/install/turtlebot3_msgs/include/turtlebot3_msgs/srv/sound__functions.h
[14.349s] -- Installing: /home/hossein/turtlebot3_rl/install/turtlebot3_msgs/include/turtlebot3_msgs/srv/dqn__struct.h
[14.349s] -- Installing: /home/hossein/turtlebot3_rl/install/turtlebot3_msgs/include/turtlebot3_msgs/srv/sound.h
[14.349s] -- Installing: /home/hossein/turtlebot3_rl/install/turtlebot3_msgs/include/turtlebot3_msgs/srv/sound__struct.h
[14.349s] -- Installing: /home/hossein/turtlebot3_rl/install/turtlebot3_msgs/include/turtlebot3_msgs/srv/dqn.h
[14.349s] -- Installing: /home/hossein/turtlebot3_rl/install/turtlebot3_msgs/include/turtlebot3_msgs/srv/dqn__type_support.h
[14.349s] -- Installing: /home/hossein/turtlebot3_rl/install/turtlebot3_msgs/include/turtlebot3_msgs/srv/sound__type_support.h
[14.349s] -- Installing: /home/hossein/turtlebot3_rl/install/turtlebot3_msgs/include/turtlebot3_msgs/srv/sound__functions.c
[14.350s] -- Installing: /home/hossein/turtlebot3_rl/install/turtlebot3_msgs/include/turtlebot3_msgs/srv/dqn__functions.h
[14.350s] -- Installing: /home/hossein/turtlebot3_rl/install/turtlebot3_msgs/include/turtlebot3_msgs/srv/dqn__functions.c
[14.350s] -- Up-to-date: /home/hossein/turtlebot3_rl/install/turtlebot3_msgs/include/turtlebot3_msgs/action
[14.350s] -- Installing: /home/hossein/turtlebot3_rl/install/turtlebot3_msgs/include/turtlebot3_msgs/action/patrol.h
[14.350s] -- Installing: /home/hossein/turtlebot3_rl/install/turtlebot3_msgs/include/turtlebot3_msgs/action/patrol__struct.h
[14.350s] -- Installing: /home/hossein/turtlebot3_rl/install/turtlebot3_msgs/include/turtlebot3_msgs/action/patrol__functions.h
[14.350s] -- Installing: /home/hossein/turtlebot3_rl/install/turtlebot3_msgs/include/turtlebot3_msgs/action/patrol__type_support.h
[14.350s] -- Installing: /home/hossein/turtlebot3_rl/install/turtlebot3_msgs/include/turtlebot3_msgs/action/patrol__functions.c
[14.350s] -- Up-to-date: /home/hossein/turtlebot3_rl/install/turtlebot3_msgs/include/turtlebot3_msgs/msg
[14.350s] -- Installing: /home/hossein/turtlebot3_rl/install/turtlebot3_msgs/include/turtlebot3_msgs/msg/sound__functions.h
[14.350s] -- Installing: /home/hossein/turtlebot3_rl/install/turtlebot3_msgs/include/turtlebot3_msgs/msg/version_info__type_support.h
[14.350s] -- Installing: /home/hossein/turtlebot3_rl/install/turtlebot3_msgs/include/turtlebot3_msgs/msg/sensor_state__struct.h
[14.351s] -- Installing: /home/hossein/turtlebot3_rl/install/turtlebot3_msgs/include/turtlebot3_msgs/msg/sensor_state.h
[14.351s] -- Installing: /home/hossein/turtlebot3_rl/install/turtlebot3_msgs/include/turtlebot3_msgs/msg/sound.h
[14.351s] -- Installing: /home/hossein/turtlebot3_rl/install/turtlebot3_msgs/include/turtlebot3_msgs/msg/sound__struct.h
[14.351s] -- Installing: /home/hossein/turtlebot3_rl/install/turtlebot3_msgs/include/turtlebot3_msgs/msg/version_info__functions.c
[14.351s] -- Installing: /home/hossein/turtlebot3_rl/install/turtlebot3_msgs/include/turtlebot3_msgs/msg/version_info__functions.h
[14.351s] -- Installing: /home/hossein/turtlebot3_rl/install/turtlebot3_msgs/include/turtlebot3_msgs/msg/rosidl_generator_c__visibility_control.h
[14.351s] -- Installing: /home/hossein/turtlebot3_rl/install/turtlebot3_msgs/include/turtlebot3_msgs/msg/sensor_state__functions.c
[14.351s] -- Installing: /home/hossein/turtlebot3_rl/install/turtlebot3_msgs/include/turtlebot3_msgs/msg/version_info.h
[14.351s] -- Installing: /home/hossein/turtlebot3_rl/install/turtlebot3_msgs/include/turtlebot3_msgs/msg/version_info__struct.h
[14.351s] -- Installing: /home/hossein/turtlebot3_rl/install/turtlebot3_msgs/include/turtlebot3_msgs/msg/sensor_state__functions.h
[14.352s] -- Installing: /home/hossein/turtlebot3_rl/install/turtlebot3_msgs/include/turtlebot3_msgs/msg/sound__type_support.h
[14.352s] -- Installing: /home/hossein/turtlebot3_rl/install/turtlebot3_msgs/include/turtlebot3_msgs/msg/sound__functions.c
[14.352s] -- Installing: /home/hossein/turtlebot3_rl/install/turtlebot3_msgs/include/turtlebot3_msgs/msg/sensor_state__type_support.h
[14.352s] -- Installing: /home/hossein/turtlebot3_rl/install/turtlebot3_msgs/share/turtlebot3_msgs/environment/library_path.sh
[14.352s] -- Installing: /home/hossein/turtlebot3_rl/install/turtlebot3_msgs/lib/libturtlebot3_msgs__rosidl_generator_c.so
[14.352s] -- Set runtime path of "/home/hossein/turtlebot3_rl/install/turtlebot3_msgs/lib/libturtlebot3_msgs__rosidl_generator_c.so" to ""
[14.352s] -- Installing: /home/hossein/turtlebot3_rl/install/turtlebot3_msgs/lib/libturtlebot3_msgs__rosidl_typesupport_c.so
[14.352s] -- Set runtime path of "/home/hossein/turtlebot3_rl/install/turtlebot3_msgs/lib/libturtlebot3_msgs__rosidl_typesupport_c.so" to ""
[14.352s] -- Installing: /home/hossein/turtlebot3_rl/install/turtlebot3_msgs/lib/libturtlebot3_msgs__rosidl_typesupport_cpp.so
[14.353s] -- Set runtime path of "/home/hossein/turtlebot3_rl/install/turtlebot3_msgs/lib/libturtlebot3_msgs__rosidl_typesupport_cpp.so" to ""
[14.353s] -- Up-to-date: /home/hossein/turtlebot3_rl/install/turtlebot3_msgs/include/turtlebot3_msgs
[14.353s] -- Up-to-date: /home/hossein/turtlebot3_rl/install/turtlebot3_msgs/include/turtlebot3_msgs/srv
[14.353s] -- Installing: /home/hossein/turtlebot3_rl/install/turtlebot3_msgs/include/turtlebot3_msgs/srv/sound__rosidl_typesupport_introspection_c.h
[14.353s] -- Installing: /home/hossein/turtlebot3_rl/install/turtlebot3_msgs/include/turtlebot3_msgs/srv/dqn__rosidl_typesupport_introspection_c.h
[14.353s] -- Installing: /home/hossein/turtlebot3_rl/install/turtlebot3_msgs/include/turtlebot3_msgs/srv/sound__type_support.c
[14.353s] -- Installing: /home/hossein/turtlebot3_rl/install/turtlebot3_msgs/include/turtlebot3_msgs/srv/dqn__type_support.c
[14.353s] -- Up-to-date: /home/hossein/turtlebot3_rl/install/turtlebot3_msgs/include/turtlebot3_msgs/action
[14.353s] -- Installing: /home/hossein/turtlebot3_rl/install/turtlebot3_msgs/include/turtlebot3_msgs/action/patrol__rosidl_typesupport_introspection_c.h
[14.354s] -- Installing: /home/hossein/turtlebot3_rl/install/turtlebot3_msgs/include/turtlebot3_msgs/action/patrol__type_support.c
[14.354s] -- Up-to-date: /home/hossein/turtlebot3_rl/install/turtlebot3_msgs/include/turtlebot3_msgs/msg
[14.354s] -- Installing: /home/hossein/turtlebot3_rl/install/turtlebot3_msgs/include/turtlebot3_msgs/msg/rosidl_typesupport_introspection_c__visibility_control.h
[14.354s] -- Installing: /home/hossein/turtlebot3_rl/install/turtlebot3_msgs/include/turtlebot3_msgs/msg/sound__rosidl_typesupport_introspection_c.h
[14.355s] -- Installing: /home/hossein/turtlebot3_rl/install/turtlebot3_msgs/include/turtlebot3_msgs/msg/sensor_state__rosidl_typesupport_introspection_c.h
[14.355s] -- Installing: /home/hossein/turtlebot3_rl/install/turtlebot3_msgs/include/turtlebot3_msgs/msg/version_info__type_support.c
[14.355s] -- Installing: /home/hossein/turtlebot3_rl/install/turtlebot3_msgs/include/turtlebot3_msgs/msg/sensor_state__type_support.c
[14.355s] -- Installing: /home/hossein/turtlebot3_rl/install/turtlebot3_msgs/include/turtlebot3_msgs/msg/sound__type_support.c
[14.355s] -- Installing: /home/hossein/turtlebot3_rl/install/turtlebot3_msgs/include/turtlebot3_msgs/msg/version_info__rosidl_typesupport_introspection_c.h
[14.355s] -- Installing: /home/hossein/turtlebot3_rl/install/turtlebot3_msgs/lib/libturtlebot3_msgs__rosidl_typesupport_introspection_c.so
[14.356s] -- Set runtime path of "/home/hossein/turtlebot3_rl/install/turtlebot3_msgs/lib/libturtlebot3_msgs__rosidl_typesupport_introspection_c.so" to ""
[14.356s] -- Up-to-date: /home/hossein/turtlebot3_rl/install/turtlebot3_msgs/include/turtlebot3_msgs
[14.356s] -- Up-to-date: /home/hossein/turtlebot3_rl/install/turtlebot3_msgs/include/turtlebot3_msgs/srv
[14.356s] -- Installing: /home/hossein/turtlebot3_rl/install/turtlebot3_msgs/include/turtlebot3_msgs/srv/dqn__type_support.cpp
[14.356s] -- Installing: /home/hossein/turtlebot3_rl/install/turtlebot3_msgs/include/turtlebot3_msgs/srv/sound__type_support.cpp
[14.356s] -- Installing: /home/hossein/turtlebot3_rl/install/turtlebot3_msgs/include/turtlebot3_msgs/srv/sound__rosidl_typesupport_introspection_cpp.hpp
[14.356s] -- Installing: /home/hossein/turtlebot3_rl/install/turtlebot3_msgs/include/turtlebot3_msgs/srv/dqn__rosidl_typesupport_introspection_cpp.hpp
[14.356s] -- Up-to-date: /home/hossein/turtlebot3_rl/install/turtlebot3_msgs/include/turtlebot3_msgs/action
[14.356s] -- Installing: /home/hossein/turtlebot3_rl/install/turtlebot3_msgs/include/turtlebot3_msgs/action/patrol__type_support.cpp
[14.356s] -- Installing: /home/hossein/turtlebot3_rl/install/turtlebot3_msgs/include/turtlebot3_msgs/action/patrol__rosidl_typesupport_introspection_cpp.hpp
[14.356s] -- Up-to-date: /home/hossein/turtlebot3_rl/install/turtlebot3_msgs/include/turtlebot3_msgs/msg
[14.356s] -- Installing: /home/hossein/turtlebot3_rl/install/turtlebot3_msgs/include/turtlebot3_msgs/msg/version_info__rosidl_typesupport_introspection_cpp.hpp
[14.357s] -- Installing: /home/hossein/turtlebot3_rl/install/turtlebot3_msgs/include/turtlebot3_msgs/msg/sound__type_support.cpp
[14.357s] -- Installing: /home/hossein/turtlebot3_rl/install/turtlebot3_msgs/include/turtlebot3_msgs/msg/sound__rosidl_typesupport_introspection_cpp.hpp
[14.357s] -- Installing: /home/hossein/turtlebot3_rl/install/turtlebot3_msgs/include/turtlebot3_msgs/msg/sensor_state__type_support.cpp
[14.357s] -- Installing: /home/hossein/turtlebot3_rl/install/turtlebot3_msgs/include/turtlebot3_msgs/msg/version_info__type_support.cpp
[14.357s] -- Installing: /home/hossein/turtlebot3_rl/install/turtlebot3_msgs/include/turtlebot3_msgs/msg/sensor_state__rosidl_typesupport_introspection_cpp.hpp
[14.357s] -- Installing: /home/hossein/turtlebot3_rl/install/turtlebot3_msgs/lib/libturtlebot3_msgs__rosidl_typesupport_introspection_cpp.so
[14.357s] -- Set runtime path of "/home/hossein/turtlebot3_rl/install/turtlebot3_msgs/lib/libturtlebot3_msgs__rosidl_typesupport_introspection_cpp.so" to ""
[14.357s] -- Up-to-date: /home/hossein/turtlebot3_rl/install/turtlebot3_msgs/include/turtlebot3_msgs
[14.357s] -- Up-to-date: /home/hossein/turtlebot3_rl/install/turtlebot3_msgs/include/turtlebot3_msgs/srv
[14.358s] -- Installing: /home/hossein/turtlebot3_rl/install/turtlebot3_msgs/include/turtlebot3_msgs/srv/sound__rosidl_typesupport_fastrtps_c.h
[14.358s] -- Installing: /home/hossein/turtlebot3_rl/install/turtlebot3_msgs/include/turtlebot3_msgs/srv/dqn__rosidl_typesupport_fastrtps_c.h
[14.358s] -- Up-to-date: /home/hossein/turtlebot3_rl/install/turtlebot3_msgs/include/turtlebot3_msgs/action
[14.358s] -- Installing: /home/hossein/turtlebot3_rl/install/turtlebot3_msgs/include/turtlebot3_msgs/action/patrol__rosidl_typesupport_fastrtps_c.h
[14.358s] -- Up-to-date: /home/hossein/turtlebot3_rl/install/turtlebot3_msgs/include/turtlebot3_msgs/msg
[14.358s] -- Installing: /home/hossein/turtlebot3_rl/install/turtlebot3_msgs/include/turtlebot3_msgs/msg/rosidl_typesupport_fastrtps_c__visibility_control.h
[14.358s] -- Installing: /home/hossein/turtlebot3_rl/install/turtlebot3_msgs/include/turtlebot3_msgs/msg/version_info__rosidl_typesupport_fastrtps_c.h
[14.358s] -- Installing: /home/hossein/turtlebot3_rl/install/turtlebot3_msgs/include/turtlebot3_msgs/msg/sound__rosidl_typesupport_fastrtps_c.h
[14.358s] -- Installing: /home/hossein/turtlebot3_rl/install/turtlebot3_msgs/include/turtlebot3_msgs/msg/sensor_state__rosidl_typesupport_fastrtps_c.h
[14.358s] -- Installing: /home/hossein/turtlebot3_rl/install/turtlebot3_msgs/lib/libturtlebot3_msgs__rosidl_typesupport_fastrtps_c.so
[14.358s] -- Set runtime path of "/home/hossein/turtlebot3_rl/install/turtlebot3_msgs/lib/libturtlebot3_msgs__rosidl_typesupport_fastrtps_c.so" to ""
[14.359s] -- Up-to-date: /home/hossein/turtlebot3_rl/install/turtlebot3_msgs/include/turtlebot3_msgs
[14.359s] -- Up-to-date: /home/hossein/turtlebot3_rl/install/turtlebot3_msgs/include/turtlebot3_msgs/srv
[14.359s] -- Installing: /home/hossein/turtlebot3_rl/install/turtlebot3_msgs/include/turtlebot3_msgs/srv/dds_fastrtps
[14.359s] -- Installing: /home/hossein/turtlebot3_rl/install/turtlebot3_msgs/include/turtlebot3_msgs/srv/sound__rosidl_typesupport_fastrtps_cpp.hpp
[14.359s] -- Installing: /home/hossein/turtlebot3_rl/install/turtlebot3_msgs/include/turtlebot3_msgs/srv/dqn__rosidl_typesupport_fastrtps_cpp.hpp
[14.359s] -- Up-to-date: /home/hossein/turtlebot3_rl/install/turtlebot3_msgs/include/turtlebot3_msgs/action
[14.359s] -- Installing: /home/hossein/turtlebot3_rl/install/turtlebot3_msgs/include/turtlebot3_msgs/action/dds_fastrtps
[14.359s] -- Installing: /home/hossein/turtlebot3_rl/install/turtlebot3_msgs/include/turtlebot3_msgs/action/patrol__rosidl_typesupport_fastrtps_cpp.hpp
[14.359s] -- Up-to-date: /home/hossein/turtlebot3_rl/install/turtlebot3_msgs/include/turtlebot3_msgs/msg
[14.359s] -- Installing: /home/hossein/turtlebot3_rl/install/turtlebot3_msgs/include/turtlebot3_msgs/msg/sensor_state__rosidl_typesupport_fastrtps_cpp.hpp
[14.359s] -- Installing: /home/hossein/turtlebot3_rl/install/turtlebot3_msgs/include/turtlebot3_msgs/msg/version_info__rosidl_typesupport_fastrtps_cpp.hpp
[14.359s] -- Installing: /home/hossein/turtlebot3_rl/install/turtlebot3_msgs/include/turtlebot3_msgs/msg/dds_fastrtps
[14.359s] -- Installing: /home/hossein/turtlebot3_rl/install/turtlebot3_msgs/include/turtlebot3_msgs/msg/sound__rosidl_typesupport_fastrtps_cpp.hpp
[14.359s] -- Installing: /home/hossein/turtlebot3_rl/install/turtlebot3_msgs/include/turtlebot3_msgs/msg/rosidl_typesupport_fastrtps_cpp__visibility_control.h
[14.360s] -- Installing: /home/hossein/turtlebot3_rl/install/turtlebot3_msgs/lib/libturtlebot3_msgs__rosidl_typesupport_fastrtps_cpp.so
[14.360s] -- Set runtime path of "/home/hossein/turtlebot3_rl/install/turtlebot3_msgs/lib/libturtlebot3_msgs__rosidl_typesupport_fastrtps_cpp.so" to ""
[14.360s] -- Installing: /home/hossein/turtlebot3_rl/install/turtlebot3_msgs/share/turtlebot3_msgs/environment/pythonpath.sh
[14.360s] -- Installing: /home/hossein/turtlebot3_rl/install/turtlebot3_msgs/lib/python3.6/site-packages/turtlebot3_msgs/__init__.py
[14.394s] Compiling '/home/hossein/turtlebot3_rl/install/turtlebot3_msgs/lib/python3.6/site-packages/turtlebot3_msgs/__init__.py'...
[14.398s] -- Installing: /home/hossein/turtlebot3_rl/install/turtlebot3_msgs/lib/python3.6/site-packages/turtlebot3_msgs/msg
[14.398s] -- Installing: /home/hossein/turtlebot3_rl/install/turtlebot3_msgs/lib/python3.6/site-packages/turtlebot3_msgs/msg/_sensor_state.py
[14.399s] -- Installing: /home/hossein/turtlebot3_rl/install/turtlebot3_msgs/lib/python3.6/site-packages/turtlebot3_msgs/msg/_version_info_s.c
[14.399s] -- Installing: /home/hossein/turtlebot3_rl/install/turtlebot3_msgs/lib/python3.6/site-packages/turtlebot3_msgs/msg/_sound_s.c
[14.399s] -- Installing: /home/hossein/turtlebot3_rl/install/turtlebot3_msgs/lib/python3.6/site-packages/turtlebot3_msgs/msg/__init__.py
[14.399s] -- Installing: /home/hossein/turtlebot3_rl/install/turtlebot3_msgs/lib/python3.6/site-packages/turtlebot3_msgs/msg/_version_info.py
[14.399s] -- Installing: /home/hossein/turtlebot3_rl/install/turtlebot3_msgs/lib/python3.6/site-packages/turtlebot3_msgs/msg/_sound.py
[14.399s] -- Installing: /home/hossein/turtlebot3_rl/install/turtlebot3_msgs/lib/python3.6/site-packages/turtlebot3_msgs/msg/_sensor_state_s.c
[14.399s] -- Installing: /home/hossein/turtlebot3_rl/install/turtlebot3_msgs/lib/python3.6/site-packages/turtlebot3_msgs/srv
[14.399s] -- Installing: /home/hossein/turtlebot3_rl/install/turtlebot3_msgs/lib/python3.6/site-packages/turtlebot3_msgs/srv/_dqn.py
[14.399s] -- Installing: /home/hossein/turtlebot3_rl/install/turtlebot3_msgs/lib/python3.6/site-packages/turtlebot3_msgs/srv/_sound_s.c
[14.399s] -- Installing: /home/hossein/turtlebot3_rl/install/turtlebot3_msgs/lib/python3.6/site-packages/turtlebot3_msgs/srv/__init__.py
[14.400s] -- Installing: /home/hossein/turtlebot3_rl/install/turtlebot3_msgs/lib/python3.6/site-packages/turtlebot3_msgs/srv/_sound.py
[14.400s] -- Installing: /home/hossein/turtlebot3_rl/install/turtlebot3_msgs/lib/python3.6/site-packages/turtlebot3_msgs/srv/_dqn_s.c
[14.400s] -- Installing: /home/hossein/turtlebot3_rl/install/turtlebot3_msgs/lib/python3.6/site-packages/turtlebot3_msgs/action
[14.400s] -- Installing: /home/hossein/turtlebot3_rl/install/turtlebot3_msgs/lib/python3.6/site-packages/turtlebot3_msgs/action/__init__.py
[14.400s] -- Installing: /home/hossein/turtlebot3_rl/install/turtlebot3_msgs/lib/python3.6/site-packages/turtlebot3_msgs/action/_patrol.py
[14.400s] -- Installing: /home/hossein/turtlebot3_rl/install/turtlebot3_msgs/lib/python3.6/site-packages/turtlebot3_msgs/action/_patrol_s.c
[14.400s] -- Installing: /home/hossein/turtlebot3_rl/install/turtlebot3_msgs/lib/python3.6/site-packages/turtlebot3_msgs/turtlebot3_msgs_s__rosidl_typesupport_c.cpython-36m-x86_64-linux-gnu.so
[14.400s] -- Set runtime path of "/home/hossein/turtlebot3_rl/install/turtlebot3_msgs/lib/python3.6/site-packages/turtlebot3_msgs/turtlebot3_msgs_s__rosidl_typesupport_c.cpython-36m-x86_64-linux-gnu.so" to ""
[14.401s] -- Installing: /home/hossein/turtlebot3_rl/install/turtlebot3_msgs/lib/python3.6/site-packages/turtlebot3_msgs/turtlebot3_msgs_s__rosidl_typesupport_fastrtps_c.cpython-36m-x86_64-linux-gnu.so
[14.401s] -- Set runtime path of "/home/hossein/turtlebot3_rl/install/turtlebot3_msgs/lib/python3.6/site-packages/turtlebot3_msgs/turtlebot3_msgs_s__rosidl_typesupport_fastrtps_c.cpython-36m-x86_64-linux-gnu.so" to ""
[14.401s] -- Installing: /home/hossein/turtlebot3_rl/install/turtlebot3_msgs/lib/libturtlebot3_msgs__python.so
[14.402s] -- Set runtime path of "/home/hossein/turtlebot3_rl/install/turtlebot3_msgs/lib/libturtlebot3_msgs__python.so" to ""
[14.402s] -- Installing: /home/hossein/turtlebot3_rl/install/turtlebot3_msgs/share/turtlebot3_msgs/msg/SensorState.idl
[14.402s] -- Installing: /home/hossein/turtlebot3_rl/install/turtlebot3_msgs/share/turtlebot3_msgs/msg/Sound.idl
[14.402s] -- Installing: /home/hossein/turtlebot3_rl/install/turtlebot3_msgs/share/turtlebot3_msgs/msg/VersionInfo.idl
[14.402s] -- Installing: /home/hossein/turtlebot3_rl/install/turtlebot3_msgs/share/turtlebot3_msgs/srv/Sound.idl
[14.402s] -- Installing: /home/hossein/turtlebot3_rl/install/turtlebot3_msgs/share/turtlebot3_msgs/srv/Dqn.idl
[14.402s] -- Installing: /home/hossein/turtlebot3_rl/install/turtlebot3_msgs/share/turtlebot3_msgs/action/Patrol.idl
[14.402s] -- Installing: /home/hossein/turtlebot3_rl/install/turtlebot3_msgs/share/turtlebot3_msgs/msg/SensorState.msg
[14.403s] -- Installing: /home/hossein/turtlebot3_rl/install/turtlebot3_msgs/share/turtlebot3_msgs/msg/Sound.msg
[14.403s] -- Installing: /home/hossein/turtlebot3_rl/install/turtlebot3_msgs/share/turtlebot3_msgs/msg/VersionInfo.msg
[14.403s] -- Installing: /home/hossein/turtlebot3_rl/install/turtlebot3_msgs/share/turtlebot3_msgs/srv/Sound.srv
[14.403s] -- Installing: /home/hossein/turtlebot3_rl/install/turtlebot3_msgs/share/turtlebot3_msgs/srv/Sound_Request.msg
[14.403s] -- Installing: /home/hossein/turtlebot3_rl/install/turtlebot3_msgs/share/turtlebot3_msgs/srv/Sound_Response.msg
[14.403s] -- Installing: /home/hossein/turtlebot3_rl/install/turtlebot3_msgs/share/turtlebot3_msgs/srv/Dqn.srv
[14.403s] -- Installing: /home/hossein/turtlebot3_rl/install/turtlebot3_msgs/share/turtlebot3_msgs/srv/Dqn_Request.msg
[14.403s] -- Installing: /home/hossein/turtlebot3_rl/install/turtlebot3_msgs/share/turtlebot3_msgs/srv/Dqn_Response.msg
[14.403s] -- Installing: /home/hossein/turtlebot3_rl/install/turtlebot3_msgs/share/turtlebot3_msgs/action/Patrol.action
[14.404s] -- Installing: /home/hossein/turtlebot3_rl/install/turtlebot3_msgs/share/ament_index/resource_index/package_run_dependencies/turtlebot3_msgs
[14.404s] -- Installing: /home/hossein/turtlebot3_rl/install/turtlebot3_msgs/share/ament_index/resource_index/parent_prefix_path/turtlebot3_msgs
[14.404s] -- Installing: /home/hossein/turtlebot3_rl/install/turtlebot3_msgs/share/turtlebot3_msgs/environment/ament_prefix_path.sh
[14.404s] -- Installing: /home/hossein/turtlebot3_rl/install/turtlebot3_msgs/share/turtlebot3_msgs/environment/path.sh
[14.404s] -- Installing: /home/hossein/turtlebot3_rl/install/turtlebot3_msgs/share/turtlebot3_msgs/local_setup.bash
[14.404s] -- Installing: /home/hossein/turtlebot3_rl/install/turtlebot3_msgs/share/turtlebot3_msgs/local_setup.sh
[14.404s] -- Installing: /home/hossein/turtlebot3_rl/install/turtlebot3_msgs/share/turtlebot3_msgs/local_setup.zsh
[14.405s] -- Installing: /home/hossein/turtlebot3_rl/install/turtlebot3_msgs/share/ament_index/resource_index/packages/turtlebot3_msgs
[14.405s] -- Installing: /home/hossein/turtlebot3_rl/install/turtlebot3_msgs/share/turtlebot3_msgs/cmake/rosidl_cmake-extras.cmake
[14.405s] -- Installing: /home/hossein/turtlebot3_rl/install/turtlebot3_msgs/share/turtlebot3_msgs/cmake/ament_cmake_export_dependencies-extras.cmake
[14.405s] -- Installing: /home/hossein/turtlebot3_rl/install/turtlebot3_msgs/share/turtlebot3_msgs/cmake/ament_cmake_export_include_directories-extras.cmake
[14.405s] -- Installing: /home/hossein/turtlebot3_rl/install/turtlebot3_msgs/share/turtlebot3_msgs/cmake/ament_cmake_export_libraries-extras.cmake
[14.406s] -- Installing: /home/hossein/turtlebot3_rl/install/turtlebot3_msgs/share/turtlebot3_msgs/cmake/turtlebot3_msgsConfig.cmake
[14.406s] -- Installing: /home/hossein/turtlebot3_rl/install/turtlebot3_msgs/share/turtlebot3_msgs/cmake/turtlebot3_msgsConfig-version.cmake
[14.406s] -- Installing: /home/hossein/turtlebot3_rl/install/turtlebot3_msgs/share/turtlebot3_msgs/package.xml
[14.410s] Invoked command in '/home/hossein/turtlebot3_rl/build/turtlebot3_msgs' returned '0': CMAKE_PREFIX_PATH=/home/hossein/turtlebot3_rl/install/turtlebot3_rl:/opt/ros/dashing PS1=(tf_ros) \[\e]0;\u@\h: \w\a\]${debian_chroot:+($debian_chroot)}\[\033[01;32m\]\u@\h\[\033[00m\]:\[\033[01;34m\]\w\[\033[00m\]\$ /usr/bin/cmake --build /home/hossein/turtlebot3_rl/build/turtlebot3_msgs --target install -- -j8 -l8
