[0.326s] Invoking command in '/home/hossein/turtlebot3_rl/build/turtlebot3_fake_node': AMENT_PREFIX_PATH=/home/hossein/turtlebot3_rl/install/turtlebot3_msgs:${AMENT_PREFIX_PATH} CMAKE_PREFIX_PATH=/home/hossein/turtlebot3_rl/install/turtlebot3_msgs:/home/hossein/turtlebot3_rl/install/turtlebot3_rl:/opt/ros/dashing LD_LIBRARY_PATH=/home/hossein/turtlebot3_rl/install/turtlebot3_msgs/lib:${LD_LIBRARY_PATH} PS1=(tf_ros) \[\e]0;\u@\h: \w\a\]${debian_chroot:+($debian_chroot)}\[\033[01;32m\]\u@\h\[\033[00m\]:\[\033[01;34m\]\w\[\033[00m\]\$ PYTHONPATH=/home/hossein/turtlebot3_rl/install/turtlebot3_msgs/lib/python3.6/site-packages:${PYTHONPATH} /usr/bin/cmake /home/hossein/turtlebot3_rl/src/turtlebot3/turtlebot3_simulations/turtlebot3_fake_node -DAMENT_CMAKE_SYMLINK_INSTALL=1 -DCMAKE_INSTALL_PREFIX=/home/hossein/turtlebot3_rl/install/turtlebot3_fake_node
[0.342s] -- Found ament_cmake: 0.7.4 (/opt/ros/dashing/share/ament_cmake/cmake)
[0.378s] -- Using PYTHON_EXECUTABLE: /home/hossein/tf_ros/bin/python3
[0.561s] -- Override CMake install command with custom implementation using symlinks instead of copying resources
[0.570s] -- Found geometry_msgs: 0.7.0 (/opt/ros/dashing/share/geometry_msgs/cmake)
[0.584s] -- Found rosidl_adapter: 0.7.9 (/opt/ros/dashing/share/rosidl_adapter/cmake)
[0.628s] -- Found nav_msgs: 0.7.0 (/opt/ros/dashing/share/nav_msgs/cmake)
[0.640s] -- Found rclcpp: 0.7.13 (/opt/ros/dashing/share/rclcpp/cmake)
[0.654s] -- Found rmw_implementation_cmake: 0.7.2 (/opt/ros/dashing/share/rmw_implementation_cmake/cmake)
[0.655s] -- Using RMW implementation 'rmw_fastrtps_cpp' as default
[0.682s] -- Found sensor_msgs: 0.7.0 (/opt/ros/dashing/share/sensor_msgs/cmake)
[0.693s] -- Found tf2: 0.11.6 (/opt/ros/dashing/share/tf2/cmake)
[0.696s] -- Found tf2_msgs: 0.11.6 (/opt/ros/dashing/share/tf2_msgs/cmake)
[0.720s] -- Found turtlebot3_msgs: 2.2.1 (/home/hossein/turtlebot3_rl/install/turtlebot3_msgs/share/turtlebot3_msgs/cmake)
[0.936s] -- Configuring done
[0.963s] -- Generating done
[0.964s] -- Build files have been written to: /home/hossein/turtlebot3_rl/build/turtlebot3_fake_node
[0.967s] Invoked command in '/home/hossein/turtlebot3_rl/build/turtlebot3_fake_node' returned '0': AMENT_PREFIX_PATH=/home/hossein/turtlebot3_rl/install/turtlebot3_msgs:${AMENT_PREFIX_PATH} CMAKE_PREFIX_PATH=/home/hossein/turtlebot3_rl/install/turtlebot3_msgs:/home/hossein/turtlebot3_rl/install/turtlebot3_rl:/opt/ros/dashing LD_LIBRARY_PATH=/home/hossein/turtlebot3_rl/install/turtlebot3_msgs/lib:${LD_LIBRARY_PATH} PS1=(tf_ros) \[\e]0;\u@\h: \w\a\]${debian_chroot:+($debian_chroot)}\[\033[01;32m\]\u@\h\[\033[00m\]:\[\033[01;34m\]\w\[\033[00m\]\$ PYTHONPATH=/home/hossein/turtlebot3_rl/install/turtlebot3_msgs/lib/python3.6/site-packages:${PYTHONPATH} /usr/bin/cmake /home/hossein/turtlebot3_rl/src/turtlebot3/turtlebot3_simulations/turtlebot3_fake_node -DAMENT_CMAKE_SYMLINK_INSTALL=1 -DCMAKE_INSTALL_PREFIX=/home/hossein/turtlebot3_rl/install/turtlebot3_fake_node
[0.970s] Invoking command in '/home/hossein/turtlebot3_rl/build/turtlebot3_fake_node': AMENT_PREFIX_PATH=/home/hossein/turtlebot3_rl/install/turtlebot3_msgs:${AMENT_PREFIX_PATH} CMAKE_PREFIX_PATH=/home/hossein/turtlebot3_rl/install/turtlebot3_msgs:/home/hossein/turtlebot3_rl/install/turtlebot3_rl:/opt/ros/dashing LD_LIBRARY_PATH=/home/hossein/turtlebot3_rl/install/turtlebot3_msgs/lib:${LD_LIBRARY_PATH} PS1=(tf_ros) \[\e]0;\u@\h: \w\a\]${debian_chroot:+($debian_chroot)}\[\033[01;32m\]\u@\h\[\033[00m\]:\[\033[01;34m\]\w\[\033[00m\]\$ PYTHONPATH=/home/hossein/turtlebot3_rl/install/turtlebot3_msgs/lib/python3.6/site-packages:${PYTHONPATH} /usr/bin/cmake --build /home/hossein/turtlebot3_rl/build/turtlebot3_fake_node -- -j8 -l8
[1.027s] [35m[1mScanning dependencies of target turtlebot3_fake_node[0m
[1.068s] [ 50%] [32mBuilding CXX object CMakeFiles/turtlebot3_fake_node.dir/src/turtlebot3_fake_node.cpp.o[0m
[5.237s] [100%] [32m[1mLinking CXX executable turtlebot3_fake_node[0m
[5.564s] [100%] Built target turtlebot3_fake_node
[5.578s] Invoked command in '/home/hossein/turtlebot3_rl/build/turtlebot3_fake_node' returned '0': AMENT_PREFIX_PATH=/home/hossein/turtlebot3_rl/install/turtlebot3_msgs:${AMENT_PREFIX_PATH} CMAKE_PREFIX_PATH=/home/hossein/turtlebot3_rl/install/turtlebot3_msgs:/home/hossein/turtlebot3_rl/install/turtlebot3_rl:/opt/ros/dashing LD_LIBRARY_PATH=/home/hossein/turtlebot3_rl/install/turtlebot3_msgs/lib:${LD_LIBRARY_PATH} PS1=(tf_ros) \[\e]0;\u@\h: \w\a\]${debian_chroot:+($debian_chroot)}\[\033[01;32m\]\u@\h\[\033[00m\]:\[\033[01;34m\]\w\[\033[00m\]\$ PYTHONPATH=/home/hossein/turtlebot3_rl/install/turtlebot3_msgs/lib/python3.6/site-packages:${PYTHONPATH} /usr/bin/cmake --build /home/hossein/turtlebot3_rl/build/turtlebot3_fake_node -- -j8 -l8
[5.610s] Invoking command in '/home/hossein/turtlebot3_rl/build/turtlebot3_fake_node': AMENT_PREFIX_PATH=/home/hossein/turtlebot3_rl/install/turtlebot3_msgs:${AMENT_PREFIX_PATH} CMAKE_PREFIX_PATH=/home/hossein/turtlebot3_rl/install/turtlebot3_msgs:/home/hossein/turtlebot3_rl/install/turtlebot3_rl:/opt/ros/dashing LD_LIBRARY_PATH=/home/hossein/turtlebot3_rl/install/turtlebot3_msgs/lib:${LD_LIBRARY_PATH} PS1=(tf_ros) \[\e]0;\u@\h: \w\a\]${debian_chroot:+($debian_chroot)}\[\033[01;32m\]\u@\h\[\033[00m\]:\[\033[01;34m\]\w\[\033[00m\]\$ PYTHONPATH=/home/hossein/turtlebot3_rl/install/turtlebot3_msgs/lib/python3.6/site-packages:${PYTHONPATH} /usr/bin/cmake --build /home/hossein/turtlebot3_rl/build/turtlebot3_fake_node --target install -- -j8 -l8
[5.686s] [100%] Built target turtlebot3_fake_node
[5.710s] [36mInstall the project...[0m
[5.722s] -- Install configuration: ""
[5.722s] -- Execute custom install script
[5.723s] -- Symlinking: /home/hossein/turtlebot3_rl/install/turtlebot3_fake_node/lib/turtlebot3_fake_node/turtlebot3_fake_node
[5.735s] -- Symlinking: /home/hossein/turtlebot3_rl/install/turtlebot3_fake_node/share/turtlebot3_fake_node/launch/rviz2.launch.py
[5.746s] -- Symlinking: /home/hossein/turtlebot3_rl/install/turtlebot3_fake_node/share/turtlebot3_fake_node/launch/turtlebot3_fake_node.launch.py
[5.758s] -- Symlinking: /home/hossein/turtlebot3_rl/install/turtlebot3_fake_node/share/turtlebot3_fake_node/param/burger.yaml
[5.769s] -- Symlinking: /home/hossein/turtlebot3_rl/install/turtlebot3_fake_node/share/turtlebot3_fake_node/param/waffle.yaml
[5.780s] -- Symlinking: /home/hossein/turtlebot3_rl/install/turtlebot3_fake_node/share/turtlebot3_fake_node/param/waffle_pi.yaml
[5.792s] -- Symlinking: /home/hossein/turtlebot3_rl/install/turtlebot3_fake_node/share/turtlebot3_fake_node/rviz/model.rviz
[5.803s] -- Symlinking: /home/hossein/turtlebot3_rl/install/turtlebot3_fake_node/include//turtlebot3_fake_node/turtlebot3_fake_node.hpp
[5.815s] -- Symlinking: /home/hossein/turtlebot3_rl/install/turtlebot3_fake_node/share/ament_index/resource_index/package_run_dependencies/turtlebot3_fake_node
[5.827s] -- Symlinking: /home/hossein/turtlebot3_rl/install/turtlebot3_fake_node/share/ament_index/resource_index/parent_prefix_path/turtlebot3_fake_node
[5.838s] -- Symlinking: /home/hossein/turtlebot3_rl/install/turtlebot3_fake_node/share/turtlebot3_fake_node/environment/ament_prefix_path.sh
[5.850s] -- Symlinking: /home/hossein/turtlebot3_rl/install/turtlebot3_fake_node/share/turtlebot3_fake_node/environment/path.sh
[5.862s] -- Symlinking: /home/hossein/turtlebot3_rl/install/turtlebot3_fake_node/share/turtlebot3_fake_node/local_setup.bash
[5.873s] -- Symlinking: /home/hossein/turtlebot3_rl/install/turtlebot3_fake_node/share/turtlebot3_fake_node/local_setup.sh
[5.885s] -- Symlinking: /home/hossein/turtlebot3_rl/install/turtlebot3_fake_node/share/turtlebot3_fake_node/local_setup.zsh
[5.896s] -- Symlinking: /home/hossein/turtlebot3_rl/install/turtlebot3_fake_node/share/ament_index/resource_index/packages/turtlebot3_fake_node
[5.908s] -- Symlinking: /home/hossein/turtlebot3_rl/install/turtlebot3_fake_node/share/turtlebot3_fake_node/cmake/ament_cmake_export_include_directories-extras.cmake
[5.920s] -- Symlinking: /home/hossein/turtlebot3_rl/install/turtlebot3_fake_node/share/turtlebot3_fake_node/cmake/ament_cmake_export_dependencies-extras.cmake
[5.932s] -- Symlinking: /home/hossein/turtlebot3_rl/install/turtlebot3_fake_node/share/turtlebot3_fake_node/cmake/turtlebot3_fake_nodeConfig.cmake
[5.944s] -- Symlinking: /home/hossein/turtlebot3_rl/install/turtlebot3_fake_node/share/turtlebot3_fake_node/cmake/turtlebot3_fake_nodeConfig-version.cmake
[5.956s] -- Symlinking: /home/hossein/turtlebot3_rl/install/turtlebot3_fake_node/share/turtlebot3_fake_node/package.xml
[5.973s] Invoked command in '/home/hossein/turtlebot3_rl/build/turtlebot3_fake_node' returned '0': AMENT_PREFIX_PATH=/home/hossein/turtlebot3_rl/install/turtlebot3_msgs:${AMENT_PREFIX_PATH} CMAKE_PREFIX_PATH=/home/hossein/turtlebot3_rl/install/turtlebot3_msgs:/home/hossein/turtlebot3_rl/install/turtlebot3_rl:/opt/ros/dashing LD_LIBRARY_PATH=/home/hossein/turtlebot3_rl/install/turtlebot3_msgs/lib:${LD_LIBRARY_PATH} PS1=(tf_ros) \[\e]0;\u@\h: \w\a\]${debian_chroot:+($debian_chroot)}\[\033[01;32m\]\u@\h\[\033[00m\]:\[\033[01;34m\]\w\[\033[00m\]\$ PYTHONPATH=/home/hossein/turtlebot3_rl/install/turtlebot3_msgs/lib/python3.6/site-packages:${PYTHONPATH} /usr/bin/cmake --build /home/hossein/turtlebot3_rl/build/turtlebot3_fake_node --target install -- -j8 -l8
