-- Found ament_cmake: 0.7.4 (/opt/ros/dashing/share/ament_cmake/cmake)
-- Using PYTHON_EXECUTABLE: /home/hossein/tf_ros/bin/python3
-- Override CMake install command with custom implementation using symlinks instead of copying resources
-- Found rclcpp: 0.7.13 (/opt/ros/dashing/share/rclcpp/cmake)
-- Found rosidl_adapter: 0.7.9 (/opt/ros/dashing/share/rosidl_adapter/cmake)
-- Found rmw_implementation_cmake: 0.7.2 (/opt/ros/dashing/share/rmw_implementation_cmake/cmake)
-- Using RMW implementation 'rmw_fastrtps_cpp' as default
-- Found sensor_msgs: 0.7.0 (/opt/ros/dashing/share/sensor_msgs/cmake)
-- Boost version: 1.65.1
-- Found the following Boost libraries:
--   system
-- Configuring done
-- Generating done
-- Build files have been written to: /home/hossein/turtlebot3_rl/build/hls_lfcd_lds_driver
[ 50%] [32m[1mLinking CXX executable hlds_laser_publisher[0m
[100%] Built target hlds_laser_publisher
[100%] Built target hlds_laser_publisher
[36mInstall the project...[0m
-- Install configuration: ""
-- Execute custom install script
-- Symlinking: /home/hossein/turtlebot3_rl/install/hls_lfcd_lds_driver/share/hls_lfcd_lds_driver/launch/hlds_laser.launch.py
-- Symlinking: /home/hossein/turtlebot3_rl/install/hls_lfcd_lds_driver/share/hls_lfcd_lds_driver/launch/view_hlds_laser.launch.py
-- Symlinking: /home/hossein/turtlebot3_rl/install/hls_lfcd_lds_driver/share/hls_lfcd_lds_driver/rviz/hlds_laser.rviz
-- Symlinking: /home/hossein/turtlebot3_rl/install/hls_lfcd_lds_driver/lib/hls_lfcd_lds_driver/hlds_laser_publisher
-- Symlinking: /home/hossein/turtlebot3_rl/install/hls_lfcd_lds_driver/share/ament_index/resource_index/package_run_dependencies/hls_lfcd_lds_driver
-- Symlinking: /home/hossein/turtlebot3_rl/install/hls_lfcd_lds_driver/share/ament_index/resource_index/parent_prefix_path/hls_lfcd_lds_driver
-- Symlinking: /home/hossein/turtlebot3_rl/install/hls_lfcd_lds_driver/share/hls_lfcd_lds_driver/environment/ament_prefix_path.sh
-- Symlinking: /home/hossein/turtlebot3_rl/install/hls_lfcd_lds_driver/share/hls_lfcd_lds_driver/environment/path.sh
-- Symlinking: /home/hossein/turtlebot3_rl/install/hls_lfcd_lds_driver/share/hls_lfcd_lds_driver/local_setup.bash
-- Symlinking: /home/hossein/turtlebot3_rl/install/hls_lfcd_lds_driver/share/hls_lfcd_lds_driver/local_setup.sh
-- Symlinking: /home/hossein/turtlebot3_rl/install/hls_lfcd_lds_driver/share/hls_lfcd_lds_driver/local_setup.zsh
-- Symlinking: /home/hossein/turtlebot3_rl/install/hls_lfcd_lds_driver/share/ament_index/resource_index/packages/hls_lfcd_lds_driver
-- Symlinking: /home/hossein/turtlebot3_rl/install/hls_lfcd_lds_driver/share/hls_lfcd_lds_driver/cmake/ament_cmake_export_dependencies-extras.cmake
-- Symlinking: /home/hossein/turtlebot3_rl/install/hls_lfcd_lds_driver/share/hls_lfcd_lds_driver/cmake/ament_cmake_export_include_directories-extras.cmake
-- Symlinking: /home/hossein/turtlebot3_rl/install/hls_lfcd_lds_driver/share/hls_lfcd_lds_driver/cmake/hls_lfcd_lds_driverConfig.cmake
-- Symlinking: /home/hossein/turtlebot3_rl/install/hls_lfcd_lds_driver/share/hls_lfcd_lds_driver/cmake/hls_lfcd_lds_driverConfig-version.cmake
-- Symlinking: /home/hossein/turtlebot3_rl/install/hls_lfcd_lds_driver/share/hls_lfcd_lds_driver/package.xml
