[0.073s] Invoking command in '/home/hossein/turtlebot3_rl/build/hls_lfcd_lds_driver': CMAKE_PREFIX_PATH=/home/hossein/turtlebot3_rl/install/turtlebot3_rl:/opt/ros/dashing PS1=(tf_ros) \[\e]0;\u@\h: \w\a\]${debian_chroot:+($debian_chroot)}\[\033[01;32m\]\u@\h\[\033[00m\]:\[\033[01;34m\]\w\[\033[00m\]\$ /usr/bin/cmake /home/hossein/turtlebot3_rl/src/utils/hls_lfcd_lds_driver -DAMENT_CMAKE_SYMLINK_INSTALL=1 -DCMAKE_INSTALL_PREFIX=/home/hossein/turtlebot3_rl/install/hls_lfcd_lds_driver
[0.921s] -- Found ament_cmake: 0.7.4 (/opt/ros/dashing/share/ament_cmake/cmake)
[0.924s] -- Using PYTHON_EXECUTABLE: /home/hossein/tf_ros/bin/python3
[0.924s] -- Override CMake install command with custom implementation using symlinks instead of copying resources
[0.924s] -- Found rclcpp: 0.7.13 (/opt/ros/dashing/share/rclcpp/cmake)
[0.924s] -- Found rosidl_adapter: 0.7.9 (/opt/ros/dashing/share/rosidl_adapter/cmake)
[0.924s] -- Found rmw_implementation_cmake: 0.7.2 (/opt/ros/dashing/share/rmw_implementation_cmake/cmake)
[0.925s] -- Using RMW implementation 'rmw_fastrtps_cpp' as default
[0.925s] -- Found sensor_msgs: 0.7.0 (/opt/ros/dashing/share/sensor_msgs/cmake)
[0.925s] -- Boost version: 1.65.1
[0.925s] -- Found the following Boost libraries:
[0.926s] --   system
[0.927s] -- Configuring done
[0.929s] -- Generating done
[0.929s] -- Build files have been written to: /home/hossein/turtlebot3_rl/build/hls_lfcd_lds_driver
[0.938s] Invoked command in '/home/hossein/turtlebot3_rl/build/hls_lfcd_lds_driver' returned '0': CMAKE_PREFIX_PATH=/home/hossein/turtlebot3_rl/install/turtlebot3_rl:/opt/ros/dashing PS1=(tf_ros) \[\e]0;\u@\h: \w\a\]${debian_chroot:+($debian_chroot)}\[\033[01;32m\]\u@\h\[\033[00m\]:\[\033[01;34m\]\w\[\033[00m\]\$ /usr/bin/cmake /home/hossein/turtlebot3_rl/src/utils/hls_lfcd_lds_driver -DAMENT_CMAKE_SYMLINK_INSTALL=1 -DCMAKE_INSTALL_PREFIX=/home/hossein/turtlebot3_rl/install/hls_lfcd_lds_driver
[0.938s] Invoking command in '/home/hossein/turtlebot3_rl/build/hls_lfcd_lds_driver': CMAKE_PREFIX_PATH=/home/hossein/turtlebot3_rl/install/turtlebot3_rl:/opt/ros/dashing PS1=(tf_ros) \[\e]0;\u@\h: \w\a\]${debian_chroot:+($debian_chroot)}\[\033[01;32m\]\u@\h\[\033[00m\]:\[\033[01;34m\]\w\[\033[00m\]\$ /usr/bin/cmake --build /home/hossein/turtlebot3_rl/build/hls_lfcd_lds_driver -- -j8 -l8
[1.048s] [ 50%] [32m[1mLinking CXX executable hlds_laser_publisher[0m
[1.372s] [100%] Built target hlds_laser_publisher
[1.397s] Invoked command in '/home/hossein/turtlebot3_rl/build/hls_lfcd_lds_driver' returned '0': CMAKE_PREFIX_PATH=/home/hossein/turtlebot3_rl/install/turtlebot3_rl:/opt/ros/dashing PS1=(tf_ros) \[\e]0;\u@\h: \w\a\]${debian_chroot:+($debian_chroot)}\[\033[01;32m\]\u@\h\[\033[00m\]:\[\033[01;34m\]\w\[\033[00m\]\$ /usr/bin/cmake --build /home/hossein/turtlebot3_rl/build/hls_lfcd_lds_driver -- -j8 -l8
[1.464s] Invoking command in '/home/hossein/turtlebot3_rl/build/hls_lfcd_lds_driver': CMAKE_PREFIX_PATH=/home/hossein/turtlebot3_rl/install/turtlebot3_rl:/opt/ros/dashing PS1=(tf_ros) \[\e]0;\u@\h: \w\a\]${debian_chroot:+($debian_chroot)}\[\033[01;32m\]\u@\h\[\033[00m\]:\[\033[01;34m\]\w\[\033[00m\]\$ /usr/bin/cmake --build /home/hossein/turtlebot3_rl/build/hls_lfcd_lds_driver --target install -- -j8 -l8
[1.578s] [100%] Built target hlds_laser_publisher
[1.613s] [36mInstall the project...[0m
[1.629s] -- Install configuration: ""
[1.630s] -- Execute custom install script
[1.631s] -- Symlinking: /home/hossein/turtlebot3_rl/install/hls_lfcd_lds_driver/share/hls_lfcd_lds_driver/launch/hlds_laser.launch.py
[1.645s] -- Symlinking: /home/hossein/turtlebot3_rl/install/hls_lfcd_lds_driver/share/hls_lfcd_lds_driver/launch/view_hlds_laser.launch.py
[1.658s] -- Symlinking: /home/hossein/turtlebot3_rl/install/hls_lfcd_lds_driver/share/hls_lfcd_lds_driver/rviz/hlds_laser.rviz
[1.676s] -- Symlinking: /home/hossein/turtlebot3_rl/install/hls_lfcd_lds_driver/lib/hls_lfcd_lds_driver/hlds_laser_publisher
[1.693s] -- Symlinking: /home/hossein/turtlebot3_rl/install/hls_lfcd_lds_driver/share/ament_index/resource_index/package_run_dependencies/hls_lfcd_lds_driver
[1.710s] -- Symlinking: /home/hossein/turtlebot3_rl/install/hls_lfcd_lds_driver/share/ament_index/resource_index/parent_prefix_path/hls_lfcd_lds_driver
[1.724s] -- Symlinking: /home/hossein/turtlebot3_rl/install/hls_lfcd_lds_driver/share/hls_lfcd_lds_driver/environment/ament_prefix_path.sh
[1.739s] -- Symlinking: /home/hossein/turtlebot3_rl/install/hls_lfcd_lds_driver/share/hls_lfcd_lds_driver/environment/path.sh
[1.756s] -- Symlinking: /home/hossein/turtlebot3_rl/install/hls_lfcd_lds_driver/share/hls_lfcd_lds_driver/local_setup.bash
[1.773s] -- Symlinking: /home/hossein/turtlebot3_rl/install/hls_lfcd_lds_driver/share/hls_lfcd_lds_driver/local_setup.sh
[1.792s] -- Symlinking: /home/hossein/turtlebot3_rl/install/hls_lfcd_lds_driver/share/hls_lfcd_lds_driver/local_setup.zsh
[1.811s] -- Symlinking: /home/hossein/turtlebot3_rl/install/hls_lfcd_lds_driver/share/ament_index/resource_index/packages/hls_lfcd_lds_driver
[1.824s] -- Symlinking: /home/hossein/turtlebot3_rl/install/hls_lfcd_lds_driver/share/hls_lfcd_lds_driver/cmake/ament_cmake_export_dependencies-extras.cmake
[1.839s] -- Symlinking: /home/hossein/turtlebot3_rl/install/hls_lfcd_lds_driver/share/hls_lfcd_lds_driver/cmake/ament_cmake_export_include_directories-extras.cmake
[1.849s] -- Symlinking: /home/hossein/turtlebot3_rl/install/hls_lfcd_lds_driver/share/hls_lfcd_lds_driver/cmake/hls_lfcd_lds_driverConfig.cmake
[1.860s] -- Symlinking: /home/hossein/turtlebot3_rl/install/hls_lfcd_lds_driver/share/hls_lfcd_lds_driver/cmake/hls_lfcd_lds_driverConfig-version.cmake
[1.871s] -- Symlinking: /home/hossein/turtlebot3_rl/install/hls_lfcd_lds_driver/share/hls_lfcd_lds_driver/package.xml
[1.887s] Invoked command in '/home/hossein/turtlebot3_rl/build/hls_lfcd_lds_driver' returned '0': CMAKE_PREFIX_PATH=/home/hossein/turtlebot3_rl/install/turtlebot3_rl:/opt/ros/dashing PS1=(tf_ros) \[\e]0;\u@\h: \w\a\]${debian_chroot:+($debian_chroot)}\[\033[01;32m\]\u@\h\[\033[00m\]:\[\033[01;34m\]\w\[\033[00m\]\$ /usr/bin/cmake --build /home/hossein/turtlebot3_rl/build/hls_lfcd_lds_driver --target install -- -j8 -l8
