-- Found ament_cmake: 0.7.4 (/opt/ros/dashing/share/ament_cmake/cmake)
-- Using PYTHON_EXECUTABLE: /home/hossein/tf_ros/bin/python3
-- Override CMake install command with custom implementation using symlinks instead of copying resources
-- Configuring done
-- Generating done
-- Build files have been written to: /home/hossein/turtlebot3_rl/build/turtlebot3_cartographer
[36mInstall the project...[0m
-- Install configuration: ""
-- Execute custom install script
-- Symlinking: /home/hossein/turtlebot3_rl/install/turtlebot3_cartographer/share/turtlebot3_cartographer/config/turtlebot3_lds_2d.lua
-- Symlinking: /home/hossein/turtlebot3_rl/install/turtlebot3_cartographer/share/turtlebot3_cartographer/launch/cartographer.launch.py
-- Symlinking: /home/hossein/turtlebot3_rl/install/turtlebot3_cartographer/share/turtlebot3_cartographer/launch/occupancy_grid.launch.py
-- Symlinking: /home/hossein/turtlebot3_rl/install/turtlebot3_cartographer/share/turtlebot3_cartographer/rviz/tb3_cartographer.rviz
-- Symlinking: /home/hossein/turtlebot3_rl/install/turtlebot3_cartographer/share/ament_index/resource_index/package_run_dependencies/turtlebot3_cartographer
-- Symlinking: /home/hossein/turtlebot3_rl/install/turtlebot3_cartographer/share/ament_index/resource_index/parent_prefix_path/turtlebot3_cartographer
-- Symlinking: /home/hossein/turtlebot3_rl/install/turtlebot3_cartographer/share/turtlebot3_cartographer/environment/ament_prefix_path.sh
-- Symlinking: /home/hossein/turtlebot3_rl/install/turtlebot3_cartographer/share/turtlebot3_cartographer/environment/path.sh
-- Symlinking: /home/hossein/turtlebot3_rl/install/turtlebot3_cartographer/share/turtlebot3_cartographer/local_setup.bash
-- Symlinking: /home/hossein/turtlebot3_rl/install/turtlebot3_cartographer/share/turtlebot3_cartographer/local_setup.sh
-- Symlinking: /home/hossein/turtlebot3_rl/install/turtlebot3_cartographer/share/turtlebot3_cartographer/local_setup.zsh
-- Symlinking: /home/hossein/turtlebot3_rl/install/turtlebot3_cartographer/share/ament_index/resource_index/packages/turtlebot3_cartographer
-- Symlinking: /home/hossein/turtlebot3_rl/install/turtlebot3_cartographer/share/turtlebot3_cartographer/cmake/turtlebot3_cartographerConfig.cmake
-- Symlinking: /home/hossein/turtlebot3_rl/install/turtlebot3_cartographer/share/turtlebot3_cartographer/cmake/turtlebot3_cartographerConfig-version.cmake
-- Symlinking: /home/hossein/turtlebot3_rl/install/turtlebot3_cartographer/share/turtlebot3_cartographer/package.xml
