[0.016s] Invoking command in '/home/hossein/turtlebot3_rl/build/turtlebot3_bringup': AMENT_PREFIX_PATH=/home/hossein/turtlebot3_rl/install/turtlebot3_node:/home/hossein/turtlebot3_rl/install/turtlebot3_msgs:/home/hossein/turtlebot3_rl/install/turtlebot3_description:/home/hossein/turtlebot3_rl/install/hls_lfcd_lds_driver:/home/hossein/turtlebot3_rl/install/dynamixel_sdk:${AMENT_PREFIX_PATH} CMAKE_PREFIX_PATH=/home/hossein/turtlebot3_rl/install/turtlebot3_node:/home/hossein/turtlebot3_rl/install/turtlebot3_msgs:/home/hossein/turtlebot3_rl/install/turtlebot3_description:/home/hossein/turtlebot3_rl/install/hls_lfcd_lds_driver:/home/hossein/turtlebot3_rl/install/dynamixel_sdk:/home/hossein/turtlebot3_rl/install/turtlebot3_rl:/opt/ros/dashing LD_LIBRARY_PATH=/home/hossein/turtlebot3_rl/install/turtlebot3_msgs/lib:/home/hossein/turtlebot3_rl/install/dynamixel_sdk/lib:${LD_LIBRARY_PATH} PS1=(tf_ros) \[\e]0;\u@\h: \w\a\]${debian_chroot:+($debian_chroot)}\[\033[01;32m\]\u@\h\[\033[00m\]:\[\033[01;34m\]\w\[\033[00m\]\$ PYTHONPATH=/home/hossein/turtlebot3_rl/install/turtlebot3_msgs/lib/python3.6/site-packages:${PYTHONPATH} /usr/bin/cmake /home/hossein/turtlebot3_rl/src/turtlebot3/turtlebot3/turtlebot3_bringup -DCMAKE_INSTALL_PREFIX=/home/hossein/turtlebot3_rl/install/turtlebot3_bringup
[0.077s] -- The C compiler identification is GNU 7.5.0
[0.144s] -- The CXX compiler identification is GNU 7.5.0
[0.147s] -- Check for working C compiler: /usr/bin/cc
[0.220s] -- Check for working C compiler: /usr/bin/cc -- works
[0.221s] -- Detecting C compiler ABI info
[0.304s] -- Detecting C compiler ABI info - done
[0.309s] -- Detecting C compile features
[0.543s] -- Detecting C compile features - done
[0.545s] -- Check for working CXX compiler: /usr/bin/c++
[0.634s] -- Check for working CXX compiler: /usr/bin/c++ -- works
[0.634s] -- Detecting CXX compiler ABI info
[0.724s] -- Detecting CXX compiler ABI info - done
[0.729s] -- Detecting CXX compile features
[1.104s] -- Detecting CXX compile features - done
[1.107s] -- Found ament_cmake: 0.7.4 (/opt/ros/dashing/share/ament_cmake/cmake)
[1.146s] -- Found PythonInterp: /home/hossein/tf_ros/bin/python3 (found suitable version "3.6.9", minimum required is "3") 
[1.146s] -- Using PYTHON_EXECUTABLE: /home/hossein/tf_ros/bin/python3
[1.385s] -- Configuring done
[1.387s] -- Generating done
[1.388s] -- Build files have been written to: /home/hossein/turtlebot3_rl/build/turtlebot3_bringup
[1.393s] Invoked command in '/home/hossein/turtlebot3_rl/build/turtlebot3_bringup' returned '0': AMENT_PREFIX_PATH=/home/hossein/turtlebot3_rl/install/turtlebot3_node:/home/hossein/turtlebot3_rl/install/turtlebot3_msgs:/home/hossein/turtlebot3_rl/install/turtlebot3_description:/home/hossein/turtlebot3_rl/install/hls_lfcd_lds_driver:/home/hossein/turtlebot3_rl/install/dynamixel_sdk:${AMENT_PREFIX_PATH} CMAKE_PREFIX_PATH=/home/hossein/turtlebot3_rl/install/turtlebot3_node:/home/hossein/turtlebot3_rl/install/turtlebot3_msgs:/home/hossein/turtlebot3_rl/install/turtlebot3_description:/home/hossein/turtlebot3_rl/install/hls_lfcd_lds_driver:/home/hossein/turtlebot3_rl/install/dynamixel_sdk:/home/hossein/turtlebot3_rl/install/turtlebot3_rl:/opt/ros/dashing LD_LIBRARY_PATH=/home/hossein/turtlebot3_rl/install/turtlebot3_msgs/lib:/home/hossein/turtlebot3_rl/install/dynamixel_sdk/lib:${LD_LIBRARY_PATH} PS1=(tf_ros) \[\e]0;\u@\h: \w\a\]${debian_chroot:+($debian_chroot)}\[\033[01;32m\]\u@\h\[\033[00m\]:\[\033[01;34m\]\w\[\033[00m\]\$ PYTHONPATH=/home/hossein/turtlebot3_rl/install/turtlebot3_msgs/lib/python3.6/site-packages:${PYTHONPATH} /usr/bin/cmake /home/hossein/turtlebot3_rl/src/turtlebot3/turtlebot3/turtlebot3_bringup -DCMAKE_INSTALL_PREFIX=/home/hossein/turtlebot3_rl/install/turtlebot3_bringup
[1.395s] Invoking command in '/home/hossein/turtlebot3_rl/build/turtlebot3_bringup': AMENT_PREFIX_PATH=/home/hossein/turtlebot3_rl/install/turtlebot3_node:/home/hossein/turtlebot3_rl/install/turtlebot3_msgs:/home/hossein/turtlebot3_rl/install/turtlebot3_description:/home/hossein/turtlebot3_rl/install/hls_lfcd_lds_driver:/home/hossein/turtlebot3_rl/install/dynamixel_sdk:${AMENT_PREFIX_PATH} CMAKE_PREFIX_PATH=/home/hossein/turtlebot3_rl/install/turtlebot3_node:/home/hossein/turtlebot3_rl/install/turtlebot3_msgs:/home/hossein/turtlebot3_rl/install/turtlebot3_description:/home/hossein/turtlebot3_rl/install/hls_lfcd_lds_driver:/home/hossein/turtlebot3_rl/install/dynamixel_sdk:/home/hossein/turtlebot3_rl/install/turtlebot3_rl:/opt/ros/dashing LD_LIBRARY_PATH=/home/hossein/turtlebot3_rl/install/turtlebot3_msgs/lib:/home/hossein/turtlebot3_rl/install/dynamixel_sdk/lib:${LD_LIBRARY_PATH} PS1=(tf_ros) \[\e]0;\u@\h: \w\a\]${debian_chroot:+($debian_chroot)}\[\033[01;32m\]\u@\h\[\033[00m\]:\[\033[01;34m\]\w\[\033[00m\]\$ PYTHONPATH=/home/hossein/turtlebot3_rl/install/turtlebot3_msgs/lib/python3.6/site-packages:${PYTHONPATH} /usr/bin/cmake --build /home/hossein/turtlebot3_rl/build/turtlebot3_bringup -- -j8 -l8
[1.441s] Invoked command in '/home/hossein/turtlebot3_rl/build/turtlebot3_bringup' returned '0': AMENT_PREFIX_PATH=/home/hossein/turtlebot3_rl/install/turtlebot3_node:/home/hossein/turtlebot3_rl/install/turtlebot3_msgs:/home/hossein/turtlebot3_rl/install/turtlebot3_description:/home/hossein/turtlebot3_rl/install/hls_lfcd_lds_driver:/home/hossein/turtlebot3_rl/install/dynamixel_sdk:${AMENT_PREFIX_PATH} CMAKE_PREFIX_PATH=/home/hossein/turtlebot3_rl/install/turtlebot3_node:/home/hossein/turtlebot3_rl/install/turtlebot3_msgs:/home/hossein/turtlebot3_rl/install/turtlebot3_description:/home/hossein/turtlebot3_rl/install/hls_lfcd_lds_driver:/home/hossein/turtlebot3_rl/install/dynamixel_sdk:/home/hossein/turtlebot3_rl/install/turtlebot3_rl:/opt/ros/dashing LD_LIBRARY_PATH=/home/hossein/turtlebot3_rl/install/turtlebot3_msgs/lib:/home/hossein/turtlebot3_rl/install/dynamixel_sdk/lib:${LD_LIBRARY_PATH} PS1=(tf_ros) \[\e]0;\u@\h: \w\a\]${debian_chroot:+($debian_chroot)}\[\033[01;32m\]\u@\h\[\033[00m\]:\[\033[01;34m\]\w\[\033[00m\]\$ PYTHONPATH=/home/hossein/turtlebot3_rl/install/turtlebot3_msgs/lib/python3.6/site-packages:${PYTHONPATH} /usr/bin/cmake --build /home/hossein/turtlebot3_rl/build/turtlebot3_bringup -- -j8 -l8
[1.469s] Invoking command in '/home/hossein/turtlebot3_rl/build/turtlebot3_bringup': AMENT_PREFIX_PATH=/home/hossein/turtlebot3_rl/install/turtlebot3_node:/home/hossein/turtlebot3_rl/install/turtlebot3_msgs:/home/hossein/turtlebot3_rl/install/turtlebot3_description:/home/hossein/turtlebot3_rl/install/hls_lfcd_lds_driver:/home/hossein/turtlebot3_rl/install/dynamixel_sdk:${AMENT_PREFIX_PATH} CMAKE_PREFIX_PATH=/home/hossein/turtlebot3_rl/install/turtlebot3_node:/home/hossein/turtlebot3_rl/install/turtlebot3_msgs:/home/hossein/turtlebot3_rl/install/turtlebot3_description:/home/hossein/turtlebot3_rl/install/hls_lfcd_lds_driver:/home/hossein/turtlebot3_rl/install/dynamixel_sdk:/home/hossein/turtlebot3_rl/install/turtlebot3_rl:/opt/ros/dashing LD_LIBRARY_PATH=/home/hossein/turtlebot3_rl/install/turtlebot3_msgs/lib:/home/hossein/turtlebot3_rl/install/dynamixel_sdk/lib:${LD_LIBRARY_PATH} PS1=(tf_ros) \[\e]0;\u@\h: \w\a\]${debian_chroot:+($debian_chroot)}\[\033[01;32m\]\u@\h\[\033[00m\]:\[\033[01;34m\]\w\[\033[00m\]\$ PYTHONPATH=/home/hossein/turtlebot3_rl/install/turtlebot3_msgs/lib/python3.6/site-packages:${PYTHONPATH} /usr/bin/cmake --build /home/hossein/turtlebot3_rl/build/turtlebot3_bringup --target install -- -j8 -l8
[1.528s] [36mInstall the project...[0m
[1.540s] -- Install configuration: ""
[1.540s] -- Installing: /home/hossein/turtlebot3_rl/install/turtlebot3_bringup/share/turtlebot3_bringup/launch
[1.540s] -- Installing: /home/hossein/turtlebot3_rl/install/turtlebot3_bringup/share/turtlebot3_bringup/launch/robot.launch.py
[1.541s] -- Installing: /home/hossein/turtlebot3_rl/install/turtlebot3_bringup/share/turtlebot3_bringup/launch/turtlebot3_state_publisher.launch.py
[1.541s] -- Installing: /home/hossein/turtlebot3_rl/install/turtlebot3_bringup/share/turtlebot3_bringup/launch/rviz2.launch.py
[1.541s] -- Installing: /home/hossein/turtlebot3_rl/install/turtlebot3_bringup/share/turtlebot3_bringup/param
[1.541s] -- Installing: /home/hossein/turtlebot3_rl/install/turtlebot3_bringup/share/turtlebot3_bringup/param/waffle_pi.yaml
[1.541s] -- Installing: /home/hossein/turtlebot3_rl/install/turtlebot3_bringup/share/turtlebot3_bringup/param/waffle.yaml
[1.541s] -- Installing: /home/hossein/turtlebot3_rl/install/turtlebot3_bringup/share/turtlebot3_bringup/param/burger.yaml
[1.541s] -- Installing: /home/hossein/turtlebot3_rl/install/turtlebot3_bringup/share/ament_index/resource_index/package_run_dependencies/turtlebot3_bringup
[1.541s] -- Installing: /home/hossein/turtlebot3_rl/install/turtlebot3_bringup/share/ament_index/resource_index/parent_prefix_path/turtlebot3_bringup
[1.541s] -- Installing: /home/hossein/turtlebot3_rl/install/turtlebot3_bringup/share/turtlebot3_bringup/environment/ament_prefix_path.sh
[1.542s] -- Installing: /home/hossein/turtlebot3_rl/install/turtlebot3_bringup/share/turtlebot3_bringup/environment/path.sh
[1.542s] -- Installing: /home/hossein/turtlebot3_rl/install/turtlebot3_bringup/share/turtlebot3_bringup/local_setup.bash
[1.542s] -- Installing: /home/hossein/turtlebot3_rl/install/turtlebot3_bringup/share/turtlebot3_bringup/local_setup.sh
[1.542s] -- Installing: /home/hossein/turtlebot3_rl/install/turtlebot3_bringup/share/turtlebot3_bringup/local_setup.zsh
[1.542s] -- Installing: /home/hossein/turtlebot3_rl/install/turtlebot3_bringup/share/ament_index/resource_index/packages/turtlebot3_bringup
[1.542s] -- Installing: /home/hossein/turtlebot3_rl/install/turtlebot3_bringup/share/turtlebot3_bringup/cmake/turtlebot3_bringupConfig.cmake
[1.542s] -- Installing: /home/hossein/turtlebot3_rl/install/turtlebot3_bringup/share/turtlebot3_bringup/cmake/turtlebot3_bringupConfig-version.cmake
[1.542s] -- Installing: /home/hossein/turtlebot3_rl/install/turtlebot3_bringup/share/turtlebot3_bringup/package.xml
[1.547s] Invoked command in '/home/hossein/turtlebot3_rl/build/turtlebot3_bringup' returned '0': AMENT_PREFIX_PATH=/home/hossein/turtlebot3_rl/install/turtlebot3_node:/home/hossein/turtlebot3_rl/install/turtlebot3_msgs:/home/hossein/turtlebot3_rl/install/turtlebot3_description:/home/hossein/turtlebot3_rl/install/hls_lfcd_lds_driver:/home/hossein/turtlebot3_rl/install/dynamixel_sdk:${AMENT_PREFIX_PATH} CMAKE_PREFIX_PATH=/home/hossein/turtlebot3_rl/install/turtlebot3_node:/home/hossein/turtlebot3_rl/install/turtlebot3_msgs:/home/hossein/turtlebot3_rl/install/turtlebot3_description:/home/hossein/turtlebot3_rl/install/hls_lfcd_lds_driver:/home/hossein/turtlebot3_rl/install/dynamixel_sdk:/home/hossein/turtlebot3_rl/install/turtlebot3_rl:/opt/ros/dashing LD_LIBRARY_PATH=/home/hossein/turtlebot3_rl/install/turtlebot3_msgs/lib:/home/hossein/turtlebot3_rl/install/dynamixel_sdk/lib:${LD_LIBRARY_PATH} PS1=(tf_ros) \[\e]0;\u@\h: \w\a\]${debian_chroot:+($debian_chroot)}\[\033[01;32m\]\u@\h\[\033[00m\]:\[\033[01;34m\]\w\[\033[00m\]\$ PYTHONPATH=/home/hossein/turtlebot3_rl/install/turtlebot3_msgs/lib/python3.6/site-packages:${PYTHONPATH} /usr/bin/cmake --build /home/hossein/turtlebot3_rl/build/turtlebot3_bringup --target install -- -j8 -l8
