[0.182s] DEBUG:colcon:Command line arguments: ['/usr/bin/colcon', 'build']
[0.182s] DEBUG:colcon:Parsed command line arguments: Namespace(ament_cmake_args=None, base_paths=['.'], build_base='build', catkin_cmake_args=None, catkin_skip_building_tests=False, cmake_args=None, cmake_clean_cache=False, cmake_clean_first=False, cmake_force_configure=False, cmake_target=None, cmake_target_skip_unavailable=False, continue_on_error=False, event_handlers=None, executor='parallel', ignore_user_meta=False, install_base='install', log_base=None, log_level=None, main=<bound method BuildVerb.main of <colcon_core.verb.build.BuildVerb object at 0x7f03f305cf60>>, merge_install=False, metas=['./colcon.meta'], packages_above=None, packages_above_and_dependencies=None, packages_above_depth=None, packages_end=None, packages_ignore=None, packages_ignore_regex=None, packages_select=None, packages_select_build_failed=False, packages_select_by_dep=None, packages_select_regex=None, packages_select_test_failures=False, packages_skip=None, packages_skip_build_finished=False, packages_skip_by_dep=None, packages_skip_regex=None, packages_skip_test_passed=False, packages_skip_up_to=None, packages_start=None, packages_up_to=None, packages_up_to_regex=None, parallel_workers=8, paths=None, symlink_install=False, test_result_base=None, verb_extension=<colcon_core.verb.build.BuildVerb object at 0x7f03f305cf60>, verb_name='build', verb_parser=<colcon_defaults.argument_parser.defaults.DefaultArgumentsDecorator object at 0x7f03f306b208>)
[0.201s] Level 1:colcon.colcon_core.package_discovery:discover_packages(colcon_meta) check parameters
[0.201s] Level 1:colcon.colcon_core.package_discovery:discover_packages(recursive) check parameters
[0.201s] Level 1:colcon.colcon_core.package_discovery:discover_packages(ignore) check parameters
[0.201s] Level 1:colcon.colcon_core.package_discovery:discover_packages(path) check parameters
[0.202s] Level 1:colcon.colcon_core.package_discovery:discover_packages(colcon_meta) discover
[0.202s] Level 1:colcon.colcon_core.package_discovery:discover_packages(recursive) discover
[0.202s] INFO:colcon.colcon_core.package_discovery:Crawling recursively for packages in '/home/hossein/turtlebot3_rl'
[0.202s] Level 1:colcon.colcon_core.package_identification:_identify(.) by extensions ['ignore', 'ignore_ament_install']
[0.202s] Level 1:colcon.colcon_core.package_identification:_identify(.) by extension 'ignore'
[0.202s] Level 1:colcon.colcon_core.package_identification:_identify(.) by extension 'ignore_ament_install'
[0.202s] Level 1:colcon.colcon_core.package_identification:_identify(.) by extensions ['colcon_pkg']
[0.202s] Level 1:colcon.colcon_core.package_identification:_identify(.) by extension 'colcon_pkg'
[0.202s] Level 1:colcon.colcon_core.package_identification:_identify(.) by extensions ['colcon_meta']
[0.202s] Level 1:colcon.colcon_core.package_identification:_identify(.) by extension 'colcon_meta'
[0.202s] Level 1:colcon.colcon_core.package_identification:_identify(.) by extensions ['ros']
[0.202s] Level 1:colcon.colcon_core.package_identification:_identify(.) by extension 'ros'
[0.215s] Level 1:colcon.colcon_core.package_identification:_identify(.) by extensions ['cmake', 'python']
[0.215s] Level 1:colcon.colcon_core.package_identification:_identify(.) by extension 'cmake'
[0.215s] Level 1:colcon.colcon_core.package_identification:_identify(.) by extension 'python'
[0.215s] Level 1:colcon.colcon_core.package_identification:_identify(.) by extensions ['python_setup_py']
[0.215s] Level 1:colcon.colcon_core.package_identification:_identify(.) by extension 'python_setup_py'
[0.216s] Level 1:colcon.colcon_core.package_identification:_identify(build) by extensions ['ignore', 'ignore_ament_install']
[0.216s] Level 1:colcon.colcon_core.package_identification:_identify(build) by extension 'ignore'
[0.216s] Level 1:colcon.colcon_core.package_identification:_identify(build) ignored
[0.216s] Level 1:colcon.colcon_core.package_identification:_identify(install) by extensions ['ignore', 'ignore_ament_install']
[0.216s] Level 1:colcon.colcon_core.package_identification:_identify(install) by extension 'ignore'
[0.216s] Level 1:colcon.colcon_core.package_identification:_identify(install) ignored
[0.216s] Level 1:colcon.colcon_core.package_identification:_identify(log) by extensions ['ignore', 'ignore_ament_install']
[0.217s] Level 1:colcon.colcon_core.package_identification:_identify(log) by extension 'ignore'
[0.217s] Level 1:colcon.colcon_core.package_identification:_identify(log) ignored
[0.217s] Level 1:colcon.colcon_core.package_identification:_identify(src) by extensions ['ignore', 'ignore_ament_install']
[0.217s] Level 1:colcon.colcon_core.package_identification:_identify(src) by extension 'ignore'
[0.217s] Level 1:colcon.colcon_core.package_identification:_identify(src) by extension 'ignore_ament_install'
[0.217s] Level 1:colcon.colcon_core.package_identification:_identify(src) by extensions ['colcon_pkg']
[0.217s] Level 1:colcon.colcon_core.package_identification:_identify(src) by extension 'colcon_pkg'
[0.217s] Level 1:colcon.colcon_core.package_identification:_identify(src) by extensions ['colcon_meta']
[0.217s] Level 1:colcon.colcon_core.package_identification:_identify(src) by extension 'colcon_meta'
[0.217s] Level 1:colcon.colcon_core.package_identification:_identify(src) by extensions ['ros']
[0.217s] Level 1:colcon.colcon_core.package_identification:_identify(src) by extension 'ros'
[0.217s] Level 1:colcon.colcon_core.package_identification:_identify(src) by extensions ['cmake', 'python']
[0.217s] Level 1:colcon.colcon_core.package_identification:_identify(src) by extension 'cmake'
[0.217s] Level 1:colcon.colcon_core.package_identification:_identify(src) by extension 'python'
[0.217s] Level 1:colcon.colcon_core.package_identification:_identify(src) by extensions ['python_setup_py']
[0.217s] Level 1:colcon.colcon_core.package_identification:_identify(src) by extension 'python_setup_py'
[0.218s] Level 1:colcon.colcon_core.package_identification:_identify(src/logs) by extensions ['ignore', 'ignore_ament_install']
[0.218s] Level 1:colcon.colcon_core.package_identification:_identify(src/logs) by extension 'ignore'
[0.218s] Level 1:colcon.colcon_core.package_identification:_identify(src/logs) by extension 'ignore_ament_install'
[0.218s] Level 1:colcon.colcon_core.package_identification:_identify(src/logs) by extensions ['colcon_pkg']
[0.218s] Level 1:colcon.colcon_core.package_identification:_identify(src/logs) by extension 'colcon_pkg'
[0.218s] Level 1:colcon.colcon_core.package_identification:_identify(src/logs) by extensions ['colcon_meta']
[0.218s] Level 1:colcon.colcon_core.package_identification:_identify(src/logs) by extension 'colcon_meta'
[0.218s] Level 1:colcon.colcon_core.package_identification:_identify(src/logs) by extensions ['ros']
[0.218s] Level 1:colcon.colcon_core.package_identification:_identify(src/logs) by extension 'ros'
[0.218s] Level 1:colcon.colcon_core.package_identification:_identify(src/logs) by extensions ['cmake', 'python']
[0.218s] Level 1:colcon.colcon_core.package_identification:_identify(src/logs) by extension 'cmake'
[0.218s] Level 1:colcon.colcon_core.package_identification:_identify(src/logs) by extension 'python'
[0.218s] Level 1:colcon.colcon_core.package_identification:_identify(src/logs) by extensions ['python_setup_py']
[0.218s] Level 1:colcon.colcon_core.package_identification:_identify(src/logs) by extension 'python_setup_py'
[0.218s] Level 1:colcon.colcon_core.package_identification:_identify(src/logs/gradient_tape) by extensions ['ignore', 'ignore_ament_install']
[0.218s] Level 1:colcon.colcon_core.package_identification:_identify(src/logs/gradient_tape) by extension 'ignore'
[0.219s] Level 1:colcon.colcon_core.package_identification:_identify(src/logs/gradient_tape) by extension 'ignore_ament_install'
[0.219s] Level 1:colcon.colcon_core.package_identification:_identify(src/logs/gradient_tape) by extensions ['colcon_pkg']
[0.219s] Level 1:colcon.colcon_core.package_identification:_identify(src/logs/gradient_tape) by extension 'colcon_pkg'
[0.219s] Level 1:colcon.colcon_core.package_identification:_identify(src/logs/gradient_tape) by extensions ['colcon_meta']
[0.219s] Level 1:colcon.colcon_core.package_identification:_identify(src/logs/gradient_tape) by extension 'colcon_meta'
[0.219s] Level 1:colcon.colcon_core.package_identification:_identify(src/logs/gradient_tape) by extensions ['ros']
[0.219s] Level 1:colcon.colcon_core.package_identification:_identify(src/logs/gradient_tape) by extension 'ros'
[0.219s] Level 1:colcon.colcon_core.package_identification:_identify(src/logs/gradient_tape) by extensions ['cmake', 'python']
[0.219s] Level 1:colcon.colcon_core.package_identification:_identify(src/logs/gradient_tape) by extension 'cmake'
[0.219s] Level 1:colcon.colcon_core.package_identification:_identify(src/logs/gradient_tape) by extension 'python'
[0.219s] Level 1:colcon.colcon_core.package_identification:_identify(src/logs/gradient_tape) by extensions ['python_setup_py']
[0.219s] Level 1:colcon.colcon_core.package_identification:_identify(src/logs/gradient_tape) by extension 'python_setup_py'
[0.219s] Level 1:colcon.colcon_core.package_identification:_identify(src/logs/gradient_tape/20200714-221021) by extensions ['ignore', 'ignore_ament_install']
[0.219s] Level 1:colcon.colcon_core.package_identification:_identify(src/logs/gradient_tape/20200714-221021) by extension 'ignore'
[0.219s] Level 1:colcon.colcon_core.package_identification:_identify(src/logs/gradient_tape/20200714-221021) by extension 'ignore_ament_install'
[0.219s] Level 1:colcon.colcon_core.package_identification:_identify(src/logs/gradient_tape/20200714-221021) by extensions ['colcon_pkg']
[0.219s] Level 1:colcon.colcon_core.package_identification:_identify(src/logs/gradient_tape/20200714-221021) by extension 'colcon_pkg'
[0.219s] Level 1:colcon.colcon_core.package_identification:_identify(src/logs/gradient_tape/20200714-221021) by extensions ['colcon_meta']
[0.219s] Level 1:colcon.colcon_core.package_identification:_identify(src/logs/gradient_tape/20200714-221021) by extension 'colcon_meta'
[0.219s] Level 1:colcon.colcon_core.package_identification:_identify(src/logs/gradient_tape/20200714-221021) by extensions ['ros']
[0.220s] Level 1:colcon.colcon_core.package_identification:_identify(src/logs/gradient_tape/20200714-221021) by extension 'ros'
[0.220s] Level 1:colcon.colcon_core.package_identification:_identify(src/logs/gradient_tape/20200714-221021) by extensions ['cmake', 'python']
[0.220s] Level 1:colcon.colcon_core.package_identification:_identify(src/logs/gradient_tape/20200714-221021) by extension 'cmake'
[0.220s] Level 1:colcon.colcon_core.package_identification:_identify(src/logs/gradient_tape/20200714-221021) by extension 'python'
[0.220s] Level 1:colcon.colcon_core.package_identification:_identify(src/logs/gradient_tape/20200714-221021) by extensions ['python_setup_py']
[0.220s] Level 1:colcon.colcon_core.package_identification:_identify(src/logs/gradient_tape/20200714-221021) by extension 'python_setup_py'
[0.220s] Level 1:colcon.colcon_core.package_identification:_identify(src/logs/gradient_tape/20200714-221021/dqn_reward_stage4) by extensions ['ignore', 'ignore_ament_install']
[0.220s] Level 1:colcon.colcon_core.package_identification:_identify(src/logs/gradient_tape/20200714-221021/dqn_reward_stage4) by extension 'ignore'
[0.220s] Level 1:colcon.colcon_core.package_identification:_identify(src/logs/gradient_tape/20200714-221021/dqn_reward_stage4) by extension 'ignore_ament_install'
[0.220s] Level 1:colcon.colcon_core.package_identification:_identify(src/logs/gradient_tape/20200714-221021/dqn_reward_stage4) by extensions ['colcon_pkg']
[0.220s] Level 1:colcon.colcon_core.package_identification:_identify(src/logs/gradient_tape/20200714-221021/dqn_reward_stage4) by extension 'colcon_pkg'
[0.220s] Level 1:colcon.colcon_core.package_identification:_identify(src/logs/gradient_tape/20200714-221021/dqn_reward_stage4) by extensions ['colcon_meta']
[0.220s] Level 1:colcon.colcon_core.package_identification:_identify(src/logs/gradient_tape/20200714-221021/dqn_reward_stage4) by extension 'colcon_meta'
[0.220s] Level 1:colcon.colcon_core.package_identification:_identify(src/logs/gradient_tape/20200714-221021/dqn_reward_stage4) by extensions ['ros']
[0.220s] Level 1:colcon.colcon_core.package_identification:_identify(src/logs/gradient_tape/20200714-221021/dqn_reward_stage4) by extension 'ros'
[0.220s] Level 1:colcon.colcon_core.package_identification:_identify(src/logs/gradient_tape/20200714-221021/dqn_reward_stage4) by extensions ['cmake', 'python']
[0.220s] Level 1:colcon.colcon_core.package_identification:_identify(src/logs/gradient_tape/20200714-221021/dqn_reward_stage4) by extension 'cmake'
[0.220s] Level 1:colcon.colcon_core.package_identification:_identify(src/logs/gradient_tape/20200714-221021/dqn_reward_stage4) by extension 'python'
[0.221s] Level 1:colcon.colcon_core.package_identification:_identify(src/logs/gradient_tape/20200714-221021/dqn_reward_stage4) by extensions ['python_setup_py']
[0.221s] Level 1:colcon.colcon_core.package_identification:_identify(src/logs/gradient_tape/20200714-221021/dqn_reward_stage4) by extension 'python_setup_py'
[0.221s] Level 1:colcon.colcon_core.package_identification:_identify(src/logs/gradient_tape/20200715-000646) by extensions ['ignore', 'ignore_ament_install']
[0.221s] Level 1:colcon.colcon_core.package_identification:_identify(src/logs/gradient_tape/20200715-000646) by extension 'ignore'
[0.221s] Level 1:colcon.colcon_core.package_identification:_identify(src/logs/gradient_tape/20200715-000646) by extension 'ignore_ament_install'
[0.221s] Level 1:colcon.colcon_core.package_identification:_identify(src/logs/gradient_tape/20200715-000646) by extensions ['colcon_pkg']
[0.221s] Level 1:colcon.colcon_core.package_identification:_identify(src/logs/gradient_tape/20200715-000646) by extension 'colcon_pkg'
[0.221s] Level 1:colcon.colcon_core.package_identification:_identify(src/logs/gradient_tape/20200715-000646) by extensions ['colcon_meta']
[0.221s] Level 1:colcon.colcon_core.package_identification:_identify(src/logs/gradient_tape/20200715-000646) by extension 'colcon_meta'
[0.221s] Level 1:colcon.colcon_core.package_identification:_identify(src/logs/gradient_tape/20200715-000646) by extensions ['ros']
[0.221s] Level 1:colcon.colcon_core.package_identification:_identify(src/logs/gradient_tape/20200715-000646) by extension 'ros'
[0.221s] Level 1:colcon.colcon_core.package_identification:_identify(src/logs/gradient_tape/20200715-000646) by extensions ['cmake', 'python']
[0.221s] Level 1:colcon.colcon_core.package_identification:_identify(src/logs/gradient_tape/20200715-000646) by extension 'cmake'
[0.221s] Level 1:colcon.colcon_core.package_identification:_identify(src/logs/gradient_tape/20200715-000646) by extension 'python'
[0.221s] Level 1:colcon.colcon_core.package_identification:_identify(src/logs/gradient_tape/20200715-000646) by extensions ['python_setup_py']
[0.221s] Level 1:colcon.colcon_core.package_identification:_identify(src/logs/gradient_tape/20200715-000646) by extension 'python_setup_py'
[0.221s] Level 1:colcon.colcon_core.package_identification:_identify(src/logs/gradient_tape/20200715-000646/dqn_reward_stage4) by extensions ['ignore', 'ignore_ament_install']
[0.222s] Level 1:colcon.colcon_core.package_identification:_identify(src/logs/gradient_tape/20200715-000646/dqn_reward_stage4) by extension 'ignore'
[0.222s] Level 1:colcon.colcon_core.package_identification:_identify(src/logs/gradient_tape/20200715-000646/dqn_reward_stage4) by extension 'ignore_ament_install'
[0.222s] Level 1:colcon.colcon_core.package_identification:_identify(src/logs/gradient_tape/20200715-000646/dqn_reward_stage4) by extensions ['colcon_pkg']
[0.222s] Level 1:colcon.colcon_core.package_identification:_identify(src/logs/gradient_tape/20200715-000646/dqn_reward_stage4) by extension 'colcon_pkg'
[0.222s] Level 1:colcon.colcon_core.package_identification:_identify(src/logs/gradient_tape/20200715-000646/dqn_reward_stage4) by extensions ['colcon_meta']
[0.222s] Level 1:colcon.colcon_core.package_identification:_identify(src/logs/gradient_tape/20200715-000646/dqn_reward_stage4) by extension 'colcon_meta'
[0.222s] Level 1:colcon.colcon_core.package_identification:_identify(src/logs/gradient_tape/20200715-000646/dqn_reward_stage4) by extensions ['ros']
[0.222s] Level 1:colcon.colcon_core.package_identification:_identify(src/logs/gradient_tape/20200715-000646/dqn_reward_stage4) by extension 'ros'
[0.222s] Level 1:colcon.colcon_core.package_identification:_identify(src/logs/gradient_tape/20200715-000646/dqn_reward_stage4) by extensions ['cmake', 'python']
[0.222s] Level 1:colcon.colcon_core.package_identification:_identify(src/logs/gradient_tape/20200715-000646/dqn_reward_stage4) by extension 'cmake'
[0.222s] Level 1:colcon.colcon_core.package_identification:_identify(src/logs/gradient_tape/20200715-000646/dqn_reward_stage4) by extension 'python'
[0.222s] Level 1:colcon.colcon_core.package_identification:_identify(src/logs/gradient_tape/20200715-000646/dqn_reward_stage4) by extensions ['python_setup_py']
[0.222s] Level 1:colcon.colcon_core.package_identification:_identify(src/logs/gradient_tape/20200715-000646/dqn_reward_stage4) by extension 'python_setup_py'
[0.222s] Level 1:colcon.colcon_core.package_identification:_identify(src/logs/gradient_tape/20200715-003704) by extensions ['ignore', 'ignore_ament_install']
[0.222s] Level 1:colcon.colcon_core.package_identification:_identify(src/logs/gradient_tape/20200715-003704) by extension 'ignore'
[0.222s] Level 1:colcon.colcon_core.package_identification:_identify(src/logs/gradient_tape/20200715-003704) by extension 'ignore_ament_install'
[0.222s] Level 1:colcon.colcon_core.package_identification:_identify(src/logs/gradient_tape/20200715-003704) by extensions ['colcon_pkg']
[0.222s] Level 1:colcon.colcon_core.package_identification:_identify(src/logs/gradient_tape/20200715-003704) by extension 'colcon_pkg'
[0.222s] Level 1:colcon.colcon_core.package_identification:_identify(src/logs/gradient_tape/20200715-003704) by extensions ['colcon_meta']
[0.223s] Level 1:colcon.colcon_core.package_identification:_identify(src/logs/gradient_tape/20200715-003704) by extension 'colcon_meta'
[0.223s] Level 1:colcon.colcon_core.package_identification:_identify(src/logs/gradient_tape/20200715-003704) by extensions ['ros']
[0.223s] Level 1:colcon.colcon_core.package_identification:_identify(src/logs/gradient_tape/20200715-003704) by extension 'ros'
[0.223s] Level 1:colcon.colcon_core.package_identification:_identify(src/logs/gradient_tape/20200715-003704) by extensions ['cmake', 'python']
[0.223s] Level 1:colcon.colcon_core.package_identification:_identify(src/logs/gradient_tape/20200715-003704) by extension 'cmake'
[0.223s] Level 1:colcon.colcon_core.package_identification:_identify(src/logs/gradient_tape/20200715-003704) by extension 'python'
[0.223s] Level 1:colcon.colcon_core.package_identification:_identify(src/logs/gradient_tape/20200715-003704) by extensions ['python_setup_py']
[0.223s] Level 1:colcon.colcon_core.package_identification:_identify(src/logs/gradient_tape/20200715-003704) by extension 'python_setup_py'
[0.223s] Level 1:colcon.colcon_core.package_identification:_identify(src/logs/gradient_tape/20200715-003704/dqn_reward_stage4) by extensions ['ignore', 'ignore_ament_install']
[0.223s] Level 1:colcon.colcon_core.package_identification:_identify(src/logs/gradient_tape/20200715-003704/dqn_reward_stage4) by extension 'ignore'
[0.223s] Level 1:colcon.colcon_core.package_identification:_identify(src/logs/gradient_tape/20200715-003704/dqn_reward_stage4) by extension 'ignore_ament_install'
[0.223s] Level 1:colcon.colcon_core.package_identification:_identify(src/logs/gradient_tape/20200715-003704/dqn_reward_stage4) by extensions ['colcon_pkg']
[0.223s] Level 1:colcon.colcon_core.package_identification:_identify(src/logs/gradient_tape/20200715-003704/dqn_reward_stage4) by extension 'colcon_pkg'
[0.223s] Level 1:colcon.colcon_core.package_identification:_identify(src/logs/gradient_tape/20200715-003704/dqn_reward_stage4) by extensions ['colcon_meta']
[0.223s] Level 1:colcon.colcon_core.package_identification:_identify(src/logs/gradient_tape/20200715-003704/dqn_reward_stage4) by extension 'colcon_meta'
[0.223s] Level 1:colcon.colcon_core.package_identification:_identify(src/logs/gradient_tape/20200715-003704/dqn_reward_stage4) by extensions ['ros']
[0.223s] Level 1:colcon.colcon_core.package_identification:_identify(src/logs/gradient_tape/20200715-003704/dqn_reward_stage4) by extension 'ros'
[0.223s] Level 1:colcon.colcon_core.package_identification:_identify(src/logs/gradient_tape/20200715-003704/dqn_reward_stage4) by extensions ['cmake', 'python']
[0.224s] Level 1:colcon.colcon_core.package_identification:_identify(src/logs/gradient_tape/20200715-003704/dqn_reward_stage4) by extension 'cmake'
[0.224s] Level 1:colcon.colcon_core.package_identification:_identify(src/logs/gradient_tape/20200715-003704/dqn_reward_stage4) by extension 'python'
[0.224s] Level 1:colcon.colcon_core.package_identification:_identify(src/logs/gradient_tape/20200715-003704/dqn_reward_stage4) by extensions ['python_setup_py']
[0.224s] Level 1:colcon.colcon_core.package_identification:_identify(src/logs/gradient_tape/20200715-003704/dqn_reward_stage4) by extension 'python_setup_py'
[0.224s] Level 1:colcon.colcon_core.package_identification:_identify(src/logs/gradient_tape/20200715-010305) by extensions ['ignore', 'ignore_ament_install']
[0.224s] Level 1:colcon.colcon_core.package_identification:_identify(src/logs/gradient_tape/20200715-010305) by extension 'ignore'
[0.224s] Level 1:colcon.colcon_core.package_identification:_identify(src/logs/gradient_tape/20200715-010305) by extension 'ignore_ament_install'
[0.224s] Level 1:colcon.colcon_core.package_identification:_identify(src/logs/gradient_tape/20200715-010305) by extensions ['colcon_pkg']
[0.224s] Level 1:colcon.colcon_core.package_identification:_identify(src/logs/gradient_tape/20200715-010305) by extension 'colcon_pkg'
[0.224s] Level 1:colcon.colcon_core.package_identification:_identify(src/logs/gradient_tape/20200715-010305) by extensions ['colcon_meta']
[0.224s] Level 1:colcon.colcon_core.package_identification:_identify(src/logs/gradient_tape/20200715-010305) by extension 'colcon_meta'
[0.224s] Level 1:colcon.colcon_core.package_identification:_identify(src/logs/gradient_tape/20200715-010305) by extensions ['ros']
[0.224s] Level 1:colcon.colcon_core.package_identification:_identify(src/logs/gradient_tape/20200715-010305) by extension 'ros'
[0.224s] Level 1:colcon.colcon_core.package_identification:_identify(src/logs/gradient_tape/20200715-010305) by extensions ['cmake', 'python']
[0.224s] Level 1:colcon.colcon_core.package_identification:_identify(src/logs/gradient_tape/20200715-010305) by extension 'cmake'
[0.224s] Level 1:colcon.colcon_core.package_identification:_identify(src/logs/gradient_tape/20200715-010305) by extension 'python'
[0.224s] Level 1:colcon.colcon_core.package_identification:_identify(src/logs/gradient_tape/20200715-010305) by extensions ['python_setup_py']
[0.224s] Level 1:colcon.colcon_core.package_identification:_identify(src/logs/gradient_tape/20200715-010305) by extension 'python_setup_py'
[0.225s] Level 1:colcon.colcon_core.package_identification:_identify(src/logs/gradient_tape/20200715-010305/dqn_reward_stage4) by extensions ['ignore', 'ignore_ament_install']
[0.225s] Level 1:colcon.colcon_core.package_identification:_identify(src/logs/gradient_tape/20200715-010305/dqn_reward_stage4) by extension 'ignore'
[0.225s] Level 1:colcon.colcon_core.package_identification:_identify(src/logs/gradient_tape/20200715-010305/dqn_reward_stage4) by extension 'ignore_ament_install'
[0.225s] Level 1:colcon.colcon_core.package_identification:_identify(src/logs/gradient_tape/20200715-010305/dqn_reward_stage4) by extensions ['colcon_pkg']
[0.225s] Level 1:colcon.colcon_core.package_identification:_identify(src/logs/gradient_tape/20200715-010305/dqn_reward_stage4) by extension 'colcon_pkg'
[0.225s] Level 1:colcon.colcon_core.package_identification:_identify(src/logs/gradient_tape/20200715-010305/dqn_reward_stage4) by extensions ['colcon_meta']
[0.225s] Level 1:colcon.colcon_core.package_identification:_identify(src/logs/gradient_tape/20200715-010305/dqn_reward_stage4) by extension 'colcon_meta'
[0.225s] Level 1:colcon.colcon_core.package_identification:_identify(src/logs/gradient_tape/20200715-010305/dqn_reward_stage4) by extensions ['ros']
[0.225s] Level 1:colcon.colcon_core.package_identification:_identify(src/logs/gradient_tape/20200715-010305/dqn_reward_stage4) by extension 'ros'
[0.225s] Level 1:colcon.colcon_core.package_identification:_identify(src/logs/gradient_tape/20200715-010305/dqn_reward_stage4) by extensions ['cmake', 'python']
[0.225s] Level 1:colcon.colcon_core.package_identification:_identify(src/logs/gradient_tape/20200715-010305/dqn_reward_stage4) by extension 'cmake'
[0.225s] Level 1:colcon.colcon_core.package_identification:_identify(src/logs/gradient_tape/20200715-010305/dqn_reward_stage4) by extension 'python'
[0.225s] Level 1:colcon.colcon_core.package_identification:_identify(src/logs/gradient_tape/20200715-010305/dqn_reward_stage4) by extensions ['python_setup_py']
[0.225s] Level 1:colcon.colcon_core.package_identification:_identify(src/logs/gradient_tape/20200715-010305/dqn_reward_stage4) by extension 'python_setup_py'
[0.225s] Level 1:colcon.colcon_core.package_identification:_identify(src/logs/gradient_tape/20200715-012137) by extensions ['ignore', 'ignore_ament_install']
[0.225s] Level 1:colcon.colcon_core.package_identification:_identify(src/logs/gradient_tape/20200715-012137) by extension 'ignore'
[0.225s] Level 1:colcon.colcon_core.package_identification:_identify(src/logs/gradient_tape/20200715-012137) by extension 'ignore_ament_install'
[0.226s] Level 1:colcon.colcon_core.package_identification:_identify(src/logs/gradient_tape/20200715-012137) by extensions ['colcon_pkg']
[0.226s] Level 1:colcon.colcon_core.package_identification:_identify(src/logs/gradient_tape/20200715-012137) by extension 'colcon_pkg'
[0.226s] Level 1:colcon.colcon_core.package_identification:_identify(src/logs/gradient_tape/20200715-012137) by extensions ['colcon_meta']
[0.226s] Level 1:colcon.colcon_core.package_identification:_identify(src/logs/gradient_tape/20200715-012137) by extension 'colcon_meta'
[0.226s] Level 1:colcon.colcon_core.package_identification:_identify(src/logs/gradient_tape/20200715-012137) by extensions ['ros']
[0.226s] Level 1:colcon.colcon_core.package_identification:_identify(src/logs/gradient_tape/20200715-012137) by extension 'ros'
[0.226s] Level 1:colcon.colcon_core.package_identification:_identify(src/logs/gradient_tape/20200715-012137) by extensions ['cmake', 'python']
[0.226s] Level 1:colcon.colcon_core.package_identification:_identify(src/logs/gradient_tape/20200715-012137) by extension 'cmake'
[0.226s] Level 1:colcon.colcon_core.package_identification:_identify(src/logs/gradient_tape/20200715-012137) by extension 'python'
[0.226s] Level 1:colcon.colcon_core.package_identification:_identify(src/logs/gradient_tape/20200715-012137) by extensions ['python_setup_py']
[0.226s] Level 1:colcon.colcon_core.package_identification:_identify(src/logs/gradient_tape/20200715-012137) by extension 'python_setup_py'
[0.226s] Level 1:colcon.colcon_core.package_identification:_identify(src/logs/gradient_tape/20200715-012137/dqn_reward_stage4) by extensions ['ignore', 'ignore_ament_install']
[0.226s] Level 1:colcon.colcon_core.package_identification:_identify(src/logs/gradient_tape/20200715-012137/dqn_reward_stage4) by extension 'ignore'
[0.226s] Level 1:colcon.colcon_core.package_identification:_identify(src/logs/gradient_tape/20200715-012137/dqn_reward_stage4) by extension 'ignore_ament_install'
[0.226s] Level 1:colcon.colcon_core.package_identification:_identify(src/logs/gradient_tape/20200715-012137/dqn_reward_stage4) by extensions ['colcon_pkg']
[0.226s] Level 1:colcon.colcon_core.package_identification:_identify(src/logs/gradient_tape/20200715-012137/dqn_reward_stage4) by extension 'colcon_pkg'
[0.226s] Level 1:colcon.colcon_core.package_identification:_identify(src/logs/gradient_tape/20200715-012137/dqn_reward_stage4) by extensions ['colcon_meta']
[0.226s] Level 1:colcon.colcon_core.package_identification:_identify(src/logs/gradient_tape/20200715-012137/dqn_reward_stage4) by extension 'colcon_meta'
[0.226s] Level 1:colcon.colcon_core.package_identification:_identify(src/logs/gradient_tape/20200715-012137/dqn_reward_stage4) by extensions ['ros']
[0.226s] Level 1:colcon.colcon_core.package_identification:_identify(src/logs/gradient_tape/20200715-012137/dqn_reward_stage4) by extension 'ros'
[0.227s] Level 1:colcon.colcon_core.package_identification:_identify(src/logs/gradient_tape/20200715-012137/dqn_reward_stage4) by extensions ['cmake', 'python']
[0.227s] Level 1:colcon.colcon_core.package_identification:_identify(src/logs/gradient_tape/20200715-012137/dqn_reward_stage4) by extension 'cmake'
[0.227s] Level 1:colcon.colcon_core.package_identification:_identify(src/logs/gradient_tape/20200715-012137/dqn_reward_stage4) by extension 'python'
[0.227s] Level 1:colcon.colcon_core.package_identification:_identify(src/logs/gradient_tape/20200715-012137/dqn_reward_stage4) by extensions ['python_setup_py']
[0.227s] Level 1:colcon.colcon_core.package_identification:_identify(src/logs/gradient_tape/20200715-012137/dqn_reward_stage4) by extension 'python_setup_py'
[0.227s] Level 1:colcon.colcon_core.package_identification:_identify(src/logs/gradient_tape/20200715-014642) by extensions ['ignore', 'ignore_ament_install']
[0.227s] Level 1:colcon.colcon_core.package_identification:_identify(src/logs/gradient_tape/20200715-014642) by extension 'ignore'
[0.227s] Level 1:colcon.colcon_core.package_identification:_identify(src/logs/gradient_tape/20200715-014642) by extension 'ignore_ament_install'
[0.227s] Level 1:colcon.colcon_core.package_identification:_identify(src/logs/gradient_tape/20200715-014642) by extensions ['colcon_pkg']
[0.227s] Level 1:colcon.colcon_core.package_identification:_identify(src/logs/gradient_tape/20200715-014642) by extension 'colcon_pkg'
[0.227s] Level 1:colcon.colcon_core.package_identification:_identify(src/logs/gradient_tape/20200715-014642) by extensions ['colcon_meta']
[0.227s] Level 1:colcon.colcon_core.package_identification:_identify(src/logs/gradient_tape/20200715-014642) by extension 'colcon_meta'
[0.227s] Level 1:colcon.colcon_core.package_identification:_identify(src/logs/gradient_tape/20200715-014642) by extensions ['ros']
[0.227s] Level 1:colcon.colcon_core.package_identification:_identify(src/logs/gradient_tape/20200715-014642) by extension 'ros'
[0.227s] Level 1:colcon.colcon_core.package_identification:_identify(src/logs/gradient_tape/20200715-014642) by extensions ['cmake', 'python']
[0.227s] Level 1:colcon.colcon_core.package_identification:_identify(src/logs/gradient_tape/20200715-014642) by extension 'cmake'
[0.227s] Level 1:colcon.colcon_core.package_identification:_identify(src/logs/gradient_tape/20200715-014642) by extension 'python'
[0.227s] Level 1:colcon.colcon_core.package_identification:_identify(src/logs/gradient_tape/20200715-014642) by extensions ['python_setup_py']
[0.227s] Level 1:colcon.colcon_core.package_identification:_identify(src/logs/gradient_tape/20200715-014642) by extension 'python_setup_py'
[0.228s] Level 1:colcon.colcon_core.package_identification:_identify(src/logs/gradient_tape/20200715-014642/dqn_reward_stage4) by extensions ['ignore', 'ignore_ament_install']
[0.228s] Level 1:colcon.colcon_core.package_identification:_identify(src/logs/gradient_tape/20200715-014642/dqn_reward_stage4) by extension 'ignore'
[0.228s] Level 1:colcon.colcon_core.package_identification:_identify(src/logs/gradient_tape/20200715-014642/dqn_reward_stage4) by extension 'ignore_ament_install'
[0.228s] Level 1:colcon.colcon_core.package_identification:_identify(src/logs/gradient_tape/20200715-014642/dqn_reward_stage4) by extensions ['colcon_pkg']
[0.228s] Level 1:colcon.colcon_core.package_identification:_identify(src/logs/gradient_tape/20200715-014642/dqn_reward_stage4) by extension 'colcon_pkg'
[0.228s] Level 1:colcon.colcon_core.package_identification:_identify(src/logs/gradient_tape/20200715-014642/dqn_reward_stage4) by extensions ['colcon_meta']
[0.228s] Level 1:colcon.colcon_core.package_identification:_identify(src/logs/gradient_tape/20200715-014642/dqn_reward_stage4) by extension 'colcon_meta'
[0.228s] Level 1:colcon.colcon_core.package_identification:_identify(src/logs/gradient_tape/20200715-014642/dqn_reward_stage4) by extensions ['ros']
[0.228s] Level 1:colcon.colcon_core.package_identification:_identify(src/logs/gradient_tape/20200715-014642/dqn_reward_stage4) by extension 'ros'
[0.228s] Level 1:colcon.colcon_core.package_identification:_identify(src/logs/gradient_tape/20200715-014642/dqn_reward_stage4) by extensions ['cmake', 'python']
[0.228s] Level 1:colcon.colcon_core.package_identification:_identify(src/logs/gradient_tape/20200715-014642/dqn_reward_stage4) by extension 'cmake'
[0.228s] Level 1:colcon.colcon_core.package_identification:_identify(src/logs/gradient_tape/20200715-014642/dqn_reward_stage4) by extension 'python'
[0.228s] Level 1:colcon.colcon_core.package_identification:_identify(src/logs/gradient_tape/20200715-014642/dqn_reward_stage4) by extensions ['python_setup_py']
[0.228s] Level 1:colcon.colcon_core.package_identification:_identify(src/logs/gradient_tape/20200715-014642/dqn_reward_stage4) by extension 'python_setup_py'
[0.228s] Level 1:colcon.colcon_core.package_identification:_identify(src/logs/gradient_tape/20200715-015927) by extensions ['ignore', 'ignore_ament_install']
[0.228s] Level 1:colcon.colcon_core.package_identification:_identify(src/logs/gradient_tape/20200715-015927) by extension 'ignore'
[0.229s] Level 1:colcon.colcon_core.package_identification:_identify(src/logs/gradient_tape/20200715-015927) by extension 'ignore_ament_install'
[0.229s] Level 1:colcon.colcon_core.package_identification:_identify(src/logs/gradient_tape/20200715-015927) by extensions ['colcon_pkg']
[0.229s] Level 1:colcon.colcon_core.package_identification:_identify(src/logs/gradient_tape/20200715-015927) by extension 'colcon_pkg'
[0.229s] Level 1:colcon.colcon_core.package_identification:_identify(src/logs/gradient_tape/20200715-015927) by extensions ['colcon_meta']
[0.229s] Level 1:colcon.colcon_core.package_identification:_identify(src/logs/gradient_tape/20200715-015927) by extension 'colcon_meta'
[0.229s] Level 1:colcon.colcon_core.package_identification:_identify(src/logs/gradient_tape/20200715-015927) by extensions ['ros']
[0.229s] Level 1:colcon.colcon_core.package_identification:_identify(src/logs/gradient_tape/20200715-015927) by extension 'ros'
[0.229s] Level 1:colcon.colcon_core.package_identification:_identify(src/logs/gradient_tape/20200715-015927) by extensions ['cmake', 'python']
[0.229s] Level 1:colcon.colcon_core.package_identification:_identify(src/logs/gradient_tape/20200715-015927) by extension 'cmake'
[0.229s] Level 1:colcon.colcon_core.package_identification:_identify(src/logs/gradient_tape/20200715-015927) by extension 'python'
[0.229s] Level 1:colcon.colcon_core.package_identification:_identify(src/logs/gradient_tape/20200715-015927) by extensions ['python_setup_py']
[0.229s] Level 1:colcon.colcon_core.package_identification:_identify(src/logs/gradient_tape/20200715-015927) by extension 'python_setup_py'
[0.229s] Level 1:colcon.colcon_core.package_identification:_identify(src/logs/gradient_tape/20200715-015927/dqn_reward_stage4) by extensions ['ignore', 'ignore_ament_install']
[0.229s] Level 1:colcon.colcon_core.package_identification:_identify(src/logs/gradient_tape/20200715-015927/dqn_reward_stage4) by extension 'ignore'
[0.229s] Level 1:colcon.colcon_core.package_identification:_identify(src/logs/gradient_tape/20200715-015927/dqn_reward_stage4) by extension 'ignore_ament_install'
[0.229s] Level 1:colcon.colcon_core.package_identification:_identify(src/logs/gradient_tape/20200715-015927/dqn_reward_stage4) by extensions ['colcon_pkg']
[0.229s] Level 1:colcon.colcon_core.package_identification:_identify(src/logs/gradient_tape/20200715-015927/dqn_reward_stage4) by extension 'colcon_pkg'
[0.229s] Level 1:colcon.colcon_core.package_identification:_identify(src/logs/gradient_tape/20200715-015927/dqn_reward_stage4) by extensions ['colcon_meta']
[0.229s] Level 1:colcon.colcon_core.package_identification:_identify(src/logs/gradient_tape/20200715-015927/dqn_reward_stage4) by extension 'colcon_meta'
[0.229s] Level 1:colcon.colcon_core.package_identification:_identify(src/logs/gradient_tape/20200715-015927/dqn_reward_stage4) by extensions ['ros']
[0.230s] Level 1:colcon.colcon_core.package_identification:_identify(src/logs/gradient_tape/20200715-015927/dqn_reward_stage4) by extension 'ros'
[0.230s] Level 1:colcon.colcon_core.package_identification:_identify(src/logs/gradient_tape/20200715-015927/dqn_reward_stage4) by extensions ['cmake', 'python']
[0.230s] Level 1:colcon.colcon_core.package_identification:_identify(src/logs/gradient_tape/20200715-015927/dqn_reward_stage4) by extension 'cmake'
[0.230s] Level 1:colcon.colcon_core.package_identification:_identify(src/logs/gradient_tape/20200715-015927/dqn_reward_stage4) by extension 'python'
[0.230s] Level 1:colcon.colcon_core.package_identification:_identify(src/logs/gradient_tape/20200715-015927/dqn_reward_stage4) by extensions ['python_setup_py']
[0.230s] Level 1:colcon.colcon_core.package_identification:_identify(src/logs/gradient_tape/20200715-015927/dqn_reward_stage4) by extension 'python_setup_py'
[0.230s] Level 1:colcon.colcon_core.package_identification:_identify(src/logs/gradient_tape/20200715-182337) by extensions ['ignore', 'ignore_ament_install']
[0.230s] Level 1:colcon.colcon_core.package_identification:_identify(src/logs/gradient_tape/20200715-182337) by extension 'ignore'
[0.230s] Level 1:colcon.colcon_core.package_identification:_identify(src/logs/gradient_tape/20200715-182337) by extension 'ignore_ament_install'
[0.230s] Level 1:colcon.colcon_core.package_identification:_identify(src/logs/gradient_tape/20200715-182337) by extensions ['colcon_pkg']
[0.230s] Level 1:colcon.colcon_core.package_identification:_identify(src/logs/gradient_tape/20200715-182337) by extension 'colcon_pkg'
[0.230s] Level 1:colcon.colcon_core.package_identification:_identify(src/logs/gradient_tape/20200715-182337) by extensions ['colcon_meta']
[0.230s] Level 1:colcon.colcon_core.package_identification:_identify(src/logs/gradient_tape/20200715-182337) by extension 'colcon_meta'
[0.230s] Level 1:colcon.colcon_core.package_identification:_identify(src/logs/gradient_tape/20200715-182337) by extensions ['ros']
[0.230s] Level 1:colcon.colcon_core.package_identification:_identify(src/logs/gradient_tape/20200715-182337) by extension 'ros'
[0.230s] Level 1:colcon.colcon_core.package_identification:_identify(src/logs/gradient_tape/20200715-182337) by extensions ['cmake', 'python']
[0.230s] Level 1:colcon.colcon_core.package_identification:_identify(src/logs/gradient_tape/20200715-182337) by extension 'cmake'
[0.230s] Level 1:colcon.colcon_core.package_identification:_identify(src/logs/gradient_tape/20200715-182337) by extension 'python'
[0.230s] Level 1:colcon.colcon_core.package_identification:_identify(src/logs/gradient_tape/20200715-182337) by extensions ['python_setup_py']
[0.230s] Level 1:colcon.colcon_core.package_identification:_identify(src/logs/gradient_tape/20200715-182337) by extension 'python_setup_py'
[0.231s] Level 1:colcon.colcon_core.package_identification:_identify(src/logs/gradient_tape/20200715-182337/dqn_reward_stage4) by extensions ['ignore', 'ignore_ament_install']
[0.231s] Level 1:colcon.colcon_core.package_identification:_identify(src/logs/gradient_tape/20200715-182337/dqn_reward_stage4) by extension 'ignore'
[0.231s] Level 1:colcon.colcon_core.package_identification:_identify(src/logs/gradient_tape/20200715-182337/dqn_reward_stage4) by extension 'ignore_ament_install'
[0.231s] Level 1:colcon.colcon_core.package_identification:_identify(src/logs/gradient_tape/20200715-182337/dqn_reward_stage4) by extensions ['colcon_pkg']
[0.231s] Level 1:colcon.colcon_core.package_identification:_identify(src/logs/gradient_tape/20200715-182337/dqn_reward_stage4) by extension 'colcon_pkg'
[0.231s] Level 1:colcon.colcon_core.package_identification:_identify(src/logs/gradient_tape/20200715-182337/dqn_reward_stage4) by extensions ['colcon_meta']
[0.231s] Level 1:colcon.colcon_core.package_identification:_identify(src/logs/gradient_tape/20200715-182337/dqn_reward_stage4) by extension 'colcon_meta'
[0.231s] Level 1:colcon.colcon_core.package_identification:_identify(src/logs/gradient_tape/20200715-182337/dqn_reward_stage4) by extensions ['ros']
[0.231s] Level 1:colcon.colcon_core.package_identification:_identify(src/logs/gradient_tape/20200715-182337/dqn_reward_stage4) by extension 'ros'
[0.231s] Level 1:colcon.colcon_core.package_identification:_identify(src/logs/gradient_tape/20200715-182337/dqn_reward_stage4) by extensions ['cmake', 'python']
[0.231s] Level 1:colcon.colcon_core.package_identification:_identify(src/logs/gradient_tape/20200715-182337/dqn_reward_stage4) by extension 'cmake'
[0.231s] Level 1:colcon.colcon_core.package_identification:_identify(src/logs/gradient_tape/20200715-182337/dqn_reward_stage4) by extension 'python'
[0.231s] Level 1:colcon.colcon_core.package_identification:_identify(src/logs/gradient_tape/20200715-182337/dqn_reward_stage4) by extensions ['python_setup_py']
[0.231s] Level 1:colcon.colcon_core.package_identification:_identify(src/logs/gradient_tape/20200715-182337/dqn_reward_stage4) by extension 'python_setup_py'
[0.231s] Level 1:colcon.colcon_core.package_identification:_identify(src/logs/gradient_tape/20200715-183532) by extensions ['ignore', 'ignore_ament_install']
[0.231s] Level 1:colcon.colcon_core.package_identification:_identify(src/logs/gradient_tape/20200715-183532) by extension 'ignore'
[0.231s] Level 1:colcon.colcon_core.package_identification:_identify(src/logs/gradient_tape/20200715-183532) by extension 'ignore_ament_install'
[0.232s] Level 1:colcon.colcon_core.package_identification:_identify(src/logs/gradient_tape/20200715-183532) by extensions ['colcon_pkg']
[0.232s] Level 1:colcon.colcon_core.package_identification:_identify(src/logs/gradient_tape/20200715-183532) by extension 'colcon_pkg'
[0.232s] Level 1:colcon.colcon_core.package_identification:_identify(src/logs/gradient_tape/20200715-183532) by extensions ['colcon_meta']
[0.232s] Level 1:colcon.colcon_core.package_identification:_identify(src/logs/gradient_tape/20200715-183532) by extension 'colcon_meta'
[0.232s] Level 1:colcon.colcon_core.package_identification:_identify(src/logs/gradient_tape/20200715-183532) by extensions ['ros']
[0.232s] Level 1:colcon.colcon_core.package_identification:_identify(src/logs/gradient_tape/20200715-183532) by extension 'ros'
[0.232s] Level 1:colcon.colcon_core.package_identification:_identify(src/logs/gradient_tape/20200715-183532) by extensions ['cmake', 'python']
[0.232s] Level 1:colcon.colcon_core.package_identification:_identify(src/logs/gradient_tape/20200715-183532) by extension 'cmake'
[0.232s] Level 1:colcon.colcon_core.package_identification:_identify(src/logs/gradient_tape/20200715-183532) by extension 'python'
[0.232s] Level 1:colcon.colcon_core.package_identification:_identify(src/logs/gradient_tape/20200715-183532) by extensions ['python_setup_py']
[0.232s] Level 1:colcon.colcon_core.package_identification:_identify(src/logs/gradient_tape/20200715-183532) by extension 'python_setup_py'
[0.232s] Level 1:colcon.colcon_core.package_identification:_identify(src/logs/gradient_tape/20200715-183532/dqn_reward_stage4) by extensions ['ignore', 'ignore_ament_install']
[0.232s] Level 1:colcon.colcon_core.package_identification:_identify(src/logs/gradient_tape/20200715-183532/dqn_reward_stage4) by extension 'ignore'
[0.232s] Level 1:colcon.colcon_core.package_identification:_identify(src/logs/gradient_tape/20200715-183532/dqn_reward_stage4) by extension 'ignore_ament_install'
[0.232s] Level 1:colcon.colcon_core.package_identification:_identify(src/logs/gradient_tape/20200715-183532/dqn_reward_stage4) by extensions ['colcon_pkg']
[0.232s] Level 1:colcon.colcon_core.package_identification:_identify(src/logs/gradient_tape/20200715-183532/dqn_reward_stage4) by extension 'colcon_pkg'
[0.232s] Level 1:colcon.colcon_core.package_identification:_identify(src/logs/gradient_tape/20200715-183532/dqn_reward_stage4) by extensions ['colcon_meta']
[0.232s] Level 1:colcon.colcon_core.package_identification:_identify(src/logs/gradient_tape/20200715-183532/dqn_reward_stage4) by extension 'colcon_meta'
[0.232s] Level 1:colcon.colcon_core.package_identification:_identify(src/logs/gradient_tape/20200715-183532/dqn_reward_stage4) by extensions ['ros']
[0.232s] Level 1:colcon.colcon_core.package_identification:_identify(src/logs/gradient_tape/20200715-183532/dqn_reward_stage4) by extension 'ros'
[0.233s] Level 1:colcon.colcon_core.package_identification:_identify(src/logs/gradient_tape/20200715-183532/dqn_reward_stage4) by extensions ['cmake', 'python']
[0.233s] Level 1:colcon.colcon_core.package_identification:_identify(src/logs/gradient_tape/20200715-183532/dqn_reward_stage4) by extension 'cmake'
[0.233s] Level 1:colcon.colcon_core.package_identification:_identify(src/logs/gradient_tape/20200715-183532/dqn_reward_stage4) by extension 'python'
[0.233s] Level 1:colcon.colcon_core.package_identification:_identify(src/logs/gradient_tape/20200715-183532/dqn_reward_stage4) by extensions ['python_setup_py']
[0.233s] Level 1:colcon.colcon_core.package_identification:_identify(src/logs/gradient_tape/20200715-183532/dqn_reward_stage4) by extension 'python_setup_py'
[0.233s] Level 1:colcon.colcon_core.package_identification:_identify(src/logs/gradient_tape/20200715-185634) by extensions ['ignore', 'ignore_ament_install']
[0.233s] Level 1:colcon.colcon_core.package_identification:_identify(src/logs/gradient_tape/20200715-185634) by extension 'ignore'
[0.233s] Level 1:colcon.colcon_core.package_identification:_identify(src/logs/gradient_tape/20200715-185634) by extension 'ignore_ament_install'
[0.233s] Level 1:colcon.colcon_core.package_identification:_identify(src/logs/gradient_tape/20200715-185634) by extensions ['colcon_pkg']
[0.233s] Level 1:colcon.colcon_core.package_identification:_identify(src/logs/gradient_tape/20200715-185634) by extension 'colcon_pkg'
[0.233s] Level 1:colcon.colcon_core.package_identification:_identify(src/logs/gradient_tape/20200715-185634) by extensions ['colcon_meta']
[0.233s] Level 1:colcon.colcon_core.package_identification:_identify(src/logs/gradient_tape/20200715-185634) by extension 'colcon_meta'
[0.233s] Level 1:colcon.colcon_core.package_identification:_identify(src/logs/gradient_tape/20200715-185634) by extensions ['ros']
[0.233s] Level 1:colcon.colcon_core.package_identification:_identify(src/logs/gradient_tape/20200715-185634) by extension 'ros'
[0.233s] Level 1:colcon.colcon_core.package_identification:_identify(src/logs/gradient_tape/20200715-185634) by extensions ['cmake', 'python']
[0.233s] Level 1:colcon.colcon_core.package_identification:_identify(src/logs/gradient_tape/20200715-185634) by extension 'cmake'
[0.233s] Level 1:colcon.colcon_core.package_identification:_identify(src/logs/gradient_tape/20200715-185634) by extension 'python'
[0.233s] Level 1:colcon.colcon_core.package_identification:_identify(src/logs/gradient_tape/20200715-185634) by extensions ['python_setup_py']
[0.233s] Level 1:colcon.colcon_core.package_identification:_identify(src/logs/gradient_tape/20200715-185634) by extension 'python_setup_py'
[0.234s] Level 1:colcon.colcon_core.package_identification:_identify(src/logs/gradient_tape/20200715-185634/dqn_reward_stage4) by extensions ['ignore', 'ignore_ament_install']
[0.234s] Level 1:colcon.colcon_core.package_identification:_identify(src/logs/gradient_tape/20200715-185634/dqn_reward_stage4) by extension 'ignore'
[0.234s] Level 1:colcon.colcon_core.package_identification:_identify(src/logs/gradient_tape/20200715-185634/dqn_reward_stage4) by extension 'ignore_ament_install'
[0.234s] Level 1:colcon.colcon_core.package_identification:_identify(src/logs/gradient_tape/20200715-185634/dqn_reward_stage4) by extensions ['colcon_pkg']
[0.234s] Level 1:colcon.colcon_core.package_identification:_identify(src/logs/gradient_tape/20200715-185634/dqn_reward_stage4) by extension 'colcon_pkg'
[0.234s] Level 1:colcon.colcon_core.package_identification:_identify(src/logs/gradient_tape/20200715-185634/dqn_reward_stage4) by extensions ['colcon_meta']
[0.234s] Level 1:colcon.colcon_core.package_identification:_identify(src/logs/gradient_tape/20200715-185634/dqn_reward_stage4) by extension 'colcon_meta'
[0.234s] Level 1:colcon.colcon_core.package_identification:_identify(src/logs/gradient_tape/20200715-185634/dqn_reward_stage4) by extensions ['ros']
[0.234s] Level 1:colcon.colcon_core.package_identification:_identify(src/logs/gradient_tape/20200715-185634/dqn_reward_stage4) by extension 'ros'
[0.234s] Level 1:colcon.colcon_core.package_identification:_identify(src/logs/gradient_tape/20200715-185634/dqn_reward_stage4) by extensions ['cmake', 'python']
[0.234s] Level 1:colcon.colcon_core.package_identification:_identify(src/logs/gradient_tape/20200715-185634/dqn_reward_stage4) by extension 'cmake'
[0.234s] Level 1:colcon.colcon_core.package_identification:_identify(src/logs/gradient_tape/20200715-185634/dqn_reward_stage4) by extension 'python'
[0.234s] Level 1:colcon.colcon_core.package_identification:_identify(src/logs/gradient_tape/20200715-185634/dqn_reward_stage4) by extensions ['python_setup_py']
[0.234s] Level 1:colcon.colcon_core.package_identification:_identify(src/logs/gradient_tape/20200715-185634/dqn_reward_stage4) by extension 'python_setup_py'
[0.234s] Level 1:colcon.colcon_core.package_identification:_identify(src/logs/gradient_tape/20200715-211258) by extensions ['ignore', 'ignore_ament_install']
[0.234s] Level 1:colcon.colcon_core.package_identification:_identify(src/logs/gradient_tape/20200715-211258) by extension 'ignore'
[0.234s] Level 1:colcon.colcon_core.package_identification:_identify(src/logs/gradient_tape/20200715-211258) by extension 'ignore_ament_install'
[0.234s] Level 1:colcon.colcon_core.package_identification:_identify(src/logs/gradient_tape/20200715-211258) by extensions ['colcon_pkg']
[0.235s] Level 1:colcon.colcon_core.package_identification:_identify(src/logs/gradient_tape/20200715-211258) by extension 'colcon_pkg'
[0.235s] Level 1:colcon.colcon_core.package_identification:_identify(src/logs/gradient_tape/20200715-211258) by extensions ['colcon_meta']
[0.235s] Level 1:colcon.colcon_core.package_identification:_identify(src/logs/gradient_tape/20200715-211258) by extension 'colcon_meta'
[0.235s] Level 1:colcon.colcon_core.package_identification:_identify(src/logs/gradient_tape/20200715-211258) by extensions ['ros']
[0.235s] Level 1:colcon.colcon_core.package_identification:_identify(src/logs/gradient_tape/20200715-211258) by extension 'ros'
[0.235s] Level 1:colcon.colcon_core.package_identification:_identify(src/logs/gradient_tape/20200715-211258) by extensions ['cmake', 'python']
[0.235s] Level 1:colcon.colcon_core.package_identification:_identify(src/logs/gradient_tape/20200715-211258) by extension 'cmake'
[0.235s] Level 1:colcon.colcon_core.package_identification:_identify(src/logs/gradient_tape/20200715-211258) by extension 'python'
[0.235s] Level 1:colcon.colcon_core.package_identification:_identify(src/logs/gradient_tape/20200715-211258) by extensions ['python_setup_py']
[0.235s] Level 1:colcon.colcon_core.package_identification:_identify(src/logs/gradient_tape/20200715-211258) by extension 'python_setup_py'
[0.235s] Level 1:colcon.colcon_core.package_identification:_identify(src/logs/gradient_tape/20200715-211258/dqn_reward_stage4) by extensions ['ignore', 'ignore_ament_install']
[0.235s] Level 1:colcon.colcon_core.package_identification:_identify(src/logs/gradient_tape/20200715-211258/dqn_reward_stage4) by extension 'ignore'
[0.235s] Level 1:colcon.colcon_core.package_identification:_identify(src/logs/gradient_tape/20200715-211258/dqn_reward_stage4) by extension 'ignore_ament_install'
[0.235s] Level 1:colcon.colcon_core.package_identification:_identify(src/logs/gradient_tape/20200715-211258/dqn_reward_stage4) by extensions ['colcon_pkg']
[0.235s] Level 1:colcon.colcon_core.package_identification:_identify(src/logs/gradient_tape/20200715-211258/dqn_reward_stage4) by extension 'colcon_pkg'
[0.235s] Level 1:colcon.colcon_core.package_identification:_identify(src/logs/gradient_tape/20200715-211258/dqn_reward_stage4) by extensions ['colcon_meta']
[0.235s] Level 1:colcon.colcon_core.package_identification:_identify(src/logs/gradient_tape/20200715-211258/dqn_reward_stage4) by extension 'colcon_meta'
[0.235s] Level 1:colcon.colcon_core.package_identification:_identify(src/logs/gradient_tape/20200715-211258/dqn_reward_stage4) by extensions ['ros']
[0.235s] Level 1:colcon.colcon_core.package_identification:_identify(src/logs/gradient_tape/20200715-211258/dqn_reward_stage4) by extension 'ros'
[0.236s] Level 1:colcon.colcon_core.package_identification:_identify(src/logs/gradient_tape/20200715-211258/dqn_reward_stage4) by extensions ['cmake', 'python']
[0.236s] Level 1:colcon.colcon_core.package_identification:_identify(src/logs/gradient_tape/20200715-211258/dqn_reward_stage4) by extension 'cmake'
[0.236s] Level 1:colcon.colcon_core.package_identification:_identify(src/logs/gradient_tape/20200715-211258/dqn_reward_stage4) by extension 'python'
[0.236s] Level 1:colcon.colcon_core.package_identification:_identify(src/logs/gradient_tape/20200715-211258/dqn_reward_stage4) by extensions ['python_setup_py']
[0.236s] Level 1:colcon.colcon_core.package_identification:_identify(src/logs/gradient_tape/20200715-211258/dqn_reward_stage4) by extension 'python_setup_py'
[0.236s] Level 1:colcon.colcon_core.package_identification:_identify(src/logs/gradient_tape/20200715-232809) by extensions ['ignore', 'ignore_ament_install']
[0.236s] Level 1:colcon.colcon_core.package_identification:_identify(src/logs/gradient_tape/20200715-232809) by extension 'ignore'
[0.236s] Level 1:colcon.colcon_core.package_identification:_identify(src/logs/gradient_tape/20200715-232809) by extension 'ignore_ament_install'
[0.236s] Level 1:colcon.colcon_core.package_identification:_identify(src/logs/gradient_tape/20200715-232809) by extensions ['colcon_pkg']
[0.236s] Level 1:colcon.colcon_core.package_identification:_identify(src/logs/gradient_tape/20200715-232809) by extension 'colcon_pkg'
[0.236s] Level 1:colcon.colcon_core.package_identification:_identify(src/logs/gradient_tape/20200715-232809) by extensions ['colcon_meta']
[0.236s] Level 1:colcon.colcon_core.package_identification:_identify(src/logs/gradient_tape/20200715-232809) by extension 'colcon_meta'
[0.236s] Level 1:colcon.colcon_core.package_identification:_identify(src/logs/gradient_tape/20200715-232809) by extensions ['ros']
[0.236s] Level 1:colcon.colcon_core.package_identification:_identify(src/logs/gradient_tape/20200715-232809) by extension 'ros'
[0.236s] Level 1:colcon.colcon_core.package_identification:_identify(src/logs/gradient_tape/20200715-232809) by extensions ['cmake', 'python']
[0.236s] Level 1:colcon.colcon_core.package_identification:_identify(src/logs/gradient_tape/20200715-232809) by extension 'cmake'
[0.236s] Level 1:colcon.colcon_core.package_identification:_identify(src/logs/gradient_tape/20200715-232809) by extension 'python'
[0.236s] Level 1:colcon.colcon_core.package_identification:_identify(src/logs/gradient_tape/20200715-232809) by extensions ['python_setup_py']
[0.236s] Level 1:colcon.colcon_core.package_identification:_identify(src/logs/gradient_tape/20200715-232809) by extension 'python_setup_py'
[0.237s] Level 1:colcon.colcon_core.package_identification:_identify(src/logs/gradient_tape/20200715-232809/dqn_reward_stage2) by extensions ['ignore', 'ignore_ament_install']
[0.237s] Level 1:colcon.colcon_core.package_identification:_identify(src/logs/gradient_tape/20200715-232809/dqn_reward_stage2) by extension 'ignore'
[0.237s] Level 1:colcon.colcon_core.package_identification:_identify(src/logs/gradient_tape/20200715-232809/dqn_reward_stage2) by extension 'ignore_ament_install'
[0.237s] Level 1:colcon.colcon_core.package_identification:_identify(src/logs/gradient_tape/20200715-232809/dqn_reward_stage2) by extensions ['colcon_pkg']
[0.237s] Level 1:colcon.colcon_core.package_identification:_identify(src/logs/gradient_tape/20200715-232809/dqn_reward_stage2) by extension 'colcon_pkg'
[0.237s] Level 1:colcon.colcon_core.package_identification:_identify(src/logs/gradient_tape/20200715-232809/dqn_reward_stage2) by extensions ['colcon_meta']
[0.237s] Level 1:colcon.colcon_core.package_identification:_identify(src/logs/gradient_tape/20200715-232809/dqn_reward_stage2) by extension 'colcon_meta'
[0.237s] Level 1:colcon.colcon_core.package_identification:_identify(src/logs/gradient_tape/20200715-232809/dqn_reward_stage2) by extensions ['ros']
[0.237s] Level 1:colcon.colcon_core.package_identification:_identify(src/logs/gradient_tape/20200715-232809/dqn_reward_stage2) by extension 'ros'
[0.237s] Level 1:colcon.colcon_core.package_identification:_identify(src/logs/gradient_tape/20200715-232809/dqn_reward_stage2) by extensions ['cmake', 'python']
[0.237s] Level 1:colcon.colcon_core.package_identification:_identify(src/logs/gradient_tape/20200715-232809/dqn_reward_stage2) by extension 'cmake'
[0.237s] Level 1:colcon.colcon_core.package_identification:_identify(src/logs/gradient_tape/20200715-232809/dqn_reward_stage2) by extension 'python'
[0.237s] Level 1:colcon.colcon_core.package_identification:_identify(src/logs/gradient_tape/20200715-232809/dqn_reward_stage2) by extensions ['python_setup_py']
[0.237s] Level 1:colcon.colcon_core.package_identification:_identify(src/logs/gradient_tape/20200715-232809/dqn_reward_stage2) by extension 'python_setup_py'
[0.237s] Level 1:colcon.colcon_core.package_identification:_identify(src/logs/gradient_tape/20200715-233018) by extensions ['ignore', 'ignore_ament_install']
[0.237s] Level 1:colcon.colcon_core.package_identification:_identify(src/logs/gradient_tape/20200715-233018) by extension 'ignore'
[0.237s] Level 1:colcon.colcon_core.package_identification:_identify(src/logs/gradient_tape/20200715-233018) by extension 'ignore_ament_install'
[0.237s] Level 1:colcon.colcon_core.package_identification:_identify(src/logs/gradient_tape/20200715-233018) by extensions ['colcon_pkg']
[0.238s] Level 1:colcon.colcon_core.package_identification:_identify(src/logs/gradient_tape/20200715-233018) by extension 'colcon_pkg'
[0.238s] Level 1:colcon.colcon_core.package_identification:_identify(src/logs/gradient_tape/20200715-233018) by extensions ['colcon_meta']
[0.238s] Level 1:colcon.colcon_core.package_identification:_identify(src/logs/gradient_tape/20200715-233018) by extension 'colcon_meta'
[0.238s] Level 1:colcon.colcon_core.package_identification:_identify(src/logs/gradient_tape/20200715-233018) by extensions ['ros']
[0.238s] Level 1:colcon.colcon_core.package_identification:_identify(src/logs/gradient_tape/20200715-233018) by extension 'ros'
[0.238s] Level 1:colcon.colcon_core.package_identification:_identify(src/logs/gradient_tape/20200715-233018) by extensions ['cmake', 'python']
[0.238s] Level 1:colcon.colcon_core.package_identification:_identify(src/logs/gradient_tape/20200715-233018) by extension 'cmake'
[0.238s] Level 1:colcon.colcon_core.package_identification:_identify(src/logs/gradient_tape/20200715-233018) by extension 'python'
[0.238s] Level 1:colcon.colcon_core.package_identification:_identify(src/logs/gradient_tape/20200715-233018) by extensions ['python_setup_py']
[0.238s] Level 1:colcon.colcon_core.package_identification:_identify(src/logs/gradient_tape/20200715-233018) by extension 'python_setup_py'
[0.238s] Level 1:colcon.colcon_core.package_identification:_identify(src/logs/gradient_tape/20200715-233018/dqn_reward_stage2) by extensions ['ignore', 'ignore_ament_install']
[0.238s] Level 1:colcon.colcon_core.package_identification:_identify(src/logs/gradient_tape/20200715-233018/dqn_reward_stage2) by extension 'ignore'
[0.238s] Level 1:colcon.colcon_core.package_identification:_identify(src/logs/gradient_tape/20200715-233018/dqn_reward_stage2) by extension 'ignore_ament_install'
[0.238s] Level 1:colcon.colcon_core.package_identification:_identify(src/logs/gradient_tape/20200715-233018/dqn_reward_stage2) by extensions ['colcon_pkg']
[0.238s] Level 1:colcon.colcon_core.package_identification:_identify(src/logs/gradient_tape/20200715-233018/dqn_reward_stage2) by extension 'colcon_pkg'
[0.238s] Level 1:colcon.colcon_core.package_identification:_identify(src/logs/gradient_tape/20200715-233018/dqn_reward_stage2) by extensions ['colcon_meta']
[0.238s] Level 1:colcon.colcon_core.package_identification:_identify(src/logs/gradient_tape/20200715-233018/dqn_reward_stage2) by extension 'colcon_meta'
[0.238s] Level 1:colcon.colcon_core.package_identification:_identify(src/logs/gradient_tape/20200715-233018/dqn_reward_stage2) by extensions ['ros']
[0.238s] Level 1:colcon.colcon_core.package_identification:_identify(src/logs/gradient_tape/20200715-233018/dqn_reward_stage2) by extension 'ros'
[0.238s] Level 1:colcon.colcon_core.package_identification:_identify(src/logs/gradient_tape/20200715-233018/dqn_reward_stage2) by extensions ['cmake', 'python']
[0.239s] Level 1:colcon.colcon_core.package_identification:_identify(src/logs/gradient_tape/20200715-233018/dqn_reward_stage2) by extension 'cmake'
[0.239s] Level 1:colcon.colcon_core.package_identification:_identify(src/logs/gradient_tape/20200715-233018/dqn_reward_stage2) by extension 'python'
[0.239s] Level 1:colcon.colcon_core.package_identification:_identify(src/logs/gradient_tape/20200715-233018/dqn_reward_stage2) by extensions ['python_setup_py']
[0.239s] Level 1:colcon.colcon_core.package_identification:_identify(src/logs/gradient_tape/20200715-233018/dqn_reward_stage2) by extension 'python_setup_py'
[0.239s] Level 1:colcon.colcon_core.package_identification:_identify(src/logs/gradient_tape/20200715-234014) by extensions ['ignore', 'ignore_ament_install']
[0.239s] Level 1:colcon.colcon_core.package_identification:_identify(src/logs/gradient_tape/20200715-234014) by extension 'ignore'
[0.239s] Level 1:colcon.colcon_core.package_identification:_identify(src/logs/gradient_tape/20200715-234014) by extension 'ignore_ament_install'
[0.239s] Level 1:colcon.colcon_core.package_identification:_identify(src/logs/gradient_tape/20200715-234014) by extensions ['colcon_pkg']
[0.239s] Level 1:colcon.colcon_core.package_identification:_identify(src/logs/gradient_tape/20200715-234014) by extension 'colcon_pkg'
[0.239s] Level 1:colcon.colcon_core.package_identification:_identify(src/logs/gradient_tape/20200715-234014) by extensions ['colcon_meta']
[0.239s] Level 1:colcon.colcon_core.package_identification:_identify(src/logs/gradient_tape/20200715-234014) by extension 'colcon_meta'
[0.239s] Level 1:colcon.colcon_core.package_identification:_identify(src/logs/gradient_tape/20200715-234014) by extensions ['ros']
[0.239s] Level 1:colcon.colcon_core.package_identification:_identify(src/logs/gradient_tape/20200715-234014) by extension 'ros'
[0.239s] Level 1:colcon.colcon_core.package_identification:_identify(src/logs/gradient_tape/20200715-234014) by extensions ['cmake', 'python']
[0.239s] Level 1:colcon.colcon_core.package_identification:_identify(src/logs/gradient_tape/20200715-234014) by extension 'cmake'
[0.239s] Level 1:colcon.colcon_core.package_identification:_identify(src/logs/gradient_tape/20200715-234014) by extension 'python'
[0.239s] Level 1:colcon.colcon_core.package_identification:_identify(src/logs/gradient_tape/20200715-234014) by extensions ['python_setup_py']
[0.239s] Level 1:colcon.colcon_core.package_identification:_identify(src/logs/gradient_tape/20200715-234014) by extension 'python_setup_py'
[0.239s] Level 1:colcon.colcon_core.package_identification:_identify(src/logs/gradient_tape/20200715-234014/dqn_reward_stage2) by extensions ['ignore', 'ignore_ament_install']
[0.240s] Level 1:colcon.colcon_core.package_identification:_identify(src/logs/gradient_tape/20200715-234014/dqn_reward_stage2) by extension 'ignore'
[0.240s] Level 1:colcon.colcon_core.package_identification:_identify(src/logs/gradient_tape/20200715-234014/dqn_reward_stage2) by extension 'ignore_ament_install'
[0.240s] Level 1:colcon.colcon_core.package_identification:_identify(src/logs/gradient_tape/20200715-234014/dqn_reward_stage2) by extensions ['colcon_pkg']
[0.240s] Level 1:colcon.colcon_core.package_identification:_identify(src/logs/gradient_tape/20200715-234014/dqn_reward_stage2) by extension 'colcon_pkg'
[0.240s] Level 1:colcon.colcon_core.package_identification:_identify(src/logs/gradient_tape/20200715-234014/dqn_reward_stage2) by extensions ['colcon_meta']
[0.240s] Level 1:colcon.colcon_core.package_identification:_identify(src/logs/gradient_tape/20200715-234014/dqn_reward_stage2) by extension 'colcon_meta'
[0.240s] Level 1:colcon.colcon_core.package_identification:_identify(src/logs/gradient_tape/20200715-234014/dqn_reward_stage2) by extensions ['ros']
[0.240s] Level 1:colcon.colcon_core.package_identification:_identify(src/logs/gradient_tape/20200715-234014/dqn_reward_stage2) by extension 'ros'
[0.240s] Level 1:colcon.colcon_core.package_identification:_identify(src/logs/gradient_tape/20200715-234014/dqn_reward_stage2) by extensions ['cmake', 'python']
[0.240s] Level 1:colcon.colcon_core.package_identification:_identify(src/logs/gradient_tape/20200715-234014/dqn_reward_stage2) by extension 'cmake'
[0.240s] Level 1:colcon.colcon_core.package_identification:_identify(src/logs/gradient_tape/20200715-234014/dqn_reward_stage2) by extension 'python'
[0.241s] Level 1:colcon.colcon_core.package_identification:_identify(src/logs/gradient_tape/20200715-234014/dqn_reward_stage2) by extensions ['python_setup_py']
[0.241s] Level 1:colcon.colcon_core.package_identification:_identify(src/logs/gradient_tape/20200715-234014/dqn_reward_stage2) by extension 'python_setup_py'
[0.241s] Level 1:colcon.colcon_core.package_identification:_identify(src/logs/gradient_tape/20200716-084502) by extensions ['ignore', 'ignore_ament_install']
[0.241s] Level 1:colcon.colcon_core.package_identification:_identify(src/logs/gradient_tape/20200716-084502) by extension 'ignore'
[0.241s] Level 1:colcon.colcon_core.package_identification:_identify(src/logs/gradient_tape/20200716-084502) by extension 'ignore_ament_install'
[0.241s] Level 1:colcon.colcon_core.package_identification:_identify(src/logs/gradient_tape/20200716-084502) by extensions ['colcon_pkg']
[0.241s] Level 1:colcon.colcon_core.package_identification:_identify(src/logs/gradient_tape/20200716-084502) by extension 'colcon_pkg'
[0.241s] Level 1:colcon.colcon_core.package_identification:_identify(src/logs/gradient_tape/20200716-084502) by extensions ['colcon_meta']
[0.241s] Level 1:colcon.colcon_core.package_identification:_identify(src/logs/gradient_tape/20200716-084502) by extension 'colcon_meta'
[0.241s] Level 1:colcon.colcon_core.package_identification:_identify(src/logs/gradient_tape/20200716-084502) by extensions ['ros']
[0.241s] Level 1:colcon.colcon_core.package_identification:_identify(src/logs/gradient_tape/20200716-084502) by extension 'ros'
[0.241s] Level 1:colcon.colcon_core.package_identification:_identify(src/logs/gradient_tape/20200716-084502) by extensions ['cmake', 'python']
[0.241s] Level 1:colcon.colcon_core.package_identification:_identify(src/logs/gradient_tape/20200716-084502) by extension 'cmake'
[0.241s] Level 1:colcon.colcon_core.package_identification:_identify(src/logs/gradient_tape/20200716-084502) by extension 'python'
[0.241s] Level 1:colcon.colcon_core.package_identification:_identify(src/logs/gradient_tape/20200716-084502) by extensions ['python_setup_py']
[0.241s] Level 1:colcon.colcon_core.package_identification:_identify(src/logs/gradient_tape/20200716-084502) by extension 'python_setup_py'
[0.241s] Level 1:colcon.colcon_core.package_identification:_identify(src/logs/gradient_tape/20200716-084502/dqn_reward_stage2) by extensions ['ignore', 'ignore_ament_install']
[0.242s] Level 1:colcon.colcon_core.package_identification:_identify(src/logs/gradient_tape/20200716-084502/dqn_reward_stage2) by extension 'ignore'
[0.242s] Level 1:colcon.colcon_core.package_identification:_identify(src/logs/gradient_tape/20200716-084502/dqn_reward_stage2) by extension 'ignore_ament_install'
[0.242s] Level 1:colcon.colcon_core.package_identification:_identify(src/logs/gradient_tape/20200716-084502/dqn_reward_stage2) by extensions ['colcon_pkg']
[0.242s] Level 1:colcon.colcon_core.package_identification:_identify(src/logs/gradient_tape/20200716-084502/dqn_reward_stage2) by extension 'colcon_pkg'
[0.242s] Level 1:colcon.colcon_core.package_identification:_identify(src/logs/gradient_tape/20200716-084502/dqn_reward_stage2) by extensions ['colcon_meta']
[0.242s] Level 1:colcon.colcon_core.package_identification:_identify(src/logs/gradient_tape/20200716-084502/dqn_reward_stage2) by extension 'colcon_meta'
[0.242s] Level 1:colcon.colcon_core.package_identification:_identify(src/logs/gradient_tape/20200716-084502/dqn_reward_stage2) by extensions ['ros']
[0.242s] Level 1:colcon.colcon_core.package_identification:_identify(src/logs/gradient_tape/20200716-084502/dqn_reward_stage2) by extension 'ros'
[0.242s] Level 1:colcon.colcon_core.package_identification:_identify(src/logs/gradient_tape/20200716-084502/dqn_reward_stage2) by extensions ['cmake', 'python']
[0.242s] Level 1:colcon.colcon_core.package_identification:_identify(src/logs/gradient_tape/20200716-084502/dqn_reward_stage2) by extension 'cmake'
[0.242s] Level 1:colcon.colcon_core.package_identification:_identify(src/logs/gradient_tape/20200716-084502/dqn_reward_stage2) by extension 'python'
[0.242s] Level 1:colcon.colcon_core.package_identification:_identify(src/logs/gradient_tape/20200716-084502/dqn_reward_stage2) by extensions ['python_setup_py']
[0.242s] Level 1:colcon.colcon_core.package_identification:_identify(src/logs/gradient_tape/20200716-084502/dqn_reward_stage2) by extension 'python_setup_py'
[0.242s] Level 1:colcon.colcon_core.package_identification:_identify(src/turtlebot3) by extensions ['ignore', 'ignore_ament_install']
[0.242s] Level 1:colcon.colcon_core.package_identification:_identify(src/turtlebot3) by extension 'ignore'
[0.242s] Level 1:colcon.colcon_core.package_identification:_identify(src/turtlebot3) by extension 'ignore_ament_install'
[0.242s] Level 1:colcon.colcon_core.package_identification:_identify(src/turtlebot3) by extensions ['colcon_pkg']
[0.242s] Level 1:colcon.colcon_core.package_identification:_identify(src/turtlebot3) by extension 'colcon_pkg'
[0.242s] Level 1:colcon.colcon_core.package_identification:_identify(src/turtlebot3) by extensions ['colcon_meta']
[0.242s] Level 1:colcon.colcon_core.package_identification:_identify(src/turtlebot3) by extension 'colcon_meta'
[0.243s] Level 1:colcon.colcon_core.package_identification:_identify(src/turtlebot3) by extensions ['ros']
[0.243s] Level 1:colcon.colcon_core.package_identification:_identify(src/turtlebot3) by extension 'ros'
[0.243s] Level 1:colcon.colcon_core.package_identification:_identify(src/turtlebot3) by extensions ['cmake', 'python']
[0.243s] Level 1:colcon.colcon_core.package_identification:_identify(src/turtlebot3) by extension 'cmake'
[0.243s] Level 1:colcon.colcon_core.package_identification:_identify(src/turtlebot3) by extension 'python'
[0.243s] Level 1:colcon.colcon_core.package_identification:_identify(src/turtlebot3) by extensions ['python_setup_py']
[0.243s] Level 1:colcon.colcon_core.package_identification:_identify(src/turtlebot3) by extension 'python_setup_py'
[0.243s] Level 1:colcon.colcon_core.package_identification:_identify(src/turtlebot3/turtlebot3) by extensions ['ignore', 'ignore_ament_install']
[0.243s] Level 1:colcon.colcon_core.package_identification:_identify(src/turtlebot3/turtlebot3) by extension 'ignore'
[0.243s] Level 1:colcon.colcon_core.package_identification:_identify(src/turtlebot3/turtlebot3) by extension 'ignore_ament_install'
[0.243s] Level 1:colcon.colcon_core.package_identification:_identify(src/turtlebot3/turtlebot3) by extensions ['colcon_pkg']
[0.243s] Level 1:colcon.colcon_core.package_identification:_identify(src/turtlebot3/turtlebot3) by extension 'colcon_pkg'
[0.243s] Level 1:colcon.colcon_core.package_identification:_identify(src/turtlebot3/turtlebot3) by extensions ['colcon_meta']
[0.243s] Level 1:colcon.colcon_core.package_identification:_identify(src/turtlebot3/turtlebot3) by extension 'colcon_meta'
[0.243s] Level 1:colcon.colcon_core.package_identification:_identify(src/turtlebot3/turtlebot3) by extensions ['ros']
[0.243s] Level 1:colcon.colcon_core.package_identification:_identify(src/turtlebot3/turtlebot3) by extension 'ros'
[0.243s] Level 1:colcon.colcon_core.package_identification:_identify(src/turtlebot3/turtlebot3) by extensions ['cmake', 'python']
[0.243s] Level 1:colcon.colcon_core.package_identification:_identify(src/turtlebot3/turtlebot3) by extension 'cmake'
[0.243s] Level 1:colcon.colcon_core.package_identification:_identify(src/turtlebot3/turtlebot3) by extension 'python'
[0.244s] Level 1:colcon.colcon_core.package_identification:_identify(src/turtlebot3/turtlebot3) by extensions ['python_setup_py']
[0.244s] Level 1:colcon.colcon_core.package_identification:_identify(src/turtlebot3/turtlebot3) by extension 'python_setup_py'
[0.244s] Level 1:colcon.colcon_core.package_identification:_identify(src/turtlebot3/turtlebot3_msgs) by extensions ['ignore', 'ignore_ament_install']
[0.244s] Level 1:colcon.colcon_core.package_identification:_identify(src/turtlebot3/turtlebot3_msgs) by extension 'ignore'
[0.244s] Level 1:colcon.colcon_core.package_identification:_identify(src/turtlebot3/turtlebot3_msgs) by extension 'ignore_ament_install'
[0.244s] Level 1:colcon.colcon_core.package_identification:_identify(src/turtlebot3/turtlebot3_msgs) by extensions ['colcon_pkg']
[0.244s] Level 1:colcon.colcon_core.package_identification:_identify(src/turtlebot3/turtlebot3_msgs) by extension 'colcon_pkg'
[0.244s] Level 1:colcon.colcon_core.package_identification:_identify(src/turtlebot3/turtlebot3_msgs) by extensions ['colcon_meta']
[0.244s] Level 1:colcon.colcon_core.package_identification:_identify(src/turtlebot3/turtlebot3_msgs) by extension 'colcon_meta'
[0.244s] Level 1:colcon.colcon_core.package_identification:_identify(src/turtlebot3/turtlebot3_msgs) by extensions ['ros']
[0.244s] Level 1:colcon.colcon_core.package_identification:_identify(src/turtlebot3/turtlebot3_msgs) by extension 'ros'
[0.244s] Level 1:colcon.colcon_core.package_identification:_identify(src/turtlebot3/turtlebot3_msgs) by extensions ['cmake', 'python']
[0.244s] Level 1:colcon.colcon_core.package_identification:_identify(src/turtlebot3/turtlebot3_msgs) by extension 'cmake'
[0.244s] Level 1:colcon.colcon_core.package_identification:_identify(src/turtlebot3/turtlebot3_msgs) by extension 'python'
[0.244s] Level 1:colcon.colcon_core.package_identification:_identify(src/turtlebot3/turtlebot3_msgs) by extensions ['python_setup_py']
[0.244s] Level 1:colcon.colcon_core.package_identification:_identify(src/turtlebot3/turtlebot3_msgs) by extension 'python_setup_py'
[0.244s] Level 1:colcon.colcon_core.package_identification:_identify(src/turtlebot3/turtlebot3_simulations) by extensions ['ignore', 'ignore_ament_install']
[0.245s] Level 1:colcon.colcon_core.package_identification:_identify(src/turtlebot3/turtlebot3_simulations) by extension 'ignore'
[0.245s] Level 1:colcon.colcon_core.package_identification:_identify(src/turtlebot3/turtlebot3_simulations) by extension 'ignore_ament_install'
[0.245s] Level 1:colcon.colcon_core.package_identification:_identify(src/turtlebot3/turtlebot3_simulations) by extensions ['colcon_pkg']
[0.245s] Level 1:colcon.colcon_core.package_identification:_identify(src/turtlebot3/turtlebot3_simulations) by extension 'colcon_pkg'
[0.245s] Level 1:colcon.colcon_core.package_identification:_identify(src/turtlebot3/turtlebot3_simulations) by extensions ['colcon_meta']
[0.245s] Level 1:colcon.colcon_core.package_identification:_identify(src/turtlebot3/turtlebot3_simulations) by extension 'colcon_meta'
[0.245s] Level 1:colcon.colcon_core.package_identification:_identify(src/turtlebot3/turtlebot3_simulations) by extensions ['ros']
[0.245s] Level 1:colcon.colcon_core.package_identification:_identify(src/turtlebot3/turtlebot3_simulations) by extension 'ros'
[0.245s] Level 1:colcon.colcon_core.package_identification:_identify(src/turtlebot3/turtlebot3_simulations) by extensions ['cmake', 'python']
[0.245s] Level 1:colcon.colcon_core.package_identification:_identify(src/turtlebot3/turtlebot3_simulations) by extension 'cmake'
[0.245s] Level 1:colcon.colcon_core.package_identification:_identify(src/turtlebot3/turtlebot3_simulations) by extension 'python'
[0.245s] Level 1:colcon.colcon_core.package_identification:_identify(src/turtlebot3/turtlebot3_simulations) by extensions ['python_setup_py']
[0.245s] Level 1:colcon.colcon_core.package_identification:_identify(src/turtlebot3/turtlebot3_simulations) by extension 'python_setup_py'
[0.245s] Level 1:colcon.colcon_core.package_identification:_identify(src/turtlebot3_rl) by extensions ['ignore', 'ignore_ament_install']
[0.245s] Level 1:colcon.colcon_core.package_identification:_identify(src/turtlebot3_rl) by extension 'ignore'
[0.245s] Level 1:colcon.colcon_core.package_identification:_identify(src/turtlebot3_rl) by extension 'ignore_ament_install'
[0.245s] Level 1:colcon.colcon_core.package_identification:_identify(src/turtlebot3_rl) by extensions ['colcon_pkg']
[0.245s] Level 1:colcon.colcon_core.package_identification:_identify(src/turtlebot3_rl) by extension 'colcon_pkg'
[0.245s] Level 1:colcon.colcon_core.package_identification:_identify(src/turtlebot3_rl) by extensions ['colcon_meta']
[0.245s] Level 1:colcon.colcon_core.package_identification:_identify(src/turtlebot3_rl) by extension 'colcon_meta'
[0.246s] Level 1:colcon.colcon_core.package_identification:_identify(src/turtlebot3_rl) by extensions ['ros']
[0.246s] Level 1:colcon.colcon_core.package_identification:_identify(src/turtlebot3_rl) by extension 'ros'
[0.248s] DEBUG:colcon.colcon_core.package_identification:Package 'src/turtlebot3_rl' with type 'ros.ament_python' and name 'turtlebot3_rl'
[0.248s] Level 1:colcon.colcon_core.package_identification:_identify(src/utils) by extensions ['ignore', 'ignore_ament_install']
[0.248s] Level 1:colcon.colcon_core.package_identification:_identify(src/utils) by extension 'ignore'
[0.248s] Level 1:colcon.colcon_core.package_identification:_identify(src/utils) by extension 'ignore_ament_install'
[0.248s] Level 1:colcon.colcon_core.package_identification:_identify(src/utils) by extensions ['colcon_pkg']
[0.248s] Level 1:colcon.colcon_core.package_identification:_identify(src/utils) by extension 'colcon_pkg'
[0.248s] Level 1:colcon.colcon_core.package_identification:_identify(src/utils) by extensions ['colcon_meta']
[0.248s] Level 1:colcon.colcon_core.package_identification:_identify(src/utils) by extension 'colcon_meta'
[0.248s] Level 1:colcon.colcon_core.package_identification:_identify(src/utils) by extensions ['ros']
[0.248s] Level 1:colcon.colcon_core.package_identification:_identify(src/utils) by extension 'ros'
[0.249s] Level 1:colcon.colcon_core.package_identification:_identify(src/utils) by extensions ['cmake', 'python']
[0.249s] Level 1:colcon.colcon_core.package_identification:_identify(src/utils) by extension 'cmake'
[0.249s] Level 1:colcon.colcon_core.package_identification:_identify(src/utils) by extension 'python'
[0.249s] Level 1:colcon.colcon_core.package_identification:_identify(src/utils) by extensions ['python_setup_py']
[0.249s] Level 1:colcon.colcon_core.package_identification:_identify(src/utils) by extension 'python_setup_py'
[0.249s] Level 1:colcon.colcon_core.package_identification:_identify(src/utils/DynamixelSDK) by extensions ['ignore', 'ignore_ament_install']
[0.249s] Level 1:colcon.colcon_core.package_identification:_identify(src/utils/DynamixelSDK) by extension 'ignore'
[0.249s] Level 1:colcon.colcon_core.package_identification:_identify(src/utils/DynamixelSDK) by extension 'ignore_ament_install'
[0.249s] Level 1:colcon.colcon_core.package_identification:_identify(src/utils/DynamixelSDK) by extensions ['colcon_pkg']
[0.249s] Level 1:colcon.colcon_core.package_identification:_identify(src/utils/DynamixelSDK) by extension 'colcon_pkg'
[0.249s] Level 1:colcon.colcon_core.package_identification:_identify(src/utils/DynamixelSDK) by extensions ['colcon_meta']
[0.249s] Level 1:colcon.colcon_core.package_identification:_identify(src/utils/DynamixelSDK) by extension 'colcon_meta'
[0.249s] Level 1:colcon.colcon_core.package_identification:_identify(src/utils/DynamixelSDK) by extensions ['ros']
[0.249s] Level 1:colcon.colcon_core.package_identification:_identify(src/utils/DynamixelSDK) by extension 'ros'
[0.249s] Level 1:colcon.colcon_core.package_identification:_identify(src/utils/DynamixelSDK) by extensions ['cmake', 'python']
[0.249s] Level 1:colcon.colcon_core.package_identification:_identify(src/utils/DynamixelSDK) by extension 'cmake'
[0.249s] Level 1:colcon.colcon_core.package_identification:_identify(src/utils/DynamixelSDK) by extension 'python'
[0.249s] Level 1:colcon.colcon_core.package_identification:_identify(src/utils/DynamixelSDK) by extensions ['python_setup_py']
[0.249s] Level 1:colcon.colcon_core.package_identification:_identify(src/utils/DynamixelSDK) by extension 'python_setup_py'
[0.250s] Level 1:colcon.colcon_core.package_identification:_identify(src/utils/hls_lfcd_lds_driver) by extensions ['ignore', 'ignore_ament_install']
[0.250s] Level 1:colcon.colcon_core.package_identification:_identify(src/utils/hls_lfcd_lds_driver) by extension 'ignore'
[0.250s] Level 1:colcon.colcon_core.package_identification:_identify(src/utils/hls_lfcd_lds_driver) by extension 'ignore_ament_install'
[0.250s] Level 1:colcon.colcon_core.package_identification:_identify(src/utils/hls_lfcd_lds_driver) by extensions ['colcon_pkg']
[0.250s] Level 1:colcon.colcon_core.package_identification:_identify(src/utils/hls_lfcd_lds_driver) by extension 'colcon_pkg'
[0.250s] Level 1:colcon.colcon_core.package_identification:_identify(src/utils/hls_lfcd_lds_driver) by extensions ['colcon_meta']
[0.250s] Level 1:colcon.colcon_core.package_identification:_identify(src/utils/hls_lfcd_lds_driver) by extension 'colcon_meta'
[0.250s] Level 1:colcon.colcon_core.package_identification:_identify(src/utils/hls_lfcd_lds_driver) by extensions ['ros']
[0.250s] Level 1:colcon.colcon_core.package_identification:_identify(src/utils/hls_lfcd_lds_driver) by extension 'ros'
[0.250s] Level 1:colcon.colcon_core.package_identification:_identify(src/utils/hls_lfcd_lds_driver) by extensions ['cmake', 'python']
[0.250s] Level 1:colcon.colcon_core.package_identification:_identify(src/utils/hls_lfcd_lds_driver) by extension 'cmake'
[0.250s] Level 1:colcon.colcon_core.package_identification:_identify(src/utils/hls_lfcd_lds_driver) by extension 'python'
[0.250s] Level 1:colcon.colcon_core.package_identification:_identify(src/utils/hls_lfcd_lds_driver) by extensions ['python_setup_py']
[0.250s] Level 1:colcon.colcon_core.package_identification:_identify(src/utils/hls_lfcd_lds_driver) by extension 'python_setup_py'
[0.250s] Level 1:colcon.colcon_core.package_discovery:discover_packages(recursive) using defaults
[0.250s] Level 1:colcon.colcon_core.package_discovery:discover_packages(ignore) discover
[0.250s] Level 1:colcon.colcon_core.package_discovery:discover_packages(ignore) using defaults
[0.250s] Level 1:colcon.colcon_core.package_discovery:discover_packages(path) discover
[0.250s] Level 1:colcon.colcon_core.package_discovery:discover_packages(path) using defaults
[0.256s] Level 5:colcon.colcon_core.verb:set package 'turtlebot3_rl' build argument 'cmake_args' from command line to 'None'
[0.256s] Level 5:colcon.colcon_core.verb:set package 'turtlebot3_rl' build argument 'cmake_target' from command line to 'None'
[0.256s] Level 5:colcon.colcon_core.verb:set package 'turtlebot3_rl' build argument 'cmake_target_skip_unavailable' from command line to 'False'
[0.256s] Level 5:colcon.colcon_core.verb:set package 'turtlebot3_rl' build argument 'cmake_clean_cache' from command line to 'False'
[0.256s] Level 5:colcon.colcon_core.verb:set package 'turtlebot3_rl' build argument 'cmake_clean_first' from command line to 'False'
[0.256s] Level 5:colcon.colcon_core.verb:set package 'turtlebot3_rl' build argument 'cmake_force_configure' from command line to 'False'
[0.256s] Level 5:colcon.colcon_core.verb:set package 'turtlebot3_rl' build argument 'ament_cmake_args' from command line to 'None'
[0.256s] Level 5:colcon.colcon_core.verb:set package 'turtlebot3_rl' build argument 'catkin_cmake_args' from command line to 'None'
[0.256s] Level 5:colcon.colcon_core.verb:set package 'turtlebot3_rl' build argument 'catkin_skip_building_tests' from command line to 'False'
[0.256s] DEBUG:colcon.colcon_core.verb:Building package 'turtlebot3_rl' with the following arguments: {'ament_cmake_args': None, 'build_base': '/home/hossein/turtlebot3_rl/build/turtlebot3_rl', 'catkin_cmake_args': None, 'catkin_skip_building_tests': False, 'cmake_args': None, 'cmake_clean_cache': False, 'cmake_clean_first': False, 'cmake_force_configure': False, 'cmake_target': None, 'cmake_target_skip_unavailable': False, 'install_base': '/home/hossein/turtlebot3_rl/install/turtlebot3_rl', 'merge_install': False, 'path': '/home/hossein/turtlebot3_rl/src/turtlebot3_rl', 'symlink_install': False, 'test_result_base': None}
[0.256s] INFO:colcon.colcon_core.executor:Executing jobs using 'parallel' executor
[0.258s] DEBUG:colcon.colcon_parallel_executor.executor.parallel:run_until_complete
[0.259s] INFO:colcon.colcon_ros.task.ament_python.build:Building ROS package in '/home/hossein/turtlebot3_rl/src/turtlebot3_rl' with build type 'ament_python'
[0.259s] Level 1:colcon.colcon_core.shell:create_environment_hook('turtlebot3_rl', 'ament_prefix_path')
[0.262s] INFO:colcon.colcon_core.plugin_system:Skipping extension 'colcon_core.shell.bat': Not used on non-Windows systems
[0.263s] INFO:colcon.colcon_core.shell:Creating environment hook '/home/hossein/turtlebot3_rl/install/turtlebot3_rl/share/turtlebot3_rl/hook/ament_prefix_path.ps1'
[0.263s] INFO:colcon.colcon_core.shell:Creating environment descriptor '/home/hossein/turtlebot3_rl/install/turtlebot3_rl/share/turtlebot3_rl/hook/ament_prefix_path.dsv'
[0.264s] INFO:colcon.colcon_core.shell:Creating environment hook '/home/hossein/turtlebot3_rl/install/turtlebot3_rl/share/turtlebot3_rl/hook/ament_prefix_path.sh'
[0.265s] INFO:colcon.colcon_core.shell:Skip shell extension 'powershell' for command environment: Not usable outside of PowerShell
[0.265s] DEBUG:colcon.colcon_core.shell:Skip shell extension 'dsv' for command environment
[0.267s] DEBUG:colcon.colcon_core.shell:Ignoring prefix path '/opt/ros/dashing'
[0.541s] INFO:colcon.colcon_core.task.python.build:Building Python package in '/home/hossein/turtlebot3_rl/src/turtlebot3_rl'
[0.542s] INFO:colcon.colcon_core.shell:Skip shell extension 'powershell' for command environment: Not usable outside of PowerShell
[0.542s] DEBUG:colcon.colcon_core.shell:Skip shell extension 'dsv' for command environment
[0.545s] DEBUG:colcon.colcon_core.shell:Ignoring prefix path '/opt/ros/dashing'
[0.551s] DEBUG:colcon.colcon_core.event_handler.log_command:Invoking command in '/home/hossein/turtlebot3_rl/src/turtlebot3_rl': PS1=(tf_ros) \[\e]0;\u@\h: \w\a\]${debian_chroot:+($debian_chroot)}\[\033[01;32m\]\u@\h\[\033[00m\]:\[\033[01;34m\]\w\[\033[00m\]\$ PYTHONPATH=/home/hossein/turtlebot3_rl/install/turtlebot3_rl/lib/python3.6/site-packages:${PYTHONPATH} /usr/bin/python3 setup.py egg_info --egg-base /home/hossein/turtlebot3_rl/build/turtlebot3_rl build --build-base /home/hossein/turtlebot3_rl/build/turtlebot3_rl/build install --prefix /home/hossein/turtlebot3_rl/install/turtlebot3_rl --record /home/hossein/turtlebot3_rl/build/turtlebot3_rl/install.log --single-version-externally-managed
[0.870s] DEBUG:colcon.colcon_core.event_handler.log_command:Invoked command in '/home/hossein/turtlebot3_rl/src/turtlebot3_rl' returned '0': PS1=(tf_ros) \[\e]0;\u@\h: \w\a\]${debian_chroot:+($debian_chroot)}\[\033[01;32m\]\u@\h\[\033[00m\]:\[\033[01;34m\]\w\[\033[00m\]\$ PYTHONPATH=/home/hossein/turtlebot3_rl/install/turtlebot3_rl/lib/python3.6/site-packages:${PYTHONPATH} /usr/bin/python3 setup.py egg_info --egg-base /home/hossein/turtlebot3_rl/build/turtlebot3_rl build --build-base /home/hossein/turtlebot3_rl/build/turtlebot3_rl/build install --prefix /home/hossein/turtlebot3_rl/install/turtlebot3_rl --record /home/hossein/turtlebot3_rl/build/turtlebot3_rl/install.log --single-version-externally-managed
[0.873s] Level 1:colcon.colcon_core.environment:checking '/home/hossein/turtlebot3_rl/install/turtlebot3_rl' for CMake module files
[0.874s] Level 1:colcon.colcon_core.environment:checking '/home/hossein/turtlebot3_rl/install/turtlebot3_rl' for CMake config files
[0.875s] Level 1:colcon.colcon_core.environment:checking '/home/hossein/turtlebot3_rl/install/turtlebot3_rl/lib'
[0.875s] Level 1:colcon.colcon_core.environment:checking '/home/hossein/turtlebot3_rl/install/turtlebot3_rl/bin'
[0.875s] Level 1:colcon.colcon_core.environment:checking '/home/hossein/turtlebot3_rl/install/turtlebot3_rl/lib/pkgconfig/turtlebot3_rl.pc'
[0.875s] Level 1:colcon.colcon_core.environment:checking '/home/hossein/turtlebot3_rl/install/turtlebot3_rl/lib/python3.6/site-packages'
[0.875s] Level 1:colcon.colcon_core.shell:create_environment_hook('turtlebot3_rl', 'pythonpath')
[0.876s] INFO:colcon.colcon_core.shell:Creating environment hook '/home/hossein/turtlebot3_rl/install/turtlebot3_rl/share/turtlebot3_rl/hook/pythonpath.ps1'
[0.876s] INFO:colcon.colcon_core.shell:Creating environment descriptor '/home/hossein/turtlebot3_rl/install/turtlebot3_rl/share/turtlebot3_rl/hook/pythonpath.dsv'
[0.877s] INFO:colcon.colcon_core.shell:Creating environment hook '/home/hossein/turtlebot3_rl/install/turtlebot3_rl/share/turtlebot3_rl/hook/pythonpath.sh'
[0.877s] Level 1:colcon.colcon_core.environment:create_environment_scripts_only(turtlebot3_rl)
[0.878s] INFO:colcon.colcon_core.shell:Creating package script '/home/hossein/turtlebot3_rl/install/turtlebot3_rl/share/turtlebot3_rl/package.ps1'
[0.879s] INFO:colcon.colcon_core.shell:Creating package descriptor '/home/hossein/turtlebot3_rl/install/turtlebot3_rl/share/turtlebot3_rl/package.dsv'
[0.880s] INFO:colcon.colcon_core.shell:Creating package script '/home/hossein/turtlebot3_rl/install/turtlebot3_rl/share/turtlebot3_rl/package.sh'
[0.880s] INFO:colcon.colcon_core.shell:Creating package script '/home/hossein/turtlebot3_rl/install/turtlebot3_rl/share/turtlebot3_rl/package.bash'
[0.881s] INFO:colcon.colcon_core.shell:Creating package script '/home/hossein/turtlebot3_rl/install/turtlebot3_rl/share/turtlebot3_rl/package.zsh'
[0.882s] Level 1:colcon.colcon_core.environment:create_file_with_runtime_dependencies(/home/hossein/turtlebot3_rl/install/turtlebot3_rl/share/colcon-core/packages/turtlebot3_rl)
[0.882s] DEBUG:colcon.colcon_parallel_executor.executor.parallel:closing loop
[0.883s] DEBUG:colcon.colcon_parallel_executor.executor.parallel:loop closed
[0.883s] DEBUG:colcon.colcon_parallel_executor.executor.parallel:run_until_complete finished with '0'
[0.883s] DEBUG:colcon.colcon_core.event_reactor:joining thread
[0.901s] INFO:colcon.colcon_core.plugin_system:Skipping extension 'colcon_notification.desktop_notification.terminal_notifier': Not used on non-Darwin systems
[0.901s] INFO:colcon.colcon_core.plugin_system:Skipping extension 'colcon_notification.desktop_notification.win32': Not used on non-Windows systems
[0.902s] INFO:colcon.colcon_notification.desktop_notification:Sending desktop notification using 'notify2'
[0.904s] DEBUG:colcon.colcon_core.event_reactor:joined thread
[0.905s] INFO:colcon.colcon_core.shell:Creating prefix script '/home/hossein/turtlebot3_rl/install/local_setup.ps1'
[0.906s] INFO:colcon.colcon_core.shell:Creating prefix util module '/home/hossein/turtlebot3_rl/install/_local_setup_util_ps1.py'
[0.908s] INFO:colcon.colcon_core.shell:Creating prefix chain script '/home/hossein/turtlebot3_rl/install/setup.ps1'
[0.910s] INFO:colcon.colcon_core.shell:Creating prefix script '/home/hossein/turtlebot3_rl/install/local_setup.sh'
[0.911s] INFO:colcon.colcon_core.shell:Creating prefix util module '/home/hossein/turtlebot3_rl/install/_local_setup_util_sh.py'
[0.911s] INFO:colcon.colcon_core.shell:Creating prefix chain script '/home/hossein/turtlebot3_rl/install/setup.sh'
[0.914s] INFO:colcon.colcon_core.shell:Creating prefix script '/home/hossein/turtlebot3_rl/install/local_setup.bash'
[0.915s] INFO:colcon.colcon_core.shell:Creating prefix chain script '/home/hossein/turtlebot3_rl/install/setup.bash'
[0.917s] INFO:colcon.colcon_core.shell:Creating prefix script '/home/hossein/turtlebot3_rl/install/local_setup.zsh'
[0.918s] INFO:colcon.colcon_core.shell:Creating prefix chain script '/home/hossein/turtlebot3_rl/install/setup.zsh'
