Determining if the pthread_create exist failed with the following output:
Change Dir: /home/hossein/turtlebot3_rl/build/turtlebot3_node/CMakeFiles/CMakeTmp

Run Build Command:"/usr/bin/make" "cmTC_d3a0b/fast"
/usr/bin/make -f CMakeFiles/cmTC_d3a0b.dir/build.make CMakeFiles/cmTC_d3a0b.dir/build
make[1]: Entering directory '/home/hossein/turtlebot3_rl/build/turtlebot3_node/CMakeFiles/CMakeTmp'
Building C object CMakeFiles/cmTC_d3a0b.dir/CheckSymbolExists.c.o
/usr/bin/cc    -o CMakeFiles/cmTC_d3a0b.dir/CheckSymbolExists.c.o   -c /home/hossein/turtlebot3_rl/build/turtlebot3_node/CMakeFiles/CMakeTmp/CheckSymbolExists.c
Linking C executable cmTC_d3a0b
/usr/bin/cmake -E cmake_link_script CMakeFiles/cmTC_d3a0b.dir/link.txt --verbose=1
/usr/bin/cc      CMakeFiles/cmTC_d3a0b.dir/CheckSymbolExists.c.o  -o cmTC_d3a0b 
CMakeFiles/cmTC_d3a0b.dir/CheckSymbolExists.c.o: In function `main':
CheckSymbolExists.c:(.text+0x1b): undefined reference to `pthread_create'
collect2: error: ld returned 1 exit status
CMakeFiles/cmTC_d3a0b.dir/build.make:97: recipe for target 'cmTC_d3a0b' failed
make[1]: *** [cmTC_d3a0b] Error 1
make[1]: Leaving directory '/home/hossein/turtlebot3_rl/build/turtlebot3_node/CMakeFiles/CMakeTmp'
Makefile:126: recipe for target 'cmTC_d3a0b/fast' failed
make: *** [cmTC_d3a0b/fast] Error 2

File /home/hossein/turtlebot3_rl/build/turtlebot3_node/CMakeFiles/CMakeTmp/CheckSymbolExists.c:
/* */
#include <pthread.h>

int main(int argc, char** argv)
{
  (void)argv;
#ifndef pthread_create
  return ((int*)(&pthread_create))[argc];
#else
  (void)argc;
  return 0;
#endif
}

Determining if the function pthread_create exists in the pthreads failed with the following output:
Change Dir: /home/hossein/turtlebot3_rl/build/turtlebot3_node/CMakeFiles/CMakeTmp

Run Build Command:"/usr/bin/make" "cmTC_f957c/fast"
/usr/bin/make -f CMakeFiles/cmTC_f957c.dir/build.make CMakeFiles/cmTC_f957c.dir/build
make[1]: Entering directory '/home/hossein/turtlebot3_rl/build/turtlebot3_node/CMakeFiles/CMakeTmp'
Building C object CMakeFiles/cmTC_f957c.dir/CheckFunctionExists.c.o
/usr/bin/cc   -DCHECK_FUNCTION_EXISTS=pthread_create   -o CMakeFiles/cmTC_f957c.dir/CheckFunctionExists.c.o   -c /usr/share/cmake-3.10/Modules/CheckFunctionExists.c
Linking C executable cmTC_f957c
/usr/bin/cmake -E cmake_link_script CMakeFiles/cmTC_f957c.dir/link.txt --verbose=1
/usr/bin/cc  -DCHECK_FUNCTION_EXISTS=pthread_create    CMakeFiles/cmTC_f957c.dir/CheckFunctionExists.c.o  -o cmTC_f957c -lpthreads 
/usr/bin/ld: cannot find -lpthreads
collect2: error: ld returned 1 exit status
CMakeFiles/cmTC_f957c.dir/build.make:97: recipe for target 'cmTC_f957c' failed
make[1]: *** [cmTC_f957c] Error 1
make[1]: Leaving directory '/home/hossein/turtlebot3_rl/build/turtlebot3_node/CMakeFiles/CMakeTmp'
Makefile:126: recipe for target 'cmTC_f957c/fast' failed
make: *** [cmTC_f957c/fast] Error 2


