-- Found ament_cmake: 0.7.4 (/opt/ros/dashing/share/ament_cmake/cmake)
-- Using PYTHON_EXECUTABLE: /home/hossein/tf_ros/bin/python3
-- Override CMake install command with custom implementation using symlinks instead of copying resources
-- Configuring done
-- Generating done
-- Build files have been written to: /home/hossein/turtlebot3_rl/build/turtlebot3_bringup
[36mInstall the project...[0m
-- Install configuration: ""
-- Execute custom install script
-- Symlinking: /home/hossein/turtlebot3_rl/install/turtlebot3_bringup/share/turtlebot3_bringup/launch/robot.launch.py
-- Symlinking: /home/hossein/turtlebot3_rl/install/turtlebot3_bringup/share/turtlebot3_bringup/launch/rviz2.launch.py
-- Symlinking: /home/hossein/turtlebot3_rl/install/turtlebot3_bringup/share/turtlebot3_bringup/launch/turtlebot3_state_publisher.launch.py
-- Symlinking: /home/hossein/turtlebot3_rl/install/turtlebot3_bringup/share/turtlebot3_bringup/param/burger.yaml
-- Symlinking: /home/hossein/turtlebot3_rl/install/turtlebot3_bringup/share/turtlebot3_bringup/param/waffle.yaml
-- Symlinking: /home/hossein/turtlebot3_rl/install/turtlebot3_bringup/share/turtlebot3_bringup/param/waffle_pi.yaml
-- Symlinking: /home/hossein/turtlebot3_rl/install/turtlebot3_bringup/share/ament_index/resource_index/package_run_dependencies/turtlebot3_bringup
-- Symlinking: /home/hossein/turtlebot3_rl/install/turtlebot3_bringup/share/ament_index/resource_index/parent_prefix_path/turtlebot3_bringup
-- Symlinking: /home/hossein/turtlebot3_rl/install/turtlebot3_bringup/share/turtlebot3_bringup/environment/ament_prefix_path.sh
-- Symlinking: /home/hossein/turtlebot3_rl/install/turtlebot3_bringup/share/turtlebot3_bringup/environment/path.sh
-- Symlinking: /home/hossein/turtlebot3_rl/install/turtlebot3_bringup/share/turtlebot3_bringup/local_setup.bash
-- Symlinking: /home/hossein/turtlebot3_rl/install/turtlebot3_bringup/share/turtlebot3_bringup/local_setup.sh
-- Symlinking: /home/hossein/turtlebot3_rl/install/turtlebot3_bringup/share/turtlebot3_bringup/local_setup.zsh
-- Symlinking: /home/hossein/turtlebot3_rl/install/turtlebot3_bringup/share/ament_index/resource_index/packages/turtlebot3_bringup
-- Symlinking: /home/hossein/turtlebot3_rl/install/turtlebot3_bringup/share/turtlebot3_bringup/cmake/turtlebot3_bringupConfig.cmake
-- Symlinking: /home/hossein/turtlebot3_rl/install/turtlebot3_bringup/share/turtlebot3_bringup/cmake/turtlebot3_bringupConfig-version.cmake
-- Symlinking: /home/hossein/turtlebot3_rl/install/turtlebot3_bringup/share/turtlebot3_bringup/package.xml
