[0.072s] Invoking command in '/home/hossein/turtlebot3_rl/build/dynamixel_sdk': CMAKE_PREFIX_PATH=/home/hossein/turtlebot3_rl/install/turtlebot3_rl:/opt/ros/dashing PS1=(tf_ros) \[\e]0;\u@\h: \w\a\]${debian_chroot:+($debian_chroot)}\[\033[01;32m\]\u@\h\[\033[00m\]:\[\033[01;34m\]\w\[\033[00m\]\$ /usr/bin/cmake /home/hossein/turtlebot3_rl/src/utils/DynamixelSDK/dynamixel_sdk -DAMENT_CMAKE_SYMLINK_INSTALL=1 -DCMAKE_INSTALL_PREFIX=/home/hossein/turtlebot3_rl/install/dynamixel_sdk
[0.922s] -- Found ament_cmake: 0.7.4 (/opt/ros/dashing/share/ament_cmake/cmake)
[0.922s] -- Using PYTHON_EXECUTABLE: /home/hossein/tf_ros/bin/python3
[0.923s] -- Override CMake install command with custom implementation using symlinks instead of copying resources
[0.924s] -- Configuring done
[0.924s] -- Generating done
[0.925s] -- Build files have been written to: /home/hossein/turtlebot3_rl/build/dynamixel_sdk
[0.939s] Invoked command in '/home/hossein/turtlebot3_rl/build/dynamixel_sdk' returned '0': CMAKE_PREFIX_PATH=/home/hossein/turtlebot3_rl/install/turtlebot3_rl:/opt/ros/dashing PS1=(tf_ros) \[\e]0;\u@\h: \w\a\]${debian_chroot:+($debian_chroot)}\[\033[01;32m\]\u@\h\[\033[00m\]:\[\033[01;34m\]\w\[\033[00m\]\$ /usr/bin/cmake /home/hossein/turtlebot3_rl/src/utils/DynamixelSDK/dynamixel_sdk -DAMENT_CMAKE_SYMLINK_INSTALL=1 -DCMAKE_INSTALL_PREFIX=/home/hossein/turtlebot3_rl/install/dynamixel_sdk
[0.940s] Invoking command in '/home/hossein/turtlebot3_rl/build/dynamixel_sdk': CMAKE_PREFIX_PATH=/home/hossein/turtlebot3_rl/install/turtlebot3_rl:/opt/ros/dashing PS1=(tf_ros) \[\e]0;\u@\h: \w\a\]${debian_chroot:+($debian_chroot)}\[\033[01;32m\]\u@\h\[\033[00m\]:\[\033[01;34m\]\w\[\033[00m\]\$ /usr/bin/cmake --build /home/hossein/turtlebot3_rl/build/dynamixel_sdk -- -j8 -l8
[1.025s] [100%] Built target dynamixel_sdk
[1.050s] Invoked command in '/home/hossein/turtlebot3_rl/build/dynamixel_sdk' returned '0': CMAKE_PREFIX_PATH=/home/hossein/turtlebot3_rl/install/turtlebot3_rl:/opt/ros/dashing PS1=(tf_ros) \[\e]0;\u@\h: \w\a\]${debian_chroot:+($debian_chroot)}\[\033[01;32m\]\u@\h\[\033[00m\]:\[\033[01;34m\]\w\[\033[00m\]\$ /usr/bin/cmake --build /home/hossein/turtlebot3_rl/build/dynamixel_sdk -- -j8 -l8
[1.147s] Invoking command in '/home/hossein/turtlebot3_rl/build/dynamixel_sdk': CMAKE_PREFIX_PATH=/home/hossein/turtlebot3_rl/install/turtlebot3_rl:/opt/ros/dashing PS1=(tf_ros) \[\e]0;\u@\h: \w\a\]${debian_chroot:+($debian_chroot)}\[\033[01;32m\]\u@\h\[\033[00m\]:\[\033[01;34m\]\w\[\033[00m\]\$ /usr/bin/cmake --build /home/hossein/turtlebot3_rl/build/dynamixel_sdk --target install -- -j8 -l8
[1.264s] [100%] Built target dynamixel_sdk
[1.304s] [36mInstall the project...[0m
[1.326s] -- Install configuration: ""
[1.327s] -- Execute custom install script
[1.328s] -- Symlinking: /home/hossein/turtlebot3_rl/install/dynamixel_sdk/include//dynamixel_sdk/dynamixel_sdk.h
[1.348s] -- Symlinking: /home/hossein/turtlebot3_rl/install/dynamixel_sdk/include//dynamixel_sdk/group_bulk_read.h
[1.366s] -- Symlinking: /home/hossein/turtlebot3_rl/install/dynamixel_sdk/include//dynamixel_sdk/group_bulk_write.h
[1.383s] -- Symlinking: /home/hossein/turtlebot3_rl/install/dynamixel_sdk/include//dynamixel_sdk/group_sync_read.h
[1.403s] -- Symlinking: /home/hossein/turtlebot3_rl/install/dynamixel_sdk/include//dynamixel_sdk/group_sync_write.h
[1.422s] -- Symlinking: /home/hossein/turtlebot3_rl/install/dynamixel_sdk/include//dynamixel_sdk/packet_handler.h
[1.440s] -- Symlinking: /home/hossein/turtlebot3_rl/install/dynamixel_sdk/include//dynamixel_sdk/port_handler.h
[1.458s] -- Symlinking: /home/hossein/turtlebot3_rl/install/dynamixel_sdk/include//dynamixel_sdk/port_handler_arduino.h
[1.477s] -- Symlinking: /home/hossein/turtlebot3_rl/install/dynamixel_sdk/include//dynamixel_sdk/port_handler_linux.h
[1.496s] -- Symlinking: /home/hossein/turtlebot3_rl/install/dynamixel_sdk/include//dynamixel_sdk/port_handler_mac.h
[1.525s] -- Symlinking: /home/hossein/turtlebot3_rl/install/dynamixel_sdk/include//dynamixel_sdk/port_handler_windows.h
[1.541s] -- Symlinking: /home/hossein/turtlebot3_rl/install/dynamixel_sdk/include//dynamixel_sdk/protocol1_packet_handler.h
[1.558s] -- Symlinking: /home/hossein/turtlebot3_rl/install/dynamixel_sdk/include//dynamixel_sdk/protocol2_packet_handler.h
[1.576s] -- Symlinking: /home/hossein/turtlebot3_rl/install/dynamixel_sdk/lib/libdynamixel_sdk.so
[1.594s] -- Symlinking: /home/hossein/turtlebot3_rl/install/dynamixel_sdk/share/dynamixel_sdk/environment/library_path.sh
[1.611s] -- Symlinking: /home/hossein/turtlebot3_rl/install/dynamixel_sdk/share/ament_index/resource_index/package_run_dependencies/dynamixel_sdk
[1.627s] -- Symlinking: /home/hossein/turtlebot3_rl/install/dynamixel_sdk/share/ament_index/resource_index/parent_prefix_path/dynamixel_sdk
[1.639s] -- Symlinking: /home/hossein/turtlebot3_rl/install/dynamixel_sdk/share/dynamixel_sdk/environment/ament_prefix_path.sh
[1.653s] -- Symlinking: /home/hossein/turtlebot3_rl/install/dynamixel_sdk/share/dynamixel_sdk/environment/path.sh
[1.669s] -- Symlinking: /home/hossein/turtlebot3_rl/install/dynamixel_sdk/share/dynamixel_sdk/local_setup.bash
[1.684s] -- Symlinking: /home/hossein/turtlebot3_rl/install/dynamixel_sdk/share/dynamixel_sdk/local_setup.sh
[1.700s] -- Symlinking: /home/hossein/turtlebot3_rl/install/dynamixel_sdk/share/dynamixel_sdk/local_setup.zsh
[1.716s] -- Symlinking: /home/hossein/turtlebot3_rl/install/dynamixel_sdk/share/ament_index/resource_index/packages/dynamixel_sdk
[1.734s] -- Symlinking: /home/hossein/turtlebot3_rl/install/dynamixel_sdk/share/dynamixel_sdk/cmake/ament_cmake_export_include_directories-extras.cmake
[1.750s] -- Symlinking: /home/hossein/turtlebot3_rl/install/dynamixel_sdk/share/dynamixel_sdk/cmake/ament_cmake_export_libraries-extras.cmake
[1.768s] -- Symlinking: /home/hossein/turtlebot3_rl/install/dynamixel_sdk/share/dynamixel_sdk/cmake/dynamixel_sdkConfig.cmake
[1.784s] -- Symlinking: /home/hossein/turtlebot3_rl/install/dynamixel_sdk/share/dynamixel_sdk/cmake/dynamixel_sdkConfig-version.cmake
[1.796s] -- Symlinking: /home/hossein/turtlebot3_rl/install/dynamixel_sdk/share/dynamixel_sdk/package.xml
[1.842s] Invoked command in '/home/hossein/turtlebot3_rl/build/dynamixel_sdk' returned '0': CMAKE_PREFIX_PATH=/home/hossein/turtlebot3_rl/install/turtlebot3_rl:/opt/ros/dashing PS1=(tf_ros) \[\e]0;\u@\h: \w\a\]${debian_chroot:+($debian_chroot)}\[\033[01;32m\]\u@\h\[\033[00m\]:\[\033[01;34m\]\w\[\033[00m\]\$ /usr/bin/cmake --build /home/hossein/turtlebot3_rl/build/dynamixel_sdk --target install -- -j8 -l8
