[0.069s] Invoking command in '/home/hossein/turtlebot3_rl/build/turtlebot3_description': CMAKE_PREFIX_PATH=/home/hossein/turtlebot3_rl/install/turtlebot3_rl:/opt/ros/dashing PS1=(tf_ros) \[\e]0;\u@\h: \w\a\]${debian_chroot:+($debian_chroot)}\[\033[01;32m\]\u@\h\[\033[00m\]:\[\033[01;34m\]\w\[\033[00m\]\$ /usr/bin/cmake /home/hossein/turtlebot3_rl/src/turtlebot3/turtlebot3/turtlebot3_description -DCMAKE_INSTALL_PREFIX=/home/hossein/turtlebot3_rl/install/turtlebot3_description
[1.105s] -- The C compiler identification is GNU 7.5.0
[1.105s] -- The CXX compiler identification is GNU 7.5.0
[1.105s] -- Check for working C compiler: /usr/bin/cc
[1.105s] -- Check for working C compiler: /usr/bin/cc -- works
[1.105s] -- Detecting C compiler ABI info
[1.106s] -- Detecting C compiler ABI info - done
[1.106s] -- Detecting C compile features
[1.106s] -- Detecting C compile features - done
[1.106s] -- Check for working CXX compiler: /usr/bin/c++
[1.106s] -- Check for working CXX compiler: /usr/bin/c++ -- works
[1.106s] -- Detecting CXX compiler ABI info
[1.203s] -- Detecting CXX compiler ABI info - done
[1.209s] -- Detecting CXX compile features
[1.892s] -- Detecting CXX compile features - done
[1.896s] -- Found ament_cmake: 0.7.4 (/opt/ros/dashing/share/ament_cmake/cmake)
[1.959s] -- Found PythonInterp: /home/hossein/tf_ros/bin/python3 (found suitable version "3.6.9", minimum required is "3") 
[1.959s] -- Using PYTHON_EXECUTABLE: /home/hossein/tf_ros/bin/python3
[2.255s] -- Found urdf: 2.2.0 (/opt/ros/dashing/share/urdf/cmake)
[2.406s] -- Configuring done
[2.410s] -- Generating done
[2.412s] -- Build files have been written to: /home/hossein/turtlebot3_rl/build/turtlebot3_description
[2.427s] Invoked command in '/home/hossein/turtlebot3_rl/build/turtlebot3_description' returned '0': CMAKE_PREFIX_PATH=/home/hossein/turtlebot3_rl/install/turtlebot3_rl:/opt/ros/dashing PS1=(tf_ros) \[\e]0;\u@\h: \w\a\]${debian_chroot:+($debian_chroot)}\[\033[01;32m\]\u@\h\[\033[00m\]:\[\033[01;34m\]\w\[\033[00m\]\$ /usr/bin/cmake /home/hossein/turtlebot3_rl/src/turtlebot3/turtlebot3/turtlebot3_description -DCMAKE_INSTALL_PREFIX=/home/hossein/turtlebot3_rl/install/turtlebot3_description
[2.431s] Invoking command in '/home/hossein/turtlebot3_rl/build/turtlebot3_description': CMAKE_PREFIX_PATH=/home/hossein/turtlebot3_rl/install/turtlebot3_rl:/opt/ros/dashing PS1=(tf_ros) \[\e]0;\u@\h: \w\a\]${debian_chroot:+($debian_chroot)}\[\033[01;32m\]\u@\h\[\033[00m\]:\[\033[01;34m\]\w\[\033[00m\]\$ /usr/bin/cmake --build /home/hossein/turtlebot3_rl/build/turtlebot3_description -- -j8 -l8
[2.496s] Invoked command in '/home/hossein/turtlebot3_rl/build/turtlebot3_description' returned '0': CMAKE_PREFIX_PATH=/home/hossein/turtlebot3_rl/install/turtlebot3_rl:/opt/ros/dashing PS1=(tf_ros) \[\e]0;\u@\h: \w\a\]${debian_chroot:+($debian_chroot)}\[\033[01;32m\]\u@\h\[\033[00m\]:\[\033[01;34m\]\w\[\033[00m\]\$ /usr/bin/cmake --build /home/hossein/turtlebot3_rl/build/turtlebot3_description -- -j8 -l8
[2.717s] Invoking command in '/home/hossein/turtlebot3_rl/build/turtlebot3_description': CMAKE_PREFIX_PATH=/home/hossein/turtlebot3_rl/install/turtlebot3_rl:/opt/ros/dashing PS1=(tf_ros) \[\e]0;\u@\h: \w\a\]${debian_chroot:+($debian_chroot)}\[\033[01;32m\]\u@\h\[\033[00m\]:\[\033[01;34m\]\w\[\033[00m\]\$ /usr/bin/cmake --build /home/hossein/turtlebot3_rl/build/turtlebot3_description --target install -- -j8 -l8
[2.942s] [36mInstall the project...[0m
[2.972s] -- Install configuration: ""
[2.973s] -- Installing: /home/hossein/turtlebot3_rl/install/turtlebot3_description/share/turtlebot3_description/meshes
[2.973s] -- Installing: /home/hossein/turtlebot3_rl/install/turtlebot3_description/share/turtlebot3_description/meshes/bases
[2.973s] -- Installing: /home/hossein/turtlebot3_rl/install/turtlebot3_description/share/turtlebot3_description/meshes/bases/waffle_base.stl
[2.995s] -- Installing: /home/hossein/turtlebot3_rl/install/turtlebot3_description/share/turtlebot3_description/meshes/bases/waffle_pi_base.stl
[3.007s] -- Installing: /home/hossein/turtlebot3_rl/install/turtlebot3_description/share/turtlebot3_description/meshes/bases/burger_base.stl
[3.016s] -- Installing: /home/hossein/turtlebot3_rl/install/turtlebot3_description/share/turtlebot3_description/meshes/sensors
[3.017s] -- Installing: /home/hossein/turtlebot3_rl/install/turtlebot3_description/share/turtlebot3_description/meshes/sensors/lds.stl
[3.018s] -- Installing: /home/hossein/turtlebot3_rl/install/turtlebot3_description/share/turtlebot3_description/meshes/sensors/astra.jpg
[3.019s] -- Installing: /home/hossein/turtlebot3_rl/install/turtlebot3_description/share/turtlebot3_description/meshes/sensors/r200.jpg
[3.019s] -- Installing: /home/hossein/turtlebot3_rl/install/turtlebot3_description/share/turtlebot3_description/meshes/sensors/r200.dae
[3.020s] -- Installing: /home/hossein/turtlebot3_rl/install/turtlebot3_description/share/turtlebot3_description/meshes/sensors/astra.dae
[3.033s] -- Installing: /home/hossein/turtlebot3_rl/install/turtlebot3_description/share/turtlebot3_description/meshes/wheels
[3.034s] -- Installing: /home/hossein/turtlebot3_rl/install/turtlebot3_description/share/turtlebot3_description/meshes/wheels/left_tire.stl
[3.036s] -- Installing: /home/hossein/turtlebot3_rl/install/turtlebot3_description/share/turtlebot3_description/meshes/wheels/right_tire.stl
[3.038s] -- Installing: /home/hossein/turtlebot3_rl/install/turtlebot3_description/share/turtlebot3_description/rviz
[3.039s] -- Installing: /home/hossein/turtlebot3_rl/install/turtlebot3_description/share/turtlebot3_description/rviz/model.rviz
[3.039s] -- Installing: /home/hossein/turtlebot3_rl/install/turtlebot3_description/share/turtlebot3_description/urdf
[3.040s] -- Installing: /home/hossein/turtlebot3_rl/install/turtlebot3_description/share/turtlebot3_description/urdf/turtlebot3_burger.urdf
[3.040s] -- Installing: /home/hossein/turtlebot3_rl/install/turtlebot3_description/share/turtlebot3_description/urdf/common_properties.urdf
[3.041s] -- Installing: /home/hossein/turtlebot3_rl/install/turtlebot3_description/share/turtlebot3_description/urdf/turtlebot3_waffle.urdf
[3.041s] -- Installing: /home/hossein/turtlebot3_rl/install/turtlebot3_description/share/turtlebot3_description/urdf/turtlebot3_waffle_pi.urdf
[3.042s] -- Installing: /home/hossein/turtlebot3_rl/install/turtlebot3_description/share/ament_index/resource_index/package_run_dependencies/turtlebot3_description
[3.043s] -- Installing: /home/hossein/turtlebot3_rl/install/turtlebot3_description/share/ament_index/resource_index/parent_prefix_path/turtlebot3_description
[3.043s] -- Installing: /home/hossein/turtlebot3_rl/install/turtlebot3_description/share/turtlebot3_description/environment/ament_prefix_path.sh
[3.044s] -- Installing: /home/hossein/turtlebot3_rl/install/turtlebot3_description/share/turtlebot3_description/environment/path.sh
[3.044s] -- Installing: /home/hossein/turtlebot3_rl/install/turtlebot3_description/share/turtlebot3_description/local_setup.bash
[3.044s] -- Installing: /home/hossein/turtlebot3_rl/install/turtlebot3_description/share/turtlebot3_description/local_setup.sh
[3.045s] -- Installing: /home/hossein/turtlebot3_rl/install/turtlebot3_description/share/turtlebot3_description/local_setup.zsh
[3.059s] -- Installing: /home/hossein/turtlebot3_rl/install/turtlebot3_description/share/ament_index/resource_index/packages/turtlebot3_description
[3.059s] -- Installing: /home/hossein/turtlebot3_rl/install/turtlebot3_description/share/turtlebot3_description/cmake/turtlebot3_descriptionConfig.cmake
[3.061s] -- Installing: /home/hossein/turtlebot3_rl/install/turtlebot3_description/share/turtlebot3_description/cmake/turtlebot3_descriptionConfig-version.cmake
[3.062s] -- Installing: /home/hossein/turtlebot3_rl/install/turtlebot3_description/share/turtlebot3_description/package.xml
[3.063s] Invoked command in '/home/hossein/turtlebot3_rl/build/turtlebot3_description' returned '0': CMAKE_PREFIX_PATH=/home/hossein/turtlebot3_rl/install/turtlebot3_rl:/opt/ros/dashing PS1=(tf_ros) \[\e]0;\u@\h: \w\a\]${debian_chroot:+($debian_chroot)}\[\033[01;32m\]\u@\h\[\033[00m\]:\[\033[01;34m\]\w\[\033[00m\]\$ /usr/bin/cmake --build /home/hossein/turtlebot3_rl/build/turtlebot3_description --target install -- -j8 -l8
