-- Found ament_cmake: 0.7.4 (/opt/ros/dashing/share/ament_cmake/cmake)
-- Using PYTHON_EXECUTABLE: /home/hossein/tf_ros/bin/python3
-- Override CMake install command with custom implementation using symlinks instead of copying resources
-- Configuring done
-- Generating done
-- Build files have been written to: /home/hossein/turtlebot3_rl/build/turtlebot3_navigation2
[36mInstall the project...[0m
-- Install configuration: ""
-- Execute custom install script
-- Symlinking: /home/hossein/turtlebot3_rl/install/turtlebot3_navigation2/share/turtlebot3_navigation2/launch/navigation2.launch.py
-- Symlinking: /home/hossein/turtlebot3_rl/install/turtlebot3_navigation2/share/turtlebot3_navigation2/map/map.pgm
-- Symlinking: /home/hossein/turtlebot3_rl/install/turtlebot3_navigation2/share/turtlebot3_navigation2/map/map.yaml
-- Symlinking: /home/hossein/turtlebot3_rl/install/turtlebot3_navigation2/share/turtlebot3_navigation2/param/burger.yaml
-- Symlinking: /home/hossein/turtlebot3_rl/install/turtlebot3_navigation2/share/turtlebot3_navigation2/param/waffle.yaml
-- Symlinking: /home/hossein/turtlebot3_rl/install/turtlebot3_navigation2/share/turtlebot3_navigation2/param/waffle_pi.yaml
-- Symlinking: /home/hossein/turtlebot3_rl/install/turtlebot3_navigation2/share/turtlebot3_navigation2/rviz/tb3_navigation2.rviz
-- Symlinking: /home/hossein/turtlebot3_rl/install/turtlebot3_navigation2/share/ament_index/resource_index/package_run_dependencies/turtlebot3_navigation2
-- Symlinking: /home/hossein/turtlebot3_rl/install/turtlebot3_navigation2/share/ament_index/resource_index/parent_prefix_path/turtlebot3_navigation2
-- Symlinking: /home/hossein/turtlebot3_rl/install/turtlebot3_navigation2/share/turtlebot3_navigation2/environment/ament_prefix_path.sh
-- Symlinking: /home/hossein/turtlebot3_rl/install/turtlebot3_navigation2/share/turtlebot3_navigation2/environment/path.sh
-- Symlinking: /home/hossein/turtlebot3_rl/install/turtlebot3_navigation2/share/turtlebot3_navigation2/local_setup.bash
-- Symlinking: /home/hossein/turtlebot3_rl/install/turtlebot3_navigation2/share/turtlebot3_navigation2/local_setup.sh
-- Symlinking: /home/hossein/turtlebot3_rl/install/turtlebot3_navigation2/share/turtlebot3_navigation2/local_setup.zsh
-- Symlinking: /home/hossein/turtlebot3_rl/install/turtlebot3_navigation2/share/ament_index/resource_index/packages/turtlebot3_navigation2
-- Symlinking: /home/hossein/turtlebot3_rl/install/turtlebot3_navigation2/share/turtlebot3_navigation2/cmake/turtlebot3_navigation2Config.cmake
-- Symlinking: /home/hossein/turtlebot3_rl/install/turtlebot3_navigation2/share/turtlebot3_navigation2/cmake/turtlebot3_navigation2Config-version.cmake
-- Symlinking: /home/hossein/turtlebot3_rl/install/turtlebot3_navigation2/share/turtlebot3_navigation2/package.xml
