[0.066s] Invoking command in '/home/hossein/turtlebot3_rl/build/turtlebot3_navigation2': CMAKE_PREFIX_PATH=/home/hossein/turtlebot3_rl/install/turtlebot3_rl:/opt/ros/dashing PS1=(tf_ros) \[\e]0;\u@\h: \w\a\]${debian_chroot:+($debian_chroot)}\[\033[01;32m\]\u@\h\[\033[00m\]:\[\033[01;34m\]\w\[\033[00m\]\$ /usr/bin/cmake /home/hossein/turtlebot3_rl/src/turtlebot3/turtlebot3/turtlebot3_navigation2 -DAMENT_CMAKE_SYMLINK_INSTALL=1 -DCMAKE_INSTALL_PREFIX=/home/hossein/turtlebot3_rl/install/turtlebot3_navigation2
[0.906s] -- Found ament_cmake: 0.7.4 (/opt/ros/dashing/share/ament_cmake/cmake)
[0.906s] -- Using PYTHON_EXECUTABLE: /home/hossein/tf_ros/bin/python3
[0.906s] -- Override CMake install command with custom implementation using symlinks instead of copying resources
[0.906s] -- Configuring done
[0.906s] -- Generating done
[0.906s] -- Build files have been written to: /home/hossein/turtlebot3_rl/build/turtlebot3_navigation2
[0.919s] Invoked command in '/home/hossein/turtlebot3_rl/build/turtlebot3_navigation2' returned '0': CMAKE_PREFIX_PATH=/home/hossein/turtlebot3_rl/install/turtlebot3_rl:/opt/ros/dashing PS1=(tf_ros) \[\e]0;\u@\h: \w\a\]${debian_chroot:+($debian_chroot)}\[\033[01;32m\]\u@\h\[\033[00m\]:\[\033[01;34m\]\w\[\033[00m\]\$ /usr/bin/cmake /home/hossein/turtlebot3_rl/src/turtlebot3/turtlebot3/turtlebot3_navigation2 -DAMENT_CMAKE_SYMLINK_INSTALL=1 -DCMAKE_INSTALL_PREFIX=/home/hossein/turtlebot3_rl/install/turtlebot3_navigation2
[0.922s] Invoking command in '/home/hossein/turtlebot3_rl/build/turtlebot3_navigation2': CMAKE_PREFIX_PATH=/home/hossein/turtlebot3_rl/install/turtlebot3_rl:/opt/ros/dashing PS1=(tf_ros) \[\e]0;\u@\h: \w\a\]${debian_chroot:+($debian_chroot)}\[\033[01;32m\]\u@\h\[\033[00m\]:\[\033[01;34m\]\w\[\033[00m\]\$ /usr/bin/cmake --build /home/hossein/turtlebot3_rl/build/turtlebot3_navigation2 -- -j8 -l8
[1.001s] Invoked command in '/home/hossein/turtlebot3_rl/build/turtlebot3_navigation2' returned '0': CMAKE_PREFIX_PATH=/home/hossein/turtlebot3_rl/install/turtlebot3_rl:/opt/ros/dashing PS1=(tf_ros) \[\e]0;\u@\h: \w\a\]${debian_chroot:+($debian_chroot)}\[\033[01;32m\]\u@\h\[\033[00m\]:\[\033[01;34m\]\w\[\033[00m\]\$ /usr/bin/cmake --build /home/hossein/turtlebot3_rl/build/turtlebot3_navigation2 -- -j8 -l8
[1.079s] Invoking command in '/home/hossein/turtlebot3_rl/build/turtlebot3_navigation2': CMAKE_PREFIX_PATH=/home/hossein/turtlebot3_rl/install/turtlebot3_rl:/opt/ros/dashing PS1=(tf_ros) \[\e]0;\u@\h: \w\a\]${debian_chroot:+($debian_chroot)}\[\033[01;32m\]\u@\h\[\033[00m\]:\[\033[01;34m\]\w\[\033[00m\]\$ /usr/bin/cmake --build /home/hossein/turtlebot3_rl/build/turtlebot3_navigation2 --target install -- -j8 -l8
[1.185s] [36mInstall the project...[0m
[1.207s] -- Install configuration: ""
[1.208s] -- Execute custom install script
[1.209s] -- Symlinking: /home/hossein/turtlebot3_rl/install/turtlebot3_navigation2/share/turtlebot3_navigation2/launch/navigation2.launch.py
[1.231s] -- Symlinking: /home/hossein/turtlebot3_rl/install/turtlebot3_navigation2/share/turtlebot3_navigation2/map/map.pgm
[1.245s] -- Symlinking: /home/hossein/turtlebot3_rl/install/turtlebot3_navigation2/share/turtlebot3_navigation2/map/map.yaml
[1.265s] -- Symlinking: /home/hossein/turtlebot3_rl/install/turtlebot3_navigation2/share/turtlebot3_navigation2/param/burger.yaml
[1.283s] -- Symlinking: /home/hossein/turtlebot3_rl/install/turtlebot3_navigation2/share/turtlebot3_navigation2/param/waffle.yaml
[1.302s] -- Symlinking: /home/hossein/turtlebot3_rl/install/turtlebot3_navigation2/share/turtlebot3_navigation2/param/waffle_pi.yaml
[1.323s] -- Symlinking: /home/hossein/turtlebot3_rl/install/turtlebot3_navigation2/share/turtlebot3_navigation2/rviz/tb3_navigation2.rviz
[1.342s] -- Symlinking: /home/hossein/turtlebot3_rl/install/turtlebot3_navigation2/share/ament_index/resource_index/package_run_dependencies/turtlebot3_navigation2
[1.361s] -- Symlinking: /home/hossein/turtlebot3_rl/install/turtlebot3_navigation2/share/ament_index/resource_index/parent_prefix_path/turtlebot3_navigation2
[1.379s] -- Symlinking: /home/hossein/turtlebot3_rl/install/turtlebot3_navigation2/share/turtlebot3_navigation2/environment/ament_prefix_path.sh
[1.398s] -- Symlinking: /home/hossein/turtlebot3_rl/install/turtlebot3_navigation2/share/turtlebot3_navigation2/environment/path.sh
[1.415s] -- Symlinking: /home/hossein/turtlebot3_rl/install/turtlebot3_navigation2/share/turtlebot3_navigation2/local_setup.bash
[1.438s] -- Symlinking: /home/hossein/turtlebot3_rl/install/turtlebot3_navigation2/share/turtlebot3_navigation2/local_setup.sh
[1.455s] -- Symlinking: /home/hossein/turtlebot3_rl/install/turtlebot3_navigation2/share/turtlebot3_navigation2/local_setup.zsh
[1.477s] -- Symlinking: /home/hossein/turtlebot3_rl/install/turtlebot3_navigation2/share/ament_index/resource_index/packages/turtlebot3_navigation2
[1.498s] -- Symlinking: /home/hossein/turtlebot3_rl/install/turtlebot3_navigation2/share/turtlebot3_navigation2/cmake/turtlebot3_navigation2Config.cmake
[1.516s] -- Symlinking: /home/hossein/turtlebot3_rl/install/turtlebot3_navigation2/share/turtlebot3_navigation2/cmake/turtlebot3_navigation2Config-version.cmake
[1.535s] -- Symlinking: /home/hossein/turtlebot3_rl/install/turtlebot3_navigation2/share/turtlebot3_navigation2/package.xml
[1.557s] Invoked command in '/home/hossein/turtlebot3_rl/build/turtlebot3_navigation2' returned '0': CMAKE_PREFIX_PATH=/home/hossein/turtlebot3_rl/install/turtlebot3_rl:/opt/ros/dashing PS1=(tf_ros) \[\e]0;\u@\h: \w\a\]${debian_chroot:+($debian_chroot)}\[\033[01;32m\]\u@\h\[\033[00m\]:\[\033[01;34m\]\w\[\033[00m\]\$ /usr/bin/cmake --build /home/hossein/turtlebot3_rl/build/turtlebot3_navigation2 --target install -- -j8 -l8
