-- Found ament_cmake: 0.7.4 (/opt/ros/dashing/share/ament_cmake/cmake)
-- Using PYTHON_EXECUTABLE: /home/hossein/tf_ros/bin/python3
-- Override CMake install command with custom implementation using symlinks instead of copying resources
-- Found gazebo_ros_pkgs: 3.3.5 (/opt/ros/dashing/share/gazebo_ros_pkgs/cmake)
-- Found geometry_msgs: 0.7.0 (/opt/ros/dashing/share/geometry_msgs/cmake)
-- Found rosidl_adapter: 0.7.9 (/opt/ros/dashing/share/rosidl_adapter/cmake)
-- Found nav_msgs: 0.7.0 (/opt/ros/dashing/share/nav_msgs/cmake)
-- Found rclcpp: 0.7.13 (/opt/ros/dashing/share/rclcpp/cmake)
-- Found rmw_implementation_cmake: 0.7.2 (/opt/ros/dashing/share/rmw_implementation_cmake/cmake)
-- Using RMW implementation 'rmw_fastrtps_cpp' as default
-- Found sensor_msgs: 0.7.0 (/opt/ros/dashing/share/sensor_msgs/cmake)
-- Found tf2: 0.11.6 (/opt/ros/dashing/share/tf2/cmake)
-- Found turtlebot3: 2.1.0 (/home/hossein/turtlebot3_rl/install/turtlebot3/share/turtlebot3/cmake)
-- Configuring done
-- Generating done
-- Build files have been written to: /home/hossein/turtlebot3_rl/build/turtlebot3_gazebo
[ 50%] [32m[1mLinking CXX executable turtlebot3_drive[0m
[100%] Built target turtlebot3_drive
[100%] Built target turtlebot3_drive
[36mInstall the project...[0m
-- Install configuration: ""
-- Execute custom install script
-- Symlinking: /home/hossein/turtlebot3_rl/install/turtlebot3_gazebo/lib/turtlebot3_gazebo/turtlebot3_drive
-- Symlinking: /home/hossein/turtlebot3_rl/install/turtlebot3_gazebo/share/turtlebot3_gazebo//launch/empty_world.launch.py
-- Symlinking: /home/hossein/turtlebot3_rl/install/turtlebot3_gazebo/share/turtlebot3_gazebo//launch/robot_state_publisher.launch.py
-- Symlinking: /home/hossein/turtlebot3_rl/install/turtlebot3_gazebo/share/turtlebot3_gazebo//launch/turtlebot3_autorace.launch.py
-- Symlinking: /home/hossein/turtlebot3_rl/install/turtlebot3_gazebo/share/turtlebot3_gazebo//launch/turtlebot3_dqn_stage1.launch.py
-- Symlinking: /home/hossein/turtlebot3_rl/install/turtlebot3_gazebo/share/turtlebot3_gazebo//launch/turtlebot3_dqn_stage2.launch.py
-- Symlinking: /home/hossein/turtlebot3_rl/install/turtlebot3_gazebo/share/turtlebot3_gazebo//launch/turtlebot3_dqn_stage3.launch.py
-- Symlinking: /home/hossein/turtlebot3_rl/install/turtlebot3_gazebo/share/turtlebot3_gazebo//launch/turtlebot3_dqn_stage4.launch.py
-- Symlinking: /home/hossein/turtlebot3_rl/install/turtlebot3_gazebo/share/turtlebot3_gazebo//launch/turtlebot3_house.launch.py
-- Symlinking: /home/hossein/turtlebot3_rl/install/turtlebot3_gazebo/share/turtlebot3_gazebo//launch/turtlebot3_world.launch.py
-- Symlinking: /home/hossein/turtlebot3_rl/install/turtlebot3_gazebo/share/turtlebot3_gazebo//models/turtlebot3_autorace/course/materials/scripts/course.material
-- Symlinking: /home/hossein/turtlebot3_rl/install/turtlebot3_gazebo/share/turtlebot3_gazebo//models/turtlebot3_autorace/course/materials/textures/course.png
-- Symlinking: /home/hossein/turtlebot3_rl/install/turtlebot3_gazebo/share/turtlebot3_gazebo//models/turtlebot3_autorace/course/model.config
-- Symlinking: /home/hossein/turtlebot3_rl/install/turtlebot3_gazebo/share/turtlebot3_gazebo//models/turtlebot3_autorace/course/model.sdf
-- Symlinking: /home/hossein/turtlebot3_rl/install/turtlebot3_gazebo/share/turtlebot3_gazebo//models/turtlebot3_autorace/ground/model.config
-- Symlinking: /home/hossein/turtlebot3_rl/install/turtlebot3_gazebo/share/turtlebot3_gazebo//models/turtlebot3_autorace/ground/model.sdf
-- Symlinking: /home/hossein/turtlebot3_rl/install/turtlebot3_gazebo/share/turtlebot3_gazebo//models/turtlebot3_autorace/lights/model.config
-- Symlinking: /home/hossein/turtlebot3_rl/install/turtlebot3_gazebo/share/turtlebot3_gazebo//models/turtlebot3_autorace/lights/model.sdf
-- Symlinking: /home/hossein/turtlebot3_rl/install/turtlebot3_gazebo/share/turtlebot3_gazebo//models/turtlebot3_autorace/model.config
-- Symlinking: /home/hossein/turtlebot3_rl/install/turtlebot3_gazebo/share/turtlebot3_gazebo//models/turtlebot3_autorace/traffic_bar_down/materials/scripts/traffic_bar.material
-- Symlinking: /home/hossein/turtlebot3_rl/install/turtlebot3_gazebo/share/turtlebot3_gazebo//models/turtlebot3_autorace/traffic_bar_down/materials/textures/traffic_bar.png
-- Symlinking: /home/hossein/turtlebot3_rl/install/turtlebot3_gazebo/share/turtlebot3_gazebo//models/turtlebot3_autorace/traffic_bar_down/model.config
-- Symlinking: /home/hossein/turtlebot3_rl/install/turtlebot3_gazebo/share/turtlebot3_gazebo//models/turtlebot3_autorace/traffic_bar_down/model.sdf
-- Symlinking: /home/hossein/turtlebot3_rl/install/turtlebot3_gazebo/share/turtlebot3_gazebo//models/turtlebot3_autorace/traffic_bar_up/materials/scripts/traffic_bar.material
-- Symlinking: /home/hossein/turtlebot3_rl/install/turtlebot3_gazebo/share/turtlebot3_gazebo//models/turtlebot3_autorace/traffic_bar_up/materials/textures/traffic_bar.png
-- Symlinking: /home/hossein/turtlebot3_rl/install/turtlebot3_gazebo/share/turtlebot3_gazebo//models/turtlebot3_autorace/traffic_bar_up/model.config
-- Symlinking: /home/hossein/turtlebot3_rl/install/turtlebot3_gazebo/share/turtlebot3_gazebo//models/turtlebot3_autorace/traffic_bar_up/model.sdf
-- Symlinking: /home/hossein/turtlebot3_rl/install/turtlebot3_gazebo/share/turtlebot3_gazebo//models/turtlebot3_autorace/traffic_light_green/model.config
-- Symlinking: /home/hossein/turtlebot3_rl/install/turtlebot3_gazebo/share/turtlebot3_gazebo//models/turtlebot3_autorace/traffic_light_green/model.sdf
-- Symlinking: /home/hossein/turtlebot3_rl/install/turtlebot3_gazebo/share/turtlebot3_gazebo//models/turtlebot3_autorace/traffic_light_red/model.config
-- Symlinking: /home/hossein/turtlebot3_rl/install/turtlebot3_gazebo/share/turtlebot3_gazebo//models/turtlebot3_autorace/traffic_light_red/model.sdf
-- Symlinking: /home/hossein/turtlebot3_rl/install/turtlebot3_gazebo/share/turtlebot3_gazebo//models/turtlebot3_autorace/traffic_light_yellow/model.config
-- Symlinking: /home/hossein/turtlebot3_rl/install/turtlebot3_gazebo/share/turtlebot3_gazebo//models/turtlebot3_autorace/traffic_light_yellow/model.sdf
-- Symlinking: /home/hossein/turtlebot3_rl/install/turtlebot3_gazebo/share/turtlebot3_gazebo//models/turtlebot3_autorace/traffic_parking/materials/scripts/traffic_parking.material
-- Symlinking: /home/hossein/turtlebot3_rl/install/turtlebot3_gazebo/share/turtlebot3_gazebo//models/turtlebot3_autorace/traffic_parking/materials/textures/traffic_parking.png
-- Symlinking: /home/hossein/turtlebot3_rl/install/turtlebot3_gazebo/share/turtlebot3_gazebo//models/turtlebot3_autorace/traffic_parking/model.config
-- Symlinking: /home/hossein/turtlebot3_rl/install/turtlebot3_gazebo/share/turtlebot3_gazebo//models/turtlebot3_autorace/traffic_parking/model.sdf
-- Symlinking: /home/hossein/turtlebot3_rl/install/turtlebot3_gazebo/share/turtlebot3_gazebo//models/turtlebot3_autorace/traffic_stop/materials/scripts/traffic_stop.material
-- Symlinking: /home/hossein/turtlebot3_rl/install/turtlebot3_gazebo/share/turtlebot3_gazebo//models/turtlebot3_autorace/traffic_stop/materials/textures/traffic_stop.png
-- Symlinking: /home/hossein/turtlebot3_rl/install/turtlebot3_gazebo/share/turtlebot3_gazebo//models/turtlebot3_autorace/traffic_stop/model.config
-- Symlinking: /home/hossein/turtlebot3_rl/install/turtlebot3_gazebo/share/turtlebot3_gazebo//models/turtlebot3_autorace/traffic_stop/model.sdf
-- Symlinking: /home/hossein/turtlebot3_rl/install/turtlebot3_gazebo/share/turtlebot3_gazebo//models/turtlebot3_autorace/traffic_tunnel/materials/scripts/tunnel.material
-- Symlinking: /home/hossein/turtlebot3_rl/install/turtlebot3_gazebo/share/turtlebot3_gazebo//models/turtlebot3_autorace/traffic_tunnel/materials/textures/tunnel.png
-- Symlinking: /home/hossein/turtlebot3_rl/install/turtlebot3_gazebo/share/turtlebot3_gazebo//models/turtlebot3_autorace/traffic_tunnel/model.config
-- Symlinking: /home/hossein/turtlebot3_rl/install/turtlebot3_gazebo/share/turtlebot3_gazebo//models/turtlebot3_autorace/traffic_tunnel/model.sdf
-- Symlinking: /home/hossein/turtlebot3_rl/install/turtlebot3_gazebo/share/turtlebot3_gazebo//models/turtlebot3_autorace/tunnel_obstacles/model.config
-- Symlinking: /home/hossein/turtlebot3_rl/install/turtlebot3_gazebo/share/turtlebot3_gazebo//models/turtlebot3_autorace/tunnel_obstacles/model.sdf
-- Symlinking: /home/hossein/turtlebot3_rl/install/turtlebot3_gazebo/share/turtlebot3_gazebo//models/turtlebot3_autorace/tunnel_wall/model.config
-- Symlinking: /home/hossein/turtlebot3_rl/install/turtlebot3_gazebo/share/turtlebot3_gazebo//models/turtlebot3_autorace/tunnel_wall/model.sdf
-- Symlinking: /home/hossein/turtlebot3_rl/install/turtlebot3_gazebo/share/turtlebot3_gazebo//models/turtlebot3_burger/meshes/burger_base.dae
-- Symlinking: /home/hossein/turtlebot3_rl/install/turtlebot3_gazebo/share/turtlebot3_gazebo//models/turtlebot3_burger/meshes/lds.dae
-- Symlinking: /home/hossein/turtlebot3_rl/install/turtlebot3_gazebo/share/turtlebot3_gazebo//models/turtlebot3_burger/meshes/left_tire.dae
-- Symlinking: /home/hossein/turtlebot3_rl/install/turtlebot3_gazebo/share/turtlebot3_gazebo//models/turtlebot3_burger/meshes/right_tire.dae
-- Symlinking: /home/hossein/turtlebot3_rl/install/turtlebot3_gazebo/share/turtlebot3_gazebo//models/turtlebot3_burger/model-1_4.sdf
-- Symlinking: /home/hossein/turtlebot3_rl/install/turtlebot3_gazebo/share/turtlebot3_gazebo//models/turtlebot3_burger/model.config
-- Symlinking: /home/hossein/turtlebot3_rl/install/turtlebot3_gazebo/share/turtlebot3_gazebo//models/turtlebot3_burger/model.sdf
-- Symlinking: /home/hossein/turtlebot3_rl/install/turtlebot3_gazebo/share/turtlebot3_gazebo//models/turtlebot3_dqn_world/goal_box/model.config
-- Symlinking: /home/hossein/turtlebot3_rl/install/turtlebot3_gazebo/share/turtlebot3_gazebo//models/turtlebot3_dqn_world/goal_box/model.sdf
-- Symlinking: /home/hossein/turtlebot3_rl/install/turtlebot3_gazebo/share/turtlebot3_gazebo//models/turtlebot3_dqn_world/inner_walls/model.config
-- Symlinking: /home/hossein/turtlebot3_rl/install/turtlebot3_gazebo/share/turtlebot3_gazebo//models/turtlebot3_dqn_world/inner_walls/model.sdf
-- Symlinking: /home/hossein/turtlebot3_rl/install/turtlebot3_gazebo/share/turtlebot3_gazebo//models/turtlebot3_dqn_world/model.config
-- Symlinking: /home/hossein/turtlebot3_rl/install/turtlebot3_gazebo/share/turtlebot3_gazebo//models/turtlebot3_dqn_world/model.sdf
-- Symlinking: /home/hossein/turtlebot3_rl/install/turtlebot3_gazebo/share/turtlebot3_gazebo//models/turtlebot3_dqn_world/obstacle1/model.config
-- Symlinking: /home/hossein/turtlebot3_rl/install/turtlebot3_gazebo/share/turtlebot3_gazebo//models/turtlebot3_dqn_world/obstacle1/model.sdf
-- Symlinking: /home/hossein/turtlebot3_rl/install/turtlebot3_gazebo/share/turtlebot3_gazebo//models/turtlebot3_dqn_world/obstacle2/model.config
-- Symlinking: /home/hossein/turtlebot3_rl/install/turtlebot3_gazebo/share/turtlebot3_gazebo//models/turtlebot3_dqn_world/obstacle2/model.sdf
-- Symlinking: /home/hossein/turtlebot3_rl/install/turtlebot3_gazebo/share/turtlebot3_gazebo//models/turtlebot3_dqn_world/obstacle_plugin/CMakeLists.txt
-- Symlinking: /home/hossein/turtlebot3_rl/install/turtlebot3_gazebo/share/turtlebot3_gazebo//models/turtlebot3_dqn_world/obstacle_plugin/build/CMakeCache.txt
-- Symlinking: /home/hossein/turtlebot3_rl/install/turtlebot3_gazebo/share/turtlebot3_gazebo//models/turtlebot3_dqn_world/obstacle_plugin/build/CMakeFiles/3.10.2/CMakeCCompiler.cmake
-- Symlinking: /home/hossein/turtlebot3_rl/install/turtlebot3_gazebo/share/turtlebot3_gazebo//models/turtlebot3_dqn_world/obstacle_plugin/build/CMakeFiles/3.10.2/CMakeCXXCompiler.cmake
-- Symlinking: /home/hossein/turtlebot3_rl/install/turtlebot3_gazebo/share/turtlebot3_gazebo//models/turtlebot3_dqn_world/obstacle_plugin/build/CMakeFiles/3.10.2/CMakeDetermineCompilerABI_C.bin
-- Symlinking: /home/hossein/turtlebot3_rl/install/turtlebot3_gazebo/share/turtlebot3_gazebo//models/turtlebot3_dqn_world/obstacle_plugin/build/CMakeFiles/3.10.2/CMakeDetermineCompilerABI_CXX.bin
-- Symlinking: /home/hossein/turtlebot3_rl/install/turtlebot3_gazebo/share/turtlebot3_gazebo//models/turtlebot3_dqn_world/obstacle_plugin/build/CMakeFiles/3.10.2/CMakeSystem.cmake
-- Symlinking: /home/hossein/turtlebot3_rl/install/turtlebot3_gazebo/share/turtlebot3_gazebo//models/turtlebot3_dqn_world/obstacle_plugin/build/CMakeFiles/3.10.2/CompilerIdC/CMakeCCompilerId.c
-- Symlinking: /home/hossein/turtlebot3_rl/install/turtlebot3_gazebo/share/turtlebot3_gazebo//models/turtlebot3_dqn_world/obstacle_plugin/build/CMakeFiles/3.10.2/CompilerIdC/a.out
-- Symlinking: /home/hossein/turtlebot3_rl/install/turtlebot3_gazebo/share/turtlebot3_gazebo//models/turtlebot3_dqn_world/obstacle_plugin/build/CMakeFiles/3.10.2/CompilerIdCXX/CMakeCXXCompilerId.cpp
-- Symlinking: /home/hossein/turtlebot3_rl/install/turtlebot3_gazebo/share/turtlebot3_gazebo//models/turtlebot3_dqn_world/obstacle_plugin/build/CMakeFiles/3.10.2/CompilerIdCXX/a.out
-- Symlinking: /home/hossein/turtlebot3_rl/install/turtlebot3_gazebo/share/turtlebot3_gazebo//models/turtlebot3_dqn_world/obstacle_plugin/build/CMakeFiles/CMakeDirectoryInformation.cmake
-- Symlinking: /home/hossein/turtlebot3_rl/install/turtlebot3_gazebo/share/turtlebot3_gazebo//models/turtlebot3_dqn_world/obstacle_plugin/build/CMakeFiles/CMakeError.log
-- Symlinking: /home/hossein/turtlebot3_rl/install/turtlebot3_gazebo/share/turtlebot3_gazebo//models/turtlebot3_dqn_world/obstacle_plugin/build/CMakeFiles/CMakeOutput.log
-- Symlinking: /home/hossein/turtlebot3_rl/install/turtlebot3_gazebo/share/turtlebot3_gazebo//models/turtlebot3_dqn_world/obstacle_plugin/build/CMakeFiles/Makefile.cmake
-- Symlinking: /home/hossein/turtlebot3_rl/install/turtlebot3_gazebo/share/turtlebot3_gazebo//models/turtlebot3_dqn_world/obstacle_plugin/build/CMakeFiles/Makefile2
-- Symlinking: /home/hossein/turtlebot3_rl/install/turtlebot3_gazebo/share/turtlebot3_gazebo//models/turtlebot3_dqn_world/obstacle_plugin/build/CMakeFiles/TargetDirectories.txt
-- Symlinking: /home/hossein/turtlebot3_rl/install/turtlebot3_gazebo/share/turtlebot3_gazebo//models/turtlebot3_dqn_world/obstacle_plugin/build/CMakeFiles/cmake.check_cache
-- Symlinking: /home/hossein/turtlebot3_rl/install/turtlebot3_gazebo/share/turtlebot3_gazebo//models/turtlebot3_dqn_world/obstacle_plugin/build/CMakeFiles/feature_tests.bin
-- Symlinking: /home/hossein/turtlebot3_rl/install/turtlebot3_gazebo/share/turtlebot3_gazebo//models/turtlebot3_dqn_world/obstacle_plugin/build/CMakeFiles/feature_tests.c
-- Symlinking: /home/hossein/turtlebot3_rl/install/turtlebot3_gazebo/share/turtlebot3_gazebo//models/turtlebot3_dqn_world/obstacle_plugin/build/CMakeFiles/feature_tests.cxx
-- Symlinking: /home/hossein/turtlebot3_rl/install/turtlebot3_gazebo/share/turtlebot3_gazebo//models/turtlebot3_dqn_world/obstacle_plugin/build/CMakeFiles/obstacle1.dir/CXX.includecache
-- Symlinking: /home/hossein/turtlebot3_rl/install/turtlebot3_gazebo/share/turtlebot3_gazebo//models/turtlebot3_dqn_world/obstacle_plugin/build/CMakeFiles/obstacle1.dir/DependInfo.cmake
-- Symlinking: /home/hossein/turtlebot3_rl/install/turtlebot3_gazebo/share/turtlebot3_gazebo//models/turtlebot3_dqn_world/obstacle_plugin/build/CMakeFiles/obstacle1.dir/build.make
-- Symlinking: /home/hossein/turtlebot3_rl/install/turtlebot3_gazebo/share/turtlebot3_gazebo//models/turtlebot3_dqn_world/obstacle_plugin/build/CMakeFiles/obstacle1.dir/cmake_clean.cmake
-- Symlinking: /home/hossein/turtlebot3_rl/install/turtlebot3_gazebo/share/turtlebot3_gazebo//models/turtlebot3_dqn_world/obstacle_plugin/build/CMakeFiles/obstacle1.dir/depend.internal
-- Symlinking: /home/hossein/turtlebot3_rl/install/turtlebot3_gazebo/share/turtlebot3_gazebo//models/turtlebot3_dqn_world/obstacle_plugin/build/CMakeFiles/obstacle1.dir/depend.make
-- Symlinking: /home/hossein/turtlebot3_rl/install/turtlebot3_gazebo/share/turtlebot3_gazebo//models/turtlebot3_dqn_world/obstacle_plugin/build/CMakeFiles/obstacle1.dir/flags.make
-- Symlinking: /home/hossein/turtlebot3_rl/install/turtlebot3_gazebo/share/turtlebot3_gazebo//models/turtlebot3_dqn_world/obstacle_plugin/build/CMakeFiles/obstacle1.dir/link.txt
-- Symlinking: /home/hossein/turtlebot3_rl/install/turtlebot3_gazebo/share/turtlebot3_gazebo//models/turtlebot3_dqn_world/obstacle_plugin/build/CMakeFiles/obstacle1.dir/obstacle1.cc.o
-- Symlinking: /home/hossein/turtlebot3_rl/install/turtlebot3_gazebo/share/turtlebot3_gazebo//models/turtlebot3_dqn_world/obstacle_plugin/build/CMakeFiles/obstacle1.dir/progress.make
-- Symlinking: /home/hossein/turtlebot3_rl/install/turtlebot3_gazebo/share/turtlebot3_gazebo//models/turtlebot3_dqn_world/obstacle_plugin/build/CMakeFiles/obstacle2.dir/CXX.includecache
-- Symlinking: /home/hossein/turtlebot3_rl/install/turtlebot3_gazebo/share/turtlebot3_gazebo//models/turtlebot3_dqn_world/obstacle_plugin/build/CMakeFiles/obstacle2.dir/DependInfo.cmake
-- Symlinking: /home/hossein/turtlebot3_rl/install/turtlebot3_gazebo/share/turtlebot3_gazebo//models/turtlebot3_dqn_world/obstacle_plugin/build/CMakeFiles/obstacle2.dir/build.make
-- Symlinking: /home/hossein/turtlebot3_rl/install/turtlebot3_gazebo/share/turtlebot3_gazebo//models/turtlebot3_dqn_world/obstacle_plugin/build/CMakeFiles/obstacle2.dir/cmake_clean.cmake
-- Symlinking: /home/hossein/turtlebot3_rl/install/turtlebot3_gazebo/share/turtlebot3_gazebo//models/turtlebot3_dqn_world/obstacle_plugin/build/CMakeFiles/obstacle2.dir/depend.internal
-- Symlinking: /home/hossein/turtlebot3_rl/install/turtlebot3_gazebo/share/turtlebot3_gazebo//models/turtlebot3_dqn_world/obstacle_plugin/build/CMakeFiles/obstacle2.dir/depend.make
-- Symlinking: /home/hossein/turtlebot3_rl/install/turtlebot3_gazebo/share/turtlebot3_gazebo//models/turtlebot3_dqn_world/obstacle_plugin/build/CMakeFiles/obstacle2.dir/flags.make
-- Symlinking: /home/hossein/turtlebot3_rl/install/turtlebot3_gazebo/share/turtlebot3_gazebo//models/turtlebot3_dqn_world/obstacle_plugin/build/CMakeFiles/obstacle2.dir/link.txt
-- Symlinking: /home/hossein/turtlebot3_rl/install/turtlebot3_gazebo/share/turtlebot3_gazebo//models/turtlebot3_dqn_world/obstacle_plugin/build/CMakeFiles/obstacle2.dir/obstacle2.cc.o
-- Symlinking: /home/hossein/turtlebot3_rl/install/turtlebot3_gazebo/share/turtlebot3_gazebo//models/turtlebot3_dqn_world/obstacle_plugin/build/CMakeFiles/obstacle2.dir/progress.make
-- Symlinking: /home/hossein/turtlebot3_rl/install/turtlebot3_gazebo/share/turtlebot3_gazebo//models/turtlebot3_dqn_world/obstacle_plugin/build/CMakeFiles/obstacles.dir/CXX.includecache
-- Symlinking: /home/hossein/turtlebot3_rl/install/turtlebot3_gazebo/share/turtlebot3_gazebo//models/turtlebot3_dqn_world/obstacle_plugin/build/CMakeFiles/obstacles.dir/DependInfo.cmake
-- Symlinking: /home/hossein/turtlebot3_rl/install/turtlebot3_gazebo/share/turtlebot3_gazebo//models/turtlebot3_dqn_world/obstacle_plugin/build/CMakeFiles/obstacles.dir/build.make
-- Symlinking: /home/hossein/turtlebot3_rl/install/turtlebot3_gazebo/share/turtlebot3_gazebo//models/turtlebot3_dqn_world/obstacle_plugin/build/CMakeFiles/obstacles.dir/cmake_clean.cmake
-- Symlinking: /home/hossein/turtlebot3_rl/install/turtlebot3_gazebo/share/turtlebot3_gazebo//models/turtlebot3_dqn_world/obstacle_plugin/build/CMakeFiles/obstacles.dir/depend.internal
-- Symlinking: /home/hossein/turtlebot3_rl/install/turtlebot3_gazebo/share/turtlebot3_gazebo//models/turtlebot3_dqn_world/obstacle_plugin/build/CMakeFiles/obstacles.dir/depend.make
-- Symlinking: /home/hossein/turtlebot3_rl/install/turtlebot3_gazebo/share/turtlebot3_gazebo//models/turtlebot3_dqn_world/obstacle_plugin/build/CMakeFiles/obstacles.dir/flags.make
-- Symlinking: /home/hossein/turtlebot3_rl/install/turtlebot3_gazebo/share/turtlebot3_gazebo//models/turtlebot3_dqn_world/obstacle_plugin/build/CMakeFiles/obstacles.dir/link.txt
-- Symlinking: /home/hossein/turtlebot3_rl/install/turtlebot3_gazebo/share/turtlebot3_gazebo//models/turtlebot3_dqn_world/obstacle_plugin/build/CMakeFiles/obstacles.dir/obstacles.cc.o
-- Symlinking: /home/hossein/turtlebot3_rl/install/turtlebot3_gazebo/share/turtlebot3_gazebo//models/turtlebot3_dqn_world/obstacle_plugin/build/CMakeFiles/obstacles.dir/progress.make
-- Symlinking: /home/hossein/turtlebot3_rl/install/turtlebot3_gazebo/share/turtlebot3_gazebo//models/turtlebot3_dqn_world/obstacle_plugin/build/CMakeFiles/progress.marks
-- Symlinking: /home/hossein/turtlebot3_rl/install/turtlebot3_gazebo/share/turtlebot3_gazebo//models/turtlebot3_dqn_world/obstacle_plugin/build/CMakeTmp/test_freeimage.c
-- Symlinking: /home/hossein/turtlebot3_rl/install/turtlebot3_gazebo/share/turtlebot3_gazebo//models/turtlebot3_dqn_world/obstacle_plugin/build/Makefile
-- Symlinking: /home/hossein/turtlebot3_rl/install/turtlebot3_gazebo/share/turtlebot3_gazebo//models/turtlebot3_dqn_world/obstacle_plugin/build/cmake_install.cmake
-- Symlinking: /home/hossein/turtlebot3_rl/install/turtlebot3_gazebo/share/turtlebot3_gazebo//models/turtlebot3_dqn_world/obstacle_plugin/build/libobstacle1.so
-- Symlinking: /home/hossein/turtlebot3_rl/install/turtlebot3_gazebo/share/turtlebot3_gazebo//models/turtlebot3_dqn_world/obstacle_plugin/build/libobstacle2.so
-- Symlinking: /home/hossein/turtlebot3_rl/install/turtlebot3_gazebo/share/turtlebot3_gazebo//models/turtlebot3_dqn_world/obstacle_plugin/build/libobstacles.so
-- Symlinking: /home/hossein/turtlebot3_rl/install/turtlebot3_gazebo/share/turtlebot3_gazebo//models/turtlebot3_dqn_world/obstacle_plugin/obstacle1.cc
-- Symlinking: /home/hossein/turtlebot3_rl/install/turtlebot3_gazebo/share/turtlebot3_gazebo//models/turtlebot3_dqn_world/obstacle_plugin/obstacle2.cc
-- Symlinking: /home/hossein/turtlebot3_rl/install/turtlebot3_gazebo/share/turtlebot3_gazebo//models/turtlebot3_dqn_world/obstacle_plugin/obstacles.cc
-- Symlinking: /home/hossein/turtlebot3_rl/install/turtlebot3_gazebo/share/turtlebot3_gazebo//models/turtlebot3_dqn_world/obstacles/model.config
-- Symlinking: /home/hossein/turtlebot3_rl/install/turtlebot3_gazebo/share/turtlebot3_gazebo//models/turtlebot3_dqn_world/obstacles/model.sdf
-- Symlinking: /home/hossein/turtlebot3_rl/install/turtlebot3_gazebo/share/turtlebot3_gazebo//models/turtlebot3_house/model.config
-- Symlinking: /home/hossein/turtlebot3_rl/install/turtlebot3_gazebo/share/turtlebot3_gazebo//models/turtlebot3_house/model.sdf
-- Symlinking: /home/hossein/turtlebot3_rl/install/turtlebot3_gazebo/share/turtlebot3_gazebo//models/turtlebot3_waffle/meshes/lds.dae
-- Symlinking: /home/hossein/turtlebot3_rl/install/turtlebot3_gazebo/share/turtlebot3_gazebo//models/turtlebot3_waffle/meshes/left_tire.dae
-- Symlinking: /home/hossein/turtlebot3_rl/install/turtlebot3_gazebo/share/turtlebot3_gazebo//models/turtlebot3_waffle/meshes/r200.dae
-- Symlinking: /home/hossein/turtlebot3_rl/install/turtlebot3_gazebo/share/turtlebot3_gazebo//models/turtlebot3_waffle/meshes/right_tire.dae
-- Symlinking: /home/hossein/turtlebot3_rl/install/turtlebot3_gazebo/share/turtlebot3_gazebo//models/turtlebot3_waffle/meshes/waffle_base.dae
-- Symlinking: /home/hossein/turtlebot3_rl/install/turtlebot3_gazebo/share/turtlebot3_gazebo//models/turtlebot3_waffle/model-1_4.sdf
-- Symlinking: /home/hossein/turtlebot3_rl/install/turtlebot3_gazebo/share/turtlebot3_gazebo//models/turtlebot3_waffle/model.config
-- Symlinking: /home/hossein/turtlebot3_rl/install/turtlebot3_gazebo/share/turtlebot3_gazebo//models/turtlebot3_waffle/model.sdf
-- Symlinking: /home/hossein/turtlebot3_rl/install/turtlebot3_gazebo/share/turtlebot3_gazebo//models/turtlebot3_waffle_pi/meshes/lds.dae
-- Symlinking: /home/hossein/turtlebot3_rl/install/turtlebot3_gazebo/share/turtlebot3_gazebo//models/turtlebot3_waffle_pi/meshes/left_tire.dae
-- Symlinking: /home/hossein/turtlebot3_rl/install/turtlebot3_gazebo/share/turtlebot3_gazebo//models/turtlebot3_waffle_pi/meshes/right_tire.dae
-- Symlinking: /home/hossein/turtlebot3_rl/install/turtlebot3_gazebo/share/turtlebot3_gazebo//models/turtlebot3_waffle_pi/meshes/waffle_pi_base.dae
-- Symlinking: /home/hossein/turtlebot3_rl/install/turtlebot3_gazebo/share/turtlebot3_gazebo//models/turtlebot3_waffle_pi/model-1_4.sdf
-- Symlinking: /home/hossein/turtlebot3_rl/install/turtlebot3_gazebo/share/turtlebot3_gazebo//models/turtlebot3_waffle_pi/model.config
-- Symlinking: /home/hossein/turtlebot3_rl/install/turtlebot3_gazebo/share/turtlebot3_gazebo//models/turtlebot3_waffle_pi/model.sdf
-- Symlinking: /home/hossein/turtlebot3_rl/install/turtlebot3_gazebo/share/turtlebot3_gazebo//models/turtlebot3_world/meshes/hexagon.dae
-- Symlinking: /home/hossein/turtlebot3_rl/install/turtlebot3_gazebo/share/turtlebot3_gazebo//models/turtlebot3_world/meshes/wall.dae
-- Symlinking: /home/hossein/turtlebot3_rl/install/turtlebot3_gazebo/share/turtlebot3_gazebo//models/turtlebot3_world/model-1_4.sdf
-- Symlinking: /home/hossein/turtlebot3_rl/install/turtlebot3_gazebo/share/turtlebot3_gazebo//models/turtlebot3_world/model.config
-- Symlinking: /home/hossein/turtlebot3_rl/install/turtlebot3_gazebo/share/turtlebot3_gazebo//models/turtlebot3_world/model.sdf
-- Symlinking: /home/hossein/turtlebot3_rl/install/turtlebot3_gazebo/share/turtlebot3_gazebo//rviz/tb3_gazebo.rviz
-- Symlinking: /home/hossein/turtlebot3_rl/install/turtlebot3_gazebo/share/turtlebot3_gazebo//worlds/empty_worlds/burger.model
-- Symlinking: /home/hossein/turtlebot3_rl/install/turtlebot3_gazebo/share/turtlebot3_gazebo//worlds/empty_worlds/waffle.model
-- Symlinking: /home/hossein/turtlebot3_rl/install/turtlebot3_gazebo/share/turtlebot3_gazebo//worlds/empty_worlds/waffle_pi.model
-- Symlinking: /home/hossein/turtlebot3_rl/install/turtlebot3_gazebo/share/turtlebot3_gazebo//worlds/turtlebot3_autoraces/burger.model
-- Symlinking: /home/hossein/turtlebot3_rl/install/turtlebot3_gazebo/share/turtlebot3_gazebo//worlds/turtlebot3_autoraces/waffle.model
-- Symlinking: /home/hossein/turtlebot3_rl/install/turtlebot3_gazebo/share/turtlebot3_gazebo//worlds/turtlebot3_autoraces/waffle_pi.model
-- Symlinking: /home/hossein/turtlebot3_rl/install/turtlebot3_gazebo/share/turtlebot3_gazebo//worlds/turtlebot3_dqn_stage1/burger.model
-- Symlinking: /home/hossein/turtlebot3_rl/install/turtlebot3_gazebo/share/turtlebot3_gazebo//worlds/turtlebot3_dqn_stage1/waffle.model
-- Symlinking: /home/hossein/turtlebot3_rl/install/turtlebot3_gazebo/share/turtlebot3_gazebo//worlds/turtlebot3_dqn_stage1/waffle_pi.model
-- Symlinking: /home/hossein/turtlebot3_rl/install/turtlebot3_gazebo/share/turtlebot3_gazebo//worlds/turtlebot3_dqn_stage2/burger.model
-- Symlinking: /home/hossein/turtlebot3_rl/install/turtlebot3_gazebo/share/turtlebot3_gazebo//worlds/turtlebot3_dqn_stage2/waffle.model
-- Symlinking: /home/hossein/turtlebot3_rl/install/turtlebot3_gazebo/share/turtlebot3_gazebo//worlds/turtlebot3_dqn_stage2/waffle_pi.model
-- Symlinking: /home/hossein/turtlebot3_rl/install/turtlebot3_gazebo/share/turtlebot3_gazebo//worlds/turtlebot3_dqn_stage3/burger.model
-- Symlinking: /home/hossein/turtlebot3_rl/install/turtlebot3_gazebo/share/turtlebot3_gazebo//worlds/turtlebot3_dqn_stage3/waffle.model
-- Symlinking: /home/hossein/turtlebot3_rl/install/turtlebot3_gazebo/share/turtlebot3_gazebo//worlds/turtlebot3_dqn_stage3/waffle_pi.model
-- Symlinking: /home/hossein/turtlebot3_rl/install/turtlebot3_gazebo/share/turtlebot3_gazebo//worlds/turtlebot3_dqn_stage4/burger.model
-- Symlinking: /home/hossein/turtlebot3_rl/install/turtlebot3_gazebo/share/turtlebot3_gazebo//worlds/turtlebot3_dqn_stage4/waffle.model
-- Symlinking: /home/hossein/turtlebot3_rl/install/turtlebot3_gazebo/share/turtlebot3_gazebo//worlds/turtlebot3_dqn_stage4/waffle_pi.model
-- Symlinking: /home/hossein/turtlebot3_rl/install/turtlebot3_gazebo/share/turtlebot3_gazebo//worlds/turtlebot3_houses/burger.model
-- Symlinking: /home/hossein/turtlebot3_rl/install/turtlebot3_gazebo/share/turtlebot3_gazebo//worlds/turtlebot3_houses/waffle.model
-- Symlinking: /home/hossein/turtlebot3_rl/install/turtlebot3_gazebo/share/turtlebot3_gazebo//worlds/turtlebot3_houses/waffle_pi.model
-- Symlinking: /home/hossein/turtlebot3_rl/install/turtlebot3_gazebo/share/turtlebot3_gazebo//worlds/turtlebot3_worlds/burger.model
-- Symlinking: /home/hossein/turtlebot3_rl/install/turtlebot3_gazebo/share/turtlebot3_gazebo//worlds/turtlebot3_worlds/waffle.model
-- Symlinking: /home/hossein/turtlebot3_rl/install/turtlebot3_gazebo/share/turtlebot3_gazebo//worlds/turtlebot3_worlds/waffle_pi.model
-- Symlinking: /home/hossein/turtlebot3_rl/install/turtlebot3_gazebo/include//turtlebot3_gazebo/turtlebot3_drive.hpp
-- Symlinking: /home/hossein/turtlebot3_rl/install/turtlebot3_gazebo/share/ament_index/resource_index/package_run_dependencies/turtlebot3_gazebo
-- Symlinking: /home/hossein/turtlebot3_rl/install/turtlebot3_gazebo/share/ament_index/resource_index/parent_prefix_path/turtlebot3_gazebo
-- Symlinking: /home/hossein/turtlebot3_rl/install/turtlebot3_gazebo/share/turtlebot3_gazebo/environment/ament_prefix_path.sh
-- Symlinking: /home/hossein/turtlebot3_rl/install/turtlebot3_gazebo/share/turtlebot3_gazebo/environment/path.sh
-- Symlinking: /home/hossein/turtlebot3_rl/install/turtlebot3_gazebo/share/turtlebot3_gazebo/local_setup.bash
-- Symlinking: /home/hossein/turtlebot3_rl/install/turtlebot3_gazebo/share/turtlebot3_gazebo/local_setup.sh
-- Symlinking: /home/hossein/turtlebot3_rl/install/turtlebot3_gazebo/share/turtlebot3_gazebo/local_setup.zsh
-- Symlinking: /home/hossein/turtlebot3_rl/install/turtlebot3_gazebo/share/ament_index/resource_index/packages/turtlebot3_gazebo
-- Symlinking: /home/hossein/turtlebot3_rl/install/turtlebot3_gazebo/share/turtlebot3_gazebo/cmake/ament_cmake_export_include_directories-extras.cmake
-- Symlinking: /home/hossein/turtlebot3_rl/install/turtlebot3_gazebo/share/turtlebot3_gazebo/cmake/ament_cmake_export_dependencies-extras.cmake
-- Symlinking: /home/hossein/turtlebot3_rl/install/turtlebot3_gazebo/share/turtlebot3_gazebo/cmake/turtlebot3_gazeboConfig.cmake
-- Symlinking: /home/hossein/turtlebot3_rl/install/turtlebot3_gazebo/share/turtlebot3_gazebo/cmake/turtlebot3_gazeboConfig-version.cmake
-- Symlinking: /home/hossein/turtlebot3_rl/install/turtlebot3_gazebo/share/turtlebot3_gazebo/package.xml
