[0.022s] Invoking command in '/home/hossein/turtlebot3_rl/build/turtlebot3_gazebo': AMENT_PREFIX_PATH=/home/hossein/turtlebot3_rl/install/turtlebot3:/home/hossein/turtlebot3_rl/install/turtlebot3_bringup:/home/hossein/turtlebot3_rl/install/turtlebot3_node:/home/hossein/turtlebot3_rl/install/turtlebot3_example:/home/hossein/turtlebot3_rl/install/turtlebot3_teleop:/home/hossein/turtlebot3_rl/install/turtlebot3_navigation2:/home/hossein/turtlebot3_rl/install/turtlebot3_msgs:/home/hossein/turtlebot3_rl/install/turtlebot3_description:/home/hossein/turtlebot3_rl/install/turtlebot3_cartographer:/home/hossein/turtlebot3_rl/install/hls_lfcd_lds_driver:/home/hossein/turtlebot3_rl/install/dynamixel_sdk:${AMENT_PREFIX_PATH} CMAKE_PREFIX_PATH=/home/hossein/turtlebot3_rl/install/turtlebot3:/home/hossein/turtlebot3_rl/install/turtlebot3_bringup:/home/hossein/turtlebot3_rl/install/turtlebot3_node:/home/hossein/turtlebot3_rl/install/turtlebot3_navigation2:/home/hossein/turtlebot3_rl/install/turtlebot3_msgs:/home/hossein/turtlebot3_rl/install/turtlebot3_description:/home/hossein/turtlebot3_rl/install/turtlebot3_cartographer:/home/hossein/turtlebot3_rl/install/hls_lfcd_lds_driver:/home/hossein/turtlebot3_rl/install/dynamixel_sdk:/home/hossein/turtlebot3_rl/install/turtlebot3_rl:/opt/ros/dashing LD_LIBRARY_PATH=/home/hossein/turtlebot3_rl/install/turtlebot3_msgs/lib:/home/hossein/turtlebot3_rl/install/dynamixel_sdk/lib:${LD_LIBRARY_PATH} PS1=(tf_ros) \[\e]0;\u@\h: \w\a\]${debian_chroot:+($debian_chroot)}\[\033[01;32m\]\u@\h\[\033[00m\]:\[\033[01;34m\]\w\[\033[00m\]\$ PYTHONPATH=/home/hossein/turtlebot3_rl/build/turtlebot3_example:/home/hossein/turtlebot3_rl/install/turtlebot3_example/lib/python3.6/site-packages:/home/hossein/turtlebot3_rl/build/turtlebot3_teleop:/home/hossein/turtlebot3_rl/install/turtlebot3_teleop/lib/python3.6/site-packages:/home/hossein/turtlebot3_rl/install/turtlebot3_msgs/lib/python3.6/site-packages:${PYTHONPATH} /usr/bin/cmake /home/hossein/turtlebot3_rl/src/turtlebot3/turtlebot3_simulations/turtlebot3_gazebo -DAMENT_CMAKE_SYMLINK_INSTALL=1 -DCMAKE_INSTALL_PREFIX=/home/hossein/turtlebot3_rl/install/turtlebot3_gazebo
[0.038s] -- Found ament_cmake: 0.7.4 (/opt/ros/dashing/share/ament_cmake/cmake)
[0.077s] -- Using PYTHON_EXECUTABLE: /home/hossein/tf_ros/bin/python3
[0.233s] -- Override CMake install command with custom implementation using symlinks instead of copying resources
[0.240s] -- Found gazebo_ros_pkgs: 3.3.5 (/opt/ros/dashing/share/gazebo_ros_pkgs/cmake)
[0.241s] -- Found geometry_msgs: 0.7.0 (/opt/ros/dashing/share/geometry_msgs/cmake)
[0.251s] -- Found rosidl_adapter: 0.7.9 (/opt/ros/dashing/share/rosidl_adapter/cmake)
[0.289s] -- Found nav_msgs: 0.7.0 (/opt/ros/dashing/share/nav_msgs/cmake)
[0.299s] -- Found rclcpp: 0.7.13 (/opt/ros/dashing/share/rclcpp/cmake)
[0.309s] -- Found rmw_implementation_cmake: 0.7.2 (/opt/ros/dashing/share/rmw_implementation_cmake/cmake)
[0.310s] -- Using RMW implementation 'rmw_fastrtps_cpp' as default
[0.335s] -- Found sensor_msgs: 0.7.0 (/opt/ros/dashing/share/sensor_msgs/cmake)
[0.346s] -- Found tf2: 0.11.6 (/opt/ros/dashing/share/tf2/cmake)
[0.349s] -- Found turtlebot3: 2.1.0 (/home/hossein/turtlebot3_rl/install/turtlebot3/share/turtlebot3/cmake)
[0.463s] -- Configuring done
[0.482s] -- Generating done
[0.484s] -- Build files have been written to: /home/hossein/turtlebot3_rl/build/turtlebot3_gazebo
[0.487s] Invoked command in '/home/hossein/turtlebot3_rl/build/turtlebot3_gazebo' returned '0': AMENT_PREFIX_PATH=/home/hossein/turtlebot3_rl/install/turtlebot3:/home/hossein/turtlebot3_rl/install/turtlebot3_bringup:/home/hossein/turtlebot3_rl/install/turtlebot3_node:/home/hossein/turtlebot3_rl/install/turtlebot3_example:/home/hossein/turtlebot3_rl/install/turtlebot3_teleop:/home/hossein/turtlebot3_rl/install/turtlebot3_navigation2:/home/hossein/turtlebot3_rl/install/turtlebot3_msgs:/home/hossein/turtlebot3_rl/install/turtlebot3_description:/home/hossein/turtlebot3_rl/install/turtlebot3_cartographer:/home/hossein/turtlebot3_rl/install/hls_lfcd_lds_driver:/home/hossein/turtlebot3_rl/install/dynamixel_sdk:${AMENT_PREFIX_PATH} CMAKE_PREFIX_PATH=/home/hossein/turtlebot3_rl/install/turtlebot3:/home/hossein/turtlebot3_rl/install/turtlebot3_bringup:/home/hossein/turtlebot3_rl/install/turtlebot3_node:/home/hossein/turtlebot3_rl/install/turtlebot3_navigation2:/home/hossein/turtlebot3_rl/install/turtlebot3_msgs:/home/hossein/turtlebot3_rl/install/turtlebot3_description:/home/hossein/turtlebot3_rl/install/turtlebot3_cartographer:/home/hossein/turtlebot3_rl/install/hls_lfcd_lds_driver:/home/hossein/turtlebot3_rl/install/dynamixel_sdk:/home/hossein/turtlebot3_rl/install/turtlebot3_rl:/opt/ros/dashing LD_LIBRARY_PATH=/home/hossein/turtlebot3_rl/install/turtlebot3_msgs/lib:/home/hossein/turtlebot3_rl/install/dynamixel_sdk/lib:${LD_LIBRARY_PATH} PS1=(tf_ros) \[\e]0;\u@\h: \w\a\]${debian_chroot:+($debian_chroot)}\[\033[01;32m\]\u@\h\[\033[00m\]:\[\033[01;34m\]\w\[\033[00m\]\$ PYTHONPATH=/home/hossein/turtlebot3_rl/build/turtlebot3_example:/home/hossein/turtlebot3_rl/install/turtlebot3_example/lib/python3.6/site-packages:/home/hossein/turtlebot3_rl/build/turtlebot3_teleop:/home/hossein/turtlebot3_rl/install/turtlebot3_teleop/lib/python3.6/site-packages:/home/hossein/turtlebot3_rl/install/turtlebot3_msgs/lib/python3.6/site-packages:${PYTHONPATH} /usr/bin/cmake /home/hossein/turtlebot3_rl/src/turtlebot3/turtlebot3_simulations/turtlebot3_gazebo -DAMENT_CMAKE_SYMLINK_INSTALL=1 -DCMAKE_INSTALL_PREFIX=/home/hossein/turtlebot3_rl/install/turtlebot3_gazebo
[0.491s] Invoking command in '/home/hossein/turtlebot3_rl/build/turtlebot3_gazebo': AMENT_PREFIX_PATH=/home/hossein/turtlebot3_rl/install/turtlebot3:/home/hossein/turtlebot3_rl/install/turtlebot3_bringup:/home/hossein/turtlebot3_rl/install/turtlebot3_node:/home/hossein/turtlebot3_rl/install/turtlebot3_example:/home/hossein/turtlebot3_rl/install/turtlebot3_teleop:/home/hossein/turtlebot3_rl/install/turtlebot3_navigation2:/home/hossein/turtlebot3_rl/install/turtlebot3_msgs:/home/hossein/turtlebot3_rl/install/turtlebot3_description:/home/hossein/turtlebot3_rl/install/turtlebot3_cartographer:/home/hossein/turtlebot3_rl/install/hls_lfcd_lds_driver:/home/hossein/turtlebot3_rl/install/dynamixel_sdk:${AMENT_PREFIX_PATH} CMAKE_PREFIX_PATH=/home/hossein/turtlebot3_rl/install/turtlebot3:/home/hossein/turtlebot3_rl/install/turtlebot3_bringup:/home/hossein/turtlebot3_rl/install/turtlebot3_node:/home/hossein/turtlebot3_rl/install/turtlebot3_navigation2:/home/hossein/turtlebot3_rl/install/turtlebot3_msgs:/home/hossein/turtlebot3_rl/install/turtlebot3_description:/home/hossein/turtlebot3_rl/install/turtlebot3_cartographer:/home/hossein/turtlebot3_rl/install/hls_lfcd_lds_driver:/home/hossein/turtlebot3_rl/install/dynamixel_sdk:/home/hossein/turtlebot3_rl/install/turtlebot3_rl:/opt/ros/dashing LD_LIBRARY_PATH=/home/hossein/turtlebot3_rl/install/turtlebot3_msgs/lib:/home/hossein/turtlebot3_rl/install/dynamixel_sdk/lib:${LD_LIBRARY_PATH} PS1=(tf_ros) \[\e]0;\u@\h: \w\a\]${debian_chroot:+($debian_chroot)}\[\033[01;32m\]\u@\h\[\033[00m\]:\[\033[01;34m\]\w\[\033[00m\]\$ PYTHONPATH=/home/hossein/turtlebot3_rl/build/turtlebot3_example:/home/hossein/turtlebot3_rl/install/turtlebot3_example/lib/python3.6/site-packages:/home/hossein/turtlebot3_rl/build/turtlebot3_teleop:/home/hossein/turtlebot3_rl/install/turtlebot3_teleop/lib/python3.6/site-packages:/home/hossein/turtlebot3_rl/install/turtlebot3_msgs/lib/python3.6/site-packages:${PYTHONPATH} /usr/bin/cmake --build /home/hossein/turtlebot3_rl/build/turtlebot3_gazebo -- -j8 -l8
[0.570s] [ 50%] [32m[1mLinking CXX executable turtlebot3_drive[0m
[0.864s] [100%] Built target turtlebot3_drive
[0.881s] Invoked command in '/home/hossein/turtlebot3_rl/build/turtlebot3_gazebo' returned '0': AMENT_PREFIX_PATH=/home/hossein/turtlebot3_rl/install/turtlebot3:/home/hossein/turtlebot3_rl/install/turtlebot3_bringup:/home/hossein/turtlebot3_rl/install/turtlebot3_node:/home/hossein/turtlebot3_rl/install/turtlebot3_example:/home/hossein/turtlebot3_rl/install/turtlebot3_teleop:/home/hossein/turtlebot3_rl/install/turtlebot3_navigation2:/home/hossein/turtlebot3_rl/install/turtlebot3_msgs:/home/hossein/turtlebot3_rl/install/turtlebot3_description:/home/hossein/turtlebot3_rl/install/turtlebot3_cartographer:/home/hossein/turtlebot3_rl/install/hls_lfcd_lds_driver:/home/hossein/turtlebot3_rl/install/dynamixel_sdk:${AMENT_PREFIX_PATH} CMAKE_PREFIX_PATH=/home/hossein/turtlebot3_rl/install/turtlebot3:/home/hossein/turtlebot3_rl/install/turtlebot3_bringup:/home/hossein/turtlebot3_rl/install/turtlebot3_node:/home/hossein/turtlebot3_rl/install/turtlebot3_navigation2:/home/hossein/turtlebot3_rl/install/turtlebot3_msgs:/home/hossein/turtlebot3_rl/install/turtlebot3_description:/home/hossein/turtlebot3_rl/install/turtlebot3_cartographer:/home/hossein/turtlebot3_rl/install/hls_lfcd_lds_driver:/home/hossein/turtlebot3_rl/install/dynamixel_sdk:/home/hossein/turtlebot3_rl/install/turtlebot3_rl:/opt/ros/dashing LD_LIBRARY_PATH=/home/hossein/turtlebot3_rl/install/turtlebot3_msgs/lib:/home/hossein/turtlebot3_rl/install/dynamixel_sdk/lib:${LD_LIBRARY_PATH} PS1=(tf_ros) \[\e]0;\u@\h: \w\a\]${debian_chroot:+($debian_chroot)}\[\033[01;32m\]\u@\h\[\033[00m\]:\[\033[01;34m\]\w\[\033[00m\]\$ PYTHONPATH=/home/hossein/turtlebot3_rl/build/turtlebot3_example:/home/hossein/turtlebot3_rl/install/turtlebot3_example/lib/python3.6/site-packages:/home/hossein/turtlebot3_rl/build/turtlebot3_teleop:/home/hossein/turtlebot3_rl/install/turtlebot3_teleop/lib/python3.6/site-packages:/home/hossein/turtlebot3_rl/install/turtlebot3_msgs/lib/python3.6/site-packages:${PYTHONPATH} /usr/bin/cmake --build /home/hossein/turtlebot3_rl/build/turtlebot3_gazebo -- -j8 -l8
[0.917s] Invoking command in '/home/hossein/turtlebot3_rl/build/turtlebot3_gazebo': AMENT_PREFIX_PATH=/home/hossein/turtlebot3_rl/install/turtlebot3:/home/hossein/turtlebot3_rl/install/turtlebot3_bringup:/home/hossein/turtlebot3_rl/install/turtlebot3_node:/home/hossein/turtlebot3_rl/install/turtlebot3_example:/home/hossein/turtlebot3_rl/install/turtlebot3_teleop:/home/hossein/turtlebot3_rl/install/turtlebot3_navigation2:/home/hossein/turtlebot3_rl/install/turtlebot3_msgs:/home/hossein/turtlebot3_rl/install/turtlebot3_description:/home/hossein/turtlebot3_rl/install/turtlebot3_cartographer:/home/hossein/turtlebot3_rl/install/hls_lfcd_lds_driver:/home/hossein/turtlebot3_rl/install/dynamixel_sdk:${AMENT_PREFIX_PATH} CMAKE_PREFIX_PATH=/home/hossein/turtlebot3_rl/install/turtlebot3:/home/hossein/turtlebot3_rl/install/turtlebot3_bringup:/home/hossein/turtlebot3_rl/install/turtlebot3_node:/home/hossein/turtlebot3_rl/install/turtlebot3_navigation2:/home/hossein/turtlebot3_rl/install/turtlebot3_msgs:/home/hossein/turtlebot3_rl/install/turtlebot3_description:/home/hossein/turtlebot3_rl/install/turtlebot3_cartographer:/home/hossein/turtlebot3_rl/install/hls_lfcd_lds_driver:/home/hossein/turtlebot3_rl/install/dynamixel_sdk:/home/hossein/turtlebot3_rl/install/turtlebot3_rl:/opt/ros/dashing LD_LIBRARY_PATH=/home/hossein/turtlebot3_rl/install/turtlebot3_msgs/lib:/home/hossein/turtlebot3_rl/install/dynamixel_sdk/lib:${LD_LIBRARY_PATH} PS1=(tf_ros) \[\e]0;\u@\h: \w\a\]${debian_chroot:+($debian_chroot)}\[\033[01;32m\]\u@\h\[\033[00m\]:\[\033[01;34m\]\w\[\033[00m\]\$ PYTHONPATH=/home/hossein/turtlebot3_rl/build/turtlebot3_example:/home/hossein/turtlebot3_rl/install/turtlebot3_example/lib/python3.6/site-packages:/home/hossein/turtlebot3_rl/build/turtlebot3_teleop:/home/hossein/turtlebot3_rl/install/turtlebot3_teleop/lib/python3.6/site-packages:/home/hossein/turtlebot3_rl/install/turtlebot3_msgs/lib/python3.6/site-packages:${PYTHONPATH} /usr/bin/cmake --build /home/hossein/turtlebot3_rl/build/turtlebot3_gazebo --target install -- -j8 -l8
[0.993s] [100%] Built target turtlebot3_drive
[1.017s] [36mInstall the project...[0m
[1.028s] -- Install configuration: ""
[1.028s] -- Execute custom install script
[1.029s] -- Symlinking: /home/hossein/turtlebot3_rl/install/turtlebot3_gazebo/lib/turtlebot3_gazebo/turtlebot3_drive
[1.043s] -- Symlinking: /home/hossein/turtlebot3_rl/install/turtlebot3_gazebo/share/turtlebot3_gazebo//launch/empty_world.launch.py
[1.054s] -- Symlinking: /home/hossein/turtlebot3_rl/install/turtlebot3_gazebo/share/turtlebot3_gazebo//launch/robot_state_publisher.launch.py
[1.068s] -- Symlinking: /home/hossein/turtlebot3_rl/install/turtlebot3_gazebo/share/turtlebot3_gazebo//launch/turtlebot3_autorace.launch.py
[1.080s] -- Symlinking: /home/hossein/turtlebot3_rl/install/turtlebot3_gazebo/share/turtlebot3_gazebo//launch/turtlebot3_dqn_stage1.launch.py
[1.092s] -- Symlinking: /home/hossein/turtlebot3_rl/install/turtlebot3_gazebo/share/turtlebot3_gazebo//launch/turtlebot3_dqn_stage2.launch.py
[1.103s] -- Symlinking: /home/hossein/turtlebot3_rl/install/turtlebot3_gazebo/share/turtlebot3_gazebo//launch/turtlebot3_dqn_stage3.launch.py
[1.116s] -- Symlinking: /home/hossein/turtlebot3_rl/install/turtlebot3_gazebo/share/turtlebot3_gazebo//launch/turtlebot3_dqn_stage4.launch.py
[1.128s] -- Symlinking: /home/hossein/turtlebot3_rl/install/turtlebot3_gazebo/share/turtlebot3_gazebo//launch/turtlebot3_house.launch.py
[1.140s] -- Symlinking: /home/hossein/turtlebot3_rl/install/turtlebot3_gazebo/share/turtlebot3_gazebo//launch/turtlebot3_world.launch.py
[1.154s] -- Symlinking: /home/hossein/turtlebot3_rl/install/turtlebot3_gazebo/share/turtlebot3_gazebo//models/turtlebot3_autorace/course/materials/scripts/course.material
[1.165s] -- Symlinking: /home/hossein/turtlebot3_rl/install/turtlebot3_gazebo/share/turtlebot3_gazebo//models/turtlebot3_autorace/course/materials/textures/course.png
[1.177s] -- Symlinking: /home/hossein/turtlebot3_rl/install/turtlebot3_gazebo/share/turtlebot3_gazebo//models/turtlebot3_autorace/course/model.config
[1.188s] -- Symlinking: /home/hossein/turtlebot3_rl/install/turtlebot3_gazebo/share/turtlebot3_gazebo//models/turtlebot3_autorace/course/model.sdf
[1.200s] -- Symlinking: /home/hossein/turtlebot3_rl/install/turtlebot3_gazebo/share/turtlebot3_gazebo//models/turtlebot3_autorace/ground/model.config
[1.211s] -- Symlinking: /home/hossein/turtlebot3_rl/install/turtlebot3_gazebo/share/turtlebot3_gazebo//models/turtlebot3_autorace/ground/model.sdf
[1.225s] -- Symlinking: /home/hossein/turtlebot3_rl/install/turtlebot3_gazebo/share/turtlebot3_gazebo//models/turtlebot3_autorace/lights/model.config
[1.236s] -- Symlinking: /home/hossein/turtlebot3_rl/install/turtlebot3_gazebo/share/turtlebot3_gazebo//models/turtlebot3_autorace/lights/model.sdf
[1.249s] -- Symlinking: /home/hossein/turtlebot3_rl/install/turtlebot3_gazebo/share/turtlebot3_gazebo//models/turtlebot3_autorace/model.config
[1.261s] -- Symlinking: /home/hossein/turtlebot3_rl/install/turtlebot3_gazebo/share/turtlebot3_gazebo//models/turtlebot3_autorace/traffic_bar_down/materials/scripts/traffic_bar.material
[1.272s] -- Symlinking: /home/hossein/turtlebot3_rl/install/turtlebot3_gazebo/share/turtlebot3_gazebo//models/turtlebot3_autorace/traffic_bar_down/materials/textures/traffic_bar.png
[1.285s] -- Symlinking: /home/hossein/turtlebot3_rl/install/turtlebot3_gazebo/share/turtlebot3_gazebo//models/turtlebot3_autorace/traffic_bar_down/model.config
[1.297s] -- Symlinking: /home/hossein/turtlebot3_rl/install/turtlebot3_gazebo/share/turtlebot3_gazebo//models/turtlebot3_autorace/traffic_bar_down/model.sdf
[1.308s] -- Symlinking: /home/hossein/turtlebot3_rl/install/turtlebot3_gazebo/share/turtlebot3_gazebo//models/turtlebot3_autorace/traffic_bar_up/materials/scripts/traffic_bar.material
[1.319s] -- Symlinking: /home/hossein/turtlebot3_rl/install/turtlebot3_gazebo/share/turtlebot3_gazebo//models/turtlebot3_autorace/traffic_bar_up/materials/textures/traffic_bar.png
[1.331s] -- Symlinking: /home/hossein/turtlebot3_rl/install/turtlebot3_gazebo/share/turtlebot3_gazebo//models/turtlebot3_autorace/traffic_bar_up/model.config
[1.342s] -- Symlinking: /home/hossein/turtlebot3_rl/install/turtlebot3_gazebo/share/turtlebot3_gazebo//models/turtlebot3_autorace/traffic_bar_up/model.sdf
[1.354s] -- Symlinking: /home/hossein/turtlebot3_rl/install/turtlebot3_gazebo/share/turtlebot3_gazebo//models/turtlebot3_autorace/traffic_light_green/model.config
[1.366s] -- Symlinking: /home/hossein/turtlebot3_rl/install/turtlebot3_gazebo/share/turtlebot3_gazebo//models/turtlebot3_autorace/traffic_light_green/model.sdf
[1.378s] -- Symlinking: /home/hossein/turtlebot3_rl/install/turtlebot3_gazebo/share/turtlebot3_gazebo//models/turtlebot3_autorace/traffic_light_red/model.config
[1.389s] -- Symlinking: /home/hossein/turtlebot3_rl/install/turtlebot3_gazebo/share/turtlebot3_gazebo//models/turtlebot3_autorace/traffic_light_red/model.sdf
[1.400s] -- Symlinking: /home/hossein/turtlebot3_rl/install/turtlebot3_gazebo/share/turtlebot3_gazebo//models/turtlebot3_autorace/traffic_light_yellow/model.config
[1.412s] -- Symlinking: /home/hossein/turtlebot3_rl/install/turtlebot3_gazebo/share/turtlebot3_gazebo//models/turtlebot3_autorace/traffic_light_yellow/model.sdf
[1.424s] -- Symlinking: /home/hossein/turtlebot3_rl/install/turtlebot3_gazebo/share/turtlebot3_gazebo//models/turtlebot3_autorace/traffic_parking/materials/scripts/traffic_parking.material
[1.436s] -- Symlinking: /home/hossein/turtlebot3_rl/install/turtlebot3_gazebo/share/turtlebot3_gazebo//models/turtlebot3_autorace/traffic_parking/materials/textures/traffic_parking.png
[1.448s] -- Symlinking: /home/hossein/turtlebot3_rl/install/turtlebot3_gazebo/share/turtlebot3_gazebo//models/turtlebot3_autorace/traffic_parking/model.config
[1.459s] -- Symlinking: /home/hossein/turtlebot3_rl/install/turtlebot3_gazebo/share/turtlebot3_gazebo//models/turtlebot3_autorace/traffic_parking/model.sdf
[1.471s] -- Symlinking: /home/hossein/turtlebot3_rl/install/turtlebot3_gazebo/share/turtlebot3_gazebo//models/turtlebot3_autorace/traffic_stop/materials/scripts/traffic_stop.material
[1.482s] -- Symlinking: /home/hossein/turtlebot3_rl/install/turtlebot3_gazebo/share/turtlebot3_gazebo//models/turtlebot3_autorace/traffic_stop/materials/textures/traffic_stop.png
[1.494s] -- Symlinking: /home/hossein/turtlebot3_rl/install/turtlebot3_gazebo/share/turtlebot3_gazebo//models/turtlebot3_autorace/traffic_stop/model.config
[1.505s] -- Symlinking: /home/hossein/turtlebot3_rl/install/turtlebot3_gazebo/share/turtlebot3_gazebo//models/turtlebot3_autorace/traffic_stop/model.sdf
[1.517s] -- Symlinking: /home/hossein/turtlebot3_rl/install/turtlebot3_gazebo/share/turtlebot3_gazebo//models/turtlebot3_autorace/traffic_tunnel/materials/scripts/tunnel.material
[1.528s] -- Symlinking: /home/hossein/turtlebot3_rl/install/turtlebot3_gazebo/share/turtlebot3_gazebo//models/turtlebot3_autorace/traffic_tunnel/materials/textures/tunnel.png
[1.540s] -- Symlinking: /home/hossein/turtlebot3_rl/install/turtlebot3_gazebo/share/turtlebot3_gazebo//models/turtlebot3_autorace/traffic_tunnel/model.config
[1.551s] -- Symlinking: /home/hossein/turtlebot3_rl/install/turtlebot3_gazebo/share/turtlebot3_gazebo//models/turtlebot3_autorace/traffic_tunnel/model.sdf
[1.563s] -- Symlinking: /home/hossein/turtlebot3_rl/install/turtlebot3_gazebo/share/turtlebot3_gazebo//models/turtlebot3_autorace/tunnel_obstacles/model.config
[1.574s] -- Symlinking: /home/hossein/turtlebot3_rl/install/turtlebot3_gazebo/share/turtlebot3_gazebo//models/turtlebot3_autorace/tunnel_obstacles/model.sdf
[1.585s] -- Symlinking: /home/hossein/turtlebot3_rl/install/turtlebot3_gazebo/share/turtlebot3_gazebo//models/turtlebot3_autorace/tunnel_wall/model.config
[1.597s] -- Symlinking: /home/hossein/turtlebot3_rl/install/turtlebot3_gazebo/share/turtlebot3_gazebo//models/turtlebot3_autorace/tunnel_wall/model.sdf
[1.608s] -- Symlinking: /home/hossein/turtlebot3_rl/install/turtlebot3_gazebo/share/turtlebot3_gazebo//models/turtlebot3_burger/meshes/burger_base.dae
[1.621s] -- Symlinking: /home/hossein/turtlebot3_rl/install/turtlebot3_gazebo/share/turtlebot3_gazebo//models/turtlebot3_burger/meshes/lds.dae
[1.632s] -- Symlinking: /home/hossein/turtlebot3_rl/install/turtlebot3_gazebo/share/turtlebot3_gazebo//models/turtlebot3_burger/meshes/left_tire.dae
[1.644s] -- Symlinking: /home/hossein/turtlebot3_rl/install/turtlebot3_gazebo/share/turtlebot3_gazebo//models/turtlebot3_burger/meshes/right_tire.dae
[1.656s] -- Symlinking: /home/hossein/turtlebot3_rl/install/turtlebot3_gazebo/share/turtlebot3_gazebo//models/turtlebot3_burger/model-1_4.sdf
[1.667s] -- Symlinking: /home/hossein/turtlebot3_rl/install/turtlebot3_gazebo/share/turtlebot3_gazebo//models/turtlebot3_burger/model.config
[1.679s] -- Symlinking: /home/hossein/turtlebot3_rl/install/turtlebot3_gazebo/share/turtlebot3_gazebo//models/turtlebot3_burger/model.sdf
[1.691s] -- Symlinking: /home/hossein/turtlebot3_rl/install/turtlebot3_gazebo/share/turtlebot3_gazebo//models/turtlebot3_dqn_world/goal_box/model.config
[1.702s] -- Symlinking: /home/hossein/turtlebot3_rl/install/turtlebot3_gazebo/share/turtlebot3_gazebo//models/turtlebot3_dqn_world/goal_box/model.sdf
[1.714s] -- Symlinking: /home/hossein/turtlebot3_rl/install/turtlebot3_gazebo/share/turtlebot3_gazebo//models/turtlebot3_dqn_world/inner_walls/model.config
[1.725s] -- Symlinking: /home/hossein/turtlebot3_rl/install/turtlebot3_gazebo/share/turtlebot3_gazebo//models/turtlebot3_dqn_world/inner_walls/model.sdf
[1.740s] -- Symlinking: /home/hossein/turtlebot3_rl/install/turtlebot3_gazebo/share/turtlebot3_gazebo//models/turtlebot3_dqn_world/model.config
[1.751s] -- Symlinking: /home/hossein/turtlebot3_rl/install/turtlebot3_gazebo/share/turtlebot3_gazebo//models/turtlebot3_dqn_world/model.sdf
[1.762s] -- Symlinking: /home/hossein/turtlebot3_rl/install/turtlebot3_gazebo/share/turtlebot3_gazebo//models/turtlebot3_dqn_world/obstacle1/model.config
[1.773s] -- Symlinking: /home/hossein/turtlebot3_rl/install/turtlebot3_gazebo/share/turtlebot3_gazebo//models/turtlebot3_dqn_world/obstacle1/model.sdf
[1.785s] -- Symlinking: /home/hossein/turtlebot3_rl/install/turtlebot3_gazebo/share/turtlebot3_gazebo//models/turtlebot3_dqn_world/obstacle2/model.config
[1.796s] -- Symlinking: /home/hossein/turtlebot3_rl/install/turtlebot3_gazebo/share/turtlebot3_gazebo//models/turtlebot3_dqn_world/obstacle2/model.sdf
[1.807s] -- Symlinking: /home/hossein/turtlebot3_rl/install/turtlebot3_gazebo/share/turtlebot3_gazebo//models/turtlebot3_dqn_world/obstacle_plugin/CMakeLists.txt
[1.818s] -- Symlinking: /home/hossein/turtlebot3_rl/install/turtlebot3_gazebo/share/turtlebot3_gazebo//models/turtlebot3_dqn_world/obstacle_plugin/build/CMakeCache.txt
[1.830s] -- Symlinking: /home/hossein/turtlebot3_rl/install/turtlebot3_gazebo/share/turtlebot3_gazebo//models/turtlebot3_dqn_world/obstacle_plugin/build/CMakeFiles/3.10.2/CMakeCCompiler.cmake
[1.842s] -- Symlinking: /home/hossein/turtlebot3_rl/install/turtlebot3_gazebo/share/turtlebot3_gazebo//models/turtlebot3_dqn_world/obstacle_plugin/build/CMakeFiles/3.10.2/CMakeCXXCompiler.cmake
[1.853s] -- Symlinking: /home/hossein/turtlebot3_rl/install/turtlebot3_gazebo/share/turtlebot3_gazebo//models/turtlebot3_dqn_world/obstacle_plugin/build/CMakeFiles/3.10.2/CMakeDetermineCompilerABI_C.bin
[1.865s] -- Symlinking: /home/hossein/turtlebot3_rl/install/turtlebot3_gazebo/share/turtlebot3_gazebo//models/turtlebot3_dqn_world/obstacle_plugin/build/CMakeFiles/3.10.2/CMakeDetermineCompilerABI_CXX.bin
[1.876s] -- Symlinking: /home/hossein/turtlebot3_rl/install/turtlebot3_gazebo/share/turtlebot3_gazebo//models/turtlebot3_dqn_world/obstacle_plugin/build/CMakeFiles/3.10.2/CMakeSystem.cmake
[1.887s] -- Symlinking: /home/hossein/turtlebot3_rl/install/turtlebot3_gazebo/share/turtlebot3_gazebo//models/turtlebot3_dqn_world/obstacle_plugin/build/CMakeFiles/3.10.2/CompilerIdC/CMakeCCompilerId.c
[1.899s] -- Symlinking: /home/hossein/turtlebot3_rl/install/turtlebot3_gazebo/share/turtlebot3_gazebo//models/turtlebot3_dqn_world/obstacle_plugin/build/CMakeFiles/3.10.2/CompilerIdC/a.out
[1.910s] -- Symlinking: /home/hossein/turtlebot3_rl/install/turtlebot3_gazebo/share/turtlebot3_gazebo//models/turtlebot3_dqn_world/obstacle_plugin/build/CMakeFiles/3.10.2/CompilerIdCXX/CMakeCXXCompilerId.cpp
[1.921s] -- Symlinking: /home/hossein/turtlebot3_rl/install/turtlebot3_gazebo/share/turtlebot3_gazebo//models/turtlebot3_dqn_world/obstacle_plugin/build/CMakeFiles/3.10.2/CompilerIdCXX/a.out
[1.932s] -- Symlinking: /home/hossein/turtlebot3_rl/install/turtlebot3_gazebo/share/turtlebot3_gazebo//models/turtlebot3_dqn_world/obstacle_plugin/build/CMakeFiles/CMakeDirectoryInformation.cmake
[1.944s] -- Symlinking: /home/hossein/turtlebot3_rl/install/turtlebot3_gazebo/share/turtlebot3_gazebo//models/turtlebot3_dqn_world/obstacle_plugin/build/CMakeFiles/CMakeError.log
[1.955s] -- Symlinking: /home/hossein/turtlebot3_rl/install/turtlebot3_gazebo/share/turtlebot3_gazebo//models/turtlebot3_dqn_world/obstacle_plugin/build/CMakeFiles/CMakeOutput.log
[1.967s] -- Symlinking: /home/hossein/turtlebot3_rl/install/turtlebot3_gazebo/share/turtlebot3_gazebo//models/turtlebot3_dqn_world/obstacle_plugin/build/CMakeFiles/Makefile.cmake
[1.978s] -- Symlinking: /home/hossein/turtlebot3_rl/install/turtlebot3_gazebo/share/turtlebot3_gazebo//models/turtlebot3_dqn_world/obstacle_plugin/build/CMakeFiles/Makefile2
[1.990s] -- Symlinking: /home/hossein/turtlebot3_rl/install/turtlebot3_gazebo/share/turtlebot3_gazebo//models/turtlebot3_dqn_world/obstacle_plugin/build/CMakeFiles/TargetDirectories.txt
[2.001s] -- Symlinking: /home/hossein/turtlebot3_rl/install/turtlebot3_gazebo/share/turtlebot3_gazebo//models/turtlebot3_dqn_world/obstacle_plugin/build/CMakeFiles/cmake.check_cache
[2.012s] -- Symlinking: /home/hossein/turtlebot3_rl/install/turtlebot3_gazebo/share/turtlebot3_gazebo//models/turtlebot3_dqn_world/obstacle_plugin/build/CMakeFiles/feature_tests.bin
[2.023s] -- Symlinking: /home/hossein/turtlebot3_rl/install/turtlebot3_gazebo/share/turtlebot3_gazebo//models/turtlebot3_dqn_world/obstacle_plugin/build/CMakeFiles/feature_tests.c
[2.035s] -- Symlinking: /home/hossein/turtlebot3_rl/install/turtlebot3_gazebo/share/turtlebot3_gazebo//models/turtlebot3_dqn_world/obstacle_plugin/build/CMakeFiles/feature_tests.cxx
[2.046s] -- Symlinking: /home/hossein/turtlebot3_rl/install/turtlebot3_gazebo/share/turtlebot3_gazebo//models/turtlebot3_dqn_world/obstacle_plugin/build/CMakeFiles/obstacle1.dir/CXX.includecache
[2.057s] -- Symlinking: /home/hossein/turtlebot3_rl/install/turtlebot3_gazebo/share/turtlebot3_gazebo//models/turtlebot3_dqn_world/obstacle_plugin/build/CMakeFiles/obstacle1.dir/DependInfo.cmake
[2.068s] -- Symlinking: /home/hossein/turtlebot3_rl/install/turtlebot3_gazebo/share/turtlebot3_gazebo//models/turtlebot3_dqn_world/obstacle_plugin/build/CMakeFiles/obstacle1.dir/build.make
[2.079s] -- Symlinking: /home/hossein/turtlebot3_rl/install/turtlebot3_gazebo/share/turtlebot3_gazebo//models/turtlebot3_dqn_world/obstacle_plugin/build/CMakeFiles/obstacle1.dir/cmake_clean.cmake
[2.091s] -- Symlinking: /home/hossein/turtlebot3_rl/install/turtlebot3_gazebo/share/turtlebot3_gazebo//models/turtlebot3_dqn_world/obstacle_plugin/build/CMakeFiles/obstacle1.dir/depend.internal
[2.102s] -- Symlinking: /home/hossein/turtlebot3_rl/install/turtlebot3_gazebo/share/turtlebot3_gazebo//models/turtlebot3_dqn_world/obstacle_plugin/build/CMakeFiles/obstacle1.dir/depend.make
[2.114s] -- Symlinking: /home/hossein/turtlebot3_rl/install/turtlebot3_gazebo/share/turtlebot3_gazebo//models/turtlebot3_dqn_world/obstacle_plugin/build/CMakeFiles/obstacle1.dir/flags.make
[2.125s] -- Symlinking: /home/hossein/turtlebot3_rl/install/turtlebot3_gazebo/share/turtlebot3_gazebo//models/turtlebot3_dqn_world/obstacle_plugin/build/CMakeFiles/obstacle1.dir/link.txt
[2.136s] -- Symlinking: /home/hossein/turtlebot3_rl/install/turtlebot3_gazebo/share/turtlebot3_gazebo//models/turtlebot3_dqn_world/obstacle_plugin/build/CMakeFiles/obstacle1.dir/obstacle1.cc.o
[2.148s] -- Symlinking: /home/hossein/turtlebot3_rl/install/turtlebot3_gazebo/share/turtlebot3_gazebo//models/turtlebot3_dqn_world/obstacle_plugin/build/CMakeFiles/obstacle1.dir/progress.make
[2.159s] -- Symlinking: /home/hossein/turtlebot3_rl/install/turtlebot3_gazebo/share/turtlebot3_gazebo//models/turtlebot3_dqn_world/obstacle_plugin/build/CMakeFiles/obstacle2.dir/CXX.includecache
[2.170s] -- Symlinking: /home/hossein/turtlebot3_rl/install/turtlebot3_gazebo/share/turtlebot3_gazebo//models/turtlebot3_dqn_world/obstacle_plugin/build/CMakeFiles/obstacle2.dir/DependInfo.cmake
[2.182s] -- Symlinking: /home/hossein/turtlebot3_rl/install/turtlebot3_gazebo/share/turtlebot3_gazebo//models/turtlebot3_dqn_world/obstacle_plugin/build/CMakeFiles/obstacle2.dir/build.make
[2.194s] -- Symlinking: /home/hossein/turtlebot3_rl/install/turtlebot3_gazebo/share/turtlebot3_gazebo//models/turtlebot3_dqn_world/obstacle_plugin/build/CMakeFiles/obstacle2.dir/cmake_clean.cmake
[2.205s] -- Symlinking: /home/hossein/turtlebot3_rl/install/turtlebot3_gazebo/share/turtlebot3_gazebo//models/turtlebot3_dqn_world/obstacle_plugin/build/CMakeFiles/obstacle2.dir/depend.internal
[2.216s] -- Symlinking: /home/hossein/turtlebot3_rl/install/turtlebot3_gazebo/share/turtlebot3_gazebo//models/turtlebot3_dqn_world/obstacle_plugin/build/CMakeFiles/obstacle2.dir/depend.make
[2.226s] -- Symlinking: /home/hossein/turtlebot3_rl/install/turtlebot3_gazebo/share/turtlebot3_gazebo//models/turtlebot3_dqn_world/obstacle_plugin/build/CMakeFiles/obstacle2.dir/flags.make
[2.237s] -- Symlinking: /home/hossein/turtlebot3_rl/install/turtlebot3_gazebo/share/turtlebot3_gazebo//models/turtlebot3_dqn_world/obstacle_plugin/build/CMakeFiles/obstacle2.dir/link.txt
[2.249s] -- Symlinking: /home/hossein/turtlebot3_rl/install/turtlebot3_gazebo/share/turtlebot3_gazebo//models/turtlebot3_dqn_world/obstacle_plugin/build/CMakeFiles/obstacle2.dir/obstacle2.cc.o
[2.260s] -- Symlinking: /home/hossein/turtlebot3_rl/install/turtlebot3_gazebo/share/turtlebot3_gazebo//models/turtlebot3_dqn_world/obstacle_plugin/build/CMakeFiles/obstacle2.dir/progress.make
[2.271s] -- Symlinking: /home/hossein/turtlebot3_rl/install/turtlebot3_gazebo/share/turtlebot3_gazebo//models/turtlebot3_dqn_world/obstacle_plugin/build/CMakeFiles/obstacles.dir/CXX.includecache
[2.283s] -- Symlinking: /home/hossein/turtlebot3_rl/install/turtlebot3_gazebo/share/turtlebot3_gazebo//models/turtlebot3_dqn_world/obstacle_plugin/build/CMakeFiles/obstacles.dir/DependInfo.cmake
[2.294s] -- Symlinking: /home/hossein/turtlebot3_rl/install/turtlebot3_gazebo/share/turtlebot3_gazebo//models/turtlebot3_dqn_world/obstacle_plugin/build/CMakeFiles/obstacles.dir/build.make
[2.305s] -- Symlinking: /home/hossein/turtlebot3_rl/install/turtlebot3_gazebo/share/turtlebot3_gazebo//models/turtlebot3_dqn_world/obstacle_plugin/build/CMakeFiles/obstacles.dir/cmake_clean.cmake
[2.316s] -- Symlinking: /home/hossein/turtlebot3_rl/install/turtlebot3_gazebo/share/turtlebot3_gazebo//models/turtlebot3_dqn_world/obstacle_plugin/build/CMakeFiles/obstacles.dir/depend.internal
[2.327s] -- Symlinking: /home/hossein/turtlebot3_rl/install/turtlebot3_gazebo/share/turtlebot3_gazebo//models/turtlebot3_dqn_world/obstacle_plugin/build/CMakeFiles/obstacles.dir/depend.make
[2.338s] -- Symlinking: /home/hossein/turtlebot3_rl/install/turtlebot3_gazebo/share/turtlebot3_gazebo//models/turtlebot3_dqn_world/obstacle_plugin/build/CMakeFiles/obstacles.dir/flags.make
[2.349s] -- Symlinking: /home/hossein/turtlebot3_rl/install/turtlebot3_gazebo/share/turtlebot3_gazebo//models/turtlebot3_dqn_world/obstacle_plugin/build/CMakeFiles/obstacles.dir/link.txt
[2.361s] -- Symlinking: /home/hossein/turtlebot3_rl/install/turtlebot3_gazebo/share/turtlebot3_gazebo//models/turtlebot3_dqn_world/obstacle_plugin/build/CMakeFiles/obstacles.dir/obstacles.cc.o
[2.372s] -- Symlinking: /home/hossein/turtlebot3_rl/install/turtlebot3_gazebo/share/turtlebot3_gazebo//models/turtlebot3_dqn_world/obstacle_plugin/build/CMakeFiles/obstacles.dir/progress.make
[2.383s] -- Symlinking: /home/hossein/turtlebot3_rl/install/turtlebot3_gazebo/share/turtlebot3_gazebo//models/turtlebot3_dqn_world/obstacle_plugin/build/CMakeFiles/progress.marks
[2.395s] -- Symlinking: /home/hossein/turtlebot3_rl/install/turtlebot3_gazebo/share/turtlebot3_gazebo//models/turtlebot3_dqn_world/obstacle_plugin/build/CMakeTmp/test_freeimage.c
[2.406s] -- Symlinking: /home/hossein/turtlebot3_rl/install/turtlebot3_gazebo/share/turtlebot3_gazebo//models/turtlebot3_dqn_world/obstacle_plugin/build/Makefile
[2.417s] -- Symlinking: /home/hossein/turtlebot3_rl/install/turtlebot3_gazebo/share/turtlebot3_gazebo//models/turtlebot3_dqn_world/obstacle_plugin/build/cmake_install.cmake
[2.428s] -- Symlinking: /home/hossein/turtlebot3_rl/install/turtlebot3_gazebo/share/turtlebot3_gazebo//models/turtlebot3_dqn_world/obstacle_plugin/build/libobstacle1.so
[2.439s] -- Symlinking: /home/hossein/turtlebot3_rl/install/turtlebot3_gazebo/share/turtlebot3_gazebo//models/turtlebot3_dqn_world/obstacle_plugin/build/libobstacle2.so
[2.450s] -- Symlinking: /home/hossein/turtlebot3_rl/install/turtlebot3_gazebo/share/turtlebot3_gazebo//models/turtlebot3_dqn_world/obstacle_plugin/build/libobstacles.so
[2.462s] -- Symlinking: /home/hossein/turtlebot3_rl/install/turtlebot3_gazebo/share/turtlebot3_gazebo//models/turtlebot3_dqn_world/obstacle_plugin/obstacle1.cc
[2.473s] -- Symlinking: /home/hossein/turtlebot3_rl/install/turtlebot3_gazebo/share/turtlebot3_gazebo//models/turtlebot3_dqn_world/obstacle_plugin/obstacle2.cc
[2.484s] -- Symlinking: /home/hossein/turtlebot3_rl/install/turtlebot3_gazebo/share/turtlebot3_gazebo//models/turtlebot3_dqn_world/obstacle_plugin/obstacles.cc
[2.495s] -- Symlinking: /home/hossein/turtlebot3_rl/install/turtlebot3_gazebo/share/turtlebot3_gazebo//models/turtlebot3_dqn_world/obstacles/model.config
[2.506s] -- Symlinking: /home/hossein/turtlebot3_rl/install/turtlebot3_gazebo/share/turtlebot3_gazebo//models/turtlebot3_dqn_world/obstacles/model.sdf
[2.517s] -- Symlinking: /home/hossein/turtlebot3_rl/install/turtlebot3_gazebo/share/turtlebot3_gazebo//models/turtlebot3_house/model.config
[2.529s] -- Symlinking: /home/hossein/turtlebot3_rl/install/turtlebot3_gazebo/share/turtlebot3_gazebo//models/turtlebot3_house/model.sdf
[2.540s] -- Symlinking: /home/hossein/turtlebot3_rl/install/turtlebot3_gazebo/share/turtlebot3_gazebo//models/turtlebot3_waffle/meshes/lds.dae
[2.551s] -- Symlinking: /home/hossein/turtlebot3_rl/install/turtlebot3_gazebo/share/turtlebot3_gazebo//models/turtlebot3_waffle/meshes/left_tire.dae
[2.563s] -- Symlinking: /home/hossein/turtlebot3_rl/install/turtlebot3_gazebo/share/turtlebot3_gazebo//models/turtlebot3_waffle/meshes/r200.dae
[2.575s] -- Symlinking: /home/hossein/turtlebot3_rl/install/turtlebot3_gazebo/share/turtlebot3_gazebo//models/turtlebot3_waffle/meshes/right_tire.dae
[2.586s] -- Symlinking: /home/hossein/turtlebot3_rl/install/turtlebot3_gazebo/share/turtlebot3_gazebo//models/turtlebot3_waffle/meshes/waffle_base.dae
[2.602s] -- Symlinking: /home/hossein/turtlebot3_rl/install/turtlebot3_gazebo/share/turtlebot3_gazebo//models/turtlebot3_waffle/model-1_4.sdf
[2.613s] -- Symlinking: /home/hossein/turtlebot3_rl/install/turtlebot3_gazebo/share/turtlebot3_gazebo//models/turtlebot3_waffle/model.config
[2.625s] -- Symlinking: /home/hossein/turtlebot3_rl/install/turtlebot3_gazebo/share/turtlebot3_gazebo//models/turtlebot3_waffle/model.sdf
[2.637s] -- Symlinking: /home/hossein/turtlebot3_rl/install/turtlebot3_gazebo/share/turtlebot3_gazebo//models/turtlebot3_waffle_pi/meshes/lds.dae
[2.650s] -- Symlinking: /home/hossein/turtlebot3_rl/install/turtlebot3_gazebo/share/turtlebot3_gazebo//models/turtlebot3_waffle_pi/meshes/left_tire.dae
[2.662s] -- Symlinking: /home/hossein/turtlebot3_rl/install/turtlebot3_gazebo/share/turtlebot3_gazebo//models/turtlebot3_waffle_pi/meshes/right_tire.dae
[2.673s] -- Symlinking: /home/hossein/turtlebot3_rl/install/turtlebot3_gazebo/share/turtlebot3_gazebo//models/turtlebot3_waffle_pi/meshes/waffle_pi_base.dae
[2.688s] -- Symlinking: /home/hossein/turtlebot3_rl/install/turtlebot3_gazebo/share/turtlebot3_gazebo//models/turtlebot3_waffle_pi/model-1_4.sdf
[2.700s] -- Symlinking: /home/hossein/turtlebot3_rl/install/turtlebot3_gazebo/share/turtlebot3_gazebo//models/turtlebot3_waffle_pi/model.config
[2.711s] -- Symlinking: /home/hossein/turtlebot3_rl/install/turtlebot3_gazebo/share/turtlebot3_gazebo//models/turtlebot3_waffle_pi/model.sdf
[2.722s] -- Symlinking: /home/hossein/turtlebot3_rl/install/turtlebot3_gazebo/share/turtlebot3_gazebo//models/turtlebot3_world/meshes/hexagon.dae
[2.733s] -- Symlinking: /home/hossein/turtlebot3_rl/install/turtlebot3_gazebo/share/turtlebot3_gazebo//models/turtlebot3_world/meshes/wall.dae
[2.744s] -- Symlinking: /home/hossein/turtlebot3_rl/install/turtlebot3_gazebo/share/turtlebot3_gazebo//models/turtlebot3_world/model-1_4.sdf
[2.755s] -- Symlinking: /home/hossein/turtlebot3_rl/install/turtlebot3_gazebo/share/turtlebot3_gazebo//models/turtlebot3_world/model.config
[2.766s] -- Symlinking: /home/hossein/turtlebot3_rl/install/turtlebot3_gazebo/share/turtlebot3_gazebo//models/turtlebot3_world/model.sdf
[2.778s] -- Symlinking: /home/hossein/turtlebot3_rl/install/turtlebot3_gazebo/share/turtlebot3_gazebo//rviz/tb3_gazebo.rviz
[2.789s] -- Symlinking: /home/hossein/turtlebot3_rl/install/turtlebot3_gazebo/share/turtlebot3_gazebo//worlds/empty_worlds/burger.model
[2.801s] -- Symlinking: /home/hossein/turtlebot3_rl/install/turtlebot3_gazebo/share/turtlebot3_gazebo//worlds/empty_worlds/waffle.model
[2.812s] -- Symlinking: /home/hossein/turtlebot3_rl/install/turtlebot3_gazebo/share/turtlebot3_gazebo//worlds/empty_worlds/waffle_pi.model
[2.823s] -- Symlinking: /home/hossein/turtlebot3_rl/install/turtlebot3_gazebo/share/turtlebot3_gazebo//worlds/turtlebot3_autoraces/burger.model
[2.834s] -- Symlinking: /home/hossein/turtlebot3_rl/install/turtlebot3_gazebo/share/turtlebot3_gazebo//worlds/turtlebot3_autoraces/waffle.model
[2.845s] -- Symlinking: /home/hossein/turtlebot3_rl/install/turtlebot3_gazebo/share/turtlebot3_gazebo//worlds/turtlebot3_autoraces/waffle_pi.model
[2.856s] -- Symlinking: /home/hossein/turtlebot3_rl/install/turtlebot3_gazebo/share/turtlebot3_gazebo//worlds/turtlebot3_dqn_stage1/burger.model
[2.868s] -- Symlinking: /home/hossein/turtlebot3_rl/install/turtlebot3_gazebo/share/turtlebot3_gazebo//worlds/turtlebot3_dqn_stage1/waffle.model
[2.879s] -- Symlinking: /home/hossein/turtlebot3_rl/install/turtlebot3_gazebo/share/turtlebot3_gazebo//worlds/turtlebot3_dqn_stage1/waffle_pi.model
[2.890s] -- Symlinking: /home/hossein/turtlebot3_rl/install/turtlebot3_gazebo/share/turtlebot3_gazebo//worlds/turtlebot3_dqn_stage2/burger.model
[2.902s] -- Symlinking: /home/hossein/turtlebot3_rl/install/turtlebot3_gazebo/share/turtlebot3_gazebo//worlds/turtlebot3_dqn_stage2/waffle.model
[2.913s] -- Symlinking: /home/hossein/turtlebot3_rl/install/turtlebot3_gazebo/share/turtlebot3_gazebo//worlds/turtlebot3_dqn_stage2/waffle_pi.model
[2.924s] -- Symlinking: /home/hossein/turtlebot3_rl/install/turtlebot3_gazebo/share/turtlebot3_gazebo//worlds/turtlebot3_dqn_stage3/burger.model
[2.935s] -- Symlinking: /home/hossein/turtlebot3_rl/install/turtlebot3_gazebo/share/turtlebot3_gazebo//worlds/turtlebot3_dqn_stage3/waffle.model
[2.947s] -- Symlinking: /home/hossein/turtlebot3_rl/install/turtlebot3_gazebo/share/turtlebot3_gazebo//worlds/turtlebot3_dqn_stage3/waffle_pi.model
[2.958s] -- Symlinking: /home/hossein/turtlebot3_rl/install/turtlebot3_gazebo/share/turtlebot3_gazebo//worlds/turtlebot3_dqn_stage4/burger.model
[2.969s] -- Symlinking: /home/hossein/turtlebot3_rl/install/turtlebot3_gazebo/share/turtlebot3_gazebo//worlds/turtlebot3_dqn_stage4/waffle.model
[2.981s] -- Symlinking: /home/hossein/turtlebot3_rl/install/turtlebot3_gazebo/share/turtlebot3_gazebo//worlds/turtlebot3_dqn_stage4/waffle_pi.model
[2.993s] -- Symlinking: /home/hossein/turtlebot3_rl/install/turtlebot3_gazebo/share/turtlebot3_gazebo//worlds/turtlebot3_houses/burger.model
[3.004s] -- Symlinking: /home/hossein/turtlebot3_rl/install/turtlebot3_gazebo/share/turtlebot3_gazebo//worlds/turtlebot3_houses/waffle.model
[3.016s] -- Symlinking: /home/hossein/turtlebot3_rl/install/turtlebot3_gazebo/share/turtlebot3_gazebo//worlds/turtlebot3_houses/waffle_pi.model
[3.028s] -- Symlinking: /home/hossein/turtlebot3_rl/install/turtlebot3_gazebo/share/turtlebot3_gazebo//worlds/turtlebot3_worlds/burger.model
[3.039s] -- Symlinking: /home/hossein/turtlebot3_rl/install/turtlebot3_gazebo/share/turtlebot3_gazebo//worlds/turtlebot3_worlds/waffle.model
[3.050s] -- Symlinking: /home/hossein/turtlebot3_rl/install/turtlebot3_gazebo/share/turtlebot3_gazebo//worlds/turtlebot3_worlds/waffle_pi.model
[3.062s] -- Symlinking: /home/hossein/turtlebot3_rl/install/turtlebot3_gazebo/include//turtlebot3_gazebo/turtlebot3_drive.hpp
[3.073s] -- Symlinking: /home/hossein/turtlebot3_rl/install/turtlebot3_gazebo/share/ament_index/resource_index/package_run_dependencies/turtlebot3_gazebo
[3.085s] -- Symlinking: /home/hossein/turtlebot3_rl/install/turtlebot3_gazebo/share/ament_index/resource_index/parent_prefix_path/turtlebot3_gazebo
[3.096s] -- Symlinking: /home/hossein/turtlebot3_rl/install/turtlebot3_gazebo/share/turtlebot3_gazebo/environment/ament_prefix_path.sh
[3.107s] -- Symlinking: /home/hossein/turtlebot3_rl/install/turtlebot3_gazebo/share/turtlebot3_gazebo/environment/path.sh
[3.118s] -- Symlinking: /home/hossein/turtlebot3_rl/install/turtlebot3_gazebo/share/turtlebot3_gazebo/local_setup.bash
[3.130s] -- Symlinking: /home/hossein/turtlebot3_rl/install/turtlebot3_gazebo/share/turtlebot3_gazebo/local_setup.sh
[3.141s] -- Symlinking: /home/hossein/turtlebot3_rl/install/turtlebot3_gazebo/share/turtlebot3_gazebo/local_setup.zsh
[3.152s] -- Symlinking: /home/hossein/turtlebot3_rl/install/turtlebot3_gazebo/share/ament_index/resource_index/packages/turtlebot3_gazebo
[3.163s] -- Symlinking: /home/hossein/turtlebot3_rl/install/turtlebot3_gazebo/share/turtlebot3_gazebo/cmake/ament_cmake_export_include_directories-extras.cmake
[3.175s] -- Symlinking: /home/hossein/turtlebot3_rl/install/turtlebot3_gazebo/share/turtlebot3_gazebo/cmake/ament_cmake_export_dependencies-extras.cmake
[3.187s] -- Symlinking: /home/hossein/turtlebot3_rl/install/turtlebot3_gazebo/share/turtlebot3_gazebo/cmake/turtlebot3_gazeboConfig.cmake
[3.198s] -- Symlinking: /home/hossein/turtlebot3_rl/install/turtlebot3_gazebo/share/turtlebot3_gazebo/cmake/turtlebot3_gazeboConfig-version.cmake
[3.209s] -- Symlinking: /home/hossein/turtlebot3_rl/install/turtlebot3_gazebo/share/turtlebot3_gazebo/package.xml
[3.225s] Invoked command in '/home/hossein/turtlebot3_rl/build/turtlebot3_gazebo' returned '0': AMENT_PREFIX_PATH=/home/hossein/turtlebot3_rl/install/turtlebot3:/home/hossein/turtlebot3_rl/install/turtlebot3_bringup:/home/hossein/turtlebot3_rl/install/turtlebot3_node:/home/hossein/turtlebot3_rl/install/turtlebot3_example:/home/hossein/turtlebot3_rl/install/turtlebot3_teleop:/home/hossein/turtlebot3_rl/install/turtlebot3_navigation2:/home/hossein/turtlebot3_rl/install/turtlebot3_msgs:/home/hossein/turtlebot3_rl/install/turtlebot3_description:/home/hossein/turtlebot3_rl/install/turtlebot3_cartographer:/home/hossein/turtlebot3_rl/install/hls_lfcd_lds_driver:/home/hossein/turtlebot3_rl/install/dynamixel_sdk:${AMENT_PREFIX_PATH} CMAKE_PREFIX_PATH=/home/hossein/turtlebot3_rl/install/turtlebot3:/home/hossein/turtlebot3_rl/install/turtlebot3_bringup:/home/hossein/turtlebot3_rl/install/turtlebot3_node:/home/hossein/turtlebot3_rl/install/turtlebot3_navigation2:/home/hossein/turtlebot3_rl/install/turtlebot3_msgs:/home/hossein/turtlebot3_rl/install/turtlebot3_description:/home/hossein/turtlebot3_rl/install/turtlebot3_cartographer:/home/hossein/turtlebot3_rl/install/hls_lfcd_lds_driver:/home/hossein/turtlebot3_rl/install/dynamixel_sdk:/home/hossein/turtlebot3_rl/install/turtlebot3_rl:/opt/ros/dashing LD_LIBRARY_PATH=/home/hossein/turtlebot3_rl/install/turtlebot3_msgs/lib:/home/hossein/turtlebot3_rl/install/dynamixel_sdk/lib:${LD_LIBRARY_PATH} PS1=(tf_ros) \[\e]0;\u@\h: \w\a\]${debian_chroot:+($debian_chroot)}\[\033[01;32m\]\u@\h\[\033[00m\]:\[\033[01;34m\]\w\[\033[00m\]\$ PYTHONPATH=/home/hossein/turtlebot3_rl/build/turtlebot3_example:/home/hossein/turtlebot3_rl/install/turtlebot3_example/lib/python3.6/site-packages:/home/hossein/turtlebot3_rl/build/turtlebot3_teleop:/home/hossein/turtlebot3_rl/install/turtlebot3_teleop/lib/python3.6/site-packages:/home/hossein/turtlebot3_rl/install/turtlebot3_msgs/lib/python3.6/site-packages:${PYTHONPATH} /usr/bin/cmake --build /home/hossein/turtlebot3_rl/build/turtlebot3_gazebo --target install -- -j8 -l8
