[0.352s] Invoking command in '/home/hossein/turtlebot3_rl/build/turtlebot3_fake_node': AMENT_PREFIX_PATH=/home/hossein/turtlebot3_rl/install/turtlebot3_msgs:${AMENT_PREFIX_PATH} CMAKE_PREFIX_PATH=/home/hossein/turtlebot3_rl/install/turtlebot3_msgs:/home/hossein/turtlebot3_rl/install/turtlebot3_rl:/opt/ros/dashing LD_LIBRARY_PATH=/home/hossein/turtlebot3_rl/install/turtlebot3_msgs/lib:${LD_LIBRARY_PATH} PS1=(tf_ros) \[\e]0;\u@\h: \w\a\]${debian_chroot:+($debian_chroot)}\[\033[01;32m\]\u@\h\[\033[00m\]:\[\033[01;34m\]\w\[\033[00m\]\$ PYTHONPATH=/home/hossein/turtlebot3_rl/install/turtlebot3_msgs/lib/python3.6/site-packages:${PYTHONPATH} /usr/bin/cmake /home/hossein/turtlebot3_rl/src/turtlebot3/turtlebot3_simulations/turtlebot3_fake_node -DCMAKE_INSTALL_PREFIX=/home/hossein/turtlebot3_rl/install/turtlebot3_fake_node
[0.420s] -- The C compiler identification is GNU 7.5.0
[0.492s] -- The CXX compiler identification is GNU 7.5.0
[0.496s] -- Check for working C compiler: /usr/bin/cc
[0.596s] -- Check for working C compiler: /usr/bin/cc -- works
[0.597s] -- Detecting C compiler ABI info
[0.685s] -- Detecting C compiler ABI info - done
[0.691s] -- Detecting C compile features
[0.958s] -- Detecting C compile features - done
[0.960s] -- Check for working CXX compiler: /usr/bin/c++
[1.062s] -- Check for working CXX compiler: /usr/bin/c++ -- works
[1.063s] -- Detecting CXX compiler ABI info
[1.161s] -- Detecting CXX compiler ABI info - done
[1.167s] -- Detecting CXX compile features
[1.558s] -- Detecting CXX compile features - done
[1.561s] -- Found ament_cmake: 0.7.4 (/opt/ros/dashing/share/ament_cmake/cmake)
[1.600s] -- Found PythonInterp: /home/hossein/tf_ros/bin/python3 (found suitable version "3.6.9", minimum required is "3") 
[1.600s] -- Using PYTHON_EXECUTABLE: /home/hossein/tf_ros/bin/python3
[1.824s] -- Found geometry_msgs: 0.7.0 (/opt/ros/dashing/share/geometry_msgs/cmake)
[1.847s] -- Found rosidl_adapter: 0.7.9 (/opt/ros/dashing/share/rosidl_adapter/cmake)
[1.898s] -- Found nav_msgs: 0.7.0 (/opt/ros/dashing/share/nav_msgs/cmake)
[1.911s] -- Found rclcpp: 0.7.13 (/opt/ros/dashing/share/rclcpp/cmake)
[1.929s] -- Found rmw_implementation_cmake: 0.7.2 (/opt/ros/dashing/share/rmw_implementation_cmake/cmake)
[1.931s] -- Using RMW implementation 'rmw_fastrtps_cpp' as default
[1.933s] -- Looking for pthread.h
[2.009s] -- Looking for pthread.h - found
[2.009s] -- Looking for pthread_create
[2.089s] -- Looking for pthread_create - not found
[2.089s] -- Looking for pthread_create in pthreads
[2.157s] -- Looking for pthread_create in pthreads - not found
[2.157s] -- Looking for pthread_create in pthread
[2.234s] -- Looking for pthread_create in pthread - found
[2.235s] -- Found Threads: TRUE  
[2.267s] -- Found sensor_msgs: 0.7.0 (/opt/ros/dashing/share/sensor_msgs/cmake)
[2.278s] -- Found tf2: 0.11.6 (/opt/ros/dashing/share/tf2/cmake)
[2.284s] -- Found tf2_msgs: 0.11.6 (/opt/ros/dashing/share/tf2_msgs/cmake)
[2.309s] -- Found turtlebot3_msgs: 2.2.1 (/home/hossein/turtlebot3_rl/install/turtlebot3_msgs/share/turtlebot3_msgs/cmake)
[2.507s] -- Configuring done
[2.533s] -- Generating done
[2.534s] -- Build files have been written to: /home/hossein/turtlebot3_rl/build/turtlebot3_fake_node
[2.538s] Invoked command in '/home/hossein/turtlebot3_rl/build/turtlebot3_fake_node' returned '0': AMENT_PREFIX_PATH=/home/hossein/turtlebot3_rl/install/turtlebot3_msgs:${AMENT_PREFIX_PATH} CMAKE_PREFIX_PATH=/home/hossein/turtlebot3_rl/install/turtlebot3_msgs:/home/hossein/turtlebot3_rl/install/turtlebot3_rl:/opt/ros/dashing LD_LIBRARY_PATH=/home/hossein/turtlebot3_rl/install/turtlebot3_msgs/lib:${LD_LIBRARY_PATH} PS1=(tf_ros) \[\e]0;\u@\h: \w\a\]${debian_chroot:+($debian_chroot)}\[\033[01;32m\]\u@\h\[\033[00m\]:\[\033[01;34m\]\w\[\033[00m\]\$ PYTHONPATH=/home/hossein/turtlebot3_rl/install/turtlebot3_msgs/lib/python3.6/site-packages:${PYTHONPATH} /usr/bin/cmake /home/hossein/turtlebot3_rl/src/turtlebot3/turtlebot3_simulations/turtlebot3_fake_node -DCMAKE_INSTALL_PREFIX=/home/hossein/turtlebot3_rl/install/turtlebot3_fake_node
[2.541s] Invoking command in '/home/hossein/turtlebot3_rl/build/turtlebot3_fake_node': AMENT_PREFIX_PATH=/home/hossein/turtlebot3_rl/install/turtlebot3_msgs:${AMENT_PREFIX_PATH} CMAKE_PREFIX_PATH=/home/hossein/turtlebot3_rl/install/turtlebot3_msgs:/home/hossein/turtlebot3_rl/install/turtlebot3_rl:/opt/ros/dashing LD_LIBRARY_PATH=/home/hossein/turtlebot3_rl/install/turtlebot3_msgs/lib:${LD_LIBRARY_PATH} PS1=(tf_ros) \[\e]0;\u@\h: \w\a\]${debian_chroot:+($debian_chroot)}\[\033[01;32m\]\u@\h\[\033[00m\]:\[\033[01;34m\]\w\[\033[00m\]\$ PYTHONPATH=/home/hossein/turtlebot3_rl/install/turtlebot3_msgs/lib/python3.6/site-packages:${PYTHONPATH} /usr/bin/cmake --build /home/hossein/turtlebot3_rl/build/turtlebot3_fake_node -- -j8 -l8
[2.609s] [35m[1mScanning dependencies of target turtlebot3_fake_node[0m
[2.710s] [ 50%] [32mBuilding CXX object CMakeFiles/turtlebot3_fake_node.dir/src/turtlebot3_fake_node.cpp.o[0m
[9.524s] [100%] [32m[1mLinking CXX executable turtlebot3_fake_node[0m
[9.844s] [100%] Built target turtlebot3_fake_node
[9.858s] Invoked command in '/home/hossein/turtlebot3_rl/build/turtlebot3_fake_node' returned '0': AMENT_PREFIX_PATH=/home/hossein/turtlebot3_rl/install/turtlebot3_msgs:${AMENT_PREFIX_PATH} CMAKE_PREFIX_PATH=/home/hossein/turtlebot3_rl/install/turtlebot3_msgs:/home/hossein/turtlebot3_rl/install/turtlebot3_rl:/opt/ros/dashing LD_LIBRARY_PATH=/home/hossein/turtlebot3_rl/install/turtlebot3_msgs/lib:${LD_LIBRARY_PATH} PS1=(tf_ros) \[\e]0;\u@\h: \w\a\]${debian_chroot:+($debian_chroot)}\[\033[01;32m\]\u@\h\[\033[00m\]:\[\033[01;34m\]\w\[\033[00m\]\$ PYTHONPATH=/home/hossein/turtlebot3_rl/install/turtlebot3_msgs/lib/python3.6/site-packages:${PYTHONPATH} /usr/bin/cmake --build /home/hossein/turtlebot3_rl/build/turtlebot3_fake_node -- -j8 -l8
[9.892s] Invoking command in '/home/hossein/turtlebot3_rl/build/turtlebot3_fake_node': AMENT_PREFIX_PATH=/home/hossein/turtlebot3_rl/install/turtlebot3_msgs:${AMENT_PREFIX_PATH} CMAKE_PREFIX_PATH=/home/hossein/turtlebot3_rl/install/turtlebot3_msgs:/home/hossein/turtlebot3_rl/install/turtlebot3_rl:/opt/ros/dashing LD_LIBRARY_PATH=/home/hossein/turtlebot3_rl/install/turtlebot3_msgs/lib:${LD_LIBRARY_PATH} PS1=(tf_ros) \[\e]0;\u@\h: \w\a\]${debian_chroot:+($debian_chroot)}\[\033[01;32m\]\u@\h\[\033[00m\]:\[\033[01;34m\]\w\[\033[00m\]\$ PYTHONPATH=/home/hossein/turtlebot3_rl/install/turtlebot3_msgs/lib/python3.6/site-packages:${PYTHONPATH} /usr/bin/cmake --build /home/hossein/turtlebot3_rl/build/turtlebot3_fake_node --target install -- -j8 -l8
[9.979s] [100%] Built target turtlebot3_fake_node
[10.007s] [36mInstall the project...[0m
[10.024s] -- Install configuration: ""
[10.024s] -- Installing: /home/hossein/turtlebot3_rl/install/turtlebot3_fake_node/lib/turtlebot3_fake_node/turtlebot3_fake_node
[10.026s] -- Set runtime path of "/home/hossein/turtlebot3_rl/install/turtlebot3_fake_node/lib/turtlebot3_fake_node/turtlebot3_fake_node" to ""
[10.027s] -- Installing: /home/hossein/turtlebot3_rl/install/turtlebot3_fake_node/share/turtlebot3_fake_node/launch
[10.027s] -- Installing: /home/hossein/turtlebot3_rl/install/turtlebot3_fake_node/share/turtlebot3_fake_node/launch/turtlebot3_fake_node.launch.py
[10.027s] -- Installing: /home/hossein/turtlebot3_rl/install/turtlebot3_fake_node/share/turtlebot3_fake_node/launch/rviz2.launch.py
[10.027s] -- Installing: /home/hossein/turtlebot3_rl/install/turtlebot3_fake_node/share/turtlebot3_fake_node/param
[10.027s] -- Installing: /home/hossein/turtlebot3_rl/install/turtlebot3_fake_node/share/turtlebot3_fake_node/param/waffle_pi.yaml
[10.027s] -- Installing: /home/hossein/turtlebot3_rl/install/turtlebot3_fake_node/share/turtlebot3_fake_node/param/waffle.yaml
[10.028s] -- Installing: /home/hossein/turtlebot3_rl/install/turtlebot3_fake_node/share/turtlebot3_fake_node/param/burger.yaml
[10.028s] -- Installing: /home/hossein/turtlebot3_rl/install/turtlebot3_fake_node/share/turtlebot3_fake_node/rviz
[10.028s] -- Installing: /home/hossein/turtlebot3_rl/install/turtlebot3_fake_node/share/turtlebot3_fake_node/rviz/model.rviz
[10.028s] -- Installing: /home/hossein/turtlebot3_rl/install/turtlebot3_fake_node/include/
[10.028s] -- Installing: /home/hossein/turtlebot3_rl/install/turtlebot3_fake_node/include//turtlebot3_fake_node
[10.028s] -- Installing: /home/hossein/turtlebot3_rl/install/turtlebot3_fake_node/include//turtlebot3_fake_node/turtlebot3_fake_node.hpp
[10.028s] -- Installing: /home/hossein/turtlebot3_rl/install/turtlebot3_fake_node/share/ament_index/resource_index/package_run_dependencies/turtlebot3_fake_node
[10.028s] -- Installing: /home/hossein/turtlebot3_rl/install/turtlebot3_fake_node/share/ament_index/resource_index/parent_prefix_path/turtlebot3_fake_node
[10.028s] -- Installing: /home/hossein/turtlebot3_rl/install/turtlebot3_fake_node/share/turtlebot3_fake_node/environment/ament_prefix_path.sh
[10.029s] -- Installing: /home/hossein/turtlebot3_rl/install/turtlebot3_fake_node/share/turtlebot3_fake_node/environment/path.sh
[10.029s] -- Installing: /home/hossein/turtlebot3_rl/install/turtlebot3_fake_node/share/turtlebot3_fake_node/local_setup.bash
[10.029s] -- Installing: /home/hossein/turtlebot3_rl/install/turtlebot3_fake_node/share/turtlebot3_fake_node/local_setup.sh
[10.029s] -- Installing: /home/hossein/turtlebot3_rl/install/turtlebot3_fake_node/share/turtlebot3_fake_node/local_setup.zsh
[10.029s] -- Installing: /home/hossein/turtlebot3_rl/install/turtlebot3_fake_node/share/ament_index/resource_index/packages/turtlebot3_fake_node
[10.030s] -- Installing: /home/hossein/turtlebot3_rl/install/turtlebot3_fake_node/share/turtlebot3_fake_node/cmake/ament_cmake_export_include_directories-extras.cmake
[10.030s] -- Installing: /home/hossein/turtlebot3_rl/install/turtlebot3_fake_node/share/turtlebot3_fake_node/cmake/ament_cmake_export_dependencies-extras.cmake
[10.030s] -- Installing: /home/hossein/turtlebot3_rl/install/turtlebot3_fake_node/share/turtlebot3_fake_node/cmake/turtlebot3_fake_nodeConfig.cmake
[10.030s] -- Installing: /home/hossein/turtlebot3_rl/install/turtlebot3_fake_node/share/turtlebot3_fake_node/cmake/turtlebot3_fake_nodeConfig-version.cmake
[10.031s] -- Installing: /home/hossein/turtlebot3_rl/install/turtlebot3_fake_node/share/turtlebot3_fake_node/package.xml
[10.036s] Invoked command in '/home/hossein/turtlebot3_rl/build/turtlebot3_fake_node' returned '0': AMENT_PREFIX_PATH=/home/hossein/turtlebot3_rl/install/turtlebot3_msgs:${AMENT_PREFIX_PATH} CMAKE_PREFIX_PATH=/home/hossein/turtlebot3_rl/install/turtlebot3_msgs:/home/hossein/turtlebot3_rl/install/turtlebot3_rl:/opt/ros/dashing LD_LIBRARY_PATH=/home/hossein/turtlebot3_rl/install/turtlebot3_msgs/lib:${LD_LIBRARY_PATH} PS1=(tf_ros) \[\e]0;\u@\h: \w\a\]${debian_chroot:+($debian_chroot)}\[\033[01;32m\]\u@\h\[\033[00m\]:\[\033[01;34m\]\w\[\033[00m\]\$ PYTHONPATH=/home/hossein/turtlebot3_rl/install/turtlebot3_msgs/lib/python3.6/site-packages:${PYTHONPATH} /usr/bin/cmake --build /home/hossein/turtlebot3_rl/build/turtlebot3_fake_node --target install -- -j8 -l8
