-- The C compiler identification is GNU 7.5.0
-- The CXX compiler identification is GNU 7.5.0
-- Check for working C compiler: /usr/bin/cc
-- Check for working C compiler: /usr/bin/cc -- works
-- Detecting C compiler ABI info
-- Detecting C compiler ABI info - done
-- Detecting C compile features
-- Detecting C compile features - done
-- Check for working CXX compiler: /usr/bin/c++
-- Check for working CXX compiler: /usr/bin/c++ -- works
-- Detecting CXX compiler ABI info
-- Detecting CXX compiler ABI info - done
-- Detecting CXX compile features
-- Detecting CXX compile features - done
-- Found ament_cmake: 0.7.4 (/opt/ros/dashing/share/ament_cmake/cmake)
-- Found PythonInterp: /home/hossein/tf_ros/bin/python3 (found suitable version "3.6.9", minimum required is "3") 
-- Using PYTHON_EXECUTABLE: /home/hossein/tf_ros/bin/python3
-- Found rclcpp: 0.7.13 (/opt/ros/dashing/share/rclcpp/cmake)
-- Found rosidl_adapter: 0.7.9 (/opt/ros/dashing/share/rosidl_adapter/cmake)
-- Found rmw_implementation_cmake: 0.7.2 (/opt/ros/dashing/share/rmw_implementation_cmake/cmake)
-- Using RMW implementation 'rmw_fastrtps_cpp' as default
-- Looking for pthread.h
-- Looking for pthread.h - found
-- Looking for pthread_create
-- Looking for pthread_create - not found
-- Looking for pthread_create in pthreads
-- Looking for pthread_create in pthreads - not found
-- Looking for pthread_create in pthread
-- Looking for pthread_create in pthread - found
-- Found Threads: TRUE  
-- Found sensor_msgs: 0.7.0 (/opt/ros/dashing/share/sensor_msgs/cmake)
-- Boost version: 1.65.1
-- Found the following Boost libraries:
--   system
-- Configuring done
-- Generating done
-- Build files have been written to: /home/hossein/turtlebot3_rl/build/hls_lfcd_lds_driver
[35m[1mScanning dependencies of target hlds_laser_publisher[0m
[ 50%] [32mBuilding CXX object CMakeFiles/hlds_laser_publisher.dir/src/hlds_laser_publisher.cpp.o[0m
[100%] [32m[1mLinking CXX executable hlds_laser_publisher[0m
[100%] Built target hlds_laser_publisher
[100%] Built target hlds_laser_publisher
[36mInstall the project...[0m
-- Install configuration: ""
-- Installing: /home/hossein/turtlebot3_rl/install/hls_lfcd_lds_driver/share/hls_lfcd_lds_driver/launch
-- Installing: /home/hossein/turtlebot3_rl/install/hls_lfcd_lds_driver/share/hls_lfcd_lds_driver/launch/view_hlds_laser.launch.py
-- Installing: /home/hossein/turtlebot3_rl/install/hls_lfcd_lds_driver/share/hls_lfcd_lds_driver/launch/hlds_laser.launch.py
-- Installing: /home/hossein/turtlebot3_rl/install/hls_lfcd_lds_driver/share/hls_lfcd_lds_driver/rviz
-- Installing: /home/hossein/turtlebot3_rl/install/hls_lfcd_lds_driver/share/hls_lfcd_lds_driver/rviz/hlds_laser.rviz
-- Installing: /home/hossein/turtlebot3_rl/install/hls_lfcd_lds_driver/lib/hls_lfcd_lds_driver/hlds_laser_publisher
-- Set runtime path of "/home/hossein/turtlebot3_rl/install/hls_lfcd_lds_driver/lib/hls_lfcd_lds_driver/hlds_laser_publisher" to ""
-- Installing: /home/hossein/turtlebot3_rl/install/hls_lfcd_lds_driver/share/ament_index/resource_index/package_run_dependencies/hls_lfcd_lds_driver
-- Installing: /home/hossein/turtlebot3_rl/install/hls_lfcd_lds_driver/share/ament_index/resource_index/parent_prefix_path/hls_lfcd_lds_driver
-- Installing: /home/hossein/turtlebot3_rl/install/hls_lfcd_lds_driver/share/hls_lfcd_lds_driver/environment/ament_prefix_path.sh
-- Installing: /home/hossein/turtlebot3_rl/install/hls_lfcd_lds_driver/share/hls_lfcd_lds_driver/environment/path.sh
-- Installing: /home/hossein/turtlebot3_rl/install/hls_lfcd_lds_driver/share/hls_lfcd_lds_driver/local_setup.bash
-- Installing: /home/hossein/turtlebot3_rl/install/hls_lfcd_lds_driver/share/hls_lfcd_lds_driver/local_setup.sh
-- Installing: /home/hossein/turtlebot3_rl/install/hls_lfcd_lds_driver/share/hls_lfcd_lds_driver/local_setup.zsh
-- Installing: /home/hossein/turtlebot3_rl/install/hls_lfcd_lds_driver/share/ament_index/resource_index/packages/hls_lfcd_lds_driver
-- Installing: /home/hossein/turtlebot3_rl/install/hls_lfcd_lds_driver/share/hls_lfcd_lds_driver/cmake/ament_cmake_export_dependencies-extras.cmake
-- Installing: /home/hossein/turtlebot3_rl/install/hls_lfcd_lds_driver/share/hls_lfcd_lds_driver/cmake/ament_cmake_export_include_directories-extras.cmake
-- Installing: /home/hossein/turtlebot3_rl/install/hls_lfcd_lds_driver/share/hls_lfcd_lds_driver/cmake/hls_lfcd_lds_driverConfig.cmake
-- Installing: /home/hossein/turtlebot3_rl/install/hls_lfcd_lds_driver/share/hls_lfcd_lds_driver/cmake/hls_lfcd_lds_driverConfig-version.cmake
-- Installing: /home/hossein/turtlebot3_rl/install/hls_lfcd_lds_driver/share/hls_lfcd_lds_driver/package.xml
