[0.068s] Invoking command in '/home/hossein/turtlebot3_rl/build/hls_lfcd_lds_driver': CMAKE_PREFIX_PATH=/home/hossein/turtlebot3_rl/install/turtlebot3_rl:/opt/ros/dashing PS1=(tf_ros) \[\e]0;\u@\h: \w\a\]${debian_chroot:+($debian_chroot)}\[\033[01;32m\]\u@\h\[\033[00m\]:\[\033[01;34m\]\w\[\033[00m\]\$ /usr/bin/cmake /home/hossein/turtlebot3_rl/src/utils/hls_lfcd_lds_driver -DCMAKE_INSTALL_PREFIX=/home/hossein/turtlebot3_rl/install/hls_lfcd_lds_driver
[1.108s] -- The C compiler identification is GNU 7.5.0
[1.108s] -- The CXX compiler identification is GNU 7.5.0
[1.108s] -- Check for working C compiler: /usr/bin/cc
[1.108s] -- Check for working C compiler: /usr/bin/cc -- works
[1.108s] -- Detecting C compiler ABI info
[1.109s] -- Detecting C compiler ABI info - done
[1.109s] -- Detecting C compile features
[1.109s] -- Detecting C compile features - done
[1.110s] -- Check for working CXX compiler: /usr/bin/c++
[1.110s] -- Check for working CXX compiler: /usr/bin/c++ -- works
[1.110s] -- Detecting CXX compiler ABI info
[1.178s] -- Detecting CXX compiler ABI info - done
[1.187s] -- Detecting CXX compile features
[1.882s] -- Detecting CXX compile features - done
[1.885s] -- Found ament_cmake: 0.7.4 (/opt/ros/dashing/share/ament_cmake/cmake)
[1.938s] -- Found PythonInterp: /home/hossein/tf_ros/bin/python3 (found suitable version "3.6.9", minimum required is "3") 
[1.938s] -- Using PYTHON_EXECUTABLE: /home/hossein/tf_ros/bin/python3
[2.155s] -- Found rclcpp: 0.7.13 (/opt/ros/dashing/share/rclcpp/cmake)
[2.184s] -- Found rosidl_adapter: 0.7.9 (/opt/ros/dashing/share/rosidl_adapter/cmake)
[2.261s] -- Found rmw_implementation_cmake: 0.7.2 (/opt/ros/dashing/share/rmw_implementation_cmake/cmake)
[2.264s] -- Using RMW implementation 'rmw_fastrtps_cpp' as default
[2.265s] -- Looking for pthread.h
[2.392s] -- Looking for pthread.h - found
[2.393s] -- Looking for pthread_create
[2.510s] -- Looking for pthread_create - not found
[2.511s] -- Looking for pthread_create in pthreads
[2.848s] -- Looking for pthread_create in pthreads - not found
[2.849s] -- Looking for pthread_create in pthread
[3.063s] -- Looking for pthread_create in pthread - found
[3.068s] -- Found Threads: TRUE  
[3.135s] -- Found sensor_msgs: 0.7.0 (/opt/ros/dashing/share/sensor_msgs/cmake)
[3.256s] -- Boost version: 1.65.1
[3.256s] -- Found the following Boost libraries:
[3.257s] --   system
[3.385s] -- Configuring done
[3.402s] -- Generating done
[3.404s] -- Build files have been written to: /home/hossein/turtlebot3_rl/build/hls_lfcd_lds_driver
[3.409s] Invoked command in '/home/hossein/turtlebot3_rl/build/hls_lfcd_lds_driver' returned '0': CMAKE_PREFIX_PATH=/home/hossein/turtlebot3_rl/install/turtlebot3_rl:/opt/ros/dashing PS1=(tf_ros) \[\e]0;\u@\h: \w\a\]${debian_chroot:+($debian_chroot)}\[\033[01;32m\]\u@\h\[\033[00m\]:\[\033[01;34m\]\w\[\033[00m\]\$ /usr/bin/cmake /home/hossein/turtlebot3_rl/src/utils/hls_lfcd_lds_driver -DCMAKE_INSTALL_PREFIX=/home/hossein/turtlebot3_rl/install/hls_lfcd_lds_driver
[3.411s] Invoking command in '/home/hossein/turtlebot3_rl/build/hls_lfcd_lds_driver': CMAKE_PREFIX_PATH=/home/hossein/turtlebot3_rl/install/turtlebot3_rl:/opt/ros/dashing PS1=(tf_ros) \[\e]0;\u@\h: \w\a\]${debian_chroot:+($debian_chroot)}\[\033[01;32m\]\u@\h\[\033[00m\]:\[\033[01;34m\]\w\[\033[00m\]\$ /usr/bin/cmake --build /home/hossein/turtlebot3_rl/build/hls_lfcd_lds_driver -- -j8 -l8
[3.472s] [35m[1mScanning dependencies of target hlds_laser_publisher[0m
[3.511s] [ 50%] [32mBuilding CXX object CMakeFiles/hlds_laser_publisher.dir/src/hlds_laser_publisher.cpp.o[0m
[6.770s] [100%] [32m[1mLinking CXX executable hlds_laser_publisher[0m
[7.216s] [100%] Built target hlds_laser_publisher
[7.252s] Invoked command in '/home/hossein/turtlebot3_rl/build/hls_lfcd_lds_driver' returned '0': CMAKE_PREFIX_PATH=/home/hossein/turtlebot3_rl/install/turtlebot3_rl:/opt/ros/dashing PS1=(tf_ros) \[\e]0;\u@\h: \w\a\]${debian_chroot:+($debian_chroot)}\[\033[01;32m\]\u@\h\[\033[00m\]:\[\033[01;34m\]\w\[\033[00m\]\$ /usr/bin/cmake --build /home/hossein/turtlebot3_rl/build/hls_lfcd_lds_driver -- -j8 -l8
[7.410s] Invoking command in '/home/hossein/turtlebot3_rl/build/hls_lfcd_lds_driver': CMAKE_PREFIX_PATH=/home/hossein/turtlebot3_rl/install/turtlebot3_rl:/opt/ros/dashing PS1=(tf_ros) \[\e]0;\u@\h: \w\a\]${debian_chroot:+($debian_chroot)}\[\033[01;32m\]\u@\h\[\033[00m\]:\[\033[01;34m\]\w\[\033[00m\]\$ /usr/bin/cmake --build /home/hossein/turtlebot3_rl/build/hls_lfcd_lds_driver --target install -- -j8 -l8
[7.556s] [100%] Built target hlds_laser_publisher
[7.634s] [36mInstall the project...[0m
[7.666s] -- Install configuration: ""
[7.666s] -- Installing: /home/hossein/turtlebot3_rl/install/hls_lfcd_lds_driver/share/hls_lfcd_lds_driver/launch
[7.666s] -- Installing: /home/hossein/turtlebot3_rl/install/hls_lfcd_lds_driver/share/hls_lfcd_lds_driver/launch/view_hlds_laser.launch.py
[7.667s] -- Installing: /home/hossein/turtlebot3_rl/install/hls_lfcd_lds_driver/share/hls_lfcd_lds_driver/launch/hlds_laser.launch.py
[7.667s] -- Installing: /home/hossein/turtlebot3_rl/install/hls_lfcd_lds_driver/share/hls_lfcd_lds_driver/rviz
[7.667s] -- Installing: /home/hossein/turtlebot3_rl/install/hls_lfcd_lds_driver/share/hls_lfcd_lds_driver/rviz/hlds_laser.rviz
[7.667s] -- Installing: /home/hossein/turtlebot3_rl/install/hls_lfcd_lds_driver/lib/hls_lfcd_lds_driver/hlds_laser_publisher
[7.669s] -- Set runtime path of "/home/hossein/turtlebot3_rl/install/hls_lfcd_lds_driver/lib/hls_lfcd_lds_driver/hlds_laser_publisher" to ""
[7.669s] -- Installing: /home/hossein/turtlebot3_rl/install/hls_lfcd_lds_driver/share/ament_index/resource_index/package_run_dependencies/hls_lfcd_lds_driver
[7.669s] -- Installing: /home/hossein/turtlebot3_rl/install/hls_lfcd_lds_driver/share/ament_index/resource_index/parent_prefix_path/hls_lfcd_lds_driver
[7.670s] -- Installing: /home/hossein/turtlebot3_rl/install/hls_lfcd_lds_driver/share/hls_lfcd_lds_driver/environment/ament_prefix_path.sh
[7.670s] -- Installing: /home/hossein/turtlebot3_rl/install/hls_lfcd_lds_driver/share/hls_lfcd_lds_driver/environment/path.sh
[7.670s] -- Installing: /home/hossein/turtlebot3_rl/install/hls_lfcd_lds_driver/share/hls_lfcd_lds_driver/local_setup.bash
[7.671s] -- Installing: /home/hossein/turtlebot3_rl/install/hls_lfcd_lds_driver/share/hls_lfcd_lds_driver/local_setup.sh
[7.671s] -- Installing: /home/hossein/turtlebot3_rl/install/hls_lfcd_lds_driver/share/hls_lfcd_lds_driver/local_setup.zsh
[7.671s] -- Installing: /home/hossein/turtlebot3_rl/install/hls_lfcd_lds_driver/share/ament_index/resource_index/packages/hls_lfcd_lds_driver
[7.672s] -- Installing: /home/hossein/turtlebot3_rl/install/hls_lfcd_lds_driver/share/hls_lfcd_lds_driver/cmake/ament_cmake_export_dependencies-extras.cmake
[7.672s] -- Installing: /home/hossein/turtlebot3_rl/install/hls_lfcd_lds_driver/share/hls_lfcd_lds_driver/cmake/ament_cmake_export_include_directories-extras.cmake
[7.672s] -- Installing: /home/hossein/turtlebot3_rl/install/hls_lfcd_lds_driver/share/hls_lfcd_lds_driver/cmake/hls_lfcd_lds_driverConfig.cmake
[7.672s] -- Installing: /home/hossein/turtlebot3_rl/install/hls_lfcd_lds_driver/share/hls_lfcd_lds_driver/cmake/hls_lfcd_lds_driverConfig-version.cmake
[7.673s] -- Installing: /home/hossein/turtlebot3_rl/install/hls_lfcd_lds_driver/share/hls_lfcd_lds_driver/package.xml
[7.684s] Invoked command in '/home/hossein/turtlebot3_rl/build/hls_lfcd_lds_driver' returned '0': CMAKE_PREFIX_PATH=/home/hossein/turtlebot3_rl/install/turtlebot3_rl:/opt/ros/dashing PS1=(tf_ros) \[\e]0;\u@\h: \w\a\]${debian_chroot:+($debian_chroot)}\[\033[01;32m\]\u@\h\[\033[00m\]:\[\033[01;34m\]\w\[\033[00m\]\$ /usr/bin/cmake --build /home/hossein/turtlebot3_rl/build/hls_lfcd_lds_driver --target install -- -j8 -l8
