[0.940s] Invoking command in '/home/hossein/turtlebot3_rl/build/turtlebot3_rl': PS1=(tf_ros) \[\e]0;\u@\h: \w\a\]${debian_chroot:+($debian_chroot)}\[\033[01;32m\]\u@\h\[\033[00m\]:\[\033[01;34m\]\w\[\033[00m\]\$ PYTHONPATH=/home/hossein/turtlebot3_rl/install/turtlebot3_rl/lib/python3.6/site-packages:${PYTHONPATH} /usr/bin/python3 setup.py develop --prefix /home/hossein/turtlebot3_rl/install/turtlebot3_rl --editable --build-directory /home/hossein/turtlebot3_rl/build/turtlebot3_rl/build --no-deps install_data --install-dir /home/hossein/turtlebot3_rl/install/turtlebot3_rl
[1.451s] running develop
[1.669s] running egg_info
[1.669s] writing turtlebot3_rl.egg-info/PKG-INFO
[1.670s] writing dependency_links to turtlebot3_rl.egg-info/dependency_links.txt
[1.670s] writing entry points to turtlebot3_rl.egg-info/entry_points.txt
[1.670s] writing requirements to turtlebot3_rl.egg-info/requires.txt
[1.670s] writing top-level names to turtlebot3_rl.egg-info/top_level.txt
[1.728s] reading manifest file 'turtlebot3_rl.egg-info/SOURCES.txt'
[1.730s] writing manifest file 'turtlebot3_rl.egg-info/SOURCES.txt'
[1.732s] running build_ext
[1.732s] Creating /home/hossein/turtlebot3_rl/install/turtlebot3_rl/lib/python3.6/site-packages/site.py
[1.733s] Creating /home/hossein/turtlebot3_rl/install/turtlebot3_rl/lib/python3.6/site-packages/turtlebot3-rl.egg-link (link to .)
[1.734s] Installing turtlebot3_dqn_agent script to /home/hossein/turtlebot3_rl/install/turtlebot3_rl/lib/turtlebot3_rl
[1.735s] Installing turtlebot3_env script to /home/hossein/turtlebot3_rl/install/turtlebot3_rl/lib/turtlebot3_rl
[1.735s] Installing turtlebot3_gazebo script to /home/hossein/turtlebot3_rl/install/turtlebot3_rl/lib/turtlebot3_rl
[1.735s] 
[1.736s] Installed /home/hossein/turtlebot3_rl/build/turtlebot3_rl
[1.736s] running install_data
[1.771s] Invoked command in '/home/hossein/turtlebot3_rl/build/turtlebot3_rl' returned '0': PS1=(tf_ros) \[\e]0;\u@\h: \w\a\]${debian_chroot:+($debian_chroot)}\[\033[01;32m\]\u@\h\[\033[00m\]:\[\033[01;34m\]\w\[\033[00m\]\$ PYTHONPATH=/home/hossein/turtlebot3_rl/install/turtlebot3_rl/lib/python3.6/site-packages:${PYTHONPATH} /usr/bin/python3 setup.py develop --prefix /home/hossein/turtlebot3_rl/install/turtlebot3_rl --editable --build-directory /home/hossein/turtlebot3_rl/build/turtlebot3_rl/build --no-deps install_data --install-dir /home/hossein/turtlebot3_rl/install/turtlebot3_rl
