Determining if the pthread_create exist failed with the following output:
Change Dir: /home/hossein/turtlebot3_rl/build/turtlebot3_fake_node/CMakeFiles/CMakeTmp

Run Build Command:"/usr/bin/make" "cmTC_7b1e8/fast"
/usr/bin/make -f CMakeFiles/cmTC_7b1e8.dir/build.make CMakeFiles/cmTC_7b1e8.dir/build
make[1]: Entering directory '/home/hossein/turtlebot3_rl/build/turtlebot3_fake_node/CMakeFiles/CMakeTmp'
Building C object CMakeFiles/cmTC_7b1e8.dir/CheckSymbolExists.c.o
/usr/bin/cc    -o CMakeFiles/cmTC_7b1e8.dir/CheckSymbolExists.c.o   -c /home/hossein/turtlebot3_rl/build/turtlebot3_fake_node/CMakeFiles/CMakeTmp/CheckSymbolExists.c
Linking C executable cmTC_7b1e8
/usr/bin/cmake -E cmake_link_script CMakeFiles/cmTC_7b1e8.dir/link.txt --verbose=1
/usr/bin/cc      CMakeFiles/cmTC_7b1e8.dir/CheckSymbolExists.c.o  -o cmTC_7b1e8 
CMakeFiles/cmTC_7b1e8.dir/CheckSymbolExists.c.o: In function `main':
CheckSymbolExists.c:(.text+0x1b): undefined reference to `pthread_create'
collect2: error: ld returned 1 exit status
CMakeFiles/cmTC_7b1e8.dir/build.make:97: recipe for target 'cmTC_7b1e8' failed
make[1]: *** [cmTC_7b1e8] Error 1
make[1]: Leaving directory '/home/hossein/turtlebot3_rl/build/turtlebot3_fake_node/CMakeFiles/CMakeTmp'
Makefile:126: recipe for target 'cmTC_7b1e8/fast' failed
make: *** [cmTC_7b1e8/fast] Error 2

File /home/hossein/turtlebot3_rl/build/turtlebot3_fake_node/CMakeFiles/CMakeTmp/CheckSymbolExists.c:
/* */
#include <pthread.h>

int main(int argc, char** argv)
{
  (void)argv;
#ifndef pthread_create
  return ((int*)(&pthread_create))[argc];
#else
  (void)argc;
  return 0;
#endif
}

Determining if the function pthread_create exists in the pthreads failed with the following output:
Change Dir: /home/hossein/turtlebot3_rl/build/turtlebot3_fake_node/CMakeFiles/CMakeTmp

Run Build Command:"/usr/bin/make" "cmTC_8bd45/fast"
/usr/bin/make -f CMakeFiles/cmTC_8bd45.dir/build.make CMakeFiles/cmTC_8bd45.dir/build
make[1]: Entering directory '/home/hossein/turtlebot3_rl/build/turtlebot3_fake_node/CMakeFiles/CMakeTmp'
Building C object CMakeFiles/cmTC_8bd45.dir/CheckFunctionExists.c.o
/usr/bin/cc   -DCHECK_FUNCTION_EXISTS=pthread_create   -o CMakeFiles/cmTC_8bd45.dir/CheckFunctionExists.c.o   -c /usr/share/cmake-3.10/Modules/CheckFunctionExists.c
Linking C executable cmTC_8bd45
/usr/bin/cmake -E cmake_link_script CMakeFiles/cmTC_8bd45.dir/link.txt --verbose=1
/usr/bin/cc  -DCHECK_FUNCTION_EXISTS=pthread_create    CMakeFiles/cmTC_8bd45.dir/CheckFunctionExists.c.o  -o cmTC_8bd45 -lpthreads 
/usr/bin/ld: cannot find -lpthreads
collect2: error: ld returned 1 exit status
CMakeFiles/cmTC_8bd45.dir/build.make:97: recipe for target 'cmTC_8bd45' failed
make[1]: *** [cmTC_8bd45] Error 1
make[1]: Leaving directory '/home/hossein/turtlebot3_rl/build/turtlebot3_fake_node/CMakeFiles/CMakeTmp'
Makefile:126: recipe for target 'cmTC_8bd45/fast' failed
make: *** [cmTC_8bd45/fast] Error 2


