Determining if the pthread_create exist failed with the following output:
Change Dir: /home/hossein/turtlebot3_rl/build/turtlebot3_gazebo/CMakeFiles/CMakeTmp

Run Build Command:"/usr/bin/make" "cmTC_e17a9/fast"
/usr/bin/make -f CMakeFiles/cmTC_e17a9.dir/build.make CMakeFiles/cmTC_e17a9.dir/build
make[1]: Entering directory '/home/hossein/turtlebot3_rl/build/turtlebot3_gazebo/CMakeFiles/CMakeTmp'
Building C object CMakeFiles/cmTC_e17a9.dir/CheckSymbolExists.c.o
/usr/bin/cc    -o CMakeFiles/cmTC_e17a9.dir/CheckSymbolExists.c.o   -c /home/hossein/turtlebot3_rl/build/turtlebot3_gazebo/CMakeFiles/CMakeTmp/CheckSymbolExists.c
Linking C executable cmTC_e17a9
/usr/bin/cmake -E cmake_link_script CMakeFiles/cmTC_e17a9.dir/link.txt --verbose=1
/usr/bin/cc      CMakeFiles/cmTC_e17a9.dir/CheckSymbolExists.c.o  -o cmTC_e17a9 
CMakeFiles/cmTC_e17a9.dir/CheckSymbolExists.c.o: In function `main':
CheckSymbolExists.c:(.text+0x1b): undefined reference to `pthread_create'
collect2: error: ld returned 1 exit status
CMakeFiles/cmTC_e17a9.dir/build.make:97: recipe for target 'cmTC_e17a9' failed
make[1]: *** [cmTC_e17a9] Error 1
make[1]: Leaving directory '/home/hossein/turtlebot3_rl/build/turtlebot3_gazebo/CMakeFiles/CMakeTmp'
Makefile:126: recipe for target 'cmTC_e17a9/fast' failed
make: *** [cmTC_e17a9/fast] Error 2

File /home/hossein/turtlebot3_rl/build/turtlebot3_gazebo/CMakeFiles/CMakeTmp/CheckSymbolExists.c:
/* */
#include <pthread.h>

int main(int argc, char** argv)
{
  (void)argv;
#ifndef pthread_create
  return ((int*)(&pthread_create))[argc];
#else
  (void)argc;
  return 0;
#endif
}

Determining if the function pthread_create exists in the pthreads failed with the following output:
Change Dir: /home/hossein/turtlebot3_rl/build/turtlebot3_gazebo/CMakeFiles/CMakeTmp

Run Build Command:"/usr/bin/make" "cmTC_3e92b/fast"
/usr/bin/make -f CMakeFiles/cmTC_3e92b.dir/build.make CMakeFiles/cmTC_3e92b.dir/build
make[1]: Entering directory '/home/hossein/turtlebot3_rl/build/turtlebot3_gazebo/CMakeFiles/CMakeTmp'
Building C object CMakeFiles/cmTC_3e92b.dir/CheckFunctionExists.c.o
/usr/bin/cc   -DCHECK_FUNCTION_EXISTS=pthread_create   -o CMakeFiles/cmTC_3e92b.dir/CheckFunctionExists.c.o   -c /usr/share/cmake-3.10/Modules/CheckFunctionExists.c
Linking C executable cmTC_3e92b
/usr/bin/cmake -E cmake_link_script CMakeFiles/cmTC_3e92b.dir/link.txt --verbose=1
/usr/bin/cc  -DCHECK_FUNCTION_EXISTS=pthread_create    CMakeFiles/cmTC_3e92b.dir/CheckFunctionExists.c.o  -o cmTC_3e92b -lpthreads 
/usr/bin/ld: cannot find -lpthreads
collect2: error: ld returned 1 exit status
CMakeFiles/cmTC_3e92b.dir/build.make:97: recipe for target 'cmTC_3e92b' failed
make[1]: *** [cmTC_3e92b] Error 1
make[1]: Leaving directory '/home/hossein/turtlebot3_rl/build/turtlebot3_gazebo/CMakeFiles/CMakeTmp'
Makefile:126: recipe for target 'cmTC_3e92b/fast' failed
make: *** [cmTC_3e92b/fast] Error 2


