[0.062s] Invoking command in '/home/hossein/turtlebot3_rl/build/turtlebot3_cartographer': CMAKE_PREFIX_PATH=/home/hossein/turtlebot3_rl/install/turtlebot3_rl:/opt/ros/dashing PS1=(tf_ros) \[\e]0;\u@\h: \w\a\]${debian_chroot:+($debian_chroot)}\[\033[01;32m\]\u@\h\[\033[00m\]:\[\033[01;34m\]\w\[\033[00m\]\$ /usr/bin/cmake /home/hossein/turtlebot3_rl/src/turtlebot3/turtlebot3/turtlebot3_cartographer -DCMAKE_INSTALL_PREFIX=/home/hossein/turtlebot3_rl/install/turtlebot3_cartographer
[1.094s] -- The C compiler identification is GNU 7.5.0
[1.094s] -- The CXX compiler identification is GNU 7.5.0
[1.094s] -- Check for working C compiler: /usr/bin/cc
[1.095s] -- Check for working C compiler: /usr/bin/cc -- works
[1.095s] -- Detecting C compiler ABI info
[1.095s] -- Detecting C compiler ABI info - done
[1.095s] -- Detecting C compile features
[1.095s] -- Detecting C compile features - done
[1.095s] -- Check for working CXX compiler: /usr/bin/c++
[1.095s] -- Check for working CXX compiler: /usr/bin/c++ -- works
[1.095s] -- Detecting CXX compiler ABI info
[1.196s] -- Detecting CXX compiler ABI info - done
[1.208s] -- Detecting CXX compile features
[1.872s] -- Detecting CXX compile features - done
[1.875s] -- Found ament_cmake: 0.7.4 (/opt/ros/dashing/share/ament_cmake/cmake)
[1.935s] -- Found PythonInterp: /home/hossein/tf_ros/bin/python3 (found suitable version "3.6.9", minimum required is "3") 
[1.935s] -- Using PYTHON_EXECUTABLE: /home/hossein/tf_ros/bin/python3
[2.383s] -- Configuring done
[2.387s] -- Generating done
[2.388s] -- Build files have been written to: /home/hossein/turtlebot3_rl/build/turtlebot3_cartographer
[2.422s] Invoked command in '/home/hossein/turtlebot3_rl/build/turtlebot3_cartographer' returned '0': CMAKE_PREFIX_PATH=/home/hossein/turtlebot3_rl/install/turtlebot3_rl:/opt/ros/dashing PS1=(tf_ros) \[\e]0;\u@\h: \w\a\]${debian_chroot:+($debian_chroot)}\[\033[01;32m\]\u@\h\[\033[00m\]:\[\033[01;34m\]\w\[\033[00m\]\$ /usr/bin/cmake /home/hossein/turtlebot3_rl/src/turtlebot3/turtlebot3/turtlebot3_cartographer -DCMAKE_INSTALL_PREFIX=/home/hossein/turtlebot3_rl/install/turtlebot3_cartographer
[2.427s] Invoking command in '/home/hossein/turtlebot3_rl/build/turtlebot3_cartographer': CMAKE_PREFIX_PATH=/home/hossein/turtlebot3_rl/install/turtlebot3_rl:/opt/ros/dashing PS1=(tf_ros) \[\e]0;\u@\h: \w\a\]${debian_chroot:+($debian_chroot)}\[\033[01;32m\]\u@\h\[\033[00m\]:\[\033[01;34m\]\w\[\033[00m\]\$ /usr/bin/cmake --build /home/hossein/turtlebot3_rl/build/turtlebot3_cartographer -- -j8 -l8
[2.496s] Invoked command in '/home/hossein/turtlebot3_rl/build/turtlebot3_cartographer' returned '0': CMAKE_PREFIX_PATH=/home/hossein/turtlebot3_rl/install/turtlebot3_rl:/opt/ros/dashing PS1=(tf_ros) \[\e]0;\u@\h: \w\a\]${debian_chroot:+($debian_chroot)}\[\033[01;32m\]\u@\h\[\033[00m\]:\[\033[01;34m\]\w\[\033[00m\]\$ /usr/bin/cmake --build /home/hossein/turtlebot3_rl/build/turtlebot3_cartographer -- -j8 -l8
[2.651s] Invoking command in '/home/hossein/turtlebot3_rl/build/turtlebot3_cartographer': CMAKE_PREFIX_PATH=/home/hossein/turtlebot3_rl/install/turtlebot3_rl:/opt/ros/dashing PS1=(tf_ros) \[\e]0;\u@\h: \w\a\]${debian_chroot:+($debian_chroot)}\[\033[01;32m\]\u@\h\[\033[00m\]:\[\033[01;34m\]\w\[\033[00m\]\$ /usr/bin/cmake --build /home/hossein/turtlebot3_rl/build/turtlebot3_cartographer --target install -- -j8 -l8
[2.878s] [36mInstall the project...[0m
[2.901s] -- Install configuration: ""
[2.901s] -- Installing: /home/hossein/turtlebot3_rl/install/turtlebot3_cartographer/share/turtlebot3_cartographer/config
[2.902s] -- Installing: /home/hossein/turtlebot3_rl/install/turtlebot3_cartographer/share/turtlebot3_cartographer/config/turtlebot3_lds_2d.lua
[2.902s] -- Installing: /home/hossein/turtlebot3_rl/install/turtlebot3_cartographer/share/turtlebot3_cartographer/launch
[2.903s] -- Installing: /home/hossein/turtlebot3_rl/install/turtlebot3_cartographer/share/turtlebot3_cartographer/launch/cartographer.launch.py
[2.903s] -- Installing: /home/hossein/turtlebot3_rl/install/turtlebot3_cartographer/share/turtlebot3_cartographer/launch/occupancy_grid.launch.py
[2.904s] -- Installing: /home/hossein/turtlebot3_rl/install/turtlebot3_cartographer/share/turtlebot3_cartographer/rviz
[2.904s] -- Installing: /home/hossein/turtlebot3_rl/install/turtlebot3_cartographer/share/turtlebot3_cartographer/rviz/tb3_cartographer.rviz
[2.905s] -- Installing: /home/hossein/turtlebot3_rl/install/turtlebot3_cartographer/share/ament_index/resource_index/package_run_dependencies/turtlebot3_cartographer
[2.906s] -- Installing: /home/hossein/turtlebot3_rl/install/turtlebot3_cartographer/share/ament_index/resource_index/parent_prefix_path/turtlebot3_cartographer
[2.907s] -- Installing: /home/hossein/turtlebot3_rl/install/turtlebot3_cartographer/share/turtlebot3_cartographer/environment/ament_prefix_path.sh
[2.907s] -- Installing: /home/hossein/turtlebot3_rl/install/turtlebot3_cartographer/share/turtlebot3_cartographer/environment/path.sh
[2.908s] -- Installing: /home/hossein/turtlebot3_rl/install/turtlebot3_cartographer/share/turtlebot3_cartographer/local_setup.bash
[2.909s] -- Installing: /home/hossein/turtlebot3_rl/install/turtlebot3_cartographer/share/turtlebot3_cartographer/local_setup.sh
[2.909s] -- Installing: /home/hossein/turtlebot3_rl/install/turtlebot3_cartographer/share/turtlebot3_cartographer/local_setup.zsh
[2.910s] -- Installing: /home/hossein/turtlebot3_rl/install/turtlebot3_cartographer/share/ament_index/resource_index/packages/turtlebot3_cartographer
[2.911s] -- Installing: /home/hossein/turtlebot3_rl/install/turtlebot3_cartographer/share/turtlebot3_cartographer/cmake/turtlebot3_cartographerConfig.cmake
[2.911s] -- Installing: /home/hossein/turtlebot3_rl/install/turtlebot3_cartographer/share/turtlebot3_cartographer/cmake/turtlebot3_cartographerConfig-version.cmake
[2.912s] -- Installing: /home/hossein/turtlebot3_rl/install/turtlebot3_cartographer/share/turtlebot3_cartographer/package.xml
[2.921s] Invoked command in '/home/hossein/turtlebot3_rl/build/turtlebot3_cartographer' returned '0': CMAKE_PREFIX_PATH=/home/hossein/turtlebot3_rl/install/turtlebot3_rl:/opt/ros/dashing PS1=(tf_ros) \[\e]0;\u@\h: \w\a\]${debian_chroot:+($debian_chroot)}\[\033[01;32m\]\u@\h\[\033[00m\]:\[\033[01;34m\]\w\[\033[00m\]\$ /usr/bin/cmake --build /home/hossein/turtlebot3_rl/build/turtlebot3_cartographer --target install -- -j8 -l8
