[0.027s] Invoking command in '/home/hossein/turtlebot3_rl/build/turtlebot3_node': AMENT_PREFIX_PATH=/home/hossein/turtlebot3_rl/install/turtlebot3_msgs:/home/hossein/turtlebot3_rl/install/dynamixel_sdk:${AMENT_PREFIX_PATH} CMAKE_PREFIX_PATH=/home/hossein/turtlebot3_rl/install/turtlebot3_msgs:/home/hossein/turtlebot3_rl/install/dynamixel_sdk:/home/hossein/turtlebot3_rl/install/turtlebot3_rl:/opt/ros/dashing LD_LIBRARY_PATH=/home/hossein/turtlebot3_rl/install/turtlebot3_msgs/lib:/home/hossein/turtlebot3_rl/install/dynamixel_sdk/lib:${LD_LIBRARY_PATH} PS1=(tf_ros) \[\e]0;\u@\h: \w\a\]${debian_chroot:+($debian_chroot)}\[\033[01;32m\]\u@\h\[\033[00m\]:\[\033[01;34m\]\w\[\033[00m\]\$ PYTHONPATH=/home/hossein/turtlebot3_rl/install/turtlebot3_msgs/lib/python3.6/site-packages:${PYTHONPATH} /usr/bin/cmake /home/hossein/turtlebot3_rl/src/turtlebot3/turtlebot3/turtlebot3_node -DCMAKE_INSTALL_PREFIX=/home/hossein/turtlebot3_rl/install/turtlebot3_node
[0.360s] -- The C compiler identification is GNU 7.5.0
[0.360s] -- The CXX compiler identification is GNU 7.5.0
[0.361s] -- Check for working C compiler: /usr/bin/cc
[0.361s] -- Check for working C compiler: /usr/bin/cc -- works
[0.361s] -- Detecting C compiler ABI info
[0.363s] -- Detecting C compiler ABI info - done
[0.364s] -- Detecting C compile features
[0.583s] -- Detecting C compile features - done
[0.585s] -- Check for working CXX compiler: /usr/bin/c++
[0.693s] -- Check for working CXX compiler: /usr/bin/c++ -- works
[0.694s] -- Detecting CXX compiler ABI info
[0.800s] -- Detecting CXX compiler ABI info - done
[0.806s] -- Detecting CXX compile features
[1.224s] -- Detecting CXX compile features - done
[1.226s] -- Found ament_cmake: 0.7.4 (/opt/ros/dashing/share/ament_cmake/cmake)
[1.266s] -- Found PythonInterp: /home/hossein/tf_ros/bin/python3 (found suitable version "3.6.9", minimum required is "3") 
[1.266s] -- Using PYTHON_EXECUTABLE: /home/hossein/tf_ros/bin/python3
[1.486s] -- Found dynamixel_sdk: 3.7.30 (/home/hossein/turtlebot3_rl/install/dynamixel_sdk/share/dynamixel_sdk/cmake)
[1.489s] -- Found geometry_msgs: 0.7.0 (/opt/ros/dashing/share/geometry_msgs/cmake)
[1.509s] -- Found rosidl_adapter: 0.7.9 (/opt/ros/dashing/share/rosidl_adapter/cmake)
[1.560s] -- Found message_filters: 3.1.3 (/opt/ros/dashing/share/message_filters/cmake)
[1.563s] -- Found nav_msgs: 0.7.0 (/opt/ros/dashing/share/nav_msgs/cmake)
[1.576s] -- Found rclcpp: 0.7.13 (/opt/ros/dashing/share/rclcpp/cmake)
[1.592s] -- Found rmw_implementation_cmake: 0.7.2 (/opt/ros/dashing/share/rmw_implementation_cmake/cmake)
[1.593s] -- Using RMW implementation 'rmw_fastrtps_cpp' as default
[1.594s] -- Looking for pthread.h
[1.683s] -- Looking for pthread.h - found
[1.684s] -- Looking for pthread_create
[1.778s] -- Looking for pthread_create - not found
[1.779s] -- Looking for pthread_create in pthreads
[1.857s] -- Looking for pthread_create in pthreads - not found
[1.858s] -- Looking for pthread_create in pthread
[1.937s] -- Looking for pthread_create in pthread - found
[1.938s] -- Found Threads: TRUE  
[1.976s] -- Found sensor_msgs: 0.7.0 (/opt/ros/dashing/share/sensor_msgs/cmake)
[1.989s] -- Found std_srvs: 0.7.0 (/opt/ros/dashing/share/std_srvs/cmake)
[1.994s] -- Found tf2: 0.11.6 (/opt/ros/dashing/share/tf2/cmake)
[2.000s] -- Found tf2_ros: 0.11.6 (/opt/ros/dashing/share/tf2_ros/cmake)
[2.056s] -- Found turtlebot3_msgs: 2.2.1 (/home/hossein/turtlebot3_rl/install/turtlebot3_msgs/share/turtlebot3_msgs/cmake)
[2.414s] -- Configuring done
[2.466s] -- Generating done
[2.467s] -- Build files have been written to: /home/hossein/turtlebot3_rl/build/turtlebot3_node
[2.471s] Invoked command in '/home/hossein/turtlebot3_rl/build/turtlebot3_node' returned '0': AMENT_PREFIX_PATH=/home/hossein/turtlebot3_rl/install/turtlebot3_msgs:/home/hossein/turtlebot3_rl/install/dynamixel_sdk:${AMENT_PREFIX_PATH} CMAKE_PREFIX_PATH=/home/hossein/turtlebot3_rl/install/turtlebot3_msgs:/home/hossein/turtlebot3_rl/install/dynamixel_sdk:/home/hossein/turtlebot3_rl/install/turtlebot3_rl:/opt/ros/dashing LD_LIBRARY_PATH=/home/hossein/turtlebot3_rl/install/turtlebot3_msgs/lib:/home/hossein/turtlebot3_rl/install/dynamixel_sdk/lib:${LD_LIBRARY_PATH} PS1=(tf_ros) \[\e]0;\u@\h: \w\a\]${debian_chroot:+($debian_chroot)}\[\033[01;32m\]\u@\h\[\033[00m\]:\[\033[01;34m\]\w\[\033[00m\]\$ PYTHONPATH=/home/hossein/turtlebot3_rl/install/turtlebot3_msgs/lib/python3.6/site-packages:${PYTHONPATH} /usr/bin/cmake /home/hossein/turtlebot3_rl/src/turtlebot3/turtlebot3/turtlebot3_node -DCMAKE_INSTALL_PREFIX=/home/hossein/turtlebot3_rl/install/turtlebot3_node
[2.474s] Invoking command in '/home/hossein/turtlebot3_rl/build/turtlebot3_node': AMENT_PREFIX_PATH=/home/hossein/turtlebot3_rl/install/turtlebot3_msgs:/home/hossein/turtlebot3_rl/install/dynamixel_sdk:${AMENT_PREFIX_PATH} CMAKE_PREFIX_PATH=/home/hossein/turtlebot3_rl/install/turtlebot3_msgs:/home/hossein/turtlebot3_rl/install/dynamixel_sdk:/home/hossein/turtlebot3_rl/install/turtlebot3_rl:/opt/ros/dashing LD_LIBRARY_PATH=/home/hossein/turtlebot3_rl/install/turtlebot3_msgs/lib:/home/hossein/turtlebot3_rl/install/dynamixel_sdk/lib:${LD_LIBRARY_PATH} PS1=(tf_ros) \[\e]0;\u@\h: \w\a\]${debian_chroot:+($debian_chroot)}\[\033[01;32m\]\u@\h\[\033[00m\]:\[\033[01;34m\]\w\[\033[00m\]\$ PYTHONPATH=/home/hossein/turtlebot3_rl/install/turtlebot3_msgs/lib/python3.6/site-packages:${PYTHONPATH} /usr/bin/cmake --build /home/hossein/turtlebot3_rl/build/turtlebot3_node -- -j8 -l8
[2.524s] [35m[1mScanning dependencies of target turtlebot3_node_lib[0m
[2.598s] [  7%] [32mBuilding CXX object CMakeFiles/turtlebot3_node_lib.dir/src/devices/reset.cpp.o[0m
[2.600s] [ 14%] [32mBuilding CXX object CMakeFiles/turtlebot3_node_lib.dir/src/devices/sound.cpp.o[0m
[2.600s] [ 21%] [32mBuilding CXX object CMakeFiles/turtlebot3_node_lib.dir/src/devices/motor_power.cpp.o[0m
[2.606s] [ 28%] [32mBuilding CXX object CMakeFiles/turtlebot3_node_lib.dir/src/odometry.cpp.o[0m
[2.607s] [ 35%] [32mBuilding CXX object CMakeFiles/turtlebot3_node_lib.dir/src/dynamixel_sdk_wrapper.cpp.o[0m
[2.607s] [ 42%] [32mBuilding CXX object CMakeFiles/turtlebot3_node_lib.dir/src/sensors/battery_state.cpp.o[0m
[2.607s] [ 50%] [32mBuilding CXX object CMakeFiles/turtlebot3_node_lib.dir/src/diff_drive_controller.cpp.o[0m
[2.611s] [ 57%] [32mBuilding CXX object CMakeFiles/turtlebot3_node_lib.dir/src/turtlebot3.cpp.o[0m
[3.331s] [ 64%] [32mBuilding CXX object CMakeFiles/turtlebot3_node_lib.dir/src/sensors/imu.cpp.o[0m
[5.476s] [ 71%] [32mBuilding CXX object CMakeFiles/turtlebot3_node_lib.dir/src/sensors/joint_state.cpp.o[0m
[6.305s] [ 78%] [32mBuilding CXX object CMakeFiles/turtlebot3_node_lib.dir/src/sensors/sensor_state.cpp.o[0m
[12.228s] [ 85%] [32m[1mLinking CXX static library libturtlebot3_node_lib.a[0m
[12.628s] [ 85%] Built target turtlebot3_node_lib
[12.665s] [35m[1mScanning dependencies of target turtlebot3_ros[0m
[12.716s] [ 92%] [32mBuilding CXX object CMakeFiles/turtlebot3_ros.dir/src/node_main.cpp.o[0m
[14.416s] [100%] [32m[1mLinking CXX executable turtlebot3_ros[0m
[15.376s] [100%] Built target turtlebot3_ros
[15.389s] Invoked command in '/home/hossein/turtlebot3_rl/build/turtlebot3_node' returned '0': AMENT_PREFIX_PATH=/home/hossein/turtlebot3_rl/install/turtlebot3_msgs:/home/hossein/turtlebot3_rl/install/dynamixel_sdk:${AMENT_PREFIX_PATH} CMAKE_PREFIX_PATH=/home/hossein/turtlebot3_rl/install/turtlebot3_msgs:/home/hossein/turtlebot3_rl/install/dynamixel_sdk:/home/hossein/turtlebot3_rl/install/turtlebot3_rl:/opt/ros/dashing LD_LIBRARY_PATH=/home/hossein/turtlebot3_rl/install/turtlebot3_msgs/lib:/home/hossein/turtlebot3_rl/install/dynamixel_sdk/lib:${LD_LIBRARY_PATH} PS1=(tf_ros) \[\e]0;\u@\h: \w\a\]${debian_chroot:+($debian_chroot)}\[\033[01;32m\]\u@\h\[\033[00m\]:\[\033[01;34m\]\w\[\033[00m\]\$ PYTHONPATH=/home/hossein/turtlebot3_rl/install/turtlebot3_msgs/lib/python3.6/site-packages:${PYTHONPATH} /usr/bin/cmake --build /home/hossein/turtlebot3_rl/build/turtlebot3_node -- -j8 -l8
[15.446s] Invoking command in '/home/hossein/turtlebot3_rl/build/turtlebot3_node': AMENT_PREFIX_PATH=/home/hossein/turtlebot3_rl/install/turtlebot3_msgs:/home/hossein/turtlebot3_rl/install/dynamixel_sdk:${AMENT_PREFIX_PATH} CMAKE_PREFIX_PATH=/home/hossein/turtlebot3_rl/install/turtlebot3_msgs:/home/hossein/turtlebot3_rl/install/dynamixel_sdk:/home/hossein/turtlebot3_rl/install/turtlebot3_rl:/opt/ros/dashing LD_LIBRARY_PATH=/home/hossein/turtlebot3_rl/install/turtlebot3_msgs/lib:/home/hossein/turtlebot3_rl/install/dynamixel_sdk/lib:${LD_LIBRARY_PATH} PS1=(tf_ros) \[\e]0;\u@\h: \w\a\]${debian_chroot:+($debian_chroot)}\[\033[01;32m\]\u@\h\[\033[00m\]:\[\033[01;34m\]\w\[\033[00m\]\$ PYTHONPATH=/home/hossein/turtlebot3_rl/install/turtlebot3_msgs/lib/python3.6/site-packages:${PYTHONPATH} /usr/bin/cmake --build /home/hossein/turtlebot3_rl/build/turtlebot3_node --target install -- -j8 -l8
[15.531s] [ 85%] Built target turtlebot3_node_lib
[15.572s] [100%] Built target turtlebot3_ros
[15.595s] [36mInstall the project...[0m
[15.606s] -- Install configuration: ""
[15.606s] -- Installing: /home/hossein/turtlebot3_rl/install/turtlebot3_node/share/turtlebot3_node/param
[15.606s] -- Installing: /home/hossein/turtlebot3_rl/install/turtlebot3_node/share/turtlebot3_node/param/waffle_pi.yaml
[15.606s] -- Installing: /home/hossein/turtlebot3_rl/install/turtlebot3_node/share/turtlebot3_node/param/waffle.yaml
[15.606s] -- Installing: /home/hossein/turtlebot3_rl/install/turtlebot3_node/share/turtlebot3_node/param/burger.yaml
[15.606s] -- Installing: /home/hossein/turtlebot3_rl/install/turtlebot3_node/lib/turtlebot3_node/turtlebot3_ros
[15.611s] -- Set runtime path of "/home/hossein/turtlebot3_rl/install/turtlebot3_node/lib/turtlebot3_node/turtlebot3_ros" to ""
[15.611s] -- Installing: /home/hossein/turtlebot3_rl/install/turtlebot3_node/share/ament_index/resource_index/package_run_dependencies/turtlebot3_node
[15.612s] -- Installing: /home/hossein/turtlebot3_rl/install/turtlebot3_node/share/ament_index/resource_index/parent_prefix_path/turtlebot3_node
[15.612s] -- Installing: /home/hossein/turtlebot3_rl/install/turtlebot3_node/share/turtlebot3_node/environment/ament_prefix_path.sh
[15.612s] -- Installing: /home/hossein/turtlebot3_rl/install/turtlebot3_node/share/turtlebot3_node/environment/path.sh
[15.612s] -- Installing: /home/hossein/turtlebot3_rl/install/turtlebot3_node/share/turtlebot3_node/local_setup.bash
[15.612s] -- Installing: /home/hossein/turtlebot3_rl/install/turtlebot3_node/share/turtlebot3_node/local_setup.sh
[15.613s] -- Installing: /home/hossein/turtlebot3_rl/install/turtlebot3_node/share/turtlebot3_node/local_setup.zsh
[15.613s] -- Installing: /home/hossein/turtlebot3_rl/install/turtlebot3_node/share/ament_index/resource_index/packages/turtlebot3_node
[15.613s] -- Installing: /home/hossein/turtlebot3_rl/install/turtlebot3_node/share/turtlebot3_node/cmake/ament_cmake_export_include_directories-extras.cmake
[15.613s] -- Installing: /home/hossein/turtlebot3_rl/install/turtlebot3_node/share/turtlebot3_node/cmake/turtlebot3_nodeConfig.cmake
[15.613s] -- Installing: /home/hossein/turtlebot3_rl/install/turtlebot3_node/share/turtlebot3_node/cmake/turtlebot3_nodeConfig-version.cmake
[15.613s] -- Installing: /home/hossein/turtlebot3_rl/install/turtlebot3_node/share/turtlebot3_node/package.xml
[15.617s] Invoked command in '/home/hossein/turtlebot3_rl/build/turtlebot3_node' returned '0': AMENT_PREFIX_PATH=/home/hossein/turtlebot3_rl/install/turtlebot3_msgs:/home/hossein/turtlebot3_rl/install/dynamixel_sdk:${AMENT_PREFIX_PATH} CMAKE_PREFIX_PATH=/home/hossein/turtlebot3_rl/install/turtlebot3_msgs:/home/hossein/turtlebot3_rl/install/dynamixel_sdk:/home/hossein/turtlebot3_rl/install/turtlebot3_rl:/opt/ros/dashing LD_LIBRARY_PATH=/home/hossein/turtlebot3_rl/install/turtlebot3_msgs/lib:/home/hossein/turtlebot3_rl/install/dynamixel_sdk/lib:${LD_LIBRARY_PATH} PS1=(tf_ros) \[\e]0;\u@\h: \w\a\]${debian_chroot:+($debian_chroot)}\[\033[01;32m\]\u@\h\[\033[00m\]:\[\033[01;34m\]\w\[\033[00m\]\$ PYTHONPATH=/home/hossein/turtlebot3_rl/install/turtlebot3_msgs/lib/python3.6/site-packages:${PYTHONPATH} /usr/bin/cmake --build /home/hossein/turtlebot3_rl/build/turtlebot3_node --target install -- -j8 -l8
