running egg_info
writing /home/hossein/turtlebot3_rl/build/turtlebot3_rl/turtlebot3_rl.egg-info/PKG-INFO
writing dependency_links to /home/hossein/turtlebot3_rl/build/turtlebot3_rl/turtlebot3_rl.egg-info/dependency_links.txt
writing entry points to /home/hossein/turtlebot3_rl/build/turtlebot3_rl/turtlebot3_rl.egg-info/entry_points.txt
writing requirements to /home/hossein/turtlebot3_rl/build/turtlebot3_rl/turtlebot3_rl.egg-info/requires.txt
writing top-level names to /home/hossein/turtlebot3_rl/build/turtlebot3_rl/turtlebot3_rl.egg-info/top_level.txt
reading manifest file '/home/hossein/turtlebot3_rl/build/turtlebot3_rl/turtlebot3_rl.egg-info/SOURCES.txt'
writing manifest file '/home/hossein/turtlebot3_rl/build/turtlebot3_rl/turtlebot3_rl.egg-info/SOURCES.txt'
running build
running build_py
running install
running install_lib
running install_data
running install_egg_info
removing '/home/hossein/turtlebot3_rl/install/turtlebot3_rl/lib/python3.6/site-packages/turtlebot3_rl-2.0.0-py3.6.egg-info' (and everything under it)
Copying /home/hossein/turtlebot3_rl/build/turtlebot3_rl/turtlebot3_rl.egg-info to /home/hossein/turtlebot3_rl/install/turtlebot3_rl/lib/python3.6/site-packages/turtlebot3_rl-2.0.0-py3.6.egg-info
running install_scripts
Installing turtlebot3_dqn_agent script to /home/hossein/turtlebot3_rl/install/turtlebot3_rl/lib/turtlebot3_rl
Installing turtlebot3_env script to /home/hossein/turtlebot3_rl/install/turtlebot3_rl/lib/turtlebot3_rl
Installing turtlebot3_gazebo script to /home/hossein/turtlebot3_rl/install/turtlebot3_rl/lib/turtlebot3_rl
writing list of installed files to '/home/hossein/turtlebot3_rl/build/turtlebot3_rl/install.log'
