[0.031s] Invoking command in '/home/hossein/turtlebot3_rl/build/turtlebot3_node': AMENT_PREFIX_PATH=/home/hossein/turtlebot3_rl/install/turtlebot3_msgs:/home/hossein/turtlebot3_rl/install/dynamixel_sdk:${AMENT_PREFIX_PATH} CMAKE_PREFIX_PATH=/home/hossein/turtlebot3_rl/install/turtlebot3_msgs:/home/hossein/turtlebot3_rl/install/dynamixel_sdk:/home/hossein/turtlebot3_rl/install/turtlebot3_rl:/opt/ros/dashing LD_LIBRARY_PATH=/home/hossein/turtlebot3_rl/install/turtlebot3_msgs/lib:/home/hossein/turtlebot3_rl/install/dynamixel_sdk/lib:${LD_LIBRARY_PATH} PS1=(tf_ros) \[\e]0;\u@\h: \w\a\]${debian_chroot:+($debian_chroot)}\[\033[01;32m\]\u@\h\[\033[00m\]:\[\033[01;34m\]\w\[\033[00m\]\$ PYTHONPATH=/home/hossein/turtlebot3_rl/install/turtlebot3_msgs/lib/python3.6/site-packages:${PYTHONPATH} /usr/bin/cmake /home/hossein/turtlebot3_rl/src/turtlebot3/turtlebot3/turtlebot3_node -DAMENT_CMAKE_SYMLINK_INSTALL=1 -DCMAKE_INSTALL_PREFIX=/home/hossein/turtlebot3_rl/install/turtlebot3_node
[0.337s] -- Found ament_cmake: 0.7.4 (/opt/ros/dashing/share/ament_cmake/cmake)
[0.338s] -- Using PYTHON_EXECUTABLE: /home/hossein/tf_ros/bin/python3
[0.338s] -- Override CMake install command with custom implementation using symlinks instead of copying resources
[0.338s] -- Found dynamixel_sdk: 3.7.30 (/home/hossein/turtlebot3_rl/install/dynamixel_sdk/share/dynamixel_sdk/cmake)
[0.339s] -- Found geometry_msgs: 0.7.0 (/opt/ros/dashing/share/geometry_msgs/cmake)
[0.339s] -- Found rosidl_adapter: 0.7.9 (/opt/ros/dashing/share/rosidl_adapter/cmake)
[0.339s] -- Found message_filters: 3.1.3 (/opt/ros/dashing/share/message_filters/cmake)
[0.339s] -- Found nav_msgs: 0.7.0 (/opt/ros/dashing/share/nav_msgs/cmake)
[0.340s] -- Found rclcpp: 0.7.13 (/opt/ros/dashing/share/rclcpp/cmake)
[0.341s] -- Found rmw_implementation_cmake: 0.7.2 (/opt/ros/dashing/share/rmw_implementation_cmake/cmake)
[0.342s] -- Using RMW implementation 'rmw_fastrtps_cpp' as default
[0.364s] -- Found sensor_msgs: 0.7.0 (/opt/ros/dashing/share/sensor_msgs/cmake)
[0.376s] -- Found std_srvs: 0.7.0 (/opt/ros/dashing/share/std_srvs/cmake)
[0.380s] -- Found tf2: 0.11.6 (/opt/ros/dashing/share/tf2/cmake)
[0.383s] -- Found tf2_ros: 0.11.6 (/opt/ros/dashing/share/tf2_ros/cmake)
[0.434s] -- Found turtlebot3_msgs: 2.2.1 (/home/hossein/turtlebot3_rl/install/turtlebot3_msgs/share/turtlebot3_msgs/cmake)
[0.817s] -- Configuring done
[0.874s] -- Generating done
[0.876s] -- Build files have been written to: /home/hossein/turtlebot3_rl/build/turtlebot3_node
[0.897s] Invoked command in '/home/hossein/turtlebot3_rl/build/turtlebot3_node' returned '0': AMENT_PREFIX_PATH=/home/hossein/turtlebot3_rl/install/turtlebot3_msgs:/home/hossein/turtlebot3_rl/install/dynamixel_sdk:${AMENT_PREFIX_PATH} CMAKE_PREFIX_PATH=/home/hossein/turtlebot3_rl/install/turtlebot3_msgs:/home/hossein/turtlebot3_rl/install/dynamixel_sdk:/home/hossein/turtlebot3_rl/install/turtlebot3_rl:/opt/ros/dashing LD_LIBRARY_PATH=/home/hossein/turtlebot3_rl/install/turtlebot3_msgs/lib:/home/hossein/turtlebot3_rl/install/dynamixel_sdk/lib:${LD_LIBRARY_PATH} PS1=(tf_ros) \[\e]0;\u@\h: \w\a\]${debian_chroot:+($debian_chroot)}\[\033[01;32m\]\u@\h\[\033[00m\]:\[\033[01;34m\]\w\[\033[00m\]\$ PYTHONPATH=/home/hossein/turtlebot3_rl/install/turtlebot3_msgs/lib/python3.6/site-packages:${PYTHONPATH} /usr/bin/cmake /home/hossein/turtlebot3_rl/src/turtlebot3/turtlebot3/turtlebot3_node -DAMENT_CMAKE_SYMLINK_INSTALL=1 -DCMAKE_INSTALL_PREFIX=/home/hossein/turtlebot3_rl/install/turtlebot3_node
[0.899s] Invoking command in '/home/hossein/turtlebot3_rl/build/turtlebot3_node': AMENT_PREFIX_PATH=/home/hossein/turtlebot3_rl/install/turtlebot3_msgs:/home/hossein/turtlebot3_rl/install/dynamixel_sdk:${AMENT_PREFIX_PATH} CMAKE_PREFIX_PATH=/home/hossein/turtlebot3_rl/install/turtlebot3_msgs:/home/hossein/turtlebot3_rl/install/dynamixel_sdk:/home/hossein/turtlebot3_rl/install/turtlebot3_rl:/opt/ros/dashing LD_LIBRARY_PATH=/home/hossein/turtlebot3_rl/install/turtlebot3_msgs/lib:/home/hossein/turtlebot3_rl/install/dynamixel_sdk/lib:${LD_LIBRARY_PATH} PS1=(tf_ros) \[\e]0;\u@\h: \w\a\]${debian_chroot:+($debian_chroot)}\[\033[01;32m\]\u@\h\[\033[00m\]:\[\033[01;34m\]\w\[\033[00m\]\$ PYTHONPATH=/home/hossein/turtlebot3_rl/install/turtlebot3_msgs/lib/python3.6/site-packages:${PYTHONPATH} /usr/bin/cmake --build /home/hossein/turtlebot3_rl/build/turtlebot3_node -- -j8 -l8
[0.964s] [35m[1mScanning dependencies of target turtlebot3_node_lib[0m
[1.028s] [  7%] [32mBuilding CXX object CMakeFiles/turtlebot3_node_lib.dir/src/devices/sound.cpp.o[0m
[1.033s] [ 14%] [32mBuilding CXX object CMakeFiles/turtlebot3_node_lib.dir/src/sensors/sensor_state.cpp.o[0m
[1.034s] [ 21%] [32mBuilding CXX object CMakeFiles/turtlebot3_node_lib.dir/src/turtlebot3.cpp.o[0m
[4.945s] [ 28%] [32m[1mLinking CXX static library libturtlebot3_node_lib.a[0m
[5.262s] [ 85%] Built target turtlebot3_node_lib
[5.278s] [35m[1mScanning dependencies of target turtlebot3_ros[0m
[5.320s] [ 92%] [32mBuilding CXX object CMakeFiles/turtlebot3_ros.dir/src/node_main.cpp.o[0m
[7.102s] [100%] [32m[1mLinking CXX executable turtlebot3_ros[0m
[8.064s] [100%] Built target turtlebot3_ros
[8.078s] Invoked command in '/home/hossein/turtlebot3_rl/build/turtlebot3_node' returned '0': AMENT_PREFIX_PATH=/home/hossein/turtlebot3_rl/install/turtlebot3_msgs:/home/hossein/turtlebot3_rl/install/dynamixel_sdk:${AMENT_PREFIX_PATH} CMAKE_PREFIX_PATH=/home/hossein/turtlebot3_rl/install/turtlebot3_msgs:/home/hossein/turtlebot3_rl/install/dynamixel_sdk:/home/hossein/turtlebot3_rl/install/turtlebot3_rl:/opt/ros/dashing LD_LIBRARY_PATH=/home/hossein/turtlebot3_rl/install/turtlebot3_msgs/lib:/home/hossein/turtlebot3_rl/install/dynamixel_sdk/lib:${LD_LIBRARY_PATH} PS1=(tf_ros) \[\e]0;\u@\h: \w\a\]${debian_chroot:+($debian_chroot)}\[\033[01;32m\]\u@\h\[\033[00m\]:\[\033[01;34m\]\w\[\033[00m\]\$ PYTHONPATH=/home/hossein/turtlebot3_rl/install/turtlebot3_msgs/lib/python3.6/site-packages:${PYTHONPATH} /usr/bin/cmake --build /home/hossein/turtlebot3_rl/build/turtlebot3_node -- -j8 -l8
[8.134s] Invoking command in '/home/hossein/turtlebot3_rl/build/turtlebot3_node': AMENT_PREFIX_PATH=/home/hossein/turtlebot3_rl/install/turtlebot3_msgs:/home/hossein/turtlebot3_rl/install/dynamixel_sdk:${AMENT_PREFIX_PATH} CMAKE_PREFIX_PATH=/home/hossein/turtlebot3_rl/install/turtlebot3_msgs:/home/hossein/turtlebot3_rl/install/dynamixel_sdk:/home/hossein/turtlebot3_rl/install/turtlebot3_rl:/opt/ros/dashing LD_LIBRARY_PATH=/home/hossein/turtlebot3_rl/install/turtlebot3_msgs/lib:/home/hossein/turtlebot3_rl/install/dynamixel_sdk/lib:${LD_LIBRARY_PATH} PS1=(tf_ros) \[\e]0;\u@\h: \w\a\]${debian_chroot:+($debian_chroot)}\[\033[01;32m\]\u@\h\[\033[00m\]:\[\033[01;34m\]\w\[\033[00m\]\$ PYTHONPATH=/home/hossein/turtlebot3_rl/install/turtlebot3_msgs/lib/python3.6/site-packages:${PYTHONPATH} /usr/bin/cmake --build /home/hossein/turtlebot3_rl/build/turtlebot3_node --target install -- -j8 -l8
[8.220s] [ 85%] Built target turtlebot3_node_lib
[8.255s] [100%] Built target turtlebot3_ros
[8.279s] [36mInstall the project...[0m
[8.290s] -- Install configuration: ""
[8.291s] -- Execute custom install script
[8.291s] -- Symlinking: /home/hossein/turtlebot3_rl/install/turtlebot3_node/share/turtlebot3_node/param/burger.yaml
[8.303s] -- Symlinking: /home/hossein/turtlebot3_rl/install/turtlebot3_node/share/turtlebot3_node/param/waffle.yaml
[8.314s] -- Symlinking: /home/hossein/turtlebot3_rl/install/turtlebot3_node/share/turtlebot3_node/param/waffle_pi.yaml
[8.326s] -- Symlinking: /home/hossein/turtlebot3_rl/install/turtlebot3_node/lib/turtlebot3_node/turtlebot3_ros
[8.337s] -- Symlinking: /home/hossein/turtlebot3_rl/install/turtlebot3_node/share/ament_index/resource_index/package_run_dependencies/turtlebot3_node
[8.349s] -- Symlinking: /home/hossein/turtlebot3_rl/install/turtlebot3_node/share/ament_index/resource_index/parent_prefix_path/turtlebot3_node
[8.361s] -- Symlinking: /home/hossein/turtlebot3_rl/install/turtlebot3_node/share/turtlebot3_node/environment/ament_prefix_path.sh
[8.372s] -- Symlinking: /home/hossein/turtlebot3_rl/install/turtlebot3_node/share/turtlebot3_node/environment/path.sh
[8.383s] -- Symlinking: /home/hossein/turtlebot3_rl/install/turtlebot3_node/share/turtlebot3_node/local_setup.bash
[8.394s] -- Symlinking: /home/hossein/turtlebot3_rl/install/turtlebot3_node/share/turtlebot3_node/local_setup.sh
[8.405s] -- Symlinking: /home/hossein/turtlebot3_rl/install/turtlebot3_node/share/turtlebot3_node/local_setup.zsh
[8.416s] -- Symlinking: /home/hossein/turtlebot3_rl/install/turtlebot3_node/share/ament_index/resource_index/packages/turtlebot3_node
[8.427s] -- Symlinking: /home/hossein/turtlebot3_rl/install/turtlebot3_node/share/turtlebot3_node/cmake/ament_cmake_export_include_directories-extras.cmake
[8.438s] -- Symlinking: /home/hossein/turtlebot3_rl/install/turtlebot3_node/share/turtlebot3_node/cmake/turtlebot3_nodeConfig.cmake
[8.449s] -- Symlinking: /home/hossein/turtlebot3_rl/install/turtlebot3_node/share/turtlebot3_node/cmake/turtlebot3_nodeConfig-version.cmake
[8.461s] -- Symlinking: /home/hossein/turtlebot3_rl/install/turtlebot3_node/share/turtlebot3_node/package.xml
[8.476s] Invoked command in '/home/hossein/turtlebot3_rl/build/turtlebot3_node' returned '0': AMENT_PREFIX_PATH=/home/hossein/turtlebot3_rl/install/turtlebot3_msgs:/home/hossein/turtlebot3_rl/install/dynamixel_sdk:${AMENT_PREFIX_PATH} CMAKE_PREFIX_PATH=/home/hossein/turtlebot3_rl/install/turtlebot3_msgs:/home/hossein/turtlebot3_rl/install/dynamixel_sdk:/home/hossein/turtlebot3_rl/install/turtlebot3_rl:/opt/ros/dashing LD_LIBRARY_PATH=/home/hossein/turtlebot3_rl/install/turtlebot3_msgs/lib:/home/hossein/turtlebot3_rl/install/dynamixel_sdk/lib:${LD_LIBRARY_PATH} PS1=(tf_ros) \[\e]0;\u@\h: \w\a\]${debian_chroot:+($debian_chroot)}\[\033[01;32m\]\u@\h\[\033[00m\]:\[\033[01;34m\]\w\[\033[00m\]\$ PYTHONPATH=/home/hossein/turtlebot3_rl/install/turtlebot3_msgs/lib/python3.6/site-packages:${PYTHONPATH} /usr/bin/cmake --build /home/hossein/turtlebot3_rl/build/turtlebot3_node --target install -- -j8 -l8
