[0.023s] Invoking command in '/home/hossein/turtlebot3_rl/build/turtlebot3_gazebo': AMENT_PREFIX_PATH=/home/hossein/turtlebot3_rl/install/turtlebot3:/home/hossein/turtlebot3_rl/install/turtlebot3_bringup:/home/hossein/turtlebot3_rl/install/turtlebot3_node:/home/hossein/turtlebot3_rl/install/turtlebot3_example:/home/hossein/turtlebot3_rl/install/turtlebot3_teleop:/home/hossein/turtlebot3_rl/install/turtlebot3_navigation2:/home/hossein/turtlebot3_rl/install/turtlebot3_msgs:/home/hossein/turtlebot3_rl/install/turtlebot3_description:/home/hossein/turtlebot3_rl/install/turtlebot3_cartographer:/home/hossein/turtlebot3_rl/install/hls_lfcd_lds_driver:/home/hossein/turtlebot3_rl/install/dynamixel_sdk:${AMENT_PREFIX_PATH} CMAKE_PREFIX_PATH=/home/hossein/turtlebot3_rl/install/turtlebot3:/home/hossein/turtlebot3_rl/install/turtlebot3_bringup:/home/hossein/turtlebot3_rl/install/turtlebot3_node:/home/hossein/turtlebot3_rl/install/turtlebot3_navigation2:/home/hossein/turtlebot3_rl/install/turtlebot3_msgs:/home/hossein/turtlebot3_rl/install/turtlebot3_description:/home/hossein/turtlebot3_rl/install/turtlebot3_cartographer:/home/hossein/turtlebot3_rl/install/hls_lfcd_lds_driver:/home/hossein/turtlebot3_rl/install/dynamixel_sdk:/home/hossein/turtlebot3_rl/install/turtlebot3_rl:/opt/ros/dashing LD_LIBRARY_PATH=/home/hossein/turtlebot3_rl/install/turtlebot3_msgs/lib:/home/hossein/turtlebot3_rl/install/dynamixel_sdk/lib:${LD_LIBRARY_PATH} PS1=(tf_ros) \[\e]0;\u@\h: \w\a\]${debian_chroot:+($debian_chroot)}\[\033[01;32m\]\u@\h\[\033[00m\]:\[\033[01;34m\]\w\[\033[00m\]\$ PYTHONPATH=/home/hossein/turtlebot3_rl/install/turtlebot3_example/lib/python3.6/site-packages:/home/hossein/turtlebot3_rl/install/turtlebot3_teleop/lib/python3.6/site-packages:/home/hossein/turtlebot3_rl/install/turtlebot3_msgs/lib/python3.6/site-packages:${PYTHONPATH} /usr/bin/cmake /home/hossein/turtlebot3_rl/src/turtlebot3/turtlebot3_simulations/turtlebot3_gazebo -DCMAKE_INSTALL_PREFIX=/home/hossein/turtlebot3_rl/install/turtlebot3_gazebo
[0.083s] -- The C compiler identification is GNU 7.5.0
[0.141s] -- The CXX compiler identification is GNU 7.5.0
[0.145s] -- Check for working C compiler: /usr/bin/cc
[0.219s] -- Check for working C compiler: /usr/bin/cc -- works
[0.220s] -- Detecting C compiler ABI info
[0.297s] -- Detecting C compiler ABI info - done
[0.302s] -- Detecting C compile features
[0.540s] -- Detecting C compile features - done
[0.543s] -- Check for working CXX compiler: /usr/bin/c++
[0.630s] -- Check for working CXX compiler: /usr/bin/c++ -- works
[0.631s] -- Detecting CXX compiler ABI info
[0.720s] -- Detecting CXX compiler ABI info - done
[0.725s] -- Detecting CXX compile features
[1.100s] -- Detecting CXX compile features - done
[1.103s] -- Found ament_cmake: 0.7.4 (/opt/ros/dashing/share/ament_cmake/cmake)
[1.141s] -- Found PythonInterp: /home/hossein/tf_ros/bin/python3 (found suitable version "3.6.9", minimum required is "3") 
[1.142s] -- Using PYTHON_EXECUTABLE: /home/hossein/tf_ros/bin/python3
[1.325s] -- Found gazebo_ros_pkgs: 3.3.5 (/opt/ros/dashing/share/gazebo_ros_pkgs/cmake)
[1.327s] -- Found geometry_msgs: 0.7.0 (/opt/ros/dashing/share/geometry_msgs/cmake)
[1.348s] -- Found rosidl_adapter: 0.7.9 (/opt/ros/dashing/share/rosidl_adapter/cmake)
[1.398s] -- Found nav_msgs: 0.7.0 (/opt/ros/dashing/share/nav_msgs/cmake)
[1.411s] -- Found rclcpp: 0.7.13 (/opt/ros/dashing/share/rclcpp/cmake)
[1.430s] -- Found rmw_implementation_cmake: 0.7.2 (/opt/ros/dashing/share/rmw_implementation_cmake/cmake)
[1.432s] -- Using RMW implementation 'rmw_fastrtps_cpp' as default
[1.433s] -- Looking for pthread.h
[1.513s] -- Looking for pthread.h - found
[1.514s] -- Looking for pthread_create
[1.594s] -- Looking for pthread_create - not found
[1.595s] -- Looking for pthread_create in pthreads
[1.663s] -- Looking for pthread_create in pthreads - not found
[1.664s] -- Looking for pthread_create in pthread
[1.742s] -- Looking for pthread_create in pthread - found
[1.743s] -- Found Threads: TRUE  
[1.784s] -- Found sensor_msgs: 0.7.0 (/opt/ros/dashing/share/sensor_msgs/cmake)
[1.796s] -- Found tf2: 0.11.6 (/opt/ros/dashing/share/tf2/cmake)
[1.801s] -- Found turtlebot3: 2.1.0 (/home/hossein/turtlebot3_rl/install/turtlebot3/share/turtlebot3/cmake)
[1.913s] -- Configuring done
[1.930s] -- Generating done
[1.931s] -- Build files have been written to: /home/hossein/turtlebot3_rl/build/turtlebot3_gazebo
[1.934s] Invoked command in '/home/hossein/turtlebot3_rl/build/turtlebot3_gazebo' returned '0': AMENT_PREFIX_PATH=/home/hossein/turtlebot3_rl/install/turtlebot3:/home/hossein/turtlebot3_rl/install/turtlebot3_bringup:/home/hossein/turtlebot3_rl/install/turtlebot3_node:/home/hossein/turtlebot3_rl/install/turtlebot3_example:/home/hossein/turtlebot3_rl/install/turtlebot3_teleop:/home/hossein/turtlebot3_rl/install/turtlebot3_navigation2:/home/hossein/turtlebot3_rl/install/turtlebot3_msgs:/home/hossein/turtlebot3_rl/install/turtlebot3_description:/home/hossein/turtlebot3_rl/install/turtlebot3_cartographer:/home/hossein/turtlebot3_rl/install/hls_lfcd_lds_driver:/home/hossein/turtlebot3_rl/install/dynamixel_sdk:${AMENT_PREFIX_PATH} CMAKE_PREFIX_PATH=/home/hossein/turtlebot3_rl/install/turtlebot3:/home/hossein/turtlebot3_rl/install/turtlebot3_bringup:/home/hossein/turtlebot3_rl/install/turtlebot3_node:/home/hossein/turtlebot3_rl/install/turtlebot3_navigation2:/home/hossein/turtlebot3_rl/install/turtlebot3_msgs:/home/hossein/turtlebot3_rl/install/turtlebot3_description:/home/hossein/turtlebot3_rl/install/turtlebot3_cartographer:/home/hossein/turtlebot3_rl/install/hls_lfcd_lds_driver:/home/hossein/turtlebot3_rl/install/dynamixel_sdk:/home/hossein/turtlebot3_rl/install/turtlebot3_rl:/opt/ros/dashing LD_LIBRARY_PATH=/home/hossein/turtlebot3_rl/install/turtlebot3_msgs/lib:/home/hossein/turtlebot3_rl/install/dynamixel_sdk/lib:${LD_LIBRARY_PATH} PS1=(tf_ros) \[\e]0;\u@\h: \w\a\]${debian_chroot:+($debian_chroot)}\[\033[01;32m\]\u@\h\[\033[00m\]:\[\033[01;34m\]\w\[\033[00m\]\$ PYTHONPATH=/home/hossein/turtlebot3_rl/install/turtlebot3_example/lib/python3.6/site-packages:/home/hossein/turtlebot3_rl/install/turtlebot3_teleop/lib/python3.6/site-packages:/home/hossein/turtlebot3_rl/install/turtlebot3_msgs/lib/python3.6/site-packages:${PYTHONPATH} /usr/bin/cmake /home/hossein/turtlebot3_rl/src/turtlebot3/turtlebot3_simulations/turtlebot3_gazebo -DCMAKE_INSTALL_PREFIX=/home/hossein/turtlebot3_rl/install/turtlebot3_gazebo
[1.937s] Invoking command in '/home/hossein/turtlebot3_rl/build/turtlebot3_gazebo': AMENT_PREFIX_PATH=/home/hossein/turtlebot3_rl/install/turtlebot3:/home/hossein/turtlebot3_rl/install/turtlebot3_bringup:/home/hossein/turtlebot3_rl/install/turtlebot3_node:/home/hossein/turtlebot3_rl/install/turtlebot3_example:/home/hossein/turtlebot3_rl/install/turtlebot3_teleop:/home/hossein/turtlebot3_rl/install/turtlebot3_navigation2:/home/hossein/turtlebot3_rl/install/turtlebot3_msgs:/home/hossein/turtlebot3_rl/install/turtlebot3_description:/home/hossein/turtlebot3_rl/install/turtlebot3_cartographer:/home/hossein/turtlebot3_rl/install/hls_lfcd_lds_driver:/home/hossein/turtlebot3_rl/install/dynamixel_sdk:${AMENT_PREFIX_PATH} CMAKE_PREFIX_PATH=/home/hossein/turtlebot3_rl/install/turtlebot3:/home/hossein/turtlebot3_rl/install/turtlebot3_bringup:/home/hossein/turtlebot3_rl/install/turtlebot3_node:/home/hossein/turtlebot3_rl/install/turtlebot3_navigation2:/home/hossein/turtlebot3_rl/install/turtlebot3_msgs:/home/hossein/turtlebot3_rl/install/turtlebot3_description:/home/hossein/turtlebot3_rl/install/turtlebot3_cartographer:/home/hossein/turtlebot3_rl/install/hls_lfcd_lds_driver:/home/hossein/turtlebot3_rl/install/dynamixel_sdk:/home/hossein/turtlebot3_rl/install/turtlebot3_rl:/opt/ros/dashing LD_LIBRARY_PATH=/home/hossein/turtlebot3_rl/install/turtlebot3_msgs/lib:/home/hossein/turtlebot3_rl/install/dynamixel_sdk/lib:${LD_LIBRARY_PATH} PS1=(tf_ros) \[\e]0;\u@\h: \w\a\]${debian_chroot:+($debian_chroot)}\[\033[01;32m\]\u@\h\[\033[00m\]:\[\033[01;34m\]\w\[\033[00m\]\$ PYTHONPATH=/home/hossein/turtlebot3_rl/install/turtlebot3_example/lib/python3.6/site-packages:/home/hossein/turtlebot3_rl/install/turtlebot3_teleop/lib/python3.6/site-packages:/home/hossein/turtlebot3_rl/install/turtlebot3_msgs/lib/python3.6/site-packages:${PYTHONPATH} /usr/bin/cmake --build /home/hossein/turtlebot3_rl/build/turtlebot3_gazebo -- -j8 -l8
[1.990s] [35m[1mScanning dependencies of target turtlebot3_drive[0m
[2.026s] [ 50%] [32mBuilding CXX object CMakeFiles/turtlebot3_drive.dir/src/turtlebot3_drive.cpp.o[0m
[5.632s] [100%] [32m[1mLinking CXX executable turtlebot3_drive[0m
[5.895s] [100%] Built target turtlebot3_drive
[5.909s] Invoked command in '/home/hossein/turtlebot3_rl/build/turtlebot3_gazebo' returned '0': AMENT_PREFIX_PATH=/home/hossein/turtlebot3_rl/install/turtlebot3:/home/hossein/turtlebot3_rl/install/turtlebot3_bringup:/home/hossein/turtlebot3_rl/install/turtlebot3_node:/home/hossein/turtlebot3_rl/install/turtlebot3_example:/home/hossein/turtlebot3_rl/install/turtlebot3_teleop:/home/hossein/turtlebot3_rl/install/turtlebot3_navigation2:/home/hossein/turtlebot3_rl/install/turtlebot3_msgs:/home/hossein/turtlebot3_rl/install/turtlebot3_description:/home/hossein/turtlebot3_rl/install/turtlebot3_cartographer:/home/hossein/turtlebot3_rl/install/hls_lfcd_lds_driver:/home/hossein/turtlebot3_rl/install/dynamixel_sdk:${AMENT_PREFIX_PATH} CMAKE_PREFIX_PATH=/home/hossein/turtlebot3_rl/install/turtlebot3:/home/hossein/turtlebot3_rl/install/turtlebot3_bringup:/home/hossein/turtlebot3_rl/install/turtlebot3_node:/home/hossein/turtlebot3_rl/install/turtlebot3_navigation2:/home/hossein/turtlebot3_rl/install/turtlebot3_msgs:/home/hossein/turtlebot3_rl/install/turtlebot3_description:/home/hossein/turtlebot3_rl/install/turtlebot3_cartographer:/home/hossein/turtlebot3_rl/install/hls_lfcd_lds_driver:/home/hossein/turtlebot3_rl/install/dynamixel_sdk:/home/hossein/turtlebot3_rl/install/turtlebot3_rl:/opt/ros/dashing LD_LIBRARY_PATH=/home/hossein/turtlebot3_rl/install/turtlebot3_msgs/lib:/home/hossein/turtlebot3_rl/install/dynamixel_sdk/lib:${LD_LIBRARY_PATH} PS1=(tf_ros) \[\e]0;\u@\h: \w\a\]${debian_chroot:+($debian_chroot)}\[\033[01;32m\]\u@\h\[\033[00m\]:\[\033[01;34m\]\w\[\033[00m\]\$ PYTHONPATH=/home/hossein/turtlebot3_rl/install/turtlebot3_example/lib/python3.6/site-packages:/home/hossein/turtlebot3_rl/install/turtlebot3_teleop/lib/python3.6/site-packages:/home/hossein/turtlebot3_rl/install/turtlebot3_msgs/lib/python3.6/site-packages:${PYTHONPATH} /usr/bin/cmake --build /home/hossein/turtlebot3_rl/build/turtlebot3_gazebo -- -j8 -l8
[5.940s] Invoking command in '/home/hossein/turtlebot3_rl/build/turtlebot3_gazebo': AMENT_PREFIX_PATH=/home/hossein/turtlebot3_rl/install/turtlebot3:/home/hossein/turtlebot3_rl/install/turtlebot3_bringup:/home/hossein/turtlebot3_rl/install/turtlebot3_node:/home/hossein/turtlebot3_rl/install/turtlebot3_example:/home/hossein/turtlebot3_rl/install/turtlebot3_teleop:/home/hossein/turtlebot3_rl/install/turtlebot3_navigation2:/home/hossein/turtlebot3_rl/install/turtlebot3_msgs:/home/hossein/turtlebot3_rl/install/turtlebot3_description:/home/hossein/turtlebot3_rl/install/turtlebot3_cartographer:/home/hossein/turtlebot3_rl/install/hls_lfcd_lds_driver:/home/hossein/turtlebot3_rl/install/dynamixel_sdk:${AMENT_PREFIX_PATH} CMAKE_PREFIX_PATH=/home/hossein/turtlebot3_rl/install/turtlebot3:/home/hossein/turtlebot3_rl/install/turtlebot3_bringup:/home/hossein/turtlebot3_rl/install/turtlebot3_node:/home/hossein/turtlebot3_rl/install/turtlebot3_navigation2:/home/hossein/turtlebot3_rl/install/turtlebot3_msgs:/home/hossein/turtlebot3_rl/install/turtlebot3_description:/home/hossein/turtlebot3_rl/install/turtlebot3_cartographer:/home/hossein/turtlebot3_rl/install/hls_lfcd_lds_driver:/home/hossein/turtlebot3_rl/install/dynamixel_sdk:/home/hossein/turtlebot3_rl/install/turtlebot3_rl:/opt/ros/dashing LD_LIBRARY_PATH=/home/hossein/turtlebot3_rl/install/turtlebot3_msgs/lib:/home/hossein/turtlebot3_rl/install/dynamixel_sdk/lib:${LD_LIBRARY_PATH} PS1=(tf_ros) \[\e]0;\u@\h: \w\a\]${debian_chroot:+($debian_chroot)}\[\033[01;32m\]\u@\h\[\033[00m\]:\[\033[01;34m\]\w\[\033[00m\]\$ PYTHONPATH=/home/hossein/turtlebot3_rl/install/turtlebot3_example/lib/python3.6/site-packages:/home/hossein/turtlebot3_rl/install/turtlebot3_teleop/lib/python3.6/site-packages:/home/hossein/turtlebot3_rl/install/turtlebot3_msgs/lib/python3.6/site-packages:${PYTHONPATH} /usr/bin/cmake --build /home/hossein/turtlebot3_rl/build/turtlebot3_gazebo --target install -- -j8 -l8
[6.016s] [100%] Built target turtlebot3_drive
[6.040s] [36mInstall the project...[0m
[6.051s] -- Install configuration: ""
[6.051s] -- Installing: /home/hossein/turtlebot3_rl/install/turtlebot3_gazebo/lib/turtlebot3_gazebo/turtlebot3_drive
[6.052s] -- Set runtime path of "/home/hossein/turtlebot3_rl/install/turtlebot3_gazebo/lib/turtlebot3_gazebo/turtlebot3_drive" to ""
[6.053s] -- Installing: /home/hossein/turtlebot3_rl/install/turtlebot3_gazebo/share/turtlebot3_gazebo//launch
[6.053s] -- Installing: /home/hossein/turtlebot3_rl/install/turtlebot3_gazebo/share/turtlebot3_gazebo//launch/turtlebot3_house.launch.py
[6.053s] -- Installing: /home/hossein/turtlebot3_rl/install/turtlebot3_gazebo/share/turtlebot3_gazebo//launch/turtlebot3_dqn_stage3.launch.py
[6.053s] -- Installing: /home/hossein/turtlebot3_rl/install/turtlebot3_gazebo/share/turtlebot3_gazebo//launch/turtlebot3_dqn_stage4.launch.py
[6.053s] -- Installing: /home/hossein/turtlebot3_rl/install/turtlebot3_gazebo/share/turtlebot3_gazebo//launch/robot_state_publisher.launch.py
[6.053s] -- Installing: /home/hossein/turtlebot3_rl/install/turtlebot3_gazebo/share/turtlebot3_gazebo//launch/turtlebot3_autorace.launch.py
[6.053s] -- Installing: /home/hossein/turtlebot3_rl/install/turtlebot3_gazebo/share/turtlebot3_gazebo//launch/empty_world.launch.py
[6.054s] -- Installing: /home/hossein/turtlebot3_rl/install/turtlebot3_gazebo/share/turtlebot3_gazebo//launch/turtlebot3_dqn_stage2.launch.py
[6.054s] -- Installing: /home/hossein/turtlebot3_rl/install/turtlebot3_gazebo/share/turtlebot3_gazebo//launch/turtlebot3_dqn_stage1.launch.py
[6.054s] -- Installing: /home/hossein/turtlebot3_rl/install/turtlebot3_gazebo/share/turtlebot3_gazebo//launch/turtlebot3_world.launch.py
[6.054s] -- Installing: /home/hossein/turtlebot3_rl/install/turtlebot3_gazebo/share/turtlebot3_gazebo//models
[6.054s] -- Installing: /home/hossein/turtlebot3_rl/install/turtlebot3_gazebo/share/turtlebot3_gazebo//models/turtlebot3_autorace
[6.054s] -- Installing: /home/hossein/turtlebot3_rl/install/turtlebot3_gazebo/share/turtlebot3_gazebo//models/turtlebot3_autorace/ground
[6.054s] -- Installing: /home/hossein/turtlebot3_rl/install/turtlebot3_gazebo/share/turtlebot3_gazebo//models/turtlebot3_autorace/ground/model.config
[6.055s] -- Installing: /home/hossein/turtlebot3_rl/install/turtlebot3_gazebo/share/turtlebot3_gazebo//models/turtlebot3_autorace/ground/model.sdf
[6.055s] -- Installing: /home/hossein/turtlebot3_rl/install/turtlebot3_gazebo/share/turtlebot3_gazebo//models/turtlebot3_autorace/model.config
[6.055s] -- Installing: /home/hossein/turtlebot3_rl/install/turtlebot3_gazebo/share/turtlebot3_gazebo//models/turtlebot3_autorace/traffic_tunnel
[6.055s] -- Installing: /home/hossein/turtlebot3_rl/install/turtlebot3_gazebo/share/turtlebot3_gazebo//models/turtlebot3_autorace/traffic_tunnel/model.config
[6.055s] -- Installing: /home/hossein/turtlebot3_rl/install/turtlebot3_gazebo/share/turtlebot3_gazebo//models/turtlebot3_autorace/traffic_tunnel/materials
[6.055s] -- Installing: /home/hossein/turtlebot3_rl/install/turtlebot3_gazebo/share/turtlebot3_gazebo//models/turtlebot3_autorace/traffic_tunnel/materials/textures
[6.055s] -- Installing: /home/hossein/turtlebot3_rl/install/turtlebot3_gazebo/share/turtlebot3_gazebo//models/turtlebot3_autorace/traffic_tunnel/materials/textures/tunnel.png
[6.056s] -- Installing: /home/hossein/turtlebot3_rl/install/turtlebot3_gazebo/share/turtlebot3_gazebo//models/turtlebot3_autorace/traffic_tunnel/materials/scripts
[6.056s] -- Installing: /home/hossein/turtlebot3_rl/install/turtlebot3_gazebo/share/turtlebot3_gazebo//models/turtlebot3_autorace/traffic_tunnel/materials/scripts/tunnel.material
[6.056s] -- Installing: /home/hossein/turtlebot3_rl/install/turtlebot3_gazebo/share/turtlebot3_gazebo//models/turtlebot3_autorace/traffic_tunnel/model.sdf
[6.056s] -- Installing: /home/hossein/turtlebot3_rl/install/turtlebot3_gazebo/share/turtlebot3_gazebo//models/turtlebot3_autorace/traffic_light_yellow
[6.056s] -- Installing: /home/hossein/turtlebot3_rl/install/turtlebot3_gazebo/share/turtlebot3_gazebo//models/turtlebot3_autorace/traffic_light_yellow/model.config
[6.056s] -- Installing: /home/hossein/turtlebot3_rl/install/turtlebot3_gazebo/share/turtlebot3_gazebo//models/turtlebot3_autorace/traffic_light_yellow/model.sdf
[6.057s] -- Installing: /home/hossein/turtlebot3_rl/install/turtlebot3_gazebo/share/turtlebot3_gazebo//models/turtlebot3_autorace/tunnel_obstacles
[6.057s] -- Installing: /home/hossein/turtlebot3_rl/install/turtlebot3_gazebo/share/turtlebot3_gazebo//models/turtlebot3_autorace/tunnel_obstacles/model.config
[6.057s] -- Installing: /home/hossein/turtlebot3_rl/install/turtlebot3_gazebo/share/turtlebot3_gazebo//models/turtlebot3_autorace/tunnel_obstacles/model.sdf
[6.057s] -- Installing: /home/hossein/turtlebot3_rl/install/turtlebot3_gazebo/share/turtlebot3_gazebo//models/turtlebot3_autorace/tunnel_wall
[6.057s] -- Installing: /home/hossein/turtlebot3_rl/install/turtlebot3_gazebo/share/turtlebot3_gazebo//models/turtlebot3_autorace/tunnel_wall/model.config
[6.057s] -- Installing: /home/hossein/turtlebot3_rl/install/turtlebot3_gazebo/share/turtlebot3_gazebo//models/turtlebot3_autorace/tunnel_wall/model.sdf
[6.057s] -- Installing: /home/hossein/turtlebot3_rl/install/turtlebot3_gazebo/share/turtlebot3_gazebo//models/turtlebot3_autorace/traffic_parking
[6.057s] -- Installing: /home/hossein/turtlebot3_rl/install/turtlebot3_gazebo/share/turtlebot3_gazebo//models/turtlebot3_autorace/traffic_parking/model.config
[6.058s] -- Installing: /home/hossein/turtlebot3_rl/install/turtlebot3_gazebo/share/turtlebot3_gazebo//models/turtlebot3_autorace/traffic_parking/materials
[6.058s] -- Installing: /home/hossein/turtlebot3_rl/install/turtlebot3_gazebo/share/turtlebot3_gazebo//models/turtlebot3_autorace/traffic_parking/materials/textures
[6.058s] -- Installing: /home/hossein/turtlebot3_rl/install/turtlebot3_gazebo/share/turtlebot3_gazebo//models/turtlebot3_autorace/traffic_parking/materials/textures/traffic_parking.png
[6.058s] -- Installing: /home/hossein/turtlebot3_rl/install/turtlebot3_gazebo/share/turtlebot3_gazebo//models/turtlebot3_autorace/traffic_parking/materials/scripts
[6.058s] -- Installing: /home/hossein/turtlebot3_rl/install/turtlebot3_gazebo/share/turtlebot3_gazebo//models/turtlebot3_autorace/traffic_parking/materials/scripts/traffic_parking.material
[6.058s] -- Installing: /home/hossein/turtlebot3_rl/install/turtlebot3_gazebo/share/turtlebot3_gazebo//models/turtlebot3_autorace/traffic_parking/model.sdf
[6.059s] -- Installing: /home/hossein/turtlebot3_rl/install/turtlebot3_gazebo/share/turtlebot3_gazebo//models/turtlebot3_autorace/lights
[6.059s] -- Installing: /home/hossein/turtlebot3_rl/install/turtlebot3_gazebo/share/turtlebot3_gazebo//models/turtlebot3_autorace/lights/model.config
[6.059s] -- Installing: /home/hossein/turtlebot3_rl/install/turtlebot3_gazebo/share/turtlebot3_gazebo//models/turtlebot3_autorace/lights/model.sdf
[6.059s] -- Installing: /home/hossein/turtlebot3_rl/install/turtlebot3_gazebo/share/turtlebot3_gazebo//models/turtlebot3_autorace/traffic_bar_down
[6.059s] -- Installing: /home/hossein/turtlebot3_rl/install/turtlebot3_gazebo/share/turtlebot3_gazebo//models/turtlebot3_autorace/traffic_bar_down/model.config
[6.059s] -- Installing: /home/hossein/turtlebot3_rl/install/turtlebot3_gazebo/share/turtlebot3_gazebo//models/turtlebot3_autorace/traffic_bar_down/materials
[6.060s] -- Installing: /home/hossein/turtlebot3_rl/install/turtlebot3_gazebo/share/turtlebot3_gazebo//models/turtlebot3_autorace/traffic_bar_down/materials/textures
[6.060s] -- Installing: /home/hossein/turtlebot3_rl/install/turtlebot3_gazebo/share/turtlebot3_gazebo//models/turtlebot3_autorace/traffic_bar_down/materials/textures/traffic_bar.png
[6.060s] -- Installing: /home/hossein/turtlebot3_rl/install/turtlebot3_gazebo/share/turtlebot3_gazebo//models/turtlebot3_autorace/traffic_bar_down/materials/scripts
[6.060s] -- Installing: /home/hossein/turtlebot3_rl/install/turtlebot3_gazebo/share/turtlebot3_gazebo//models/turtlebot3_autorace/traffic_bar_down/materials/scripts/traffic_bar.material
[6.060s] -- Installing: /home/hossein/turtlebot3_rl/install/turtlebot3_gazebo/share/turtlebot3_gazebo//models/turtlebot3_autorace/traffic_bar_down/model.sdf
[6.060s] -- Installing: /home/hossein/turtlebot3_rl/install/turtlebot3_gazebo/share/turtlebot3_gazebo//models/turtlebot3_autorace/traffic_bar_up
[6.060s] -- Installing: /home/hossein/turtlebot3_rl/install/turtlebot3_gazebo/share/turtlebot3_gazebo//models/turtlebot3_autorace/traffic_bar_up/model.config
[6.060s] -- Installing: /home/hossein/turtlebot3_rl/install/turtlebot3_gazebo/share/turtlebot3_gazebo//models/turtlebot3_autorace/traffic_bar_up/materials
[6.060s] -- Installing: /home/hossein/turtlebot3_rl/install/turtlebot3_gazebo/share/turtlebot3_gazebo//models/turtlebot3_autorace/traffic_bar_up/materials/textures
[6.061s] -- Installing: /home/hossein/turtlebot3_rl/install/turtlebot3_gazebo/share/turtlebot3_gazebo//models/turtlebot3_autorace/traffic_bar_up/materials/textures/traffic_bar.png
[6.061s] -- Installing: /home/hossein/turtlebot3_rl/install/turtlebot3_gazebo/share/turtlebot3_gazebo//models/turtlebot3_autorace/traffic_bar_up/materials/scripts
[6.061s] -- Installing: /home/hossein/turtlebot3_rl/install/turtlebot3_gazebo/share/turtlebot3_gazebo//models/turtlebot3_autorace/traffic_bar_up/materials/scripts/traffic_bar.material
[6.061s] -- Installing: /home/hossein/turtlebot3_rl/install/turtlebot3_gazebo/share/turtlebot3_gazebo//models/turtlebot3_autorace/traffic_bar_up/model.sdf
[6.061s] -- Installing: /home/hossein/turtlebot3_rl/install/turtlebot3_gazebo/share/turtlebot3_gazebo//models/turtlebot3_autorace/course
[6.061s] -- Installing: /home/hossein/turtlebot3_rl/install/turtlebot3_gazebo/share/turtlebot3_gazebo//models/turtlebot3_autorace/course/model.config
[6.061s] -- Installing: /home/hossein/turtlebot3_rl/install/turtlebot3_gazebo/share/turtlebot3_gazebo//models/turtlebot3_autorace/course/materials
[6.062s] -- Installing: /home/hossein/turtlebot3_rl/install/turtlebot3_gazebo/share/turtlebot3_gazebo//models/turtlebot3_autorace/course/materials/textures
[6.062s] -- Installing: /home/hossein/turtlebot3_rl/install/turtlebot3_gazebo/share/turtlebot3_gazebo//models/turtlebot3_autorace/course/materials/textures/course.png
[6.062s] -- Installing: /home/hossein/turtlebot3_rl/install/turtlebot3_gazebo/share/turtlebot3_gazebo//models/turtlebot3_autorace/course/materials/scripts
[6.062s] -- Installing: /home/hossein/turtlebot3_rl/install/turtlebot3_gazebo/share/turtlebot3_gazebo//models/turtlebot3_autorace/course/materials/scripts/course.material
[6.062s] -- Installing: /home/hossein/turtlebot3_rl/install/turtlebot3_gazebo/share/turtlebot3_gazebo//models/turtlebot3_autorace/course/model.sdf
[6.062s] -- Installing: /home/hossein/turtlebot3_rl/install/turtlebot3_gazebo/share/turtlebot3_gazebo//models/turtlebot3_autorace/traffic_stop
[6.062s] -- Installing: /home/hossein/turtlebot3_rl/install/turtlebot3_gazebo/share/turtlebot3_gazebo//models/turtlebot3_autorace/traffic_stop/model.config
[6.062s] -- Installing: /home/hossein/turtlebot3_rl/install/turtlebot3_gazebo/share/turtlebot3_gazebo//models/turtlebot3_autorace/traffic_stop/materials
[6.063s] -- Installing: /home/hossein/turtlebot3_rl/install/turtlebot3_gazebo/share/turtlebot3_gazebo//models/turtlebot3_autorace/traffic_stop/materials/textures
[6.063s] -- Installing: /home/hossein/turtlebot3_rl/install/turtlebot3_gazebo/share/turtlebot3_gazebo//models/turtlebot3_autorace/traffic_stop/materials/textures/traffic_stop.png
[6.063s] -- Installing: /home/hossein/turtlebot3_rl/install/turtlebot3_gazebo/share/turtlebot3_gazebo//models/turtlebot3_autorace/traffic_stop/materials/scripts
[6.063s] -- Installing: /home/hossein/turtlebot3_rl/install/turtlebot3_gazebo/share/turtlebot3_gazebo//models/turtlebot3_autorace/traffic_stop/materials/scripts/traffic_stop.material
[6.063s] -- Installing: /home/hossein/turtlebot3_rl/install/turtlebot3_gazebo/share/turtlebot3_gazebo//models/turtlebot3_autorace/traffic_stop/model.sdf
[6.063s] -- Installing: /home/hossein/turtlebot3_rl/install/turtlebot3_gazebo/share/turtlebot3_gazebo//models/turtlebot3_autorace/traffic_light_green
[6.063s] -- Installing: /home/hossein/turtlebot3_rl/install/turtlebot3_gazebo/share/turtlebot3_gazebo//models/turtlebot3_autorace/traffic_light_green/model.config
[6.063s] -- Installing: /home/hossein/turtlebot3_rl/install/turtlebot3_gazebo/share/turtlebot3_gazebo//models/turtlebot3_autorace/traffic_light_green/model.sdf
[6.063s] -- Installing: /home/hossein/turtlebot3_rl/install/turtlebot3_gazebo/share/turtlebot3_gazebo//models/turtlebot3_autorace/traffic_light_red
[6.064s] -- Installing: /home/hossein/turtlebot3_rl/install/turtlebot3_gazebo/share/turtlebot3_gazebo//models/turtlebot3_autorace/traffic_light_red/model.config
[6.064s] -- Installing: /home/hossein/turtlebot3_rl/install/turtlebot3_gazebo/share/turtlebot3_gazebo//models/turtlebot3_autorace/traffic_light_red/model.sdf
[6.064s] -- Installing: /home/hossein/turtlebot3_rl/install/turtlebot3_gazebo/share/turtlebot3_gazebo//models/turtlebot3_dqn_world
[6.064s] -- Installing: /home/hossein/turtlebot3_rl/install/turtlebot3_gazebo/share/turtlebot3_gazebo//models/turtlebot3_dqn_world/model.config
[6.064s] -- Installing: /home/hossein/turtlebot3_rl/install/turtlebot3_gazebo/share/turtlebot3_gazebo//models/turtlebot3_dqn_world/obstacles
[6.064s] -- Installing: /home/hossein/turtlebot3_rl/install/turtlebot3_gazebo/share/turtlebot3_gazebo//models/turtlebot3_dqn_world/obstacles/model.config
[6.064s] -- Installing: /home/hossein/turtlebot3_rl/install/turtlebot3_gazebo/share/turtlebot3_gazebo//models/turtlebot3_dqn_world/obstacles/model.sdf
[6.064s] -- Installing: /home/hossein/turtlebot3_rl/install/turtlebot3_gazebo/share/turtlebot3_gazebo//models/turtlebot3_dqn_world/obstacle1
[6.065s] -- Installing: /home/hossein/turtlebot3_rl/install/turtlebot3_gazebo/share/turtlebot3_gazebo//models/turtlebot3_dqn_world/obstacle1/model.config
[6.065s] -- Installing: /home/hossein/turtlebot3_rl/install/turtlebot3_gazebo/share/turtlebot3_gazebo//models/turtlebot3_dqn_world/obstacle1/model.sdf
[6.065s] -- Installing: /home/hossein/turtlebot3_rl/install/turtlebot3_gazebo/share/turtlebot3_gazebo//models/turtlebot3_dqn_world/inner_walls
[6.065s] -- Installing: /home/hossein/turtlebot3_rl/install/turtlebot3_gazebo/share/turtlebot3_gazebo//models/turtlebot3_dqn_world/inner_walls/model.config
[6.065s] -- Installing: /home/hossein/turtlebot3_rl/install/turtlebot3_gazebo/share/turtlebot3_gazebo//models/turtlebot3_dqn_world/inner_walls/model.sdf
[6.065s] -- Installing: /home/hossein/turtlebot3_rl/install/turtlebot3_gazebo/share/turtlebot3_gazebo//models/turtlebot3_dqn_world/obstacle_plugin
[6.065s] -- Installing: /home/hossein/turtlebot3_rl/install/turtlebot3_gazebo/share/turtlebot3_gazebo//models/turtlebot3_dqn_world/obstacle_plugin/CMakeLists.txt
[6.065s] -- Installing: /home/hossein/turtlebot3_rl/install/turtlebot3_gazebo/share/turtlebot3_gazebo//models/turtlebot3_dqn_world/obstacle_plugin/obstacle1.cc
[6.066s] -- Installing: /home/hossein/turtlebot3_rl/install/turtlebot3_gazebo/share/turtlebot3_gazebo//models/turtlebot3_dqn_world/obstacle_plugin/obstacles.cc
[6.066s] -- Installing: /home/hossein/turtlebot3_rl/install/turtlebot3_gazebo/share/turtlebot3_gazebo//models/turtlebot3_dqn_world/obstacle_plugin/obstacle2.cc
[6.066s] -- Installing: /home/hossein/turtlebot3_rl/install/turtlebot3_gazebo/share/turtlebot3_gazebo//models/turtlebot3_dqn_world/obstacle_plugin/build
[6.066s] -- Installing: /home/hossein/turtlebot3_rl/install/turtlebot3_gazebo/share/turtlebot3_gazebo//models/turtlebot3_dqn_world/obstacle_plugin/build/CMakeTmp
[6.066s] -- Installing: /home/hossein/turtlebot3_rl/install/turtlebot3_gazebo/share/turtlebot3_gazebo//models/turtlebot3_dqn_world/obstacle_plugin/build/CMakeTmp/test_freeimage.c
[6.066s] -- Installing: /home/hossein/turtlebot3_rl/install/turtlebot3_gazebo/share/turtlebot3_gazebo//models/turtlebot3_dqn_world/obstacle_plugin/build/libobstacles.so
[6.066s] -- Installing: /home/hossein/turtlebot3_rl/install/turtlebot3_gazebo/share/turtlebot3_gazebo//models/turtlebot3_dqn_world/obstacle_plugin/build/libobstacle2.so
[6.066s] -- Installing: /home/hossein/turtlebot3_rl/install/turtlebot3_gazebo/share/turtlebot3_gazebo//models/turtlebot3_dqn_world/obstacle_plugin/build/CMakeFiles
[6.066s] -- Installing: /home/hossein/turtlebot3_rl/install/turtlebot3_gazebo/share/turtlebot3_gazebo//models/turtlebot3_dqn_world/obstacle_plugin/build/CMakeFiles/CMakeOutput.log
[6.066s] -- Installing: /home/hossein/turtlebot3_rl/install/turtlebot3_gazebo/share/turtlebot3_gazebo//models/turtlebot3_dqn_world/obstacle_plugin/build/CMakeFiles/3.10.2
[6.067s] -- Installing: /home/hossein/turtlebot3_rl/install/turtlebot3_gazebo/share/turtlebot3_gazebo//models/turtlebot3_dqn_world/obstacle_plugin/build/CMakeFiles/3.10.2/CMakeDetermineCompilerABI_CXX.bin
[6.067s] -- Installing: /home/hossein/turtlebot3_rl/install/turtlebot3_gazebo/share/turtlebot3_gazebo//models/turtlebot3_dqn_world/obstacle_plugin/build/CMakeFiles/3.10.2/CMakeSystem.cmake
[6.067s] -- Installing: /home/hossein/turtlebot3_rl/install/turtlebot3_gazebo/share/turtlebot3_gazebo//models/turtlebot3_dqn_world/obstacle_plugin/build/CMakeFiles/3.10.2/CMakeDetermineCompilerABI_C.bin
[6.067s] -- Installing: /home/hossein/turtlebot3_rl/install/turtlebot3_gazebo/share/turtlebot3_gazebo//models/turtlebot3_dqn_world/obstacle_plugin/build/CMakeFiles/3.10.2/CompilerIdCXX
[6.067s] -- Installing: /home/hossein/turtlebot3_rl/install/turtlebot3_gazebo/share/turtlebot3_gazebo//models/turtlebot3_dqn_world/obstacle_plugin/build/CMakeFiles/3.10.2/CompilerIdCXX/a.out
[6.067s] -- Installing: /home/hossein/turtlebot3_rl/install/turtlebot3_gazebo/share/turtlebot3_gazebo//models/turtlebot3_dqn_world/obstacle_plugin/build/CMakeFiles/3.10.2/CompilerIdCXX/CMakeCXXCompilerId.cpp
[6.067s] -- Installing: /home/hossein/turtlebot3_rl/install/turtlebot3_gazebo/share/turtlebot3_gazebo//models/turtlebot3_dqn_world/obstacle_plugin/build/CMakeFiles/3.10.2/CompilerIdC
[6.067s] -- Installing: /home/hossein/turtlebot3_rl/install/turtlebot3_gazebo/share/turtlebot3_gazebo//models/turtlebot3_dqn_world/obstacle_plugin/build/CMakeFiles/3.10.2/CompilerIdC/a.out
[6.067s] -- Installing: /home/hossein/turtlebot3_rl/install/turtlebot3_gazebo/share/turtlebot3_gazebo//models/turtlebot3_dqn_world/obstacle_plugin/build/CMakeFiles/3.10.2/CompilerIdC/CMakeCCompilerId.c
[6.068s] -- Installing: /home/hossein/turtlebot3_rl/install/turtlebot3_gazebo/share/turtlebot3_gazebo//models/turtlebot3_dqn_world/obstacle_plugin/build/CMakeFiles/3.10.2/CMakeCCompiler.cmake
[6.068s] -- Installing: /home/hossein/turtlebot3_rl/install/turtlebot3_gazebo/share/turtlebot3_gazebo//models/turtlebot3_dqn_world/obstacle_plugin/build/CMakeFiles/3.10.2/CMakeCXXCompiler.cmake
[6.068s] -- Installing: /home/hossein/turtlebot3_rl/install/turtlebot3_gazebo/share/turtlebot3_gazebo//models/turtlebot3_dqn_world/obstacle_plugin/build/CMakeFiles/Makefile2
[6.068s] -- Installing: /home/hossein/turtlebot3_rl/install/turtlebot3_gazebo/share/turtlebot3_gazebo//models/turtlebot3_dqn_world/obstacle_plugin/build/CMakeFiles/TargetDirectories.txt
[6.068s] -- Installing: /home/hossein/turtlebot3_rl/install/turtlebot3_gazebo/share/turtlebot3_gazebo//models/turtlebot3_dqn_world/obstacle_plugin/build/CMakeFiles/CMakeDirectoryInformation.cmake
[6.068s] -- Installing: /home/hossein/turtlebot3_rl/install/turtlebot3_gazebo/share/turtlebot3_gazebo//models/turtlebot3_dqn_world/obstacle_plugin/build/CMakeFiles/obstacle2.dir
[6.069s] -- Installing: /home/hossein/turtlebot3_rl/install/turtlebot3_gazebo/share/turtlebot3_gazebo//models/turtlebot3_dqn_world/obstacle_plugin/build/CMakeFiles/obstacle2.dir/cmake_clean.cmake
[6.069s] -- Installing: /home/hossein/turtlebot3_rl/install/turtlebot3_gazebo/share/turtlebot3_gazebo//models/turtlebot3_dqn_world/obstacle_plugin/build/CMakeFiles/obstacle2.dir/progress.make
[6.069s] -- Installing: /home/hossein/turtlebot3_rl/install/turtlebot3_gazebo/share/turtlebot3_gazebo//models/turtlebot3_dqn_world/obstacle_plugin/build/CMakeFiles/obstacle2.dir/obstacle2.cc.o
[6.069s] -- Installing: /home/hossein/turtlebot3_rl/install/turtlebot3_gazebo/share/turtlebot3_gazebo//models/turtlebot3_dqn_world/obstacle_plugin/build/CMakeFiles/obstacle2.dir/build.make
[6.069s] -- Installing: /home/hossein/turtlebot3_rl/install/turtlebot3_gazebo/share/turtlebot3_gazebo//models/turtlebot3_dqn_world/obstacle_plugin/build/CMakeFiles/obstacle2.dir/DependInfo.cmake
[6.069s] -- Installing: /home/hossein/turtlebot3_rl/install/turtlebot3_gazebo/share/turtlebot3_gazebo//models/turtlebot3_dqn_world/obstacle_plugin/build/CMakeFiles/obstacle2.dir/depend.internal
[6.069s] -- Installing: /home/hossein/turtlebot3_rl/install/turtlebot3_gazebo/share/turtlebot3_gazebo//models/turtlebot3_dqn_world/obstacle_plugin/build/CMakeFiles/obstacle2.dir/CXX.includecache
[6.069s] -- Installing: /home/hossein/turtlebot3_rl/install/turtlebot3_gazebo/share/turtlebot3_gazebo//models/turtlebot3_dqn_world/obstacle_plugin/build/CMakeFiles/obstacle2.dir/flags.make
[6.069s] -- Installing: /home/hossein/turtlebot3_rl/install/turtlebot3_gazebo/share/turtlebot3_gazebo//models/turtlebot3_dqn_world/obstacle_plugin/build/CMakeFiles/obstacle2.dir/depend.make
[6.069s] -- Installing: /home/hossein/turtlebot3_rl/install/turtlebot3_gazebo/share/turtlebot3_gazebo//models/turtlebot3_dqn_world/obstacle_plugin/build/CMakeFiles/obstacle2.dir/link.txt
[6.069s] -- Installing: /home/hossein/turtlebot3_rl/install/turtlebot3_gazebo/share/turtlebot3_gazebo//models/turtlebot3_dqn_world/obstacle_plugin/build/CMakeFiles/feature_tests.cxx
[6.069s] -- Installing: /home/hossein/turtlebot3_rl/install/turtlebot3_gazebo/share/turtlebot3_gazebo//models/turtlebot3_dqn_world/obstacle_plugin/build/CMakeFiles/progress.marks
[6.070s] -- Installing: /home/hossein/turtlebot3_rl/install/turtlebot3_gazebo/share/turtlebot3_gazebo//models/turtlebot3_dqn_world/obstacle_plugin/build/CMakeFiles/Makefile.cmake
[6.070s] -- Installing: /home/hossein/turtlebot3_rl/install/turtlebot3_gazebo/share/turtlebot3_gazebo//models/turtlebot3_dqn_world/obstacle_plugin/build/CMakeFiles/obstacles.dir
[6.070s] -- Installing: /home/hossein/turtlebot3_rl/install/turtlebot3_gazebo/share/turtlebot3_gazebo//models/turtlebot3_dqn_world/obstacle_plugin/build/CMakeFiles/obstacles.dir/cmake_clean.cmake
[6.070s] -- Installing: /home/hossein/turtlebot3_rl/install/turtlebot3_gazebo/share/turtlebot3_gazebo//models/turtlebot3_dqn_world/obstacle_plugin/build/CMakeFiles/obstacles.dir/progress.make
[6.070s] -- Installing: /home/hossein/turtlebot3_rl/install/turtlebot3_gazebo/share/turtlebot3_gazebo//models/turtlebot3_dqn_world/obstacle_plugin/build/CMakeFiles/obstacles.dir/build.make
[6.070s] -- Installing: /home/hossein/turtlebot3_rl/install/turtlebot3_gazebo/share/turtlebot3_gazebo//models/turtlebot3_dqn_world/obstacle_plugin/build/CMakeFiles/obstacles.dir/DependInfo.cmake
[6.070s] -- Installing: /home/hossein/turtlebot3_rl/install/turtlebot3_gazebo/share/turtlebot3_gazebo//models/turtlebot3_dqn_world/obstacle_plugin/build/CMakeFiles/obstacles.dir/obstacles.cc.o
[6.070s] -- Installing: /home/hossein/turtlebot3_rl/install/turtlebot3_gazebo/share/turtlebot3_gazebo//models/turtlebot3_dqn_world/obstacle_plugin/build/CMakeFiles/obstacles.dir/depend.internal
[6.070s] -- Installing: /home/hossein/turtlebot3_rl/install/turtlebot3_gazebo/share/turtlebot3_gazebo//models/turtlebot3_dqn_world/obstacle_plugin/build/CMakeFiles/obstacles.dir/CXX.includecache
[6.070s] -- Installing: /home/hossein/turtlebot3_rl/install/turtlebot3_gazebo/share/turtlebot3_gazebo//models/turtlebot3_dqn_world/obstacle_plugin/build/CMakeFiles/obstacles.dir/flags.make
[6.070s] -- Installing: /home/hossein/turtlebot3_rl/install/turtlebot3_gazebo/share/turtlebot3_gazebo//models/turtlebot3_dqn_world/obstacle_plugin/build/CMakeFiles/obstacles.dir/depend.make
[6.070s] -- Installing: /home/hossein/turtlebot3_rl/install/turtlebot3_gazebo/share/turtlebot3_gazebo//models/turtlebot3_dqn_world/obstacle_plugin/build/CMakeFiles/obstacles.dir/link.txt
[6.071s] -- Installing: /home/hossein/turtlebot3_rl/install/turtlebot3_gazebo/share/turtlebot3_gazebo//models/turtlebot3_dqn_world/obstacle_plugin/build/CMakeFiles/feature_tests.c
[6.071s] -- Installing: /home/hossein/turtlebot3_rl/install/turtlebot3_gazebo/share/turtlebot3_gazebo//models/turtlebot3_dqn_world/obstacle_plugin/build/CMakeFiles/cmake.check_cache
[6.071s] -- Installing: /home/hossein/turtlebot3_rl/install/turtlebot3_gazebo/share/turtlebot3_gazebo//models/turtlebot3_dqn_world/obstacle_plugin/build/CMakeFiles/feature_tests.bin
[6.071s] -- Installing: /home/hossein/turtlebot3_rl/install/turtlebot3_gazebo/share/turtlebot3_gazebo//models/turtlebot3_dqn_world/obstacle_plugin/build/CMakeFiles/obstacle1.dir
[6.071s] -- Installing: /home/hossein/turtlebot3_rl/install/turtlebot3_gazebo/share/turtlebot3_gazebo//models/turtlebot3_dqn_world/obstacle_plugin/build/CMakeFiles/obstacle1.dir/cmake_clean.cmake
[6.071s] -- Installing: /home/hossein/turtlebot3_rl/install/turtlebot3_gazebo/share/turtlebot3_gazebo//models/turtlebot3_dqn_world/obstacle_plugin/build/CMakeFiles/obstacle1.dir/progress.make
[6.071s] -- Installing: /home/hossein/turtlebot3_rl/install/turtlebot3_gazebo/share/turtlebot3_gazebo//models/turtlebot3_dqn_world/obstacle_plugin/build/CMakeFiles/obstacle1.dir/build.make
[6.071s] -- Installing: /home/hossein/turtlebot3_rl/install/turtlebot3_gazebo/share/turtlebot3_gazebo//models/turtlebot3_dqn_world/obstacle_plugin/build/CMakeFiles/obstacle1.dir/DependInfo.cmake
[6.071s] -- Installing: /home/hossein/turtlebot3_rl/install/turtlebot3_gazebo/share/turtlebot3_gazebo//models/turtlebot3_dqn_world/obstacle_plugin/build/CMakeFiles/obstacle1.dir/depend.internal
[6.071s] -- Installing: /home/hossein/turtlebot3_rl/install/turtlebot3_gazebo/share/turtlebot3_gazebo//models/turtlebot3_dqn_world/obstacle_plugin/build/CMakeFiles/obstacle1.dir/CXX.includecache
[6.071s] -- Installing: /home/hossein/turtlebot3_rl/install/turtlebot3_gazebo/share/turtlebot3_gazebo//models/turtlebot3_dqn_world/obstacle_plugin/build/CMakeFiles/obstacle1.dir/flags.make
[6.071s] -- Installing: /home/hossein/turtlebot3_rl/install/turtlebot3_gazebo/share/turtlebot3_gazebo//models/turtlebot3_dqn_world/obstacle_plugin/build/CMakeFiles/obstacle1.dir/depend.make
[6.072s] -- Installing: /home/hossein/turtlebot3_rl/install/turtlebot3_gazebo/share/turtlebot3_gazebo//models/turtlebot3_dqn_world/obstacle_plugin/build/CMakeFiles/obstacle1.dir/obstacle1.cc.o
[6.072s] -- Installing: /home/hossein/turtlebot3_rl/install/turtlebot3_gazebo/share/turtlebot3_gazebo//models/turtlebot3_dqn_world/obstacle_plugin/build/CMakeFiles/obstacle1.dir/link.txt
[6.072s] -- Installing: /home/hossein/turtlebot3_rl/install/turtlebot3_gazebo/share/turtlebot3_gazebo//models/turtlebot3_dqn_world/obstacle_plugin/build/CMakeFiles/CMakeError.log
[6.072s] -- Installing: /home/hossein/turtlebot3_rl/install/turtlebot3_gazebo/share/turtlebot3_gazebo//models/turtlebot3_dqn_world/obstacle_plugin/build/Makefile
[6.072s] -- Installing: /home/hossein/turtlebot3_rl/install/turtlebot3_gazebo/share/turtlebot3_gazebo//models/turtlebot3_dqn_world/obstacle_plugin/build/CMakeCache.txt
[6.072s] -- Installing: /home/hossein/turtlebot3_rl/install/turtlebot3_gazebo/share/turtlebot3_gazebo//models/turtlebot3_dqn_world/obstacle_plugin/build/cmake_install.cmake
[6.072s] -- Installing: /home/hossein/turtlebot3_rl/install/turtlebot3_gazebo/share/turtlebot3_gazebo//models/turtlebot3_dqn_world/obstacle_plugin/build/libobstacle1.so
[6.072s] -- Installing: /home/hossein/turtlebot3_rl/install/turtlebot3_gazebo/share/turtlebot3_gazebo//models/turtlebot3_dqn_world/obstacle2
[6.072s] -- Installing: /home/hossein/turtlebot3_rl/install/turtlebot3_gazebo/share/turtlebot3_gazebo//models/turtlebot3_dqn_world/obstacle2/model.config
[6.072s] -- Installing: /home/hossein/turtlebot3_rl/install/turtlebot3_gazebo/share/turtlebot3_gazebo//models/turtlebot3_dqn_world/obstacle2/model.sdf
[6.073s] -- Installing: /home/hossein/turtlebot3_rl/install/turtlebot3_gazebo/share/turtlebot3_gazebo//models/turtlebot3_dqn_world/goal_box
[6.073s] -- Installing: /home/hossein/turtlebot3_rl/install/turtlebot3_gazebo/share/turtlebot3_gazebo//models/turtlebot3_dqn_world/goal_box/model.config
[6.073s] -- Installing: /home/hossein/turtlebot3_rl/install/turtlebot3_gazebo/share/turtlebot3_gazebo//models/turtlebot3_dqn_world/goal_box/model.sdf
[6.073s] -- Installing: /home/hossein/turtlebot3_rl/install/turtlebot3_gazebo/share/turtlebot3_gazebo//models/turtlebot3_dqn_world/model.sdf
[6.073s] -- Installing: /home/hossein/turtlebot3_rl/install/turtlebot3_gazebo/share/turtlebot3_gazebo//models/turtlebot3_world
[6.073s] -- Installing: /home/hossein/turtlebot3_rl/install/turtlebot3_gazebo/share/turtlebot3_gazebo//models/turtlebot3_world/model.config
[6.073s] -- Installing: /home/hossein/turtlebot3_rl/install/turtlebot3_gazebo/share/turtlebot3_gazebo//models/turtlebot3_world/model-1_4.sdf
[6.073s] -- Installing: /home/hossein/turtlebot3_rl/install/turtlebot3_gazebo/share/turtlebot3_gazebo//models/turtlebot3_world/meshes
[6.073s] -- Installing: /home/hossein/turtlebot3_rl/install/turtlebot3_gazebo/share/turtlebot3_gazebo//models/turtlebot3_world/meshes/hexagon.dae
[6.073s] -- Installing: /home/hossein/turtlebot3_rl/install/turtlebot3_gazebo/share/turtlebot3_gazebo//models/turtlebot3_world/meshes/wall.dae
[6.073s] -- Installing: /home/hossein/turtlebot3_rl/install/turtlebot3_gazebo/share/turtlebot3_gazebo//models/turtlebot3_world/model.sdf
[6.073s] -- Installing: /home/hossein/turtlebot3_rl/install/turtlebot3_gazebo/share/turtlebot3_gazebo//models/turtlebot3_waffle_pi
[6.074s] -- Installing: /home/hossein/turtlebot3_rl/install/turtlebot3_gazebo/share/turtlebot3_gazebo//models/turtlebot3_waffle_pi/model.config
[6.074s] -- Installing: /home/hossein/turtlebot3_rl/install/turtlebot3_gazebo/share/turtlebot3_gazebo//models/turtlebot3_waffle_pi/model-1_4.sdf
[6.074s] -- Installing: /home/hossein/turtlebot3_rl/install/turtlebot3_gazebo/share/turtlebot3_gazebo//models/turtlebot3_waffle_pi/meshes
[6.074s] -- Installing: /home/hossein/turtlebot3_rl/install/turtlebot3_gazebo/share/turtlebot3_gazebo//models/turtlebot3_waffle_pi/meshes/left_tire.dae
[6.074s] -- Installing: /home/hossein/turtlebot3_rl/install/turtlebot3_gazebo/share/turtlebot3_gazebo//models/turtlebot3_waffle_pi/meshes/waffle_pi_base.dae
[6.101s] -- Installing: /home/hossein/turtlebot3_rl/install/turtlebot3_gazebo/share/turtlebot3_gazebo//models/turtlebot3_waffle_pi/meshes/lds.dae
[6.103s] -- Installing: /home/hossein/turtlebot3_rl/install/turtlebot3_gazebo/share/turtlebot3_gazebo//models/turtlebot3_waffle_pi/meshes/right_tire.dae
[6.106s] -- Installing: /home/hossein/turtlebot3_rl/install/turtlebot3_gazebo/share/turtlebot3_gazebo//models/turtlebot3_waffle_pi/model.sdf
[6.106s] -- Installing: /home/hossein/turtlebot3_rl/install/turtlebot3_gazebo/share/turtlebot3_gazebo//models/turtlebot3_waffle
[6.107s] -- Installing: /home/hossein/turtlebot3_rl/install/turtlebot3_gazebo/share/turtlebot3_gazebo//models/turtlebot3_waffle/model.config
[6.107s] -- Installing: /home/hossein/turtlebot3_rl/install/turtlebot3_gazebo/share/turtlebot3_gazebo//models/turtlebot3_waffle/model-1_4.sdf
[6.107s] -- Installing: /home/hossein/turtlebot3_rl/install/turtlebot3_gazebo/share/turtlebot3_gazebo//models/turtlebot3_waffle/meshes
[6.107s] -- Installing: /home/hossein/turtlebot3_rl/install/turtlebot3_gazebo/share/turtlebot3_gazebo//models/turtlebot3_waffle/meshes/left_tire.dae
[6.110s] -- Installing: /home/hossein/turtlebot3_rl/install/turtlebot3_gazebo/share/turtlebot3_gazebo//models/turtlebot3_waffle/meshes/lds.dae
[6.111s] -- Installing: /home/hossein/turtlebot3_rl/install/turtlebot3_gazebo/share/turtlebot3_gazebo//models/turtlebot3_waffle/meshes/waffle_base.dae
[6.146s] -- Installing: /home/hossein/turtlebot3_rl/install/turtlebot3_gazebo/share/turtlebot3_gazebo//models/turtlebot3_waffle/meshes/right_tire.dae
[6.149s] -- Installing: /home/hossein/turtlebot3_rl/install/turtlebot3_gazebo/share/turtlebot3_gazebo//models/turtlebot3_waffle/meshes/r200.dae
[6.150s] -- Installing: /home/hossein/turtlebot3_rl/install/turtlebot3_gazebo/share/turtlebot3_gazebo//models/turtlebot3_waffle/model.sdf
[6.150s] -- Installing: /home/hossein/turtlebot3_rl/install/turtlebot3_gazebo/share/turtlebot3_gazebo//models/turtlebot3_burger
[6.150s] -- Installing: /home/hossein/turtlebot3_rl/install/turtlebot3_gazebo/share/turtlebot3_gazebo//models/turtlebot3_burger/model.config
[6.150s] -- Installing: /home/hossein/turtlebot3_rl/install/turtlebot3_gazebo/share/turtlebot3_gazebo//models/turtlebot3_burger/model-1_4.sdf
[6.150s] -- Installing: /home/hossein/turtlebot3_rl/install/turtlebot3_gazebo/share/turtlebot3_gazebo//models/turtlebot3_burger/meshes
[6.150s] -- Installing: /home/hossein/turtlebot3_rl/install/turtlebot3_gazebo/share/turtlebot3_gazebo//models/turtlebot3_burger/meshes/left_tire.dae
[6.153s] -- Installing: /home/hossein/turtlebot3_rl/install/turtlebot3_gazebo/share/turtlebot3_gazebo//models/turtlebot3_burger/meshes/lds.dae
[6.155s] -- Installing: /home/hossein/turtlebot3_rl/install/turtlebot3_gazebo/share/turtlebot3_gazebo//models/turtlebot3_burger/meshes/right_tire.dae
[6.158s] -- Installing: /home/hossein/turtlebot3_rl/install/turtlebot3_gazebo/share/turtlebot3_gazebo//models/turtlebot3_burger/meshes/burger_base.dae
[6.169s] -- Installing: /home/hossein/turtlebot3_rl/install/turtlebot3_gazebo/share/turtlebot3_gazebo//models/turtlebot3_burger/model.sdf
[6.170s] -- Installing: /home/hossein/turtlebot3_rl/install/turtlebot3_gazebo/share/turtlebot3_gazebo//models/turtlebot3_house
[6.170s] -- Installing: /home/hossein/turtlebot3_rl/install/turtlebot3_gazebo/share/turtlebot3_gazebo//models/turtlebot3_house/model.config
[6.170s] -- Installing: /home/hossein/turtlebot3_rl/install/turtlebot3_gazebo/share/turtlebot3_gazebo//models/turtlebot3_house/model.sdf
[6.170s] -- Installing: /home/hossein/turtlebot3_rl/install/turtlebot3_gazebo/share/turtlebot3_gazebo//rviz
[6.170s] -- Installing: /home/hossein/turtlebot3_rl/install/turtlebot3_gazebo/share/turtlebot3_gazebo//rviz/tb3_gazebo.rviz
[6.170s] -- Installing: /home/hossein/turtlebot3_rl/install/turtlebot3_gazebo/share/turtlebot3_gazebo//worlds
[6.171s] -- Installing: /home/hossein/turtlebot3_rl/install/turtlebot3_gazebo/share/turtlebot3_gazebo//worlds/turtlebot3_dqn_stage3
[6.171s] -- Installing: /home/hossein/turtlebot3_rl/install/turtlebot3_gazebo/share/turtlebot3_gazebo//worlds/turtlebot3_dqn_stage3/burger.model
[6.171s] -- Installing: /home/hossein/turtlebot3_rl/install/turtlebot3_gazebo/share/turtlebot3_gazebo//worlds/turtlebot3_dqn_stage3/waffle_pi.model
[6.171s] -- Installing: /home/hossein/turtlebot3_rl/install/turtlebot3_gazebo/share/turtlebot3_gazebo//worlds/turtlebot3_dqn_stage3/waffle.model
[6.171s] -- Installing: /home/hossein/turtlebot3_rl/install/turtlebot3_gazebo/share/turtlebot3_gazebo//worlds/turtlebot3_worlds
[6.171s] -- Installing: /home/hossein/turtlebot3_rl/install/turtlebot3_gazebo/share/turtlebot3_gazebo//worlds/turtlebot3_worlds/burger.model
[6.171s] -- Installing: /home/hossein/turtlebot3_rl/install/turtlebot3_gazebo/share/turtlebot3_gazebo//worlds/turtlebot3_worlds/waffle_pi.model
[6.172s] -- Installing: /home/hossein/turtlebot3_rl/install/turtlebot3_gazebo/share/turtlebot3_gazebo//worlds/turtlebot3_worlds/waffle.model
[6.172s] -- Installing: /home/hossein/turtlebot3_rl/install/turtlebot3_gazebo/share/turtlebot3_gazebo//worlds/turtlebot3_autoraces
[6.172s] -- Installing: /home/hossein/turtlebot3_rl/install/turtlebot3_gazebo/share/turtlebot3_gazebo//worlds/turtlebot3_autoraces/burger.model
[6.172s] -- Installing: /home/hossein/turtlebot3_rl/install/turtlebot3_gazebo/share/turtlebot3_gazebo//worlds/turtlebot3_autoraces/waffle_pi.model
[6.172s] -- Installing: /home/hossein/turtlebot3_rl/install/turtlebot3_gazebo/share/turtlebot3_gazebo//worlds/turtlebot3_autoraces/waffle.model
[6.172s] -- Installing: /home/hossein/turtlebot3_rl/install/turtlebot3_gazebo/share/turtlebot3_gazebo//worlds/turtlebot3_dqn_stage1
[6.172s] -- Installing: /home/hossein/turtlebot3_rl/install/turtlebot3_gazebo/share/turtlebot3_gazebo//worlds/turtlebot3_dqn_stage1/burger.model
[6.172s] -- Installing: /home/hossein/turtlebot3_rl/install/turtlebot3_gazebo/share/turtlebot3_gazebo//worlds/turtlebot3_dqn_stage1/waffle_pi.model
[6.173s] -- Installing: /home/hossein/turtlebot3_rl/install/turtlebot3_gazebo/share/turtlebot3_gazebo//worlds/turtlebot3_dqn_stage1/waffle.model
[6.173s] -- Installing: /home/hossein/turtlebot3_rl/install/turtlebot3_gazebo/share/turtlebot3_gazebo//worlds/empty_worlds
[6.173s] -- Installing: /home/hossein/turtlebot3_rl/install/turtlebot3_gazebo/share/turtlebot3_gazebo//worlds/empty_worlds/burger.model
[6.173s] -- Installing: /home/hossein/turtlebot3_rl/install/turtlebot3_gazebo/share/turtlebot3_gazebo//worlds/empty_worlds/waffle_pi.model
[6.173s] -- Installing: /home/hossein/turtlebot3_rl/install/turtlebot3_gazebo/share/turtlebot3_gazebo//worlds/empty_worlds/waffle.model
[6.173s] -- Installing: /home/hossein/turtlebot3_rl/install/turtlebot3_gazebo/share/turtlebot3_gazebo//worlds/turtlebot3_dqn_stage2
[6.173s] -- Installing: /home/hossein/turtlebot3_rl/install/turtlebot3_gazebo/share/turtlebot3_gazebo//worlds/turtlebot3_dqn_stage2/burger.model
[6.173s] -- Installing: /home/hossein/turtlebot3_rl/install/turtlebot3_gazebo/share/turtlebot3_gazebo//worlds/turtlebot3_dqn_stage2/waffle_pi.model
[6.173s] -- Installing: /home/hossein/turtlebot3_rl/install/turtlebot3_gazebo/share/turtlebot3_gazebo//worlds/turtlebot3_dqn_stage2/waffle.model
[6.174s] -- Installing: /home/hossein/turtlebot3_rl/install/turtlebot3_gazebo/share/turtlebot3_gazebo//worlds/turtlebot3_houses
[6.174s] -- Installing: /home/hossein/turtlebot3_rl/install/turtlebot3_gazebo/share/turtlebot3_gazebo//worlds/turtlebot3_houses/burger.model
[6.174s] -- Installing: /home/hossein/turtlebot3_rl/install/turtlebot3_gazebo/share/turtlebot3_gazebo//worlds/turtlebot3_houses/waffle_pi.model
[6.174s] -- Installing: /home/hossein/turtlebot3_rl/install/turtlebot3_gazebo/share/turtlebot3_gazebo//worlds/turtlebot3_houses/waffle.model
[6.174s] -- Installing: /home/hossein/turtlebot3_rl/install/turtlebot3_gazebo/share/turtlebot3_gazebo//worlds/turtlebot3_dqn_stage4
[6.174s] -- Installing: /home/hossein/turtlebot3_rl/install/turtlebot3_gazebo/share/turtlebot3_gazebo//worlds/turtlebot3_dqn_stage4/burger.model
[6.174s] -- Installing: /home/hossein/turtlebot3_rl/install/turtlebot3_gazebo/share/turtlebot3_gazebo//worlds/turtlebot3_dqn_stage4/waffle_pi.model
[6.174s] -- Installing: /home/hossein/turtlebot3_rl/install/turtlebot3_gazebo/share/turtlebot3_gazebo//worlds/turtlebot3_dqn_stage4/waffle.model
[6.174s] -- Installing: /home/hossein/turtlebot3_rl/install/turtlebot3_gazebo/include/
[6.174s] -- Installing: /home/hossein/turtlebot3_rl/install/turtlebot3_gazebo/include//turtlebot3_gazebo
[6.175s] -- Installing: /home/hossein/turtlebot3_rl/install/turtlebot3_gazebo/include//turtlebot3_gazebo/turtlebot3_drive.hpp
[6.175s] -- Installing: /home/hossein/turtlebot3_rl/install/turtlebot3_gazebo/share/ament_index/resource_index/package_run_dependencies/turtlebot3_gazebo
[6.175s] -- Installing: /home/hossein/turtlebot3_rl/install/turtlebot3_gazebo/share/ament_index/resource_index/parent_prefix_path/turtlebot3_gazebo
[6.175s] -- Installing: /home/hossein/turtlebot3_rl/install/turtlebot3_gazebo/share/turtlebot3_gazebo/environment/ament_prefix_path.sh
[6.175s] -- Installing: /home/hossein/turtlebot3_rl/install/turtlebot3_gazebo/share/turtlebot3_gazebo/environment/path.sh
[6.175s] -- Installing: /home/hossein/turtlebot3_rl/install/turtlebot3_gazebo/share/turtlebot3_gazebo/local_setup.bash
[6.175s] -- Installing: /home/hossein/turtlebot3_rl/install/turtlebot3_gazebo/share/turtlebot3_gazebo/local_setup.sh
[6.175s] -- Installing: /home/hossein/turtlebot3_rl/install/turtlebot3_gazebo/share/turtlebot3_gazebo/local_setup.zsh
[6.176s] -- Installing: /home/hossein/turtlebot3_rl/install/turtlebot3_gazebo/share/ament_index/resource_index/packages/turtlebot3_gazebo
[6.176s] -- Installing: /home/hossein/turtlebot3_rl/install/turtlebot3_gazebo/share/turtlebot3_gazebo/cmake/ament_cmake_export_include_directories-extras.cmake
[6.176s] -- Installing: /home/hossein/turtlebot3_rl/install/turtlebot3_gazebo/share/turtlebot3_gazebo/cmake/ament_cmake_export_dependencies-extras.cmake
[6.176s] -- Installing: /home/hossein/turtlebot3_rl/install/turtlebot3_gazebo/share/turtlebot3_gazebo/cmake/turtlebot3_gazeboConfig.cmake
[6.176s] -- Installing: /home/hossein/turtlebot3_rl/install/turtlebot3_gazebo/share/turtlebot3_gazebo/cmake/turtlebot3_gazeboConfig-version.cmake
[6.176s] -- Installing: /home/hossein/turtlebot3_rl/install/turtlebot3_gazebo/share/turtlebot3_gazebo/package.xml
[6.181s] Invoked command in '/home/hossein/turtlebot3_rl/build/turtlebot3_gazebo' returned '0': AMENT_PREFIX_PATH=/home/hossein/turtlebot3_rl/install/turtlebot3:/home/hossein/turtlebot3_rl/install/turtlebot3_bringup:/home/hossein/turtlebot3_rl/install/turtlebot3_node:/home/hossein/turtlebot3_rl/install/turtlebot3_example:/home/hossein/turtlebot3_rl/install/turtlebot3_teleop:/home/hossein/turtlebot3_rl/install/turtlebot3_navigation2:/home/hossein/turtlebot3_rl/install/turtlebot3_msgs:/home/hossein/turtlebot3_rl/install/turtlebot3_description:/home/hossein/turtlebot3_rl/install/turtlebot3_cartographer:/home/hossein/turtlebot3_rl/install/hls_lfcd_lds_driver:/home/hossein/turtlebot3_rl/install/dynamixel_sdk:${AMENT_PREFIX_PATH} CMAKE_PREFIX_PATH=/home/hossein/turtlebot3_rl/install/turtlebot3:/home/hossein/turtlebot3_rl/install/turtlebot3_bringup:/home/hossein/turtlebot3_rl/install/turtlebot3_node:/home/hossein/turtlebot3_rl/install/turtlebot3_navigation2:/home/hossein/turtlebot3_rl/install/turtlebot3_msgs:/home/hossein/turtlebot3_rl/install/turtlebot3_description:/home/hossein/turtlebot3_rl/install/turtlebot3_cartographer:/home/hossein/turtlebot3_rl/install/hls_lfcd_lds_driver:/home/hossein/turtlebot3_rl/install/dynamixel_sdk:/home/hossein/turtlebot3_rl/install/turtlebot3_rl:/opt/ros/dashing LD_LIBRARY_PATH=/home/hossein/turtlebot3_rl/install/turtlebot3_msgs/lib:/home/hossein/turtlebot3_rl/install/dynamixel_sdk/lib:${LD_LIBRARY_PATH} PS1=(tf_ros) \[\e]0;\u@\h: \w\a\]${debian_chroot:+($debian_chroot)}\[\033[01;32m\]\u@\h\[\033[00m\]:\[\033[01;34m\]\w\[\033[00m\]\$ PYTHONPATH=/home/hossein/turtlebot3_rl/install/turtlebot3_example/lib/python3.6/site-packages:/home/hossein/turtlebot3_rl/install/turtlebot3_teleop/lib/python3.6/site-packages:/home/hossein/turtlebot3_rl/install/turtlebot3_msgs/lib/python3.6/site-packages:${PYTHONPATH} /usr/bin/cmake --build /home/hossein/turtlebot3_rl/build/turtlebot3_gazebo --target install -- -j8 -l8
