running egg_info
creating /home/hossein/turtlebot3_rl/build/turtlebot3_teleop/turtlebot3_teleop.egg-info
writing /home/hossein/turtlebot3_rl/build/turtlebot3_teleop/turtlebot3_teleop.egg-info/PKG-INFO
writing dependency_links to /home/hossein/turtlebot3_rl/build/turtlebot3_teleop/turtlebot3_teleop.egg-info/dependency_links.txt
writing entry points to /home/hossein/turtlebot3_rl/build/turtlebot3_teleop/turtlebot3_teleop.egg-info/entry_points.txt
writing requirements to /home/hossein/turtlebot3_rl/build/turtlebot3_teleop/turtlebot3_teleop.egg-info/requires.txt
writing top-level names to /home/hossein/turtlebot3_rl/build/turtlebot3_teleop/turtlebot3_teleop.egg-info/top_level.txt
writing manifest file '/home/hossein/turtlebot3_rl/build/turtlebot3_teleop/turtlebot3_teleop.egg-info/SOURCES.txt'
reading manifest file '/home/hossein/turtlebot3_rl/build/turtlebot3_teleop/turtlebot3_teleop.egg-info/SOURCES.txt'
writing manifest file '/home/hossein/turtlebot3_rl/build/turtlebot3_teleop/turtlebot3_teleop.egg-info/SOURCES.txt'
running build
running build_py
creating /home/hossein/turtlebot3_rl/build/turtlebot3_teleop/build
creating /home/hossein/turtlebot3_rl/build/turtlebot3_teleop/build/lib
creating /home/hossein/turtlebot3_rl/build/turtlebot3_teleop/build/lib/turtlebot3_teleop
copying turtlebot3_teleop/__init__.py -> /home/hossein/turtlebot3_rl/build/turtlebot3_teleop/build/lib/turtlebot3_teleop
creating /home/hossein/turtlebot3_rl/build/turtlebot3_teleop/build/lib/turtlebot3_teleop/script
copying turtlebot3_teleop/script/teleop_keyboard.py -> /home/hossein/turtlebot3_rl/build/turtlebot3_teleop/build/lib/turtlebot3_teleop/script
copying turtlebot3_teleop/script/__init__.py -> /home/hossein/turtlebot3_rl/build/turtlebot3_teleop/build/lib/turtlebot3_teleop/script
running install
running install_lib
creating /home/hossein/turtlebot3_rl/install/turtlebot3_teleop/lib/python3.6/site-packages/turtlebot3_teleop
creating /home/hossein/turtlebot3_rl/install/turtlebot3_teleop/lib/python3.6/site-packages/turtlebot3_teleop/script
copying /home/hossein/turtlebot3_rl/build/turtlebot3_teleop/build/lib/turtlebot3_teleop/script/teleop_keyboard.py -> /home/hossein/turtlebot3_rl/install/turtlebot3_teleop/lib/python3.6/site-packages/turtlebot3_teleop/script
copying /home/hossein/turtlebot3_rl/build/turtlebot3_teleop/build/lib/turtlebot3_teleop/script/__init__.py -> /home/hossein/turtlebot3_rl/install/turtlebot3_teleop/lib/python3.6/site-packages/turtlebot3_teleop/script
copying /home/hossein/turtlebot3_rl/build/turtlebot3_teleop/build/lib/turtlebot3_teleop/__init__.py -> /home/hossein/turtlebot3_rl/install/turtlebot3_teleop/lib/python3.6/site-packages/turtlebot3_teleop
byte-compiling /home/hossein/turtlebot3_rl/install/turtlebot3_teleop/lib/python3.6/site-packages/turtlebot3_teleop/script/teleop_keyboard.py to teleop_keyboard.cpython-36.pyc
byte-compiling /home/hossein/turtlebot3_rl/install/turtlebot3_teleop/lib/python3.6/site-packages/turtlebot3_teleop/script/__init__.py to __init__.cpython-36.pyc
byte-compiling /home/hossein/turtlebot3_rl/install/turtlebot3_teleop/lib/python3.6/site-packages/turtlebot3_teleop/__init__.py to __init__.cpython-36.pyc
running install_data
creating /home/hossein/turtlebot3_rl/install/turtlebot3_teleop/share/ament_index
creating /home/hossein/turtlebot3_rl/install/turtlebot3_teleop/share/ament_index/resource_index
creating /home/hossein/turtlebot3_rl/install/turtlebot3_teleop/share/ament_index/resource_index/packages
copying resource/turtlebot3_teleop -> /home/hossein/turtlebot3_rl/install/turtlebot3_teleop/share/ament_index/resource_index/packages
copying package.xml -> /home/hossein/turtlebot3_rl/install/turtlebot3_teleop/share/turtlebot3_teleop
running install_egg_info
Copying /home/hossein/turtlebot3_rl/build/turtlebot3_teleop/turtlebot3_teleop.egg-info to /home/hossein/turtlebot3_rl/install/turtlebot3_teleop/lib/python3.6/site-packages/turtlebot3_teleop-2.0.1-py3.6.egg-info
running install_scripts
Installing teleop_keyboard script to /home/hossein/turtlebot3_rl/install/turtlebot3_teleop/lib/turtlebot3_teleop
writing list of installed files to '/home/hossein/turtlebot3_rl/build/turtlebot3_teleop/install.log'
