[1.091s] Invoking command in '/home/hossein/turtlebot3_rl/src/turtlebot3/turtlebot3/turtlebot3_teleop': PS1=(tf_ros) \[\e]0;\u@\h: \w\a\]${debian_chroot:+($debian_chroot)}\[\033[01;32m\]\u@\h\[\033[00m\]:\[\033[01;34m\]\w\[\033[00m\]\$ PYTHONPATH=/home/hossein/turtlebot3_rl/install/turtlebot3_teleop/lib/python3.6/site-packages:${PYTHONPATH} /usr/bin/python3 setup.py egg_info --egg-base /home/hossein/turtlebot3_rl/build/turtlebot3_teleop build --build-base /home/hossein/turtlebot3_rl/build/turtlebot3_teleop/build install --prefix /home/hossein/turtlebot3_rl/install/turtlebot3_teleop --record /home/hossein/turtlebot3_rl/build/turtlebot3_teleop/install.log --single-version-externally-managed
[1.594s] running egg_info
[1.596s] creating /home/hossein/turtlebot3_rl/build/turtlebot3_teleop/turtlebot3_teleop.egg-info
[1.597s] writing /home/hossein/turtlebot3_rl/build/turtlebot3_teleop/turtlebot3_teleop.egg-info/PKG-INFO
[1.597s] writing dependency_links to /home/hossein/turtlebot3_rl/build/turtlebot3_teleop/turtlebot3_teleop.egg-info/dependency_links.txt
[1.597s] writing entry points to /home/hossein/turtlebot3_rl/build/turtlebot3_teleop/turtlebot3_teleop.egg-info/entry_points.txt
[1.597s] writing requirements to /home/hossein/turtlebot3_rl/build/turtlebot3_teleop/turtlebot3_teleop.egg-info/requires.txt
[1.598s] writing top-level names to /home/hossein/turtlebot3_rl/build/turtlebot3_teleop/turtlebot3_teleop.egg-info/top_level.txt
[1.598s] writing manifest file '/home/hossein/turtlebot3_rl/build/turtlebot3_teleop/turtlebot3_teleop.egg-info/SOURCES.txt'
[1.660s] reading manifest file '/home/hossein/turtlebot3_rl/build/turtlebot3_teleop/turtlebot3_teleop.egg-info/SOURCES.txt'
[1.664s] writing manifest file '/home/hossein/turtlebot3_rl/build/turtlebot3_teleop/turtlebot3_teleop.egg-info/SOURCES.txt'
[1.665s] running build
[1.665s] running build_py
[1.666s] creating /home/hossein/turtlebot3_rl/build/turtlebot3_teleop/build
[1.666s] creating /home/hossein/turtlebot3_rl/build/turtlebot3_teleop/build/lib
[1.666s] creating /home/hossein/turtlebot3_rl/build/turtlebot3_teleop/build/lib/turtlebot3_teleop
[1.666s] copying turtlebot3_teleop/__init__.py -> /home/hossein/turtlebot3_rl/build/turtlebot3_teleop/build/lib/turtlebot3_teleop
[1.667s] creating /home/hossein/turtlebot3_rl/build/turtlebot3_teleop/build/lib/turtlebot3_teleop/script
[1.667s] copying turtlebot3_teleop/script/teleop_keyboard.py -> /home/hossein/turtlebot3_rl/build/turtlebot3_teleop/build/lib/turtlebot3_teleop/script
[1.667s] copying turtlebot3_teleop/script/__init__.py -> /home/hossein/turtlebot3_rl/build/turtlebot3_teleop/build/lib/turtlebot3_teleop/script
[1.667s] running install
[1.668s] running install_lib
[1.670s] creating /home/hossein/turtlebot3_rl/install/turtlebot3_teleop/lib/python3.6/site-packages/turtlebot3_teleop
[1.670s] creating /home/hossein/turtlebot3_rl/install/turtlebot3_teleop/lib/python3.6/site-packages/turtlebot3_teleop/script
[1.670s] copying /home/hossein/turtlebot3_rl/build/turtlebot3_teleop/build/lib/turtlebot3_teleop/script/teleop_keyboard.py -> /home/hossein/turtlebot3_rl/install/turtlebot3_teleop/lib/python3.6/site-packages/turtlebot3_teleop/script
[1.670s] copying /home/hossein/turtlebot3_rl/build/turtlebot3_teleop/build/lib/turtlebot3_teleop/script/__init__.py -> /home/hossein/turtlebot3_rl/install/turtlebot3_teleop/lib/python3.6/site-packages/turtlebot3_teleop/script
[1.670s] copying /home/hossein/turtlebot3_rl/build/turtlebot3_teleop/build/lib/turtlebot3_teleop/__init__.py -> /home/hossein/turtlebot3_rl/install/turtlebot3_teleop/lib/python3.6/site-packages/turtlebot3_teleop
[1.671s] byte-compiling /home/hossein/turtlebot3_rl/install/turtlebot3_teleop/lib/python3.6/site-packages/turtlebot3_teleop/script/teleop_keyboard.py to teleop_keyboard.cpython-36.pyc
[1.674s] byte-compiling /home/hossein/turtlebot3_rl/install/turtlebot3_teleop/lib/python3.6/site-packages/turtlebot3_teleop/script/__init__.py to __init__.cpython-36.pyc
[1.674s] byte-compiling /home/hossein/turtlebot3_rl/install/turtlebot3_teleop/lib/python3.6/site-packages/turtlebot3_teleop/__init__.py to __init__.cpython-36.pyc
[1.674s] running install_data
[1.677s] creating /home/hossein/turtlebot3_rl/install/turtlebot3_teleop/share/ament_index
[1.677s] creating /home/hossein/turtlebot3_rl/install/turtlebot3_teleop/share/ament_index/resource_index
[1.677s] creating /home/hossein/turtlebot3_rl/install/turtlebot3_teleop/share/ament_index/resource_index/packages
[1.678s] copying resource/turtlebot3_teleop -> /home/hossein/turtlebot3_rl/install/turtlebot3_teleop/share/ament_index/resource_index/packages
[1.678s] copying package.xml -> /home/hossein/turtlebot3_rl/install/turtlebot3_teleop/share/turtlebot3_teleop
[1.678s] running install_egg_info
[1.680s] Copying /home/hossein/turtlebot3_rl/build/turtlebot3_teleop/turtlebot3_teleop.egg-info to /home/hossein/turtlebot3_rl/install/turtlebot3_teleop/lib/python3.6/site-packages/turtlebot3_teleop-2.0.1-py3.6.egg-info
[1.680s] running install_scripts
[1.713s] Installing teleop_keyboard script to /home/hossein/turtlebot3_rl/install/turtlebot3_teleop/lib/turtlebot3_teleop
[1.714s] writing list of installed files to '/home/hossein/turtlebot3_rl/build/turtlebot3_teleop/install.log'
[1.774s] Invoked command in '/home/hossein/turtlebot3_rl/src/turtlebot3/turtlebot3/turtlebot3_teleop' returned '0': PS1=(tf_ros) \[\e]0;\u@\h: \w\a\]${debian_chroot:+($debian_chroot)}\[\033[01;32m\]\u@\h\[\033[00m\]:\[\033[01;34m\]\w\[\033[00m\]\$ PYTHONPATH=/home/hossein/turtlebot3_rl/install/turtlebot3_teleop/lib/python3.6/site-packages:${PYTHONPATH} /usr/bin/python3 setup.py egg_info --egg-base /home/hossein/turtlebot3_rl/build/turtlebot3_teleop build --build-base /home/hossein/turtlebot3_rl/build/turtlebot3_teleop/build install --prefix /home/hossein/turtlebot3_rl/install/turtlebot3_teleop --record /home/hossein/turtlebot3_rl/build/turtlebot3_teleop/install.log --single-version-externally-managed
