[0.077s] Invoking command in '/home/hossein/turtlebot3_rl/build/turtlebot3_msgs': CMAKE_PREFIX_PATH=/home/hossein/turtlebot3_rl/install/turtlebot3_rl:/opt/ros/dashing PS1=(tf_ros) \[\e]0;\u@\h: \w\a\]${debian_chroot:+($debian_chroot)}\[\033[01;32m\]\u@\h\[\033[00m\]:\[\033[01;34m\]\w\[\033[00m\]\$ /usr/bin/cmake /home/hossein/turtlebot3_rl/src/turtlebot3/turtlebot3_msgs -DAMENT_CMAKE_SYMLINK_INSTALL=1 -DCMAKE_INSTALL_PREFIX=/home/hossein/turtlebot3_rl/install/turtlebot3_msgs
[0.930s] -- Found action_msgs: 0.7.4 (/opt/ros/dashing/share/action_msgs/cmake)
[0.931s] -- Found PythonInterp: /home/hossein/tf_ros/bin/python3 (found suitable version "3.6.9", minimum required is "3") 
[0.931s] -- Using PYTHON_EXECUTABLE: /home/hossein/tf_ros/bin/python3
[0.931s] -- Override CMake install command with custom implementation using symlinks instead of copying resources
[0.931s] -- Found rosidl_adapter: 0.7.9 (/opt/ros/dashing/share/rosidl_adapter/cmake)
[0.932s] -- Found ament_cmake: 0.7.4 (/opt/ros/dashing/share/ament_cmake/cmake)
[0.932s] -- Found rosidl_default_generators: 0.7.0 (/opt/ros/dashing/share/rosidl_default_generators/cmake)
[0.934s] -- Found std_msgs: 0.7.0 (/opt/ros/dashing/share/std_msgs/cmake)
[0.934s] -- Found PythonInterp: /home/hossein/tf_ros/bin/python3 (found version "3.6.9") 
[0.934s] -- Found ament_cmake_cppcheck: 0.7.11 (/opt/ros/dashing/share/ament_cmake_cppcheck/cmake)
[0.935s] -- Found ament_cmake_cpplint: 0.7.11 (/opt/ros/dashing/share/ament_cmake_cpplint/cmake)
[0.936s] -- Found ament_cmake_uncrustify: 0.7.11 (/opt/ros/dashing/share/ament_cmake_uncrustify/cmake)
[0.960s] -- Using single matching rosidl_typesupport_c: rosidl_typesupport_fastrtps_c
[1.011s] -- Using single matching rosidl_typesupport_cpp: rosidl_typesupport_fastrtps_cpp
[1.437s] -- Found rmw_implementation_cmake: 0.7.2 (/opt/ros/dashing/share/rmw_implementation_cmake/cmake)
[1.501s] -- Found PythonInterp: /home/hossein/tf_ros/bin/python3 (found suitable version "3.6.9", minimum required is "3.5") 
[1.502s] -- Found python_cmake_module: 0.7.10 (/opt/ros/dashing/share/python_cmake_module/cmake)
[1.562s] -- Using PYTHON_EXECUTABLE: /home/hossein/tf_ros/bin/python3
[1.562s] -- Using PYTHON_INCLUDE_DIRS: /usr/include/python3.6m
[1.562s] -- Using PYTHON_LIBRARIES: /usr/lib/x86_64-linux-gnu/libpython3.6m.so
[1.774s] -- Found ament_cmake_flake8: 0.7.11 (/opt/ros/dashing/share/ament_cmake_flake8/cmake)
[1.776s] -- Found ament_cmake_pep257: 0.7.11 (/opt/ros/dashing/share/ament_cmake_pep257/cmake)
[1.800s] -- Configuring done
[2.054s] -- Generating done
[2.057s] -- Build files have been written to: /home/hossein/turtlebot3_rl/build/turtlebot3_msgs
[2.063s] Invoked command in '/home/hossein/turtlebot3_rl/build/turtlebot3_msgs' returned '0': CMAKE_PREFIX_PATH=/home/hossein/turtlebot3_rl/install/turtlebot3_rl:/opt/ros/dashing PS1=(tf_ros) \[\e]0;\u@\h: \w\a\]${debian_chroot:+($debian_chroot)}\[\033[01;32m\]\u@\h\[\033[00m\]:\[\033[01;34m\]\w\[\033[00m\]\$ /usr/bin/cmake /home/hossein/turtlebot3_rl/src/turtlebot3/turtlebot3_msgs -DAMENT_CMAKE_SYMLINK_INSTALL=1 -DCMAKE_INSTALL_PREFIX=/home/hossein/turtlebot3_rl/install/turtlebot3_msgs
[2.065s] Invoking command in '/home/hossein/turtlebot3_rl/build/turtlebot3_msgs': CMAKE_PREFIX_PATH=/home/hossein/turtlebot3_rl/install/turtlebot3_rl:/opt/ros/dashing PS1=(tf_ros) \[\e]0;\u@\h: \w\a\]${debian_chroot:+($debian_chroot)}\[\033[01;32m\]\u@\h\[\033[00m\]:\[\033[01;34m\]\w\[\033[00m\]\$ /usr/bin/cmake --build /home/hossein/turtlebot3_rl/build/turtlebot3_msgs -- -j8 -l8
[2.117s] [35m[1mScanning dependencies of target turtlebot3_msgs__cpp[0m
[2.118s] [  1%] [34m[1mGenerating C code for ROS interfaces[0m
[2.131s] [  2%] [34m[1mGenerating C++ code for ROS interfaces[0m
[3.163s] [  2%] Built target turtlebot3_msgs__cpp
[3.177s] [  5%] [34m[1mGenerating C++ introspection for ROS interfaces[0m
[3.177s] [  5%] [34m[1mGenerating C++ type support for eProsima Fast-RTPS[0m
[3.395s] [35m[1mScanning dependencies of target turtlebot3_msgs__rosidl_generator_c[0m
[3.420s] [  9%] [32mBuilding C object CMakeFiles/turtlebot3_msgs__rosidl_generator_c.dir/rosidl_generator_c/turtlebot3_msgs/srv/sound__functions.c.o[0m
[3.420s] [  9%] [32mBuilding C object CMakeFiles/turtlebot3_msgs__rosidl_generator_c.dir/rosidl_generator_c/turtlebot3_msgs/msg/version_info__functions.c.o[0m
[3.420s] [  9%] [32mBuilding C object CMakeFiles/turtlebot3_msgs__rosidl_generator_c.dir/rosidl_generator_c/turtlebot3_msgs/srv/dqn__functions.c.o[0m
[3.420s] [ 10%] [32mBuilding C object CMakeFiles/turtlebot3_msgs__rosidl_generator_c.dir/rosidl_generator_c/turtlebot3_msgs/msg/sound__functions.c.o[0m
[3.420s] [ 11%] [32mBuilding C object CMakeFiles/turtlebot3_msgs__rosidl_generator_c.dir/rosidl_generator_c/turtlebot3_msgs/msg/sensor_state__functions.c.o[0m
[3.421s] [ 12%] [32mBuilding C object CMakeFiles/turtlebot3_msgs__rosidl_generator_c.dir/rosidl_generator_c/turtlebot3_msgs/srv/goal__functions.c.o[0m
[3.489s] [ 14%] [32mBuilding C object CMakeFiles/turtlebot3_msgs__rosidl_generator_c.dir/rosidl_generator_c/turtlebot3_msgs/action/patrol__functions.c.o[0m
[3.570s] [ 15%] [32m[1mLinking C shared library libturtlebot3_msgs__rosidl_generator_c.so[0m
[3.634s] [ 15%] Built target turtlebot3_msgs__rosidl_generator_c
[3.647s] [ 16%] [34m[1mGenerating C introspection for ROS interfaces[0m
[4.275s] [35m[1mScanning dependencies of target turtlebot3_msgs__rosidl_typesupport_introspection_cpp[0m
[4.302s] [ 18%] [32mBuilding CXX object CMakeFiles/turtlebot3_msgs__rosidl_typesupport_introspection_cpp.dir/rosidl_typesupport_introspection_cpp/turtlebot3_msgs/msg/version_info__type_support.cpp.o[0m
[4.302s] [ 20%] [32mBuilding CXX object CMakeFiles/turtlebot3_msgs__rosidl_typesupport_introspection_cpp.dir/rosidl_typesupport_introspection_cpp/turtlebot3_msgs/srv/sound__type_support.cpp.o[0m
[4.302s] [ 20%] [32mBuilding CXX object CMakeFiles/turtlebot3_msgs__rosidl_typesupport_introspection_cpp.dir/rosidl_typesupport_introspection_cpp/turtlebot3_msgs/msg/sensor_state__type_support.cpp.o[0m
[4.303s] [ 22%] [32mBuilding CXX object CMakeFiles/turtlebot3_msgs__rosidl_typesupport_introspection_cpp.dir/rosidl_typesupport_introspection_cpp/turtlebot3_msgs/srv/dqn__type_support.cpp.o[0m
[4.303s] [ 24%] [32mBuilding CXX object CMakeFiles/turtlebot3_msgs__rosidl_typesupport_introspection_cpp.dir/rosidl_typesupport_introspection_cpp/turtlebot3_msgs/msg/sound__type_support.cpp.o[0m
[4.303s] [ 24%] [32mBuilding CXX object CMakeFiles/turtlebot3_msgs__rosidl_typesupport_introspection_cpp.dir/rosidl_typesupport_introspection_cpp/turtlebot3_msgs/srv/goal__type_support.cpp.o[0m
[4.645s] [35m[1mScanning dependencies of target turtlebot3_msgs__rosidl_typesupport_fastrtps_cpp[0m
[4.693s] [ 25%] [32mBuilding CXX object CMakeFiles/turtlebot3_msgs__rosidl_typesupport_fastrtps_cpp.dir/rosidl_typesupport_fastrtps_cpp/turtlebot3_msgs/msg/dds_fastrtps/sensor_state__type_support.cpp.o[0m
[4.704s] [ 27%] [32mBuilding CXX object CMakeFiles/turtlebot3_msgs__rosidl_typesupport_introspection_cpp.dir/rosidl_typesupport_introspection_cpp/turtlebot3_msgs/action/patrol__type_support.cpp.o[0m
[4.711s] [ 28%] [32mBuilding CXX object CMakeFiles/turtlebot3_msgs__rosidl_typesupport_fastrtps_cpp.dir/rosidl_typesupport_fastrtps_cpp/turtlebot3_msgs/msg/dds_fastrtps/sound__type_support.cpp.o[0m
[4.716s] [ 29%] [32mBuilding CXX object CMakeFiles/turtlebot3_msgs__rosidl_typesupport_fastrtps_cpp.dir/rosidl_typesupport_fastrtps_cpp/turtlebot3_msgs/msg/dds_fastrtps/version_info__type_support.cpp.o[0m
[4.727s] [ 31%] [32mBuilding CXX object CMakeFiles/turtlebot3_msgs__rosidl_typesupport_fastrtps_cpp.dir/rosidl_typesupport_fastrtps_cpp/turtlebot3_msgs/srv/dds_fastrtps/sound__type_support.cpp.o[0m
[4.779s] [ 33%] [32mBuilding CXX object CMakeFiles/turtlebot3_msgs__rosidl_typesupport_fastrtps_cpp.dir/rosidl_typesupport_fastrtps_cpp/turtlebot3_msgs/srv/dds_fastrtps/dqn__type_support.cpp.o[0m
[4.779s] [ 33%] [32mBuilding CXX object CMakeFiles/turtlebot3_msgs__rosidl_typesupport_fastrtps_cpp.dir/rosidl_typesupport_fastrtps_cpp/turtlebot3_msgs/srv/dds_fastrtps/goal__type_support.cpp.o[0m
[5.132s] [ 35%] [32m[1mLinking CXX shared library libturtlebot3_msgs__rosidl_typesupport_introspection_cpp.so[0m
[5.285s] [ 35%] Built target turtlebot3_msgs__rosidl_typesupport_introspection_cpp
[5.321s] [ 36%] [32mBuilding CXX object CMakeFiles/turtlebot3_msgs__rosidl_typesupport_fastrtps_cpp.dir/rosidl_typesupport_fastrtps_cpp/turtlebot3_msgs/action/dds_fastrtps/patrol__type_support.cpp.o[0m
[5.326s] [35m[1mScanning dependencies of target turtlebot3_msgs__rosidl_typesupport_introspection_c[0m
[5.361s] [ 37%] [32mBuilding C object CMakeFiles/turtlebot3_msgs__rosidl_typesupport_introspection_c.dir/rosidl_typesupport_introspection_c/turtlebot3_msgs/msg/sound__type_support.c.o[0m
[5.362s] [ 38%] [32mBuilding C object CMakeFiles/turtlebot3_msgs__rosidl_typesupport_introspection_c.dir/rosidl_typesupport_introspection_c/turtlebot3_msgs/msg/sensor_state__type_support.c.o[0m
[5.363s] [ 40%] [32mBuilding C object CMakeFiles/turtlebot3_msgs__rosidl_typesupport_introspection_c.dir/rosidl_typesupport_introspection_c/turtlebot3_msgs/msg/version_info__type_support.c.o[0m
[5.390s] [ 41%] [32mBuilding C object CMakeFiles/turtlebot3_msgs__rosidl_typesupport_introspection_c.dir/rosidl_typesupport_introspection_c/turtlebot3_msgs/srv/sound__type_support.c.o[0m
[5.404s] [ 42%] [32mBuilding C object CMakeFiles/turtlebot3_msgs__rosidl_typesupport_introspection_c.dir/rosidl_typesupport_introspection_c/turtlebot3_msgs/srv/dqn__type_support.c.o[0m
[5.412s] [ 44%] [32mBuilding C object CMakeFiles/turtlebot3_msgs__rosidl_typesupport_introspection_c.dir/rosidl_typesupport_introspection_c/turtlebot3_msgs/srv/goal__type_support.c.o[0m
[5.417s] [ 45%] [32mBuilding C object CMakeFiles/turtlebot3_msgs__rosidl_typesupport_introspection_c.dir/rosidl_typesupport_introspection_c/turtlebot3_msgs/action/patrol__type_support.c.o[0m
[5.474s] [ 46%] [32m[1mLinking C shared library libturtlebot3_msgs__rosidl_typesupport_introspection_c.so[0m
[5.531s] [ 46%] Built target turtlebot3_msgs__rosidl_typesupport_introspection_c
[5.790s] [ 48%] [32m[1mLinking CXX shared library libturtlebot3_msgs__rosidl_typesupport_fastrtps_cpp.so[0m
[5.895s] [ 48%] Built target turtlebot3_msgs__rosidl_typesupport_fastrtps_cpp
[5.910s] [ 50%] [34m[1mGenerating C++ type support dispatch for ROS interfaces[0m
[5.911s] [ 50%] [34m[1mGenerating C type support for eProsima Fast-RTPS[0m
[6.696s] [35m[1mScanning dependencies of target turtlebot3_msgs__rosidl_typesupport_cpp[0m
[6.723s] [ 53%] [32mBuilding CXX object CMakeFiles/turtlebot3_msgs__rosidl_typesupport_cpp.dir/rosidl_typesupport_cpp/turtlebot3_msgs/msg/sensor_state__type_support.cpp.o[0m
[6.723s] [ 53%] [32mBuilding CXX object CMakeFiles/turtlebot3_msgs__rosidl_typesupport_cpp.dir/rosidl_typesupport_cpp/turtlebot3_msgs/msg/version_info__type_support.cpp.o[0m
[6.723s] [ 55%] [32mBuilding CXX object CMakeFiles/turtlebot3_msgs__rosidl_typesupport_cpp.dir/rosidl_typesupport_cpp/turtlebot3_msgs/srv/dqn__type_support.cpp.o[0m
[6.723s] [ 54%] [32mBuilding CXX object CMakeFiles/turtlebot3_msgs__rosidl_typesupport_cpp.dir/rosidl_typesupport_cpp/turtlebot3_msgs/msg/sound__type_support.cpp.o[0m
[6.724s] [ 57%] [32mBuilding CXX object CMakeFiles/turtlebot3_msgs__rosidl_typesupport_cpp.dir/rosidl_typesupport_cpp/turtlebot3_msgs/srv/sound__type_support.cpp.o[0m
[6.724s] [ 58%] [32mBuilding CXX object CMakeFiles/turtlebot3_msgs__rosidl_typesupport_cpp.dir/rosidl_typesupport_cpp/turtlebot3_msgs/srv/goal__type_support.cpp.o[0m
[6.733s] [ 59%] [32mBuilding CXX object CMakeFiles/turtlebot3_msgs__rosidl_typesupport_cpp.dir/rosidl_typesupport_cpp/turtlebot3_msgs/action/patrol__type_support.cpp.o[0m
[7.375s] [35m[1mScanning dependencies of target turtlebot3_msgs__rosidl_typesupport_fastrtps_c[0m
[7.393s] [ 61%] [32m[1mLinking CXX shared library libturtlebot3_msgs__rosidl_typesupport_cpp.so[0m
[7.412s] [ 62%] [32mBuilding CXX object CMakeFiles/turtlebot3_msgs__rosidl_typesupport_fastrtps_c.dir/rosidl_typesupport_fastrtps_c/turtlebot3_msgs/msg/version_info__type_support_c.cpp.o[0m
[7.412s] [ 63%] [32mBuilding CXX object CMakeFiles/turtlebot3_msgs__rosidl_typesupport_fastrtps_c.dir/rosidl_typesupport_fastrtps_c/turtlebot3_msgs/msg/sound__type_support_c.cpp.o[0m
[7.412s] [ 66%] [32mBuilding CXX object CMakeFiles/turtlebot3_msgs__rosidl_typesupport_fastrtps_c.dir/rosidl_typesupport_fastrtps_c/turtlebot3_msgs/msg/sensor_state__type_support_c.cpp.o[0m
[7.412s] [ 66%] [32mBuilding CXX object CMakeFiles/turtlebot3_msgs__rosidl_typesupport_fastrtps_c.dir/rosidl_typesupport_fastrtps_c/turtlebot3_msgs/srv/sound__type_support_c.cpp.o[0m
[7.412s] [ 67%] [32mBuilding CXX object CMakeFiles/turtlebot3_msgs__rosidl_typesupport_fastrtps_c.dir/rosidl_typesupport_fastrtps_c/turtlebot3_msgs/srv/dqn__type_support_c.cpp.o[0m
[7.415s] [ 68%] [32mBuilding CXX object CMakeFiles/turtlebot3_msgs__rosidl_typesupport_fastrtps_c.dir/rosidl_typesupport_fastrtps_c/turtlebot3_msgs/srv/goal__type_support_c.cpp.o[0m
[7.421s] [ 70%] [32mBuilding CXX object CMakeFiles/turtlebot3_msgs__rosidl_typesupport_fastrtps_c.dir/rosidl_typesupport_fastrtps_c/turtlebot3_msgs/action/patrol__type_support_c.cpp.o[0m
[7.574s] [ 70%] Built target turtlebot3_msgs__rosidl_typesupport_cpp
[7.978s] [ 71%] [32m[1mLinking CXX shared library libturtlebot3_msgs__rosidl_typesupport_fastrtps_c.so[0m
[8.096s] [ 71%] Built target turtlebot3_msgs__rosidl_typesupport_fastrtps_c
[8.110s] [ 72%] [34m[1mGenerating C type support dispatch for ROS interfaces[0m
[8.881s] [35m[1mScanning dependencies of target turtlebot3_msgs__rosidl_typesupport_c[0m
[8.903s] [ 74%] [32mBuilding CXX object CMakeFiles/turtlebot3_msgs__rosidl_typesupport_c.dir/rosidl_typesupport_c/turtlebot3_msgs/msg/sound__type_support.cpp.o[0m
[8.905s] [ 75%] [32mBuilding CXX object CMakeFiles/turtlebot3_msgs__rosidl_typesupport_c.dir/rosidl_typesupport_c/turtlebot3_msgs/msg/sensor_state__type_support.cpp.o[0m
[8.905s] [ 76%] [32mBuilding CXX object CMakeFiles/turtlebot3_msgs__rosidl_typesupport_c.dir/rosidl_typesupport_c/turtlebot3_msgs/msg/version_info__type_support.cpp.o[0m
[8.905s] [ 77%] [32mBuilding CXX object CMakeFiles/turtlebot3_msgs__rosidl_typesupport_c.dir/rosidl_typesupport_c/turtlebot3_msgs/srv/sound__type_support.cpp.o[0m
[8.906s] [ 79%] [32mBuilding CXX object CMakeFiles/turtlebot3_msgs__rosidl_typesupport_c.dir/rosidl_typesupport_c/turtlebot3_msgs/srv/dqn__type_support.cpp.o[0m
[8.906s] [ 80%] [32mBuilding CXX object CMakeFiles/turtlebot3_msgs__rosidl_typesupport_c.dir/rosidl_typesupport_c/turtlebot3_msgs/srv/goal__type_support.cpp.o[0m
[8.910s] [ 81%] [32mBuilding CXX object CMakeFiles/turtlebot3_msgs__rosidl_typesupport_c.dir/rosidl_typesupport_c/turtlebot3_msgs/action/patrol__type_support.cpp.o[0m
[8.967s] [ 83%] [32m[1mLinking CXX shared library libturtlebot3_msgs__rosidl_typesupport_c.so[0m
[9.045s] [ 83%] Built target turtlebot3_msgs__rosidl_typesupport_c
[9.070s] [ 83%] Built target turtlebot3_msgs
[9.083s] [35m[1mScanning dependencies of target turtlebot3_msgs__py[0m
[9.097s] [ 84%] [34m[1mGenerating Python code for ROS interfaces[0m
[11.407s] [ 84%] Built target turtlebot3_msgs__py
[11.423s] [35m[1mScanning dependencies of target turtlebot3_msgs__python[0m
[11.473s] [ 85%] [32mBuilding C object CMakeFiles/turtlebot3_msgs__python.dir/rosidl_generator_py/turtlebot3_msgs/srv/_dqn_s.c.o[0m
[11.474s] [ 88%] [32mBuilding C object CMakeFiles/turtlebot3_msgs__python.dir/rosidl_generator_py/turtlebot3_msgs/msg/_sound_s.c.o[0m
[11.474s] [ 88%] [32mBuilding C object CMakeFiles/turtlebot3_msgs__python.dir/rosidl_generator_py/turtlebot3_msgs/msg/_sensor_state_s.c.o[0m
[11.474s] [ 90%] [32mBuilding C object CMakeFiles/turtlebot3_msgs__python.dir/rosidl_generator_py/turtlebot3_msgs/srv/_sound_s.c.o[0m
[11.475s] [ 90%] [32mBuilding C object CMakeFiles/turtlebot3_msgs__python.dir/rosidl_generator_py/turtlebot3_msgs/msg/_version_info_s.c.o[0m
[11.475s] [ 92%] [32mBuilding C object CMakeFiles/turtlebot3_msgs__python.dir/rosidl_generator_py/turtlebot3_msgs/srv/_goal_s.c.o[0m
[11.476s] [ 93%] [32mBuilding C object CMakeFiles/turtlebot3_msgs__python.dir/rosidl_generator_py/turtlebot3_msgs/action/_patrol_s.c.o[0m
[11.673s] [ 94%] [32m[1mLinking C shared library rosidl_generator_py/turtlebot3_msgs/libturtlebot3_msgs__python.so[0m
[11.751s] [ 94%] Built target turtlebot3_msgs__python
[11.766s] [35m[1mScanning dependencies of target turtlebot3_msgs__rosidl_typesupport_c__pyext[0m
[11.766s] [35m[1mScanning dependencies of target turtlebot3_msgs__rosidl_typesupport_fastrtps_c__pyext[0m
[11.790s] [ 96%] [32mBuilding C object CMakeFiles/turtlebot3_msgs__rosidl_typesupport_fastrtps_c__pyext.dir/rosidl_generator_py/turtlebot3_msgs/_turtlebot3_msgs_s.ep.rosidl_typesupport_fastrtps_c.c.o[0m
[11.792s] [ 97%] [32mBuilding C object CMakeFiles/turtlebot3_msgs__rosidl_typesupport_c__pyext.dir/rosidl_generator_py/turtlebot3_msgs/_turtlebot3_msgs_s.ep.rosidl_typesupport_c.c.o[0m
[11.937s] [100%] [32m[1mLinking C shared library rosidl_generator_py/turtlebot3_msgs/turtlebot3_msgs_s__rosidl_typesupport_fastrtps_c.cpython-36m-x86_64-linux-gnu.so[0m
[11.937s] [100%] [32m[1mLinking C shared library rosidl_generator_py/turtlebot3_msgs/turtlebot3_msgs_s__rosidl_typesupport_c.cpython-36m-x86_64-linux-gnu.so[0m
[12.026s] [100%] Built target turtlebot3_msgs__rosidl_typesupport_c__pyext
[12.026s] [100%] Built target turtlebot3_msgs__rosidl_typesupport_fastrtps_c__pyext
[12.040s] Invoked command in '/home/hossein/turtlebot3_rl/build/turtlebot3_msgs' returned '0': CMAKE_PREFIX_PATH=/home/hossein/turtlebot3_rl/install/turtlebot3_rl:/opt/ros/dashing PS1=(tf_ros) \[\e]0;\u@\h: \w\a\]${debian_chroot:+($debian_chroot)}\[\033[01;32m\]\u@\h\[\033[00m\]:\[\033[01;34m\]\w\[\033[00m\]\$ /usr/bin/cmake --build /home/hossein/turtlebot3_rl/build/turtlebot3_msgs -- -j8 -l8
[12.193s] Invoking command in '/home/hossein/turtlebot3_rl/build/turtlebot3_msgs': CMAKE_PREFIX_PATH=/home/hossein/turtlebot3_rl/install/turtlebot3_rl:/opt/ros/dashing PS1=(tf_ros) \[\e]0;\u@\h: \w\a\]${debian_chroot:+($debian_chroot)}\[\033[01;32m\]\u@\h\[\033[00m\]:\[\033[01;34m\]\w\[\033[00m\]\$ /usr/bin/cmake --build /home/hossein/turtlebot3_rl/build/turtlebot3_msgs --target install -- -j8 -l8
[12.259s] [  1%] Built target turtlebot3_msgs__cpp
[12.266s] [ 12%] Built target turtlebot3_msgs__rosidl_generator_c
[12.297s] [ 24%] Built target turtlebot3_msgs__rosidl_typesupport_introspection_cpp
[12.300s] [ 36%] Built target turtlebot3_msgs__rosidl_typesupport_introspection_c
[12.306s] [ 48%] Built target turtlebot3_msgs__rosidl_typesupport_fastrtps_cpp
[12.344s] [ 59%] Built target turtlebot3_msgs__rosidl_typesupport_cpp
[12.344s] [ 71%] Built target turtlebot3_msgs__rosidl_typesupport_fastrtps_c
[12.379s] [ 83%] Built target turtlebot3_msgs__rosidl_typesupport_c
[12.404s] [ 83%] Built target turtlebot3_msgs
[12.430s] [ 84%] Built target turtlebot3_msgs__py
[12.469s] [ 94%] Built target turtlebot3_msgs__python
[12.502s] [100%] Built target turtlebot3_msgs__rosidl_typesupport_fastrtps_c__pyext
[12.502s] [100%] Built target turtlebot3_msgs__rosidl_typesupport_c__pyext
[12.525s] [36mInstall the project...[0m
[12.536s] -- Install configuration: ""
[12.536s] -- Execute custom install script
[12.537s] -- Symlinking: /home/hossein/turtlebot3_rl/install/turtlebot3_msgs/share/ament_index/resource_index/rosidl_interfaces/turtlebot3_msgs
[12.548s] -- Symlinking: /home/hossein/turtlebot3_rl/install/turtlebot3_msgs/include/turtlebot3_msgs/action/patrol.hpp
[12.559s] -- Symlinking: /home/hossein/turtlebot3_rl/install/turtlebot3_msgs/include/turtlebot3_msgs/action/patrol__struct.hpp
[12.570s] -- Symlinking: /home/hossein/turtlebot3_rl/install/turtlebot3_msgs/include/turtlebot3_msgs/action/patrol__traits.hpp
[12.581s] -- Symlinking: /home/hossein/turtlebot3_rl/install/turtlebot3_msgs/include/turtlebot3_msgs/msg/sensor_state.hpp
[12.592s] -- Symlinking: /home/hossein/turtlebot3_rl/install/turtlebot3_msgs/include/turtlebot3_msgs/msg/sensor_state__struct.hpp
[12.603s] -- Symlinking: /home/hossein/turtlebot3_rl/install/turtlebot3_msgs/include/turtlebot3_msgs/msg/sensor_state__traits.hpp
[12.614s] -- Symlinking: /home/hossein/turtlebot3_rl/install/turtlebot3_msgs/include/turtlebot3_msgs/msg/sound.hpp
[12.624s] -- Symlinking: /home/hossein/turtlebot3_rl/install/turtlebot3_msgs/include/turtlebot3_msgs/msg/sound__struct.hpp
[12.636s] -- Symlinking: /home/hossein/turtlebot3_rl/install/turtlebot3_msgs/include/turtlebot3_msgs/msg/sound__traits.hpp
[12.647s] -- Symlinking: /home/hossein/turtlebot3_rl/install/turtlebot3_msgs/include/turtlebot3_msgs/msg/version_info.hpp
[12.658s] -- Symlinking: /home/hossein/turtlebot3_rl/install/turtlebot3_msgs/include/turtlebot3_msgs/msg/version_info__struct.hpp
[12.669s] -- Symlinking: /home/hossein/turtlebot3_rl/install/turtlebot3_msgs/include/turtlebot3_msgs/msg/version_info__traits.hpp
[12.680s] -- Symlinking: /home/hossein/turtlebot3_rl/install/turtlebot3_msgs/include/turtlebot3_msgs/srv/dqn.hpp
[12.690s] -- Symlinking: /home/hossein/turtlebot3_rl/install/turtlebot3_msgs/include/turtlebot3_msgs/srv/dqn__struct.hpp
[12.701s] -- Symlinking: /home/hossein/turtlebot3_rl/install/turtlebot3_msgs/include/turtlebot3_msgs/srv/dqn__traits.hpp
[12.712s] -- Symlinking: /home/hossein/turtlebot3_rl/install/turtlebot3_msgs/include/turtlebot3_msgs/srv/goal.hpp
[12.723s] -- Symlinking: /home/hossein/turtlebot3_rl/install/turtlebot3_msgs/include/turtlebot3_msgs/srv/goal__struct.hpp
[12.733s] -- Symlinking: /home/hossein/turtlebot3_rl/install/turtlebot3_msgs/include/turtlebot3_msgs/srv/goal__traits.hpp
[12.744s] -- Symlinking: /home/hossein/turtlebot3_rl/install/turtlebot3_msgs/include/turtlebot3_msgs/srv/sound.hpp
[12.755s] -- Symlinking: /home/hossein/turtlebot3_rl/install/turtlebot3_msgs/include/turtlebot3_msgs/srv/sound__struct.hpp
[12.767s] -- Symlinking: /home/hossein/turtlebot3_rl/install/turtlebot3_msgs/include/turtlebot3_msgs/srv/sound__traits.hpp
[12.778s] -- Symlinking: /home/hossein/turtlebot3_rl/install/turtlebot3_msgs/include/turtlebot3_msgs/action/patrol.h
[12.789s] -- Symlinking: /home/hossein/turtlebot3_rl/install/turtlebot3_msgs/include/turtlebot3_msgs/action/patrol__functions.h
[12.801s] -- Symlinking: /home/hossein/turtlebot3_rl/install/turtlebot3_msgs/include/turtlebot3_msgs/action/patrol__struct.h
[12.812s] -- Symlinking: /home/hossein/turtlebot3_rl/install/turtlebot3_msgs/include/turtlebot3_msgs/action/patrol__type_support.h
[12.822s] -- Symlinking: /home/hossein/turtlebot3_rl/install/turtlebot3_msgs/include/turtlebot3_msgs/msg/rosidl_generator_c__visibility_control.h
[12.834s] -- Symlinking: /home/hossein/turtlebot3_rl/install/turtlebot3_msgs/include/turtlebot3_msgs/msg/sensor_state.h
[12.845s] -- Symlinking: /home/hossein/turtlebot3_rl/install/turtlebot3_msgs/include/turtlebot3_msgs/msg/sensor_state__functions.h
[12.856s] -- Symlinking: /home/hossein/turtlebot3_rl/install/turtlebot3_msgs/include/turtlebot3_msgs/msg/sensor_state__struct.h
[12.867s] -- Symlinking: /home/hossein/turtlebot3_rl/install/turtlebot3_msgs/include/turtlebot3_msgs/msg/sensor_state__type_support.h
[12.878s] -- Symlinking: /home/hossein/turtlebot3_rl/install/turtlebot3_msgs/include/turtlebot3_msgs/msg/sound.h
[12.889s] -- Symlinking: /home/hossein/turtlebot3_rl/install/turtlebot3_msgs/include/turtlebot3_msgs/msg/sound__functions.h
[12.901s] -- Symlinking: /home/hossein/turtlebot3_rl/install/turtlebot3_msgs/include/turtlebot3_msgs/msg/sound__struct.h
[12.912s] -- Symlinking: /home/hossein/turtlebot3_rl/install/turtlebot3_msgs/include/turtlebot3_msgs/msg/sound__type_support.h
[12.923s] -- Symlinking: /home/hossein/turtlebot3_rl/install/turtlebot3_msgs/include/turtlebot3_msgs/msg/version_info.h
[12.934s] -- Symlinking: /home/hossein/turtlebot3_rl/install/turtlebot3_msgs/include/turtlebot3_msgs/msg/version_info__functions.h
[12.945s] -- Symlinking: /home/hossein/turtlebot3_rl/install/turtlebot3_msgs/include/turtlebot3_msgs/msg/version_info__struct.h
[12.956s] -- Symlinking: /home/hossein/turtlebot3_rl/install/turtlebot3_msgs/include/turtlebot3_msgs/msg/version_info__type_support.h
[12.968s] -- Symlinking: /home/hossein/turtlebot3_rl/install/turtlebot3_msgs/include/turtlebot3_msgs/srv/dqn.h
[12.979s] -- Symlinking: /home/hossein/turtlebot3_rl/install/turtlebot3_msgs/include/turtlebot3_msgs/srv/dqn__functions.h
[12.990s] -- Symlinking: /home/hossein/turtlebot3_rl/install/turtlebot3_msgs/include/turtlebot3_msgs/srv/dqn__struct.h
[13.001s] -- Symlinking: /home/hossein/turtlebot3_rl/install/turtlebot3_msgs/include/turtlebot3_msgs/srv/dqn__type_support.h
[13.012s] -- Symlinking: /home/hossein/turtlebot3_rl/install/turtlebot3_msgs/include/turtlebot3_msgs/srv/goal.h
[13.023s] -- Symlinking: /home/hossein/turtlebot3_rl/install/turtlebot3_msgs/include/turtlebot3_msgs/srv/goal__functions.h
[13.034s] -- Symlinking: /home/hossein/turtlebot3_rl/install/turtlebot3_msgs/include/turtlebot3_msgs/srv/goal__struct.h
[13.046s] -- Symlinking: /home/hossein/turtlebot3_rl/install/turtlebot3_msgs/include/turtlebot3_msgs/srv/goal__type_support.h
[13.057s] -- Symlinking: /home/hossein/turtlebot3_rl/install/turtlebot3_msgs/include/turtlebot3_msgs/srv/sound.h
[13.068s] -- Symlinking: /home/hossein/turtlebot3_rl/install/turtlebot3_msgs/include/turtlebot3_msgs/srv/sound__functions.h
[13.078s] -- Symlinking: /home/hossein/turtlebot3_rl/install/turtlebot3_msgs/include/turtlebot3_msgs/srv/sound__struct.h
[13.091s] -- Symlinking: /home/hossein/turtlebot3_rl/install/turtlebot3_msgs/include/turtlebot3_msgs/srv/sound__type_support.h
[13.102s] -- Symlinking: /home/hossein/turtlebot3_rl/install/turtlebot3_msgs/share/turtlebot3_msgs/environment/library_path.sh
[13.114s] -- Symlinking: /home/hossein/turtlebot3_rl/install/turtlebot3_msgs/lib/libturtlebot3_msgs__rosidl_generator_c.so
[13.125s] -- Symlinking: /home/hossein/turtlebot3_rl/install/turtlebot3_msgs/lib/libturtlebot3_msgs__rosidl_typesupport_c.so
[13.137s] -- Symlinking: /home/hossein/turtlebot3_rl/install/turtlebot3_msgs/lib/libturtlebot3_msgs__rosidl_typesupport_cpp.so
[13.148s] -- Symlinking: /home/hossein/turtlebot3_rl/install/turtlebot3_msgs/include/turtlebot3_msgs/action/patrol__rosidl_typesupport_introspection_c.h
[13.160s] -- Symlinking: /home/hossein/turtlebot3_rl/install/turtlebot3_msgs/include/turtlebot3_msgs/msg/rosidl_typesupport_introspection_c__visibility_control.h
[13.171s] -- Symlinking: /home/hossein/turtlebot3_rl/install/turtlebot3_msgs/include/turtlebot3_msgs/msg/sensor_state__rosidl_typesupport_introspection_c.h
[13.182s] -- Symlinking: /home/hossein/turtlebot3_rl/install/turtlebot3_msgs/include/turtlebot3_msgs/msg/sound__rosidl_typesupport_introspection_c.h
[13.194s] -- Symlinking: /home/hossein/turtlebot3_rl/install/turtlebot3_msgs/include/turtlebot3_msgs/msg/version_info__rosidl_typesupport_introspection_c.h
[13.205s] -- Symlinking: /home/hossein/turtlebot3_rl/install/turtlebot3_msgs/include/turtlebot3_msgs/srv/dqn__rosidl_typesupport_introspection_c.h
[13.216s] -- Symlinking: /home/hossein/turtlebot3_rl/install/turtlebot3_msgs/include/turtlebot3_msgs/srv/goal__rosidl_typesupport_introspection_c.h
[13.227s] -- Symlinking: /home/hossein/turtlebot3_rl/install/turtlebot3_msgs/include/turtlebot3_msgs/srv/sound__rosidl_typesupport_introspection_c.h
[13.238s] -- Symlinking: /home/hossein/turtlebot3_rl/install/turtlebot3_msgs/lib/libturtlebot3_msgs__rosidl_typesupport_introspection_c.so
[13.250s] -- Symlinking: /home/hossein/turtlebot3_rl/install/turtlebot3_msgs/include/turtlebot3_msgs/action/patrol__rosidl_typesupport_introspection_cpp.hpp
[13.260s] -- Symlinking: /home/hossein/turtlebot3_rl/install/turtlebot3_msgs/include/turtlebot3_msgs/msg/sensor_state__rosidl_typesupport_introspection_cpp.hpp
[13.271s] -- Symlinking: /home/hossein/turtlebot3_rl/install/turtlebot3_msgs/include/turtlebot3_msgs/msg/sound__rosidl_typesupport_introspection_cpp.hpp
[13.282s] -- Symlinking: /home/hossein/turtlebot3_rl/install/turtlebot3_msgs/include/turtlebot3_msgs/msg/version_info__rosidl_typesupport_introspection_cpp.hpp
[13.294s] -- Symlinking: /home/hossein/turtlebot3_rl/install/turtlebot3_msgs/include/turtlebot3_msgs/srv/dqn__rosidl_typesupport_introspection_cpp.hpp
[13.305s] -- Symlinking: /home/hossein/turtlebot3_rl/install/turtlebot3_msgs/include/turtlebot3_msgs/srv/goal__rosidl_typesupport_introspection_cpp.hpp
[13.316s] -- Symlinking: /home/hossein/turtlebot3_rl/install/turtlebot3_msgs/include/turtlebot3_msgs/srv/sound__rosidl_typesupport_introspection_cpp.hpp
[13.328s] -- Symlinking: /home/hossein/turtlebot3_rl/install/turtlebot3_msgs/lib/libturtlebot3_msgs__rosidl_typesupport_introspection_cpp.so
[13.340s] -- Symlinking: /home/hossein/turtlebot3_rl/install/turtlebot3_msgs/include/turtlebot3_msgs/action/patrol__rosidl_typesupport_fastrtps_c.h
[13.350s] -- Symlinking: /home/hossein/turtlebot3_rl/install/turtlebot3_msgs/include/turtlebot3_msgs/msg/rosidl_typesupport_fastrtps_c__visibility_control.h
[13.361s] -- Symlinking: /home/hossein/turtlebot3_rl/install/turtlebot3_msgs/include/turtlebot3_msgs/msg/sensor_state__rosidl_typesupport_fastrtps_c.h
[13.372s] -- Symlinking: /home/hossein/turtlebot3_rl/install/turtlebot3_msgs/include/turtlebot3_msgs/msg/sound__rosidl_typesupport_fastrtps_c.h
[13.383s] -- Symlinking: /home/hossein/turtlebot3_rl/install/turtlebot3_msgs/include/turtlebot3_msgs/msg/version_info__rosidl_typesupport_fastrtps_c.h
[13.394s] -- Symlinking: /home/hossein/turtlebot3_rl/install/turtlebot3_msgs/include/turtlebot3_msgs/srv/dqn__rosidl_typesupport_fastrtps_c.h
[13.405s] -- Symlinking: /home/hossein/turtlebot3_rl/install/turtlebot3_msgs/include/turtlebot3_msgs/srv/goal__rosidl_typesupport_fastrtps_c.h
[13.416s] -- Symlinking: /home/hossein/turtlebot3_rl/install/turtlebot3_msgs/include/turtlebot3_msgs/srv/sound__rosidl_typesupport_fastrtps_c.h
[13.427s] -- Symlinking: /home/hossein/turtlebot3_rl/install/turtlebot3_msgs/lib/libturtlebot3_msgs__rosidl_typesupport_fastrtps_c.so
[13.439s] -- Symlinking: /home/hossein/turtlebot3_rl/install/turtlebot3_msgs/include/turtlebot3_msgs/action/patrol__rosidl_typesupport_fastrtps_cpp.hpp
[13.450s] -- Symlinking: /home/hossein/turtlebot3_rl/install/turtlebot3_msgs/include/turtlebot3_msgs/msg/rosidl_typesupport_fastrtps_cpp__visibility_control.h
[13.461s] -- Symlinking: /home/hossein/turtlebot3_rl/install/turtlebot3_msgs/include/turtlebot3_msgs/msg/sensor_state__rosidl_typesupport_fastrtps_cpp.hpp
[13.472s] -- Symlinking: /home/hossein/turtlebot3_rl/install/turtlebot3_msgs/include/turtlebot3_msgs/msg/sound__rosidl_typesupport_fastrtps_cpp.hpp
[13.483s] -- Symlinking: /home/hossein/turtlebot3_rl/install/turtlebot3_msgs/include/turtlebot3_msgs/msg/version_info__rosidl_typesupport_fastrtps_cpp.hpp
[13.493s] -- Symlinking: /home/hossein/turtlebot3_rl/install/turtlebot3_msgs/include/turtlebot3_msgs/srv/dqn__rosidl_typesupport_fastrtps_cpp.hpp
[13.504s] -- Symlinking: /home/hossein/turtlebot3_rl/install/turtlebot3_msgs/include/turtlebot3_msgs/srv/goal__rosidl_typesupport_fastrtps_cpp.hpp
[13.515s] -- Symlinking: /home/hossein/turtlebot3_rl/install/turtlebot3_msgs/include/turtlebot3_msgs/srv/sound__rosidl_typesupport_fastrtps_cpp.hpp
[13.526s] -- Symlinking: /home/hossein/turtlebot3_rl/install/turtlebot3_msgs/lib/libturtlebot3_msgs__rosidl_typesupport_fastrtps_cpp.so
[13.537s] -- Symlinking: /home/hossein/turtlebot3_rl/install/turtlebot3_msgs/share/turtlebot3_msgs/environment/pythonpath.sh
[13.548s] -- Symlinking: /home/hossein/turtlebot3_rl/install/turtlebot3_msgs/lib/python3.6/site-packages/turtlebot3_msgs/__init__.py
[13.559s] -- Symlinking: /home/hossein/turtlebot3_rl/install/turtlebot3_msgs/lib/python3.6/site-packages/turtlebot3_msgs/msg/__init__.py
[13.570s] -- Symlinking: /home/hossein/turtlebot3_rl/install/turtlebot3_msgs/lib/python3.6/site-packages/turtlebot3_msgs/msg/_sensor_state.py
[13.581s] -- Symlinking: /home/hossein/turtlebot3_rl/install/turtlebot3_msgs/lib/python3.6/site-packages/turtlebot3_msgs/msg/_sound.py
[13.592s] -- Symlinking: /home/hossein/turtlebot3_rl/install/turtlebot3_msgs/lib/python3.6/site-packages/turtlebot3_msgs/msg/_version_info.py
[13.604s] -- Symlinking: /home/hossein/turtlebot3_rl/install/turtlebot3_msgs/lib/python3.6/site-packages/turtlebot3_msgs/srv/__init__.py
[13.615s] -- Symlinking: /home/hossein/turtlebot3_rl/install/turtlebot3_msgs/lib/python3.6/site-packages/turtlebot3_msgs/srv/_dqn.py
[13.625s] -- Symlinking: /home/hossein/turtlebot3_rl/install/turtlebot3_msgs/lib/python3.6/site-packages/turtlebot3_msgs/srv/_goal.py
[13.636s] -- Symlinking: /home/hossein/turtlebot3_rl/install/turtlebot3_msgs/lib/python3.6/site-packages/turtlebot3_msgs/srv/_sound.py
[13.647s] -- Symlinking: /home/hossein/turtlebot3_rl/install/turtlebot3_msgs/lib/python3.6/site-packages/turtlebot3_msgs/action/__init__.py
[13.658s] -- Symlinking: /home/hossein/turtlebot3_rl/install/turtlebot3_msgs/lib/python3.6/site-packages/turtlebot3_msgs/action/_patrol.py
[13.669s] -- Symlinking: /home/hossein/turtlebot3_rl/install/turtlebot3_msgs/lib/python3.6/site-packages/turtlebot3_msgs/turtlebot3_msgs_s__rosidl_typesupport_c.cpython-36m-x86_64-linux-gnu.so
[13.680s] -- Symlinking: /home/hossein/turtlebot3_rl/install/turtlebot3_msgs/lib/python3.6/site-packages/turtlebot3_msgs/turtlebot3_msgs_s__rosidl_typesupport_fastrtps_c.cpython-36m-x86_64-linux-gnu.so
[13.691s] -- Symlinking: /home/hossein/turtlebot3_rl/install/turtlebot3_msgs/lib/libturtlebot3_msgs__python.so
[13.702s] -- Symlinking: /home/hossein/turtlebot3_rl/install/turtlebot3_msgs/share/turtlebot3_msgs/msg/SensorState.idl
[13.713s] -- Symlinking: /home/hossein/turtlebot3_rl/install/turtlebot3_msgs/share/turtlebot3_msgs/msg/Sound.idl
[13.724s] -- Symlinking: /home/hossein/turtlebot3_rl/install/turtlebot3_msgs/share/turtlebot3_msgs/msg/VersionInfo.idl
[13.735s] -- Symlinking: /home/hossein/turtlebot3_rl/install/turtlebot3_msgs/share/turtlebot3_msgs/srv/Sound.idl
[13.746s] -- Symlinking: /home/hossein/turtlebot3_rl/install/turtlebot3_msgs/share/turtlebot3_msgs/srv/Dqn.idl
[13.758s] -- Symlinking: /home/hossein/turtlebot3_rl/install/turtlebot3_msgs/share/turtlebot3_msgs/srv/Goal.idl
[13.769s] -- Symlinking: /home/hossein/turtlebot3_rl/install/turtlebot3_msgs/share/turtlebot3_msgs/action/Patrol.idl
[13.780s] -- Symlinking: /home/hossein/turtlebot3_rl/install/turtlebot3_msgs/share/turtlebot3_msgs/msg/SensorState.msg
[13.792s] -- Symlinking: /home/hossein/turtlebot3_rl/install/turtlebot3_msgs/share/turtlebot3_msgs/msg/Sound.msg
[13.803s] -- Symlinking: /home/hossein/turtlebot3_rl/install/turtlebot3_msgs/share/turtlebot3_msgs/msg/VersionInfo.msg
[13.814s] -- Symlinking: /home/hossein/turtlebot3_rl/install/turtlebot3_msgs/share/turtlebot3_msgs/srv/Sound.srv
[13.825s] -- Symlinking: /home/hossein/turtlebot3_rl/install/turtlebot3_msgs/share/turtlebot3_msgs/srv/Sound_Request.msg
[13.836s] -- Symlinking: /home/hossein/turtlebot3_rl/install/turtlebot3_msgs/share/turtlebot3_msgs/srv/Sound_Response.msg
[13.847s] -- Symlinking: /home/hossein/turtlebot3_rl/install/turtlebot3_msgs/share/turtlebot3_msgs/srv/Dqn.srv
[13.858s] -- Symlinking: /home/hossein/turtlebot3_rl/install/turtlebot3_msgs/share/turtlebot3_msgs/srv/Dqn_Request.msg
[13.869s] -- Symlinking: /home/hossein/turtlebot3_rl/install/turtlebot3_msgs/share/turtlebot3_msgs/srv/Dqn_Response.msg
[13.880s] -- Symlinking: /home/hossein/turtlebot3_rl/install/turtlebot3_msgs/share/turtlebot3_msgs/srv/Goal.srv
[13.891s] -- Symlinking: /home/hossein/turtlebot3_rl/install/turtlebot3_msgs/share/turtlebot3_msgs/srv/Goal_Request.msg
[13.902s] -- Symlinking: /home/hossein/turtlebot3_rl/install/turtlebot3_msgs/share/turtlebot3_msgs/srv/Goal_Response.msg
[13.913s] -- Symlinking: /home/hossein/turtlebot3_rl/install/turtlebot3_msgs/share/turtlebot3_msgs/action/Patrol.action
[13.924s] -- Symlinking: /home/hossein/turtlebot3_rl/install/turtlebot3_msgs/share/ament_index/resource_index/package_run_dependencies/turtlebot3_msgs
[13.935s] -- Symlinking: /home/hossein/turtlebot3_rl/install/turtlebot3_msgs/share/ament_index/resource_index/parent_prefix_path/turtlebot3_msgs
[13.946s] -- Symlinking: /home/hossein/turtlebot3_rl/install/turtlebot3_msgs/share/turtlebot3_msgs/environment/ament_prefix_path.sh
[13.958s] -- Symlinking: /home/hossein/turtlebot3_rl/install/turtlebot3_msgs/share/turtlebot3_msgs/environment/path.sh
[13.969s] -- Symlinking: /home/hossein/turtlebot3_rl/install/turtlebot3_msgs/share/turtlebot3_msgs/local_setup.bash
[13.980s] -- Symlinking: /home/hossein/turtlebot3_rl/install/turtlebot3_msgs/share/turtlebot3_msgs/local_setup.sh
[13.991s] -- Symlinking: /home/hossein/turtlebot3_rl/install/turtlebot3_msgs/share/turtlebot3_msgs/local_setup.zsh
[14.002s] -- Symlinking: /home/hossein/turtlebot3_rl/install/turtlebot3_msgs/share/ament_index/resource_index/packages/turtlebot3_msgs
[14.013s] -- Symlinking: /home/hossein/turtlebot3_rl/install/turtlebot3_msgs/share/turtlebot3_msgs/cmake/rosidl_cmake-extras.cmake
[14.023s] -- Symlinking: /home/hossein/turtlebot3_rl/install/turtlebot3_msgs/share/turtlebot3_msgs/cmake/ament_cmake_export_dependencies-extras.cmake
[14.034s] -- Symlinking: /home/hossein/turtlebot3_rl/install/turtlebot3_msgs/share/turtlebot3_msgs/cmake/ament_cmake_export_include_directories-extras.cmake
[14.045s] -- Symlinking: /home/hossein/turtlebot3_rl/install/turtlebot3_msgs/share/turtlebot3_msgs/cmake/ament_cmake_export_libraries-extras.cmake
[14.057s] -- Symlinking: /home/hossein/turtlebot3_rl/install/turtlebot3_msgs/share/turtlebot3_msgs/cmake/turtlebot3_msgsConfig.cmake
[14.068s] -- Symlinking: /home/hossein/turtlebot3_rl/install/turtlebot3_msgs/share/turtlebot3_msgs/cmake/turtlebot3_msgsConfig-version.cmake
[14.079s] -- Symlinking: /home/hossein/turtlebot3_rl/install/turtlebot3_msgs/share/turtlebot3_msgs/package.xml
[14.128s] Compiling '/home/hossein/turtlebot3_rl/install/turtlebot3_msgs/lib/python3.6/site-packages/turtlebot3_msgs/__init__.py'...
[14.138s] Invoked command in '/home/hossein/turtlebot3_rl/build/turtlebot3_msgs' returned '0': CMAKE_PREFIX_PATH=/home/hossein/turtlebot3_rl/install/turtlebot3_rl:/opt/ros/dashing PS1=(tf_ros) \[\e]0;\u@\h: \w\a\]${debian_chroot:+($debian_chroot)}\[\033[01;32m\]\u@\h\[\033[00m\]:\[\033[01;34m\]\w\[\033[00m\]\$ /usr/bin/cmake --build /home/hossein/turtlebot3_rl/build/turtlebot3_msgs --target install -- -j8 -l8
